-- The C compiler identification is GNU 9.3.0
-- The CXX compiler identification is GNU 9.3.0
-- Check for working C compiler: /usr/bin/cc
-- Check for working C compiler: /usr/bin/cc -- works
-- Detecting C compiler ABI info
-- Detecting C compiler ABI info - done
-- Detecting C compile features
-- Detecting C compile features - done
-- Check for working CXX compiler: /usr/bin/c++
-- Check for working CXX compiler: /usr/bin/c++ -- works
-- Detecting CXX compiler ABI info
-- Detecting CXX compiler ABI info - done
-- Detecting CXX compile features
-- Detecting CXX compile features - done
-- Found ament_cmake: 0.9.8 (/opt/ros/foxy/share/ament_cmake/cmake)
-- Found PythonInterp: /usr/bin/python3 (found suitable version "3.8.5", minimum required is "3") 
-- Using PYTHON_EXECUTABLE: /usr/bin/python3
-- Override CMake install command with custom implementation using symlinks instead of copying resources
-- Found rosidl_default_generators: 1.0.0 (/opt/ros/foxy/share/rosidl_default_generators/cmake)
-- Using all available rosidl_typesupport_c: rosidl_typesupport_fastrtps_c;rosidl_typesupport_introspection_c
-- Found rosidl_adapter: 1.2.0 (/opt/ros/foxy/share/rosidl_adapter/cmake)
-- Found OpenSSL: /usr/lib/x86_64-linux-gnu/libcrypto.so (found version "1.1.1f")  
-- Found FastRTPS: /opt/ros/foxy/include  
-- Using all available rosidl_typesupport_cpp: rosidl_typesupport_fastrtps_cpp;rosidl_typesupport_introspection_cpp
-- Found PythonInterp: /usr/bin/python3 (found version "3.8.5") 
-- Found ament_cmake_ros: 0.9.0 (/opt/ros/foxy/share/ament_cmake_ros/cmake)
-- Using all available rosidl_typesupport_c: rosidl_typesupport_fastrtps_c;rosidl_typesupport_introspection_c
-- Using all available rosidl_typesupport_cpp: rosidl_typesupport_fastrtps_cpp;rosidl_typesupport_introspection_cpp
-- Found PythonInterp: /usr/bin/python3 (found suitable version "3.8.5", minimum required is "3.5") 
-- Found python_cmake_module: 0.8.0 (/opt/ros/foxy/share/python_cmake_module/cmake)
-- Found PythonLibs: /usr/lib/x86_64-linux-gnu/libpython3.8.so (found suitable version "3.8.5", minimum required is "3.5") 
-- Using PYTHON_EXECUTABLE: /usr/bin/python3
-- Using PYTHON_INCLUDE_DIRS: /usr/include/python3.8
-- Using PYTHON_LIBRARIES: /usr/lib/x86_64-linux-gnu/libpython3.8.so
-- Found PythonExtra: .so  
-- Found ament_lint_auto: 0.9.6 (/opt/ros/foxy/share/ament_lint_auto/cmake)
-- Added test 'copyright' to check source files copyright and LICENSE
-- Added test 'cppcheck' to perform static code analysis on C / C++ code
-- Configured cppcheck include dirs: $<BUILD_INTERFACE:/home/cale/thesis-code/ws/src/tuts/include>
-- Configured cppcheck exclude dirs and/or files: 
-- Added test 'cpplint' to check C / C++ code against the Google style
-- Configured cpplint exclude dirs and/or files: 
-- Added test 'lint_cmake' to check CMake code style
-- Added test 'uncrustify' to check C / C++ code style
-- Configured uncrustify additional arguments: 
-- Added test 'xmllint' to check XML markup files
-- Configuring done
-- Generating done
-- Build files have been written to: /home/cale/thesis-code/ws/src/build/tuts
[35m[1mScanning dependencies of target my_node[0m
[35m[1mScanning dependencies of target tuts__cpp[0m
[  2%] [34m[1mGenerating C code for ROS interfaces[0m
[  4%] [32mBuilding CXX object CMakeFiles/my_node.dir/src/my_node.cpp.o[0m
[  7%] [34m[1mGenerating C++ code for ROS interfaces[0m
[  9%] [32m[1mLinking CXX executable my_node[0m
[  9%] Built target my_node
[35m[1mScanning dependencies of target tuts__rosidl_generator_c[0m
[ 12%] [32mBuilding C object CMakeFiles/tuts__rosidl_generator_c.dir/rosidl_generator_c/tuts/msg/detail/num__functions.c.o[0m
[ 12%] Built target tuts__cpp
[ 14%] [32mBuilding C object CMakeFiles/tuts__rosidl_generator_c.dir/rosidl_generator_c/tuts/srv/detail/add_ints__functions.c.o[0m
[ 17%] [34m[1mGenerating C++ type support dispatch for ROS interfaces[0m
[ 19%] [34m[1mGenerating C++ type support for eProsima Fast-RTPS[0m
[ 21%] [34m[1mGenerating C++ introspection for ROS interfaces[0m
[ 24%] [32m[1mLinking C shared library libtuts__rosidl_generator_c.so[0m
[ 24%] Built target tuts__rosidl_generator_c
[ 26%] [34m[1mGenerating C introspection for ROS interfaces[0m
[35m[1mScanning dependencies of target tuts__rosidl_typesupport_cpp[0m
[ 29%] [32mBuilding CXX object CMakeFiles/tuts__rosidl_typesupport_cpp.dir/rosidl_typesupport_cpp/tuts/msg/num__type_support.cpp.o[0m
[35m[1mScanning dependencies of target tuts__rosidl_typesupport_fastrtps_cpp[0m
[ 31%] [32mBuilding CXX object CMakeFiles/tuts__rosidl_typesupport_fastrtps_cpp.dir/rosidl_typesupport_fastrtps_cpp/tuts/msg/detail/dds_fastrtps/num__type_support.cpp.o[0m
[35m[1mScanning dependencies of target tuts__rosidl_typesupport_introspection_cpp[0m
[ 34%] [32mBuilding CXX object CMakeFiles/tuts__rosidl_typesupport_introspection_cpp.dir/rosidl_typesupport_introspection_cpp/tuts/msg/detail/num__type_support.cpp.o[0m
[35m[1mScanning dependencies of target tuts__rosidl_typesupport_introspection_c[0m
[ 36%] [32mBuilding C object CMakeFiles/tuts__rosidl_typesupport_introspection_c.dir/rosidl_typesupport_introspection_c/tuts/msg/detail/num__type_support.c.o[0m
[ 39%] [32mBuilding C object CMakeFiles/tuts__rosidl_typesupport_introspection_c.dir/rosidl_typesupport_introspection_c/tuts/srv/detail/add_ints__type_support.c.o[0m
[ 41%] [32m[1mLinking C shared library libtuts__rosidl_typesupport_introspection_c.so[0m
[ 41%] Built target tuts__rosidl_typesupport_introspection_c
[ 43%] [32mBuilding CXX object CMakeFiles/tuts__rosidl_typesupport_cpp.dir/rosidl_typesupport_cpp/tuts/srv/add_ints__type_support.cpp.o[0m
[ 46%] [32mBuilding CXX object CMakeFiles/tuts__rosidl_typesupport_introspection_cpp.dir/rosidl_typesupport_introspection_cpp/tuts/srv/detail/add_ints__type_support.cpp.o[0m
[ 48%] [32mBuilding CXX object CMakeFiles/tuts__rosidl_typesupport_fastrtps_cpp.dir/rosidl_typesupport_fastrtps_cpp/tuts/srv/detail/dds_fastrtps/add_ints__type_support.cpp.o[0m
[ 51%] [34m[1mGenerating C type support dispatch for ROS interfaces[0m
[ 53%] [32m[1mLinking CXX shared library libtuts__rosidl_typesupport_introspection_cpp.so[0m
[ 56%] [32m[1mLinking CXX shared library libtuts__rosidl_typesupport_cpp.so[0m
[ 56%] Built target tuts__rosidl_typesupport_introspection_cpp
[ 56%] Built target tuts__rosidl_typesupport_cpp
[ 58%] [32m[1mLinking CXX shared library libtuts__rosidl_typesupport_fastrtps_cpp.so[0m
[35m[1mScanning dependencies of target tuts__rosidl_typesupport_c[0m
[ 60%] [32mBuilding CXX object CMakeFiles/tuts__rosidl_typesupport_c.dir/rosidl_typesupport_c/tuts/msg/num__type_support.cpp.o[0m
[ 63%] [32mBuilding CXX object CMakeFiles/tuts__rosidl_typesupport_c.dir/rosidl_typesupport_c/tuts/srv/add_ints__type_support.cpp.o[0m
[ 65%] [32m[1mLinking CXX shared library libtuts__rosidl_typesupport_c.so[0m
[ 65%] Built target tuts__rosidl_typesupport_fastrtps_cpp
[ 68%] [34m[1mGenerating C type support for eProsima Fast-RTPS[0m
[ 68%] Built target tuts__rosidl_typesupport_c
[35m[1mScanning dependencies of target tuts__rosidl_typesupport_fastrtps_c[0m
[ 70%] [32mBuilding CXX object CMakeFiles/tuts__rosidl_typesupport_fastrtps_c.dir/rosidl_typesupport_fastrtps_c/tuts/srv/detail/add_ints__type_support_c.cpp.o[0m
[ 73%] [32mBuilding CXX object CMakeFiles/tuts__rosidl_typesupport_fastrtps_c.dir/rosidl_typesupport_fastrtps_c/tuts/msg/detail/num__type_support_c.cpp.o[0m
[ 75%] [32m[1mLinking CXX shared library libtuts__rosidl_typesupport_fastrtps_c.so[0m
[ 75%] Built target tuts__rosidl_typesupport_fastrtps_c
[35m[1mScanning dependencies of target tuts[0m
[ 75%] Built target tuts
[35m[1mScanning dependencies of target tuts__py[0m
[ 78%] [34m[1mGenerating Python code for ROS interfaces[0m
[ 78%] Built target tuts__py
[35m[1mScanning dependencies of target tuts__python[0m
[ 80%] [32mBuilding C object CMakeFiles/tuts__python.dir/rosidl_generator_py/tuts/msg/_num_s.c.o[0m
[ 82%] [32mBuilding C object CMakeFiles/tuts__python.dir/rosidl_generator_py/tuts/srv/_add_ints_s.c.o[0m
[ 85%] [32m[1mLinking C shared library rosidl_generator_py/tuts/libtuts__python.so[0m
[ 85%] Built target tuts__python
[35m[1mScanning dependencies of target tuts__rosidl_typesupport_fastrtps_c__pyext[0m
[35m[1mScanning dependencies of target tuts__rosidl_typesupport_c__pyext[0m
[ 87%] [32mBuilding C object CMakeFiles/tuts__rosidl_typesupport_fastrtps_c__pyext.dir/rosidl_generator_py/tuts/_tuts_s.ep.rosidl_typesupport_fastrtps_c.c.o[0m
[35m[1mScanning dependencies of target tuts__rosidl_typesupport_introspection_c__pyext[0m
[ 90%] [32mBuilding C object CMakeFiles/tuts__rosidl_typesupport_c__pyext.dir/rosidl_generator_py/tuts/_tuts_s.ep.rosidl_typesupport_c.c.o[0m
[ 92%] [32mBuilding C object CMakeFiles/tuts__rosidl_typesupport_introspection_c__pyext.dir/rosidl_generator_py/tuts/_tuts_s.ep.rosidl_typesupport_introspection_c.c.o[0m
[ 95%] [32m[1mLinking CXX shared library rosidl_generator_py/tuts/tuts_s__rosidl_typesupport_fastrtps_c.cpython-38-x86_64-linux-gnu.so[0m
[ 97%] [32m[1mLinking C shared library rosidl_generator_py/tuts/tuts_s__rosidl_typesupport_introspection_c.cpython-38-x86_64-linux-gnu.so[0m
[ 97%] Built target tuts__rosidl_typesupport_fastrtps_c__pyext
[ 97%] Built target tuts__rosidl_typesupport_introspection_c__pyext
[100%] [32m[1mLinking C shared library rosidl_generator_py/tuts/tuts_s__rosidl_typesupport_c.cpython-38-x86_64-linux-gnu.so[0m
[100%] Built target tuts__rosidl_typesupport_c__pyext
-- Install configuration: ""
-- Execute custom install script
-- Symlinking: /home/cale/thesis-code/ws/src/install/tuts/share/ament_index/resource_index/rosidl_interfaces/tuts
-- Symlinking: /home/cale/thesis-code/ws/src/install/tuts/include/tuts/msg/detail/num__functions.h
-- Symlinking: /home/cale/thesis-code/ws/src/install/tuts/include/tuts/msg/detail/num__struct.h
-- Symlinking: /home/cale/thesis-code/ws/src/install/tuts/include/tuts/msg/detail/num__type_support.h
-- Symlinking: /home/cale/thesis-code/ws/src/install/tuts/include/tuts/msg/num.h
-- Symlinking: /home/cale/thesis-code/ws/src/install/tuts/include/tuts/msg/rosidl_generator_c__visibility_control.h
-- Symlinking: /home/cale/thesis-code/ws/src/install/tuts/include/tuts/srv/add_ints.h
-- Symlinking: /home/cale/thesis-code/ws/src/install/tuts/include/tuts/srv/detail/add_ints__functions.h
-- Symlinking: /home/cale/thesis-code/ws/src/install/tuts/include/tuts/srv/detail/add_ints__struct.h
-- Symlinking: /home/cale/thesis-code/ws/src/install/tuts/include/tuts/srv/detail/add_ints__type_support.h
-- Symlinking: /home/cale/thesis-code/ws/src/install/tuts/share/tuts/environment/library_path.sh
-- Symlinking: /home/cale/thesis-code/ws/src/install/tuts/share/tuts/environment/library_path.dsv
-- Symlinking: /home/cale/thesis-code/ws/src/install/tuts/include/tuts/msg/detail/num__rosidl_typesupport_fastrtps_c.h
-- Symlinking: /home/cale/thesis-code/ws/src/install/tuts/include/tuts/msg/rosidl_typesupport_fastrtps_c__visibility_control.h
-- Symlinking: /home/cale/thesis-code/ws/src/install/tuts/include/tuts/srv/detail/add_ints__rosidl_typesupport_fastrtps_c.h
-- Symlinking: /home/cale/thesis-code/ws/src/install/tuts/lib/libtuts__rosidl_typesupport_fastrtps_c.so
-- Symlinking: /home/cale/thesis-code/ws/src/install/tuts/include/tuts/msg/detail/num__rosidl_typesupport_fastrtps_cpp.hpp
-- Symlinking: /home/cale/thesis-code/ws/src/install/tuts/include/tuts/msg/rosidl_typesupport_fastrtps_cpp__visibility_control.h
-- Symlinking: /home/cale/thesis-code/ws/src/install/tuts/include/tuts/srv/detail/add_ints__rosidl_typesupport_fastrtps_cpp.hpp
-- Symlinking: /home/cale/thesis-code/ws/src/install/tuts/lib/libtuts__rosidl_typesupport_fastrtps_cpp.so
-- Symlinking: /home/cale/thesis-code/ws/src/install/tuts/include/tuts/msg/detail/num__rosidl_typesupport_introspection_c.h
-- Symlinking: /home/cale/thesis-code/ws/src/install/tuts/include/tuts/msg/rosidl_typesupport_introspection_c__visibility_control.h
-- Symlinking: /home/cale/thesis-code/ws/src/install/tuts/include/tuts/srv/detail/add_ints__rosidl_typesupport_introspection_c.h
-- Symlinking: /home/cale/thesis-code/ws/src/install/tuts/include/tuts/msg/detail/num__builder.hpp
-- Symlinking: /home/cale/thesis-code/ws/src/install/tuts/include/tuts/msg/detail/num__struct.hpp
-- Symlinking: /home/cale/thesis-code/ws/src/install/tuts/include/tuts/msg/detail/num__traits.hpp
-- Symlinking: /home/cale/thesis-code/ws/src/install/tuts/include/tuts/msg/num.hpp
-- Symlinking: /home/cale/thesis-code/ws/src/install/tuts/include/tuts/srv/add_ints.hpp
-- Symlinking: /home/cale/thesis-code/ws/src/install/tuts/include/tuts/srv/detail/add_ints__builder.hpp
-- Symlinking: /home/cale/thesis-code/ws/src/install/tuts/include/tuts/srv/detail/add_ints__struct.hpp
-- Symlinking: /home/cale/thesis-code/ws/src/install/tuts/include/tuts/srv/detail/add_ints__traits.hpp
-- Symlinking: /home/cale/thesis-code/ws/src/install/tuts/include/tuts/msg/detail/num__rosidl_typesupport_introspection_cpp.hpp
-- Symlinking: /home/cale/thesis-code/ws/src/install/tuts/include/tuts/srv/detail/add_ints__rosidl_typesupport_introspection_cpp.hpp
-- Symlinking: /home/cale/thesis-code/ws/src/install/tuts/share/tuts/environment/pythonpath.sh
-- Symlinking: /home/cale/thesis-code/ws/src/install/tuts/share/tuts/environment/pythonpath.dsv
-- Symlinking: /home/cale/thesis-code/ws/src/install/tuts/lib/python3.8/site-packages/tuts/__init__.py
-- Symlinking: /home/cale/thesis-code/ws/src/install/tuts/lib/python3.8/site-packages/tuts/msg/__init__.py
-- Symlinking: /home/cale/thesis-code/ws/src/install/tuts/lib/python3.8/site-packages/tuts/msg/_num.py
-- Symlinking: /home/cale/thesis-code/ws/src/install/tuts/lib/python3.8/site-packages/tuts/srv/__init__.py
-- Symlinking: /home/cale/thesis-code/ws/src/install/tuts/lib/python3.8/site-packages/tuts/srv/_add_ints.py
-- Symlinking: /home/cale/thesis-code/ws/src/install/tuts/lib/python3.8/site-packages/tuts/tuts_s__rosidl_typesupport_fastrtps_c.cpython-38-x86_64-linux-gnu.so
-- Symlinking: /home/cale/thesis-code/ws/src/install/tuts/lib/python3.8/site-packages/tuts/tuts_s__rosidl_typesupport_introspection_c.cpython-38-x86_64-linux-gnu.so
-- Symlinking: /home/cale/thesis-code/ws/src/install/tuts/lib/python3.8/site-packages/tuts/tuts_s__rosidl_typesupport_c.cpython-38-x86_64-linux-gnu.so
-- Symlinking: /home/cale/thesis-code/ws/src/install/tuts/lib/libtuts__python.so
-- Symlinking: /home/cale/thesis-code/ws/src/install/tuts/share/tuts/msg/Num.idl
-- Symlinking: /home/cale/thesis-code/ws/src/install/tuts/share/tuts/srv/AddInts.idl
-- Symlinking: /home/cale/thesis-code/ws/src/install/tuts/share/tuts/msg/Num.msg
-- Symlinking: /home/cale/thesis-code/ws/src/install/tuts/share/tuts/srv/AddInts.srv
-- Symlinking: /home/cale/thesis-code/ws/src/install/tuts/share/tuts/srv/AddInts_Request.msg
-- Symlinking: /home/cale/thesis-code/ws/src/install/tuts/share/tuts/srv/AddInts_Response.msg
-- Symlinking: /home/cale/thesis-code/ws/src/install/tuts/lib/tuts/my_node
-- Symlinking: /home/cale/thesis-code/ws/src/install/tuts/share/ament_index/resource_index/package_run_dependencies/tuts
-- Symlinking: /home/cale/thesis-code/ws/src/install/tuts/share/ament_index/resource_index/parent_prefix_path/tuts
-- Symlinking: /home/cale/thesis-code/ws/src/install/tuts/share/tuts/environment/ament_prefix_path.sh
-- Symlinking: /home/cale/thesis-code/ws/src/install/tuts/share/tuts/environment/ament_prefix_path.dsv
-- Symlinking: /home/cale/thesis-code/ws/src/install/tuts/share/tuts/environment/path.sh
-- Symlinking: /home/cale/thesis-code/ws/src/install/tuts/share/tuts/environment/path.dsv
-- Symlinking: /home/cale/thesis-code/ws/src/install/tuts/share/tuts/local_setup.bash
-- Symlinking: /home/cale/thesis-code/ws/src/install/tuts/share/tuts/local_setup.sh
-- Symlinking: /home/cale/thesis-code/ws/src/install/tuts/share/tuts/local_setup.zsh
-- Symlinking: /home/cale/thesis-code/ws/src/install/tuts/share/tuts/local_setup.dsv
-- Symlinking: /home/cale/thesis-code/ws/src/install/tuts/share/tuts/package.dsv
-- Symlinking: /home/cale/thesis-code/ws/src/install/tuts/share/ament_index/resource_index/packages/tuts
-- Symlinking: /home/cale/thesis-code/ws/src/install/tuts/share/tuts/cmake/rosidl_cmake-extras.cmake
-- Symlinking: /home/cale/thesis-code/ws/src/install/tuts/share/tuts/cmake/ament_cmake_export_dependencies-extras.cmake
-- Symlinking: /home/cale/thesis-code/ws/src/install/tuts/share/tuts/cmake/ament_cmake_export_libraries-extras.cmake
-- Symlinking: /home/cale/thesis-code/ws/src/install/tuts/share/tuts/cmake/ament_cmake_export_targets-extras.cmake
-- Symlinking: /home/cale/thesis-code/ws/src/install/tuts/share/tuts/cmake/ament_cmake_export_include_directories-extras.cmake
-- Symlinking: /home/cale/thesis-code/ws/src/install/tuts/share/tuts/cmake/rosidl_cmake_export_typesupport_libraries-extras.cmake
-- Symlinking: /home/cale/thesis-code/ws/src/install/tuts/share/tuts/cmake/rosidl_cmake_export_typesupport_targets-extras.cmake
-- Symlinking: /home/cale/thesis-code/ws/src/install/tuts/share/tuts/cmake/tutsConfig.cmake
-- Symlinking: /home/cale/thesis-code/ws/src/install/tuts/share/tuts/cmake/tutsConfig-version.cmake
-- Symlinking: /home/cale/thesis-code/ws/src/install/tuts/share/tuts/package.xml
-- Installing: /home/cale/thesis-code/ws/src/install/tuts/lib/libtuts__rosidl_generator_c.so
-- Set runtime path of "/home/cale/thesis-code/ws/src/install/tuts/lib/libtuts__rosidl_generator_c.so" to ""
-- Installing: /home/cale/thesis-code/ws/src/install/tuts/lib/libtuts__rosidl_typesupport_introspection_c.so
-- Set runtime path of "/home/cale/thesis-code/ws/src/install/tuts/lib/libtuts__rosidl_typesupport_introspection_c.so" to ""
-- Installing: /home/cale/thesis-code/ws/src/install/tuts/lib/libtuts__rosidl_typesupport_c.so
-- Set runtime path of "/home/cale/thesis-code/ws/src/install/tuts/lib/libtuts__rosidl_typesupport_c.so" to ""
-- Installing: /home/cale/thesis-code/ws/src/install/tuts/lib/libtuts__rosidl_typesupport_introspection_cpp.so
-- Set runtime path of "/home/cale/thesis-code/ws/src/install/tuts/lib/libtuts__rosidl_typesupport_introspection_cpp.so" to ""
-- Installing: /home/cale/thesis-code/ws/src/install/tuts/lib/libtuts__rosidl_typesupport_cpp.so
-- Set runtime path of "/home/cale/thesis-code/ws/src/install/tuts/lib/libtuts__rosidl_typesupport_cpp.so" to ""
Compiling '/home/cale/thesis-code/ws/src/install/tuts/lib/python3.8/site-packages/tuts/__init__.py'...
-- Installing: /home/cale/thesis-code/ws/src/install/tuts/share/tuts/cmake/tuts__rosidl_generator_cExport.cmake
-- Installing: /home/cale/thesis-code/ws/src/install/tuts/share/tuts/cmake/tuts__rosidl_generator_cExport-noconfig.cmake
-- Installing: /home/cale/thesis-code/ws/src/install/tuts/share/tuts/cmake/tuts__rosidl_typesupport_introspection_cExport.cmake
-- Installing: /home/cale/thesis-code/ws/src/install/tuts/share/tuts/cmake/tuts__rosidl_typesupport_introspection_cExport-noconfig.cmake
-- Installing: /home/cale/thesis-code/ws/src/install/tuts/share/tuts/cmake/tuts__rosidl_typesupport_cExport.cmake
-- Installing: /home/cale/thesis-code/ws/src/install/tuts/share/tuts/cmake/tuts__rosidl_typesupport_cExport-noconfig.cmake
-- Installing: /home/cale/thesis-code/ws/src/install/tuts/share/tuts/cmake/tuts__rosidl_generator_cppExport.cmake
-- Installing: /home/cale/thesis-code/ws/src/install/tuts/share/tuts/cmake/tuts__rosidl_typesupport_introspection_cppExport.cmake
-- Installing: /home/cale/thesis-code/ws/src/install/tuts/share/tuts/cmake/tuts__rosidl_typesupport_introspection_cppExport-noconfig.cmake
-- Installing: /home/cale/thesis-code/ws/src/install/tuts/share/tuts/cmake/tuts__rosidl_typesupport_cppExport.cmake
-- Installing: /home/cale/thesis-code/ws/src/install/tuts/share/tuts/cmake/tuts__rosidl_typesupport_cppExport-noconfig.cmake
