[0.032s] Invoking command in '/home/cale/thesis-code/ws/src/build/tuts': CMAKE_PREFIX_PATH=${CMAKE_PREFIX_PATH}:/opt/ros/foxy /usr/bin/cmake /home/cale/thesis-code/ws/src/tuts -DAMENT_CMAKE_SYMLINK_INSTALL=1 -DCMAKE_INSTALL_PREFIX=/home/cale/thesis-code/ws/src/install/tuts
[0.179s] -- The C compiler identification is GNU 9.3.0
[0.308s] -- The CXX compiler identification is GNU 9.3.0
[0.308s] -- Check for working C compiler: /usr/bin/cc
[0.407s] -- Check for working C compiler: /usr/bin/cc -- works
[0.409s] -- Detecting C compiler ABI info
[0.523s] -- Detecting C compiler ABI info - done
[0.542s] -- Detecting C compile features
[0.543s] -- Detecting C compile features - done
[0.548s] -- Check for working CXX compiler: /usr/bin/c++
[0.652s] -- Check for working CXX compiler: /usr/bin/c++ -- works
[0.653s] -- Detecting CXX compiler ABI info
[0.780s] -- Detecting CXX compiler ABI info - done
[0.796s] -- Detecting CXX compile features
[0.797s] -- Detecting CXX compile features - done
[0.798s] -- Found ament_cmake: 0.9.8 (/opt/ros/foxy/share/ament_cmake/cmake)
[0.828s] -- Found PythonInterp: /usr/bin/python3 (found suitable version "3.8.5", minimum required is "3") 
[0.828s] -- Using PYTHON_EXECUTABLE: /usr/bin/python3
[1.014s] -- Override CMake install command with custom implementation using symlinks instead of copying resources
[1.043s] -- Found rosidl_default_generators: 1.0.0 (/opt/ros/foxy/share/rosidl_default_generators/cmake)
[1.047s] -- Using all available rosidl_typesupport_c: rosidl_typesupport_fastrtps_c;rosidl_typesupport_introspection_c
[1.056s] -- Found rosidl_adapter: 1.2.0 (/opt/ros/foxy/share/rosidl_adapter/cmake)
[1.185s] -- Found OpenSSL: /usr/lib/x86_64-linux-gnu/libcrypto.so (found version "1.1.1f")  
[1.219s] -- Found FastRTPS: /opt/ros/foxy/include  
[1.317s] -- Using all available rosidl_typesupport_cpp: rosidl_typesupport_fastrtps_cpp;rosidl_typesupport_introspection_cpp
[1.371s] -- Found PythonInterp: /usr/bin/python3 (found version "3.8.5") 
[1.540s] -- Found ament_cmake_ros: 0.9.0 (/opt/ros/foxy/share/ament_cmake_ros/cmake)
[1.676s] -- Using all available rosidl_typesupport_c: rosidl_typesupport_fastrtps_c;rosidl_typesupport_introspection_c
[1.676s] -- Using all available rosidl_typesupport_cpp: rosidl_typesupport_fastrtps_cpp;rosidl_typesupport_introspection_cpp
[1.718s] -- Found PythonInterp: /usr/bin/python3 (found suitable version "3.8.5", minimum required is "3.5") 
[1.722s] -- Found python_cmake_module: 0.8.0 (/opt/ros/foxy/share/python_cmake_module/cmake)
[1.764s] -- Found PythonLibs: /usr/lib/x86_64-linux-gnu/libpython3.8.so (found suitable version "3.8.5", minimum required is "3.5") 
[1.764s] -- Using PYTHON_EXECUTABLE: /usr/bin/python3
[1.764s] -- Using PYTHON_INCLUDE_DIRS: /usr/include/python3.8
[1.764s] -- Using PYTHON_LIBRARIES: /usr/lib/x86_64-linux-gnu/libpython3.8.so
[1.790s] -- Found PythonExtra: .so  
[1.847s] -- Found ament_lint_auto: 0.9.6 (/opt/ros/foxy/share/ament_lint_auto/cmake)
[1.876s] -- Added test 'copyright' to check source files copyright and LICENSE
[1.878s] -- Added test 'cppcheck' to perform static code analysis on C / C++ code
[1.879s] -- Configured cppcheck include dirs: $<BUILD_INTERFACE:/home/cale/thesis-code/ws/src/tuts/include>
[1.880s] -- Configured cppcheck exclude dirs and/or files: 
[1.881s] -- Added test 'cpplint' to check C / C++ code against the Google style
[1.881s] -- Configured cpplint exclude dirs and/or files: 
[1.882s] -- Added test 'lint_cmake' to check CMake code style
[1.883s] -- Added test 'uncrustify' to check C / C++ code style
[1.884s] -- Configured uncrustify additional arguments: 
[1.885s] -- Added test 'xmllint' to check XML markup files
[1.892s] -- Configuring done
[1.939s] -- Generating done
[1.944s] -- Build files have been written to: /home/cale/thesis-code/ws/src/build/tuts
[1.954s] Invoked command in '/home/cale/thesis-code/ws/src/build/tuts' returned '0': CMAKE_PREFIX_PATH=${CMAKE_PREFIX_PATH}:/opt/ros/foxy /usr/bin/cmake /home/cale/thesis-code/ws/src/tuts -DAMENT_CMAKE_SYMLINK_INSTALL=1 -DCMAKE_INSTALL_PREFIX=/home/cale/thesis-code/ws/src/install/tuts
[1.960s] Invoking command in '/home/cale/thesis-code/ws/src/build/tuts': CMAKE_PREFIX_PATH=${CMAKE_PREFIX_PATH}:/opt/ros/foxy /usr/bin/cmake --build /home/cale/thesis-code/ws/src/build/tuts -- -j4 -l4
[2.046s] [35m[1mScanning dependencies of target my_node[0m
[2.065s] [35m[1mScanning dependencies of target tuts__cpp[0m
[2.067s] [  2%] [34m[1mGenerating C code for ROS interfaces[0m
[2.074s] [  4%] [32mBuilding CXX object CMakeFiles/my_node.dir/src/my_node.cpp.o[0m
[2.108s] [  7%] [34m[1mGenerating C++ code for ROS interfaces[0m
[2.134s] [  9%] [32m[1mLinking CXX executable my_node[0m
[2.270s] [  9%] Built target my_node
[2.626s] [35m[1mScanning dependencies of target tuts__rosidl_generator_c[0m
[2.648s] [ 12%] [32mBuilding C object CMakeFiles/tuts__rosidl_generator_c.dir/rosidl_generator_c/tuts/msg/detail/num__functions.c.o[0m
[2.655s] [ 12%] Built target tuts__cpp
[2.663s] [ 14%] [32mBuilding C object CMakeFiles/tuts__rosidl_generator_c.dir/rosidl_generator_c/tuts/srv/detail/add_ints__functions.c.o[0m
[2.671s] [ 17%] [34m[1mGenerating C++ type support dispatch for ROS interfaces[0m
[2.675s] [ 19%] [34m[1mGenerating C++ type support for eProsima Fast-RTPS[0m
[2.779s] [ 21%] [34m[1mGenerating C++ introspection for ROS interfaces[0m
[2.779s] [ 24%] [32m[1mLinking C shared library libtuts__rosidl_generator_c.so[0m
[2.893s] [ 24%] Built target tuts__rosidl_generator_c
[2.965s] [ 26%] [34m[1mGenerating C introspection for ROS interfaces[0m
[3.203s] [35m[1mScanning dependencies of target tuts__rosidl_typesupport_cpp[0m
[3.256s] [ 29%] [32mBuilding CXX object CMakeFiles/tuts__rosidl_typesupport_cpp.dir/rosidl_typesupport_cpp/tuts/msg/num__type_support.cpp.o[0m
[3.276s] [35m[1mScanning dependencies of target tuts__rosidl_typesupport_fastrtps_cpp[0m
[3.357s] [ 31%] [32mBuilding CXX object CMakeFiles/tuts__rosidl_typesupport_fastrtps_cpp.dir/rosidl_typesupport_fastrtps_cpp/tuts/msg/detail/dds_fastrtps/num__type_support.cpp.o[0m
[3.462s] [35m[1mScanning dependencies of target tuts__rosidl_typesupport_introspection_cpp[0m
[3.548s] [ 34%] [32mBuilding CXX object CMakeFiles/tuts__rosidl_typesupport_introspection_cpp.dir/rosidl_typesupport_introspection_cpp/tuts/msg/detail/num__type_support.cpp.o[0m
[3.648s] [35m[1mScanning dependencies of target tuts__rosidl_typesupport_introspection_c[0m
[3.725s] [ 36%] [32mBuilding C object CMakeFiles/tuts__rosidl_typesupport_introspection_c.dir/rosidl_typesupport_introspection_c/tuts/msg/detail/num__type_support.c.o[0m
[3.821s] [ 39%] [32mBuilding C object CMakeFiles/tuts__rosidl_typesupport_introspection_c.dir/rosidl_typesupport_introspection_c/tuts/srv/detail/add_ints__type_support.c.o[0m
[3.941s] [ 41%] [32m[1mLinking C shared library libtuts__rosidl_typesupport_introspection_c.so[0m
[4.095s] [ 41%] Built target tuts__rosidl_typesupport_introspection_c
[4.111s] [ 43%] [32mBuilding CXX object CMakeFiles/tuts__rosidl_typesupport_cpp.dir/rosidl_typesupport_cpp/tuts/srv/add_ints__type_support.cpp.o[0m
[4.127s] [ 46%] [32mBuilding CXX object CMakeFiles/tuts__rosidl_typesupport_introspection_cpp.dir/rosidl_typesupport_introspection_cpp/tuts/srv/detail/add_ints__type_support.cpp.o[0m
[4.239s] [ 48%] [32mBuilding CXX object CMakeFiles/tuts__rosidl_typesupport_fastrtps_cpp.dir/rosidl_typesupport_fastrtps_cpp/tuts/srv/detail/dds_fastrtps/add_ints__type_support.cpp.o[0m
[4.785s] [ 51%] [34m[1mGenerating C type support dispatch for ROS interfaces[0m
[5.001s] [ 53%] [32m[1mLinking CXX shared library libtuts__rosidl_typesupport_introspection_cpp.so[0m
[5.100s] [ 56%] [32m[1mLinking CXX shared library libtuts__rosidl_typesupport_cpp.so[0m
[5.167s] [ 56%] Built target tuts__rosidl_typesupport_introspection_cpp
[5.253s] [ 56%] Built target tuts__rosidl_typesupport_cpp
[5.587s] [ 58%] [32m[1mLinking CXX shared library libtuts__rosidl_typesupport_fastrtps_cpp.so[0m
[5.639s] [35m[1mScanning dependencies of target tuts__rosidl_typesupport_c[0m
[5.663s] [ 60%] [32mBuilding CXX object CMakeFiles/tuts__rosidl_typesupport_c.dir/rosidl_typesupport_c/tuts/msg/num__type_support.cpp.o[0m
[5.681s] [ 63%] [32mBuilding CXX object CMakeFiles/tuts__rosidl_typesupport_c.dir/rosidl_typesupport_c/tuts/srv/add_ints__type_support.cpp.o[0m
[5.759s] [ 65%] [32m[1mLinking CXX shared library libtuts__rosidl_typesupport_c.so[0m
[5.784s] [ 65%] Built target tuts__rosidl_typesupport_fastrtps_cpp
[5.824s] [ 68%] [34m[1mGenerating C type support for eProsima Fast-RTPS[0m
[5.879s] [ 68%] Built target tuts__rosidl_typesupport_c
[6.253s] [35m[1mScanning dependencies of target tuts__rosidl_typesupport_fastrtps_c[0m
[6.285s] [ 70%] [32mBuilding CXX object CMakeFiles/tuts__rosidl_typesupport_fastrtps_c.dir/rosidl_typesupport_fastrtps_c/tuts/srv/detail/add_ints__type_support_c.cpp.o[0m
[6.300s] [ 73%] [32mBuilding CXX object CMakeFiles/tuts__rosidl_typesupport_fastrtps_c.dir/rosidl_typesupport_fastrtps_c/tuts/msg/detail/num__type_support_c.cpp.o[0m
[7.036s] [ 75%] [32m[1mLinking CXX shared library libtuts__rosidl_typesupport_fastrtps_c.so[0m
[7.230s] [ 75%] Built target tuts__rosidl_typesupport_fastrtps_c
[7.273s] [35m[1mScanning dependencies of target tuts[0m
[7.324s] [ 75%] Built target tuts
[7.411s] [35m[1mScanning dependencies of target tuts__py[0m
[7.445s] [ 78%] [34m[1mGenerating Python code for ROS interfaces[0m
[8.669s] [ 78%] Built target tuts__py
[8.748s] [35m[1mScanning dependencies of target tuts__python[0m
[8.850s] [ 80%] [32mBuilding C object CMakeFiles/tuts__python.dir/rosidl_generator_py/tuts/msg/_num_s.c.o[0m
[8.855s] [ 82%] [32mBuilding C object CMakeFiles/tuts__python.dir/rosidl_generator_py/tuts/srv/_add_ints_s.c.o[0m
[9.129s] [ 85%] [32m[1mLinking C shared library rosidl_generator_py/tuts/libtuts__python.so[0m
[9.287s] [ 85%] Built target tuts__python
[9.334s] [35m[1mScanning dependencies of target tuts__rosidl_typesupport_fastrtps_c__pyext[0m
[9.372s] [35m[1mScanning dependencies of target tuts__rosidl_typesupport_c__pyext[0m
[9.408s] [ 87%] [32mBuilding C object CMakeFiles/tuts__rosidl_typesupport_fastrtps_c__pyext.dir/rosidl_generator_py/tuts/_tuts_s.ep.rosidl_typesupport_fastrtps_c.c.o[0m
[9.408s] [35m[1mScanning dependencies of target tuts__rosidl_typesupport_introspection_c__pyext[0m
[9.486s] [ 90%] [32mBuilding C object CMakeFiles/tuts__rosidl_typesupport_c__pyext.dir/rosidl_generator_py/tuts/_tuts_s.ep.rosidl_typesupport_c.c.o[0m
[9.566s] [ 92%] [32mBuilding C object CMakeFiles/tuts__rosidl_typesupport_introspection_c__pyext.dir/rosidl_generator_py/tuts/_tuts_s.ep.rosidl_typesupport_introspection_c.c.o[0m
[9.646s] [ 95%] [32m[1mLinking CXX shared library rosidl_generator_py/tuts/tuts_s__rosidl_typesupport_fastrtps_c.cpython-38-x86_64-linux-gnu.so[0m
[9.802s] [ 97%] [32m[1mLinking C shared library rosidl_generator_py/tuts/tuts_s__rosidl_typesupport_introspection_c.cpython-38-x86_64-linux-gnu.so[0m
[9.829s] [ 97%] Built target tuts__rosidl_typesupport_fastrtps_c__pyext
[9.889s] [ 97%] Built target tuts__rosidl_typesupport_introspection_c__pyext
[9.931s] [100%] [32m[1mLinking C shared library rosidl_generator_py/tuts/tuts_s__rosidl_typesupport_c.cpython-38-x86_64-linux-gnu.so[0m
[10.020s] [100%] Built target tuts__rosidl_typesupport_c__pyext
[10.055s] Invoked command in '/home/cale/thesis-code/ws/src/build/tuts' returned '0': CMAKE_PREFIX_PATH=${CMAKE_PREFIX_PATH}:/opt/ros/foxy /usr/bin/cmake --build /home/cale/thesis-code/ws/src/build/tuts -- -j4 -l4
[10.247s] Invoking command in '/home/cale/thesis-code/ws/src/build/tuts': CMAKE_PREFIX_PATH=${CMAKE_PREFIX_PATH}:/opt/ros/foxy /usr/bin/cmake --install /home/cale/thesis-code/ws/src/build/tuts
[10.267s] -- Install configuration: ""
[10.273s] -- Execute custom install script
[10.275s] -- Symlinking: /home/cale/thesis-code/ws/src/install/tuts/share/ament_index/resource_index/rosidl_interfaces/tuts
[10.290s] -- Symlinking: /home/cale/thesis-code/ws/src/install/tuts/include/tuts/msg/detail/num__functions.h
[10.316s] -- Symlinking: /home/cale/thesis-code/ws/src/install/tuts/include/tuts/msg/detail/num__struct.h
[10.336s] -- Symlinking: /home/cale/thesis-code/ws/src/install/tuts/include/tuts/msg/detail/num__type_support.h
[10.354s] -- Symlinking: /home/cale/thesis-code/ws/src/install/tuts/include/tuts/msg/num.h
[10.375s] -- Symlinking: /home/cale/thesis-code/ws/src/install/tuts/include/tuts/msg/rosidl_generator_c__visibility_control.h
[10.391s] -- Symlinking: /home/cale/thesis-code/ws/src/install/tuts/include/tuts/srv/add_ints.h
[10.413s] -- Symlinking: /home/cale/thesis-code/ws/src/install/tuts/include/tuts/srv/detail/add_ints__functions.h
[10.431s] -- Symlinking: /home/cale/thesis-code/ws/src/install/tuts/include/tuts/srv/detail/add_ints__struct.h
[10.452s] -- Symlinking: /home/cale/thesis-code/ws/src/install/tuts/include/tuts/srv/detail/add_ints__type_support.h
[10.475s] -- Symlinking: /home/cale/thesis-code/ws/src/install/tuts/share/tuts/environment/library_path.sh
[10.494s] -- Symlinking: /home/cale/thesis-code/ws/src/install/tuts/share/tuts/environment/library_path.dsv
[10.515s] -- Symlinking: /home/cale/thesis-code/ws/src/install/tuts/include/tuts/msg/detail/num__rosidl_typesupport_fastrtps_c.h
[10.537s] -- Symlinking: /home/cale/thesis-code/ws/src/install/tuts/include/tuts/msg/rosidl_typesupport_fastrtps_c__visibility_control.h
[10.570s] -- Symlinking: /home/cale/thesis-code/ws/src/install/tuts/include/tuts/srv/detail/add_ints__rosidl_typesupport_fastrtps_c.h
[10.597s] -- Symlinking: /home/cale/thesis-code/ws/src/install/tuts/lib/libtuts__rosidl_typesupport_fastrtps_c.so
[10.616s] -- Symlinking: /home/cale/thesis-code/ws/src/install/tuts/include/tuts/msg/detail/num__rosidl_typesupport_fastrtps_cpp.hpp
[10.636s] -- Symlinking: /home/cale/thesis-code/ws/src/install/tuts/include/tuts/msg/rosidl_typesupport_fastrtps_cpp__visibility_control.h
[10.662s] -- Symlinking: /home/cale/thesis-code/ws/src/install/tuts/include/tuts/srv/detail/add_ints__rosidl_typesupport_fastrtps_cpp.hpp
[10.677s] -- Symlinking: /home/cale/thesis-code/ws/src/install/tuts/lib/libtuts__rosidl_typesupport_fastrtps_cpp.so
[10.694s] -- Symlinking: /home/cale/thesis-code/ws/src/install/tuts/include/tuts/msg/detail/num__rosidl_typesupport_introspection_c.h
[10.698s] -- Symlinking: /home/cale/thesis-code/ws/src/install/tuts/include/tuts/msg/rosidl_typesupport_introspection_c__visibility_control.h
[10.708s] -- Symlinking: /home/cale/thesis-code/ws/src/install/tuts/include/tuts/srv/detail/add_ints__rosidl_typesupport_introspection_c.h
[10.720s] -- Symlinking: /home/cale/thesis-code/ws/src/install/tuts/include/tuts/msg/detail/num__builder.hpp
[10.746s] -- Symlinking: /home/cale/thesis-code/ws/src/install/tuts/include/tuts/msg/detail/num__struct.hpp
[10.772s] -- Symlinking: /home/cale/thesis-code/ws/src/install/tuts/include/tuts/msg/detail/num__traits.hpp
[10.795s] -- Symlinking: /home/cale/thesis-code/ws/src/install/tuts/include/tuts/msg/num.hpp
[10.817s] -- Symlinking: /home/cale/thesis-code/ws/src/install/tuts/include/tuts/srv/add_ints.hpp
[10.830s] -- Symlinking: /home/cale/thesis-code/ws/src/install/tuts/include/tuts/srv/detail/add_ints__builder.hpp
[10.852s] -- Symlinking: /home/cale/thesis-code/ws/src/install/tuts/include/tuts/srv/detail/add_ints__struct.hpp
[10.862s] -- Symlinking: /home/cale/thesis-code/ws/src/install/tuts/include/tuts/srv/detail/add_ints__traits.hpp
[10.883s] -- Symlinking: /home/cale/thesis-code/ws/src/install/tuts/include/tuts/msg/detail/num__rosidl_typesupport_introspection_cpp.hpp
[10.911s] -- Symlinking: /home/cale/thesis-code/ws/src/install/tuts/include/tuts/srv/detail/add_ints__rosidl_typesupport_introspection_cpp.hpp
[10.923s] -- Symlinking: /home/cale/thesis-code/ws/src/install/tuts/share/tuts/environment/pythonpath.sh
[10.946s] -- Symlinking: /home/cale/thesis-code/ws/src/install/tuts/share/tuts/environment/pythonpath.dsv
[10.968s] -- Symlinking: /home/cale/thesis-code/ws/src/install/tuts/lib/python3.8/site-packages/tuts/__init__.py
[10.989s] -- Symlinking: /home/cale/thesis-code/ws/src/install/tuts/lib/python3.8/site-packages/tuts/msg/__init__.py
[11.012s] -- Symlinking: /home/cale/thesis-code/ws/src/install/tuts/lib/python3.8/site-packages/tuts/msg/_num.py
[11.021s] -- Symlinking: /home/cale/thesis-code/ws/src/install/tuts/lib/python3.8/site-packages/tuts/srv/__init__.py
[11.033s] -- Symlinking: /home/cale/thesis-code/ws/src/install/tuts/lib/python3.8/site-packages/tuts/srv/_add_ints.py
[11.044s] -- Symlinking: /home/cale/thesis-code/ws/src/install/tuts/lib/python3.8/site-packages/tuts/tuts_s__rosidl_typesupport_fastrtps_c.cpython-38-x86_64-linux-gnu.so
[11.056s] -- Symlinking: /home/cale/thesis-code/ws/src/install/tuts/lib/python3.8/site-packages/tuts/tuts_s__rosidl_typesupport_introspection_c.cpython-38-x86_64-linux-gnu.so
[11.066s] -- Symlinking: /home/cale/thesis-code/ws/src/install/tuts/lib/python3.8/site-packages/tuts/tuts_s__rosidl_typesupport_c.cpython-38-x86_64-linux-gnu.so
[11.077s] -- Symlinking: /home/cale/thesis-code/ws/src/install/tuts/lib/libtuts__python.so
[11.094s] -- Symlinking: /home/cale/thesis-code/ws/src/install/tuts/share/tuts/msg/Num.idl
[11.101s] -- Symlinking: /home/cale/thesis-code/ws/src/install/tuts/share/tuts/srv/AddInts.idl
[11.111s] -- Symlinking: /home/cale/thesis-code/ws/src/install/tuts/share/tuts/msg/Num.msg
[11.120s] -- Symlinking: /home/cale/thesis-code/ws/src/install/tuts/share/tuts/srv/AddInts.srv
[11.131s] -- Symlinking: /home/cale/thesis-code/ws/src/install/tuts/share/tuts/srv/AddInts_Request.msg
[11.142s] -- Symlinking: /home/cale/thesis-code/ws/src/install/tuts/share/tuts/srv/AddInts_Response.msg
[11.153s] -- Symlinking: /home/cale/thesis-code/ws/src/install/tuts/lib/tuts/my_node
[11.164s] -- Symlinking: /home/cale/thesis-code/ws/src/install/tuts/share/ament_index/resource_index/package_run_dependencies/tuts
[11.187s] -- Symlinking: /home/cale/thesis-code/ws/src/install/tuts/share/ament_index/resource_index/parent_prefix_path/tuts
[11.224s] -- Symlinking: /home/cale/thesis-code/ws/src/install/tuts/share/tuts/environment/ament_prefix_path.sh
[11.260s] -- Symlinking: /home/cale/thesis-code/ws/src/install/tuts/share/tuts/environment/ament_prefix_path.dsv
[11.285s] -- Symlinking: /home/cale/thesis-code/ws/src/install/tuts/share/tuts/environment/path.sh
[11.311s] -- Symlinking: /home/cale/thesis-code/ws/src/install/tuts/share/tuts/environment/path.dsv
[11.321s] -- Symlinking: /home/cale/thesis-code/ws/src/install/tuts/share/tuts/local_setup.bash
[11.332s] -- Symlinking: /home/cale/thesis-code/ws/src/install/tuts/share/tuts/local_setup.sh
[11.345s] -- Symlinking: /home/cale/thesis-code/ws/src/install/tuts/share/tuts/local_setup.zsh
[11.365s] -- Symlinking: /home/cale/thesis-code/ws/src/install/tuts/share/tuts/local_setup.dsv
[11.385s] -- Symlinking: /home/cale/thesis-code/ws/src/install/tuts/share/tuts/package.dsv
[11.413s] -- Symlinking: /home/cale/thesis-code/ws/src/install/tuts/share/ament_index/resource_index/packages/tuts
[11.434s] -- Symlinking: /home/cale/thesis-code/ws/src/install/tuts/share/tuts/cmake/rosidl_cmake-extras.cmake
[11.453s] -- Symlinking: /home/cale/thesis-code/ws/src/install/tuts/share/tuts/cmake/ament_cmake_export_dependencies-extras.cmake
[11.479s] -- Symlinking: /home/cale/thesis-code/ws/src/install/tuts/share/tuts/cmake/ament_cmake_export_libraries-extras.cmake
[11.498s] -- Symlinking: /home/cale/thesis-code/ws/src/install/tuts/share/tuts/cmake/ament_cmake_export_targets-extras.cmake
[11.524s] -- Symlinking: /home/cale/thesis-code/ws/src/install/tuts/share/tuts/cmake/ament_cmake_export_include_directories-extras.cmake
[11.558s] -- Symlinking: /home/cale/thesis-code/ws/src/install/tuts/share/tuts/cmake/rosidl_cmake_export_typesupport_libraries-extras.cmake
[11.589s] -- Symlinking: /home/cale/thesis-code/ws/src/install/tuts/share/tuts/cmake/rosidl_cmake_export_typesupport_targets-extras.cmake
[11.618s] -- Symlinking: /home/cale/thesis-code/ws/src/install/tuts/share/tuts/cmake/tutsConfig.cmake
[11.649s] -- Symlinking: /home/cale/thesis-code/ws/src/install/tuts/share/tuts/cmake/tutsConfig-version.cmake
[11.679s] -- Symlinking: /home/cale/thesis-code/ws/src/install/tuts/share/tuts/package.xml
[11.710s] -- Installing: /home/cale/thesis-code/ws/src/install/tuts/lib/libtuts__rosidl_generator_c.so
[11.711s] -- Set runtime path of "/home/cale/thesis-code/ws/src/install/tuts/lib/libtuts__rosidl_generator_c.so" to ""
[11.711s] -- Installing: /home/cale/thesis-code/ws/src/install/tuts/lib/libtuts__rosidl_typesupport_introspection_c.so
[11.712s] -- Set runtime path of "/home/cale/thesis-code/ws/src/install/tuts/lib/libtuts__rosidl_typesupport_introspection_c.so" to ""
[11.713s] -- Installing: /home/cale/thesis-code/ws/src/install/tuts/lib/libtuts__rosidl_typesupport_c.so
[11.714s] -- Set runtime path of "/home/cale/thesis-code/ws/src/install/tuts/lib/libtuts__rosidl_typesupport_c.so" to ""
[11.714s] -- Installing: /home/cale/thesis-code/ws/src/install/tuts/lib/libtuts__rosidl_typesupport_introspection_cpp.so
[11.715s] -- Set runtime path of "/home/cale/thesis-code/ws/src/install/tuts/lib/libtuts__rosidl_typesupport_introspection_cpp.so" to ""
[11.716s] -- Installing: /home/cale/thesis-code/ws/src/install/tuts/lib/libtuts__rosidl_typesupport_cpp.so
[11.717s] -- Set runtime path of "/home/cale/thesis-code/ws/src/install/tuts/lib/libtuts__rosidl_typesupport_cpp.so" to ""
[11.796s] Compiling '/home/cale/thesis-code/ws/src/install/tuts/lib/python3.8/site-packages/tuts/__init__.py'...
[11.810s] -- Installing: /home/cale/thesis-code/ws/src/install/tuts/share/tuts/cmake/tuts__rosidl_generator_cExport.cmake
[11.810s] -- Installing: /home/cale/thesis-code/ws/src/install/tuts/share/tuts/cmake/tuts__rosidl_generator_cExport-noconfig.cmake
[11.810s] -- Installing: /home/cale/thesis-code/ws/src/install/tuts/share/tuts/cmake/tuts__rosidl_typesupport_introspection_cExport.cmake
[11.811s] -- Installing: /home/cale/thesis-code/ws/src/install/tuts/share/tuts/cmake/tuts__rosidl_typesupport_introspection_cExport-noconfig.cmake
[11.817s] -- Installing: /home/cale/thesis-code/ws/src/install/tuts/share/tuts/cmake/tuts__rosidl_typesupport_cExport.cmake
[11.817s] -- Installing: /home/cale/thesis-code/ws/src/install/tuts/share/tuts/cmake/tuts__rosidl_typesupport_cExport-noconfig.cmake
[11.817s] -- Installing: /home/cale/thesis-code/ws/src/install/tuts/share/tuts/cmake/tuts__rosidl_generator_cppExport.cmake
[11.817s] -- Installing: /home/cale/thesis-code/ws/src/install/tuts/share/tuts/cmake/tuts__rosidl_typesupport_introspection_cppExport.cmake
[11.818s] -- Installing: /home/cale/thesis-code/ws/src/install/tuts/share/tuts/cmake/tuts__rosidl_typesupport_introspection_cppExport-noconfig.cmake
[11.818s] -- Installing: /home/cale/thesis-code/ws/src/install/tuts/share/tuts/cmake/tuts__rosidl_typesupport_cppExport.cmake
[11.818s] -- Installing: /home/cale/thesis-code/ws/src/install/tuts/share/tuts/cmake/tuts__rosidl_typesupport_cppExport-noconfig.cmake
[11.821s] Invoked command in '/home/cale/thesis-code/ws/src/build/tuts' returned '0': CMAKE_PREFIX_PATH=${CMAKE_PREFIX_PATH}:/opt/ros/foxy /usr/bin/cmake --install /home/cale/thesis-code/ws/src/build/tuts
