[0.141s] DEBUG:colcon:Command line arguments: ['/usr/bin/colcon', 'build', '--symlink-install']
[0.141s] DEBUG:colcon:Parsed command line arguments: Namespace(ament_cmake_args=None, base_paths=['.'], build_base='build', catkin_cmake_args=None, catkin_skip_building_tests=False, cmake_args=None, cmake_clean_cache=False, cmake_clean_first=False, cmake_force_configure=False, cmake_target=None, cmake_target_skip_unavailable=False, continue_on_error=False, event_handlers=None, executor='parallel', ignore_user_meta=False, install_base='install', log_base=None, log_level=None, main=<bound method BuildVerb.main of <colcon_core.verb.build.BuildVerb object at 0x7fdb08e469d0>>, merge_install=False, metas=['./colcon.meta'], packages_above=None, packages_above_and_dependencies=None, packages_above_depth=None, packages_end=None, packages_ignore=None, packages_ignore_regex=None, packages_select=None, packages_select_build_failed=False, packages_select_by_dep=None, packages_select_regex=None, packages_select_test_failures=False, packages_skip=None, packages_skip_build_finished=False, packages_skip_by_dep=None, packages_skip_regex=None, packages_skip_test_passed=False, packages_skip_up_to=None, packages_start=None, packages_up_to=None, packages_up_to_regex=None, parallel_workers=4, paths=None, symlink_install=True, test_result_base=None, verb_extension=<colcon_core.verb.build.BuildVerb object at 0x7fdb08e469d0>, verb_name='build', verb_parser=<colcon_defaults.argument_parser.defaults.DefaultArgumentsDecorator object at 0x7fdb08e46f40>)
[0.147s] Level 1:colcon.colcon_core.package_discovery:discover_packages(colcon_meta) check parameters
[0.147s] Level 1:colcon.colcon_core.package_discovery:discover_packages(recursive) check parameters
[0.147s] Level 1:colcon.colcon_core.package_discovery:discover_packages(ignore) check parameters
[0.147s] Level 1:colcon.colcon_core.package_discovery:discover_packages(path) check parameters
[0.147s] Level 1:colcon.colcon_core.package_discovery:discover_packages(colcon_meta) discover
[0.148s] Level 1:colcon.colcon_core.package_discovery:discover_packages(recursive) discover
[0.148s] INFO:colcon.colcon_core.package_discovery:Crawling recursively for packages in '/home/cale/thesis-code/ws/src'
[0.148s] Level 1:colcon.colcon_core.package_identification:_identify(.) by extensions ['ignore', 'ignore_ament_install']
[0.148s] Level 1:colcon.colcon_core.package_identification:_identify(.) by extension 'ignore'
[0.148s] Level 1:colcon.colcon_core.package_identification:_identify(.) by extension 'ignore_ament_install'
[0.148s] Level 1:colcon.colcon_core.package_identification:_identify(.) by extensions ['colcon_pkg']
[0.148s] Level 1:colcon.colcon_core.package_identification:_identify(.) by extension 'colcon_pkg'
[0.148s] Level 1:colcon.colcon_core.package_identification:_identify(.) by extensions ['colcon_meta']
[0.148s] Level 1:colcon.colcon_core.package_identification:_identify(.) by extension 'colcon_meta'
[0.148s] Level 1:colcon.colcon_core.package_identification:_identify(.) by extensions ['ros']
[0.148s] Level 1:colcon.colcon_core.package_identification:_identify(.) by extension 'ros'
[0.159s] Level 1:colcon.colcon_core.package_identification:_identify(.) by extensions ['cmake', 'python']
[0.159s] Level 1:colcon.colcon_core.package_identification:_identify(.) by extension 'cmake'
[0.159s] Level 1:colcon.colcon_core.package_identification:_identify(.) by extension 'python'
[0.159s] Level 1:colcon.colcon_core.package_identification:_identify(.) by extensions ['python_setup_py']
[0.159s] Level 1:colcon.colcon_core.package_identification:_identify(.) by extension 'python_setup_py'
[0.159s] Level 1:colcon.colcon_core.package_identification:_identify(build) by extensions ['ignore', 'ignore_ament_install']
[0.160s] Level 1:colcon.colcon_core.package_identification:_identify(build) by extension 'ignore'
[0.160s] Level 1:colcon.colcon_core.package_identification:_identify(build) ignored
[0.160s] Level 1:colcon.colcon_core.package_identification:_identify(install) by extensions ['ignore', 'ignore_ament_install']
[0.160s] Level 1:colcon.colcon_core.package_identification:_identify(install) by extension 'ignore'
[0.160s] Level 1:colcon.colcon_core.package_identification:_identify(install) ignored
[0.160s] Level 1:colcon.colcon_core.package_identification:_identify(log) by extensions ['ignore', 'ignore_ament_install']
[0.160s] Level 1:colcon.colcon_core.package_identification:_identify(log) by extension 'ignore'
[0.160s] Level 1:colcon.colcon_core.package_identification:_identify(log) ignored
[0.160s] Level 1:colcon.colcon_core.package_identification:_identify(more_interfaces) by extensions ['ignore', 'ignore_ament_install']
[0.160s] Level 1:colcon.colcon_core.package_identification:_identify(more_interfaces) by extension 'ignore'
[0.161s] Level 1:colcon.colcon_core.package_identification:_identify(more_interfaces) by extension 'ignore_ament_install'
[0.161s] Level 1:colcon.colcon_core.package_identification:_identify(more_interfaces) by extensions ['colcon_pkg']
[0.161s] Level 1:colcon.colcon_core.package_identification:_identify(more_interfaces) by extension 'colcon_pkg'
[0.161s] Level 1:colcon.colcon_core.package_identification:_identify(more_interfaces) by extensions ['colcon_meta']
[0.161s] Level 1:colcon.colcon_core.package_identification:_identify(more_interfaces) by extension 'colcon_meta'
[0.161s] Level 1:colcon.colcon_core.package_identification:_identify(more_interfaces) by extensions ['ros']
[0.161s] Level 1:colcon.colcon_core.package_identification:_identify(more_interfaces) by extension 'ros'
[0.163s] DEBUG:colcon.colcon_core.package_identification:Package 'more_interfaces' with type 'ros.ament_cmake' and name 'more_interfaces'
[0.163s] Level 1:colcon.colcon_core.package_identification:_identify(simulator) by extensions ['ignore', 'ignore_ament_install']
[0.164s] Level 1:colcon.colcon_core.package_identification:_identify(simulator) by extension 'ignore'
[0.164s] Level 1:colcon.colcon_core.package_identification:_identify(simulator) by extension 'ignore_ament_install'
[0.164s] Level 1:colcon.colcon_core.package_identification:_identify(simulator) by extensions ['colcon_pkg']
[0.164s] Level 1:colcon.colcon_core.package_identification:_identify(simulator) by extension 'colcon_pkg'
[0.164s] Level 1:colcon.colcon_core.package_identification:_identify(simulator) by extensions ['colcon_meta']
[0.164s] Level 1:colcon.colcon_core.package_identification:_identify(simulator) by extension 'colcon_meta'
[0.164s] Level 1:colcon.colcon_core.package_identification:_identify(simulator) by extensions ['ros']
[0.164s] Level 1:colcon.colcon_core.package_identification:_identify(simulator) by extension 'ros'
[0.165s] DEBUG:colcon.colcon_core.package_identification:Package 'simulator' with type 'ros.ament_cmake' and name 'simulator'
[0.165s] Level 1:colcon.colcon_core.package_identification:_identify(tuts) by extensions ['ignore', 'ignore_ament_install']
[0.165s] Level 1:colcon.colcon_core.package_identification:_identify(tuts) by extension 'ignore'
[0.165s] Level 1:colcon.colcon_core.package_identification:_identify(tuts) by extension 'ignore_ament_install'
[0.165s] Level 1:colcon.colcon_core.package_identification:_identify(tuts) by extensions ['colcon_pkg']
[0.165s] Level 1:colcon.colcon_core.package_identification:_identify(tuts) by extension 'colcon_pkg'
[0.165s] Level 1:colcon.colcon_core.package_identification:_identify(tuts) by extensions ['colcon_meta']
[0.166s] Level 1:colcon.colcon_core.package_identification:_identify(tuts) by extension 'colcon_meta'
[0.166s] Level 1:colcon.colcon_core.package_identification:_identify(tuts) by extensions ['ros']
[0.166s] Level 1:colcon.colcon_core.package_identification:_identify(tuts) by extension 'ros'
[0.166s] DEBUG:colcon.colcon_core.package_identification:Package 'tuts' with type 'ros.ament_cmake' and name 'tuts'
[0.166s] Level 1:colcon.colcon_core.package_discovery:discover_packages(recursive) using defaults
[0.166s] Level 1:colcon.colcon_core.package_discovery:discover_packages(ignore) discover
[0.166s] Level 1:colcon.colcon_core.package_discovery:discover_packages(ignore) using defaults
[0.166s] Level 1:colcon.colcon_core.package_discovery:discover_packages(path) discover
[0.166s] Level 1:colcon.colcon_core.package_discovery:discover_packages(path) using defaults
[0.186s] Level 5:colcon.colcon_core.verb:set package 'more_interfaces' build argument 'cmake_args' from command line to 'None'
[0.187s] Level 5:colcon.colcon_core.verb:set package 'more_interfaces' build argument 'cmake_target' from command line to 'None'
[0.187s] Level 5:colcon.colcon_core.verb:set package 'more_interfaces' build argument 'cmake_target_skip_unavailable' from command line to 'False'
[0.187s] Level 5:colcon.colcon_core.verb:set package 'more_interfaces' build argument 'cmake_clean_cache' from command line to 'False'
[0.187s] Level 5:colcon.colcon_core.verb:set package 'more_interfaces' build argument 'cmake_clean_first' from command line to 'False'
[0.187s] Level 5:colcon.colcon_core.verb:set package 'more_interfaces' build argument 'cmake_force_configure' from command line to 'False'
[0.187s] Level 5:colcon.colcon_core.verb:set package 'more_interfaces' build argument 'ament_cmake_args' from command line to 'None'
[0.187s] Level 5:colcon.colcon_core.verb:set package 'more_interfaces' build argument 'catkin_cmake_args' from command line to 'None'
[0.187s] Level 5:colcon.colcon_core.verb:set package 'more_interfaces' build argument 'catkin_skip_building_tests' from command line to 'False'
[0.187s] DEBUG:colcon.colcon_core.verb:Building package 'more_interfaces' with the following arguments: {'ament_cmake_args': None, 'build_base': '/home/cale/thesis-code/ws/src/build/more_interfaces', 'catkin_cmake_args': None, 'catkin_skip_building_tests': False, 'cmake_args': None, 'cmake_clean_cache': False, 'cmake_clean_first': False, 'cmake_force_configure': False, 'cmake_target': None, 'cmake_target_skip_unavailable': False, 'install_base': '/home/cale/thesis-code/ws/src/install/more_interfaces', 'merge_install': False, 'path': '/home/cale/thesis-code/ws/src/more_interfaces', 'symlink_install': True, 'test_result_base': None}
[0.189s] Level 5:colcon.colcon_core.verb:set package 'simulator' build argument 'cmake_args' from command line to 'None'
[0.189s] Level 5:colcon.colcon_core.verb:set package 'simulator' build argument 'cmake_target' from command line to 'None'
[0.189s] Level 5:colcon.colcon_core.verb:set package 'simulator' build argument 'cmake_target_skip_unavailable' from command line to 'False'
[0.189s] Level 5:colcon.colcon_core.verb:set package 'simulator' build argument 'cmake_clean_cache' from command line to 'False'
[0.189s] Level 5:colcon.colcon_core.verb:set package 'simulator' build argument 'cmake_clean_first' from command line to 'False'
[0.189s] Level 5:colcon.colcon_core.verb:set package 'simulator' build argument 'cmake_force_configure' from command line to 'False'
[0.189s] Level 5:colcon.colcon_core.verb:set package 'simulator' build argument 'ament_cmake_args' from command line to 'None'
[0.190s] Level 5:colcon.colcon_core.verb:set package 'simulator' build argument 'catkin_cmake_args' from command line to 'None'
[0.190s] Level 5:colcon.colcon_core.verb:set package 'simulator' build argument 'catkin_skip_building_tests' from command line to 'False'
[0.190s] DEBUG:colcon.colcon_core.verb:Building package 'simulator' with the following arguments: {'ament_cmake_args': None, 'build_base': '/home/cale/thesis-code/ws/src/build/simulator', 'catkin_cmake_args': None, 'catkin_skip_building_tests': False, 'cmake_args': None, 'cmake_clean_cache': False, 'cmake_clean_first': False, 'cmake_force_configure': False, 'cmake_target': None, 'cmake_target_skip_unavailable': False, 'install_base': '/home/cale/thesis-code/ws/src/install/simulator', 'merge_install': False, 'path': '/home/cale/thesis-code/ws/src/simulator', 'symlink_install': True, 'test_result_base': None}
[0.192s] Level 5:colcon.colcon_core.verb:set package 'tuts' build argument 'cmake_args' from command line to 'None'
[0.192s] Level 5:colcon.colcon_core.verb:set package 'tuts' build argument 'cmake_target' from command line to 'None'
[0.192s] Level 5:colcon.colcon_core.verb:set package 'tuts' build argument 'cmake_target_skip_unavailable' from command line to 'False'
[0.192s] Level 5:colcon.colcon_core.verb:set package 'tuts' build argument 'cmake_clean_cache' from command line to 'False'
[0.192s] Level 5:colcon.colcon_core.verb:set package 'tuts' build argument 'cmake_clean_first' from command line to 'False'
[0.192s] Level 5:colcon.colcon_core.verb:set package 'tuts' build argument 'cmake_force_configure' from command line to 'False'
[0.192s] Level 5:colcon.colcon_core.verb:set package 'tuts' build argument 'ament_cmake_args' from command line to 'None'
[0.192s] Level 5:colcon.colcon_core.verb:set package 'tuts' build argument 'catkin_cmake_args' from command line to 'None'
[0.192s] Level 5:colcon.colcon_core.verb:set package 'tuts' build argument 'catkin_skip_building_tests' from command line to 'False'
[0.192s] DEBUG:colcon.colcon_core.verb:Building package 'tuts' with the following arguments: {'ament_cmake_args': None, 'build_base': '/home/cale/thesis-code/ws/src/build/tuts', 'catkin_cmake_args': None, 'catkin_skip_building_tests': False, 'cmake_args': None, 'cmake_clean_cache': False, 'cmake_clean_first': False, 'cmake_force_configure': False, 'cmake_target': None, 'cmake_target_skip_unavailable': False, 'install_base': '/home/cale/thesis-code/ws/src/install/tuts', 'merge_install': False, 'path': '/home/cale/thesis-code/ws/src/tuts', 'symlink_install': True, 'test_result_base': None}
[0.193s] INFO:colcon.colcon_core.executor:Executing jobs using 'parallel' executor
[0.195s] DEBUG:colcon.colcon_parallel_executor.executor.parallel:run_until_complete
[0.196s] INFO:colcon.colcon_ros.task.ament_cmake.build:Building ROS package in '/home/cale/thesis-code/ws/src/more_interfaces' with build type 'ament_cmake'
[0.196s] INFO:colcon.colcon_cmake.task.cmake.build:Building CMake package in '/home/cale/thesis-code/ws/src/more_interfaces'
[0.200s] INFO:colcon.colcon_core.plugin_system:Skipping extension 'colcon_core.shell.bat': Not used on non-Windows systems
[0.200s] INFO:colcon.colcon_core.shell:Skip shell extension 'powershell' for command environment: Not usable outside of PowerShell
[0.200s] DEBUG:colcon.colcon_core.shell:Skip shell extension 'dsv' for command environment
[0.203s] DEBUG:colcon.colcon_core.shell:Ignoring prefix path '/opt/ros/foxy'
[0.205s] INFO:colcon.colcon_ros.task.ament_cmake.build:Building ROS package in '/home/cale/thesis-code/ws/src/simulator' with build type 'ament_cmake'
[0.206s] INFO:colcon.colcon_cmake.task.cmake.build:Building CMake package in '/home/cale/thesis-code/ws/src/simulator'
[0.207s] INFO:colcon.colcon_core.shell:Skip shell extension 'powershell' for command environment: Not usable outside of PowerShell
[0.207s] DEBUG:colcon.colcon_core.shell:Skip shell extension 'dsv' for command environment
[0.209s] DEBUG:colcon.colcon_core.shell:Ignoring prefix path '/opt/ros/foxy'
[0.212s] INFO:colcon.colcon_ros.task.ament_cmake.build:Building ROS package in '/home/cale/thesis-code/ws/src/tuts' with build type 'ament_cmake'
[0.212s] INFO:colcon.colcon_cmake.task.cmake.build:Building CMake package in '/home/cale/thesis-code/ws/src/tuts'
[0.213s] INFO:colcon.colcon_core.shell:Skip shell extension 'powershell' for command environment: Not usable outside of PowerShell
[0.214s] DEBUG:colcon.colcon_core.shell:Skip shell extension 'dsv' for command environment
[0.215s] DEBUG:colcon.colcon_core.shell:Ignoring prefix path '/opt/ros/foxy'
[0.226s] DEBUG:colcon.colcon_core.event_handler.log_command:Invoking command in '/home/cale/thesis-code/ws/src/build/more_interfaces': CMAKE_PREFIX_PATH=${CMAKE_PREFIX_PATH}:/opt/ros/foxy /usr/bin/cmake --build /home/cale/thesis-code/ws/src/build/more_interfaces -- -j4 -l4
[0.230s] DEBUG:colcon.colcon_core.event_handler.log_command:Invoking command in '/home/cale/thesis-code/ws/src/build/simulator': CMAKE_PREFIX_PATH=${CMAKE_PREFIX_PATH}:/opt/ros/foxy /usr/bin/cmake --build /home/cale/thesis-code/ws/src/build/simulator -- -j4 -l4
[0.248s] DEBUG:colcon.colcon_core.event_handler.log_command:Invoking command in '/home/cale/thesis-code/ws/src/build/tuts': CMAKE_PREFIX_PATH=${CMAKE_PREFIX_PATH}:/opt/ros/foxy /usr/bin/cmake --build /home/cale/thesis-code/ws/src/build/tuts -- -j4 -l4
[0.594s] DEBUG:colcon.colcon_core.event_handler.log_command:Invoked command in '/home/cale/thesis-code/ws/src/build/more_interfaces' returned '0': CMAKE_PREFIX_PATH=${CMAKE_PREFIX_PATH}:/opt/ros/foxy /usr/bin/cmake --build /home/cale/thesis-code/ws/src/build/more_interfaces -- -j4 -l4
[0.609s] DEBUG:colcon.colcon_core.event_handler.log_command:Invoked command in '/home/cale/thesis-code/ws/src/build/tuts' returned '0': CMAKE_PREFIX_PATH=${CMAKE_PREFIX_PATH}:/opt/ros/foxy /usr/bin/cmake --build /home/cale/thesis-code/ws/src/build/tuts -- -j4 -l4
[0.666s] DEBUG:colcon.colcon_core.event_handler.log_command:Invoking command in '/home/cale/thesis-code/ws/src/build/more_interfaces': CMAKE_PREFIX_PATH=${CMAKE_PREFIX_PATH}:/opt/ros/foxy /usr/bin/cmake --install /home/cale/thesis-code/ws/src/build/more_interfaces
[0.690s] DEBUG:colcon.colcon_core.event_handler.log_command:Invoking command in '/home/cale/thesis-code/ws/src/build/tuts': CMAKE_PREFIX_PATH=${CMAKE_PREFIX_PATH}:/opt/ros/foxy /usr/bin/cmake --install /home/cale/thesis-code/ws/src/build/tuts
[0.763s] Level 1:colcon.colcon_core.environment:create_environment_scripts_only(more_interfaces)
[0.765s] DEBUG:colcon.colcon_core.event_handler.log_command:Invoked command in '/home/cale/thesis-code/ws/src/build/more_interfaces' returned '0': CMAKE_PREFIX_PATH=${CMAKE_PREFIX_PATH}:/opt/ros/foxy /usr/bin/cmake --install /home/cale/thesis-code/ws/src/build/more_interfaces
[0.768s] Level 1:colcon.colcon_core.environment:checking '/home/cale/thesis-code/ws/src/install/more_interfaces' for CMake module files
[0.769s] Level 1:colcon.colcon_core.environment:checking '/home/cale/thesis-code/ws/src/install/more_interfaces' for CMake config files
[0.769s] Level 1:colcon.colcon_core.shell:create_environment_hook('more_interfaces', 'cmake_prefix_path')
[0.770s] INFO:colcon.colcon_core.shell:Creating environment hook '/home/cale/thesis-code/ws/src/install/more_interfaces/share/more_interfaces/hook/cmake_prefix_path.ps1'
[0.771s] INFO:colcon.colcon_core.shell:Creating environment descriptor '/home/cale/thesis-code/ws/src/install/more_interfaces/share/more_interfaces/hook/cmake_prefix_path.dsv'
[0.772s] INFO:colcon.colcon_core.shell:Creating environment hook '/home/cale/thesis-code/ws/src/install/more_interfaces/share/more_interfaces/hook/cmake_prefix_path.sh'
[0.773s] Level 1:colcon.colcon_core.environment:checking '/home/cale/thesis-code/ws/src/install/more_interfaces/lib'
[0.773s] Level 1:colcon.colcon_core.shell:create_environment_hook('more_interfaces', 'ld_library_path_lib')
[0.774s] INFO:colcon.colcon_core.shell:Creating environment hook '/home/cale/thesis-code/ws/src/install/more_interfaces/share/more_interfaces/hook/ld_library_path_lib.ps1'
[0.775s] INFO:colcon.colcon_core.shell:Creating environment descriptor '/home/cale/thesis-code/ws/src/install/more_interfaces/share/more_interfaces/hook/ld_library_path_lib.dsv'
[0.776s] INFO:colcon.colcon_core.shell:Creating environment hook '/home/cale/thesis-code/ws/src/install/more_interfaces/share/more_interfaces/hook/ld_library_path_lib.sh'
[0.776s] Level 1:colcon.colcon_core.environment:checking '/home/cale/thesis-code/ws/src/install/more_interfaces/bin'
[0.776s] Level 1:colcon.colcon_core.environment:checking '/home/cale/thesis-code/ws/src/install/more_interfaces/lib/pkgconfig/more_interfaces.pc'
[0.777s] Level 1:colcon.colcon_core.environment:checking '/home/cale/thesis-code/ws/src/install/more_interfaces/lib/python3.8/site-packages'
[0.777s] Level 1:colcon.colcon_core.shell:create_environment_hook('more_interfaces', 'pythonpath')
[0.778s] INFO:colcon.colcon_core.shell:Creating environment hook '/home/cale/thesis-code/ws/src/install/more_interfaces/share/more_interfaces/hook/pythonpath.ps1'
[0.779s] INFO:colcon.colcon_core.shell:Creating environment descriptor '/home/cale/thesis-code/ws/src/install/more_interfaces/share/more_interfaces/hook/pythonpath.dsv'
[0.780s] INFO:colcon.colcon_core.shell:Creating environment hook '/home/cale/thesis-code/ws/src/install/more_interfaces/share/more_interfaces/hook/pythonpath.sh'
[0.781s] INFO:colcon.colcon_core.shell:Creating package script '/home/cale/thesis-code/ws/src/install/more_interfaces/share/more_interfaces/package.ps1'
[0.783s] INFO:colcon.colcon_core.shell:Creating package descriptor '/home/cale/thesis-code/ws/src/install/more_interfaces/share/more_interfaces/package.dsv'
[0.784s] INFO:colcon.colcon_core.shell:Creating package script '/home/cale/thesis-code/ws/src/install/more_interfaces/share/more_interfaces/package.sh'
[0.785s] INFO:colcon.colcon_core.shell:Creating package script '/home/cale/thesis-code/ws/src/install/more_interfaces/share/more_interfaces/package.bash'
[0.786s] INFO:colcon.colcon_core.shell:Creating package script '/home/cale/thesis-code/ws/src/install/more_interfaces/share/more_interfaces/package.zsh'
[0.788s] Level 1:colcon.colcon_core.environment:create_file_with_runtime_dependencies(/home/cale/thesis-code/ws/src/install/more_interfaces/share/colcon-core/packages/more_interfaces)
[0.805s] Level 1:colcon.colcon_core.environment:create_environment_scripts_only(tuts)
[0.806s] Level 1:colcon.colcon_core.environment:checking '/home/cale/thesis-code/ws/src/install/tuts' for CMake module files
[0.807s] Level 1:colcon.colcon_core.environment:checking '/home/cale/thesis-code/ws/src/install/tuts' for CMake config files
[0.808s] Level 1:colcon.colcon_core.shell:create_environment_hook('tuts', 'cmake_prefix_path')
[0.808s] INFO:colcon.colcon_core.shell:Creating environment hook '/home/cale/thesis-code/ws/src/install/tuts/share/tuts/hook/cmake_prefix_path.ps1'
[0.809s] INFO:colcon.colcon_core.shell:Creating environment descriptor '/home/cale/thesis-code/ws/src/install/tuts/share/tuts/hook/cmake_prefix_path.dsv'
[0.809s] INFO:colcon.colcon_core.shell:Creating environment hook '/home/cale/thesis-code/ws/src/install/tuts/share/tuts/hook/cmake_prefix_path.sh'
[0.810s] Level 1:colcon.colcon_core.environment:checking '/home/cale/thesis-code/ws/src/install/tuts/lib'
[0.810s] Level 1:colcon.colcon_core.shell:create_environment_hook('tuts', 'ld_library_path_lib')
[0.810s] INFO:colcon.colcon_core.shell:Creating environment hook '/home/cale/thesis-code/ws/src/install/tuts/share/tuts/hook/ld_library_path_lib.ps1'
[0.811s] INFO:colcon.colcon_core.shell:Creating environment descriptor '/home/cale/thesis-code/ws/src/install/tuts/share/tuts/hook/ld_library_path_lib.dsv'
[0.811s] INFO:colcon.colcon_core.shell:Creating environment hook '/home/cale/thesis-code/ws/src/install/tuts/share/tuts/hook/ld_library_path_lib.sh'
[0.812s] Level 1:colcon.colcon_core.environment:checking '/home/cale/thesis-code/ws/src/install/tuts/bin'
[0.812s] Level 1:colcon.colcon_core.environment:checking '/home/cale/thesis-code/ws/src/install/tuts/lib/pkgconfig/tuts.pc'
[0.812s] Level 1:colcon.colcon_core.environment:checking '/home/cale/thesis-code/ws/src/install/tuts/lib/python3.8/site-packages'
[0.812s] Level 1:colcon.colcon_core.shell:create_environment_hook('tuts', 'pythonpath')
[0.812s] INFO:colcon.colcon_core.shell:Creating environment hook '/home/cale/thesis-code/ws/src/install/tuts/share/tuts/hook/pythonpath.ps1'
[0.813s] INFO:colcon.colcon_core.shell:Creating environment descriptor '/home/cale/thesis-code/ws/src/install/tuts/share/tuts/hook/pythonpath.dsv'
[0.814s] DEBUG:colcon.colcon_core.event_handler.log_command:Invoked command in '/home/cale/thesis-code/ws/src/build/tuts' returned '0': CMAKE_PREFIX_PATH=${CMAKE_PREFIX_PATH}:/opt/ros/foxy /usr/bin/cmake --install /home/cale/thesis-code/ws/src/build/tuts
[0.814s] INFO:colcon.colcon_core.shell:Creating environment hook '/home/cale/thesis-code/ws/src/install/tuts/share/tuts/hook/pythonpath.sh'
[0.815s] INFO:colcon.colcon_core.shell:Creating package script '/home/cale/thesis-code/ws/src/install/tuts/share/tuts/package.ps1'
[0.816s] INFO:colcon.colcon_core.shell:Creating package descriptor '/home/cale/thesis-code/ws/src/install/tuts/share/tuts/package.dsv'
[0.817s] INFO:colcon.colcon_core.shell:Creating package script '/home/cale/thesis-code/ws/src/install/tuts/share/tuts/package.sh'
[0.817s] INFO:colcon.colcon_core.shell:Creating package script '/home/cale/thesis-code/ws/src/install/tuts/share/tuts/package.bash'
[0.817s] INFO:colcon.colcon_core.shell:Creating package script '/home/cale/thesis-code/ws/src/install/tuts/share/tuts/package.zsh'
[0.818s] Level 1:colcon.colcon_core.environment:create_file_with_runtime_dependencies(/home/cale/thesis-code/ws/src/install/tuts/share/colcon-core/packages/tuts)
[0.871s] Level 1:colcon.colcon_core.environment:create_environment_scripts_only(more_interfaces)
[0.872s] Level 1:colcon.colcon_core.environment:checking '/home/cale/thesis-code/ws/src/install/more_interfaces' for CMake module files
[0.873s] Level 1:colcon.colcon_core.environment:checking '/home/cale/thesis-code/ws/src/install/more_interfaces' for CMake config files
[0.873s] Level 1:colcon.colcon_core.shell:create_environment_hook('more_interfaces', 'cmake_prefix_path')
[0.874s] INFO:colcon.colcon_core.shell:Creating environment hook '/home/cale/thesis-code/ws/src/install/more_interfaces/share/more_interfaces/hook/cmake_prefix_path.ps1'
[0.874s] INFO:colcon.colcon_core.shell:Creating environment descriptor '/home/cale/thesis-code/ws/src/install/more_interfaces/share/more_interfaces/hook/cmake_prefix_path.dsv'
[0.874s] INFO:colcon.colcon_core.shell:Creating environment hook '/home/cale/thesis-code/ws/src/install/more_interfaces/share/more_interfaces/hook/cmake_prefix_path.sh'
[0.875s] Level 1:colcon.colcon_core.environment:checking '/home/cale/thesis-code/ws/src/install/more_interfaces/lib'
[0.875s] Level 1:colcon.colcon_core.shell:create_environment_hook('more_interfaces', 'ld_library_path_lib')
[0.876s] INFO:colcon.colcon_core.shell:Creating environment hook '/home/cale/thesis-code/ws/src/install/more_interfaces/share/more_interfaces/hook/ld_library_path_lib.ps1'
[0.876s] INFO:colcon.colcon_core.shell:Creating environment descriptor '/home/cale/thesis-code/ws/src/install/more_interfaces/share/more_interfaces/hook/ld_library_path_lib.dsv'
[0.877s] INFO:colcon.colcon_core.shell:Creating environment hook '/home/cale/thesis-code/ws/src/install/more_interfaces/share/more_interfaces/hook/ld_library_path_lib.sh'
[0.877s] Level 1:colcon.colcon_core.environment:checking '/home/cale/thesis-code/ws/src/install/more_interfaces/bin'
[0.877s] Level 1:colcon.colcon_core.environment:checking '/home/cale/thesis-code/ws/src/install/more_interfaces/lib/pkgconfig/more_interfaces.pc'
[0.877s] Level 1:colcon.colcon_core.environment:checking '/home/cale/thesis-code/ws/src/install/more_interfaces/lib/python3.8/site-packages'
[0.877s] Level 1:colcon.colcon_core.shell:create_environment_hook('more_interfaces', 'pythonpath')
[0.878s] INFO:colcon.colcon_core.shell:Creating environment hook '/home/cale/thesis-code/ws/src/install/more_interfaces/share/more_interfaces/hook/pythonpath.ps1'
[0.878s] INFO:colcon.colcon_core.shell:Creating environment descriptor '/home/cale/thesis-code/ws/src/install/more_interfaces/share/more_interfaces/hook/pythonpath.dsv'
[0.878s] INFO:colcon.colcon_core.shell:Creating environment hook '/home/cale/thesis-code/ws/src/install/more_interfaces/share/more_interfaces/hook/pythonpath.sh'
[0.879s] INFO:colcon.colcon_core.shell:Creating package script '/home/cale/thesis-code/ws/src/install/more_interfaces/share/more_interfaces/package.ps1'
[0.880s] INFO:colcon.colcon_core.shell:Creating package descriptor '/home/cale/thesis-code/ws/src/install/more_interfaces/share/more_interfaces/package.dsv'
[0.881s] INFO:colcon.colcon_core.shell:Creating package script '/home/cale/thesis-code/ws/src/install/more_interfaces/share/more_interfaces/package.sh'
[0.881s] INFO:colcon.colcon_core.shell:Creating package script '/home/cale/thesis-code/ws/src/install/more_interfaces/share/more_interfaces/package.bash'
[0.896s] INFO:colcon.colcon_core.shell:Creating package script '/home/cale/thesis-code/ws/src/install/more_interfaces/share/more_interfaces/package.zsh'
[0.897s] Level 1:colcon.colcon_core.environment:create_file_with_runtime_dependencies(/home/cale/thesis-code/ws/src/install/more_interfaces/share/colcon-core/packages/more_interfaces)
[0.908s] Level 1:colcon.colcon_core.environment:create_environment_scripts_only(tuts)
[0.909s] Level 1:colcon.colcon_core.environment:checking '/home/cale/thesis-code/ws/src/install/tuts' for CMake module files
[0.910s] Level 1:colcon.colcon_core.environment:checking '/home/cale/thesis-code/ws/src/install/tuts' for CMake config files
[0.910s] Level 1:colcon.colcon_core.shell:create_environment_hook('tuts', 'cmake_prefix_path')
[0.911s] INFO:colcon.colcon_core.shell:Creating environment hook '/home/cale/thesis-code/ws/src/install/tuts/share/tuts/hook/cmake_prefix_path.ps1'
[0.911s] INFO:colcon.colcon_core.shell:Creating environment descriptor '/home/cale/thesis-code/ws/src/install/tuts/share/tuts/hook/cmake_prefix_path.dsv'
[0.912s] INFO:colcon.colcon_core.shell:Creating environment hook '/home/cale/thesis-code/ws/src/install/tuts/share/tuts/hook/cmake_prefix_path.sh'
[0.912s] Level 1:colcon.colcon_core.environment:checking '/home/cale/thesis-code/ws/src/install/tuts/lib'
[0.913s] Level 1:colcon.colcon_core.shell:create_environment_hook('tuts', 'ld_library_path_lib')
[0.913s] INFO:colcon.colcon_core.shell:Creating environment hook '/home/cale/thesis-code/ws/src/install/tuts/share/tuts/hook/ld_library_path_lib.ps1'
[0.913s] INFO:colcon.colcon_core.shell:Creating environment descriptor '/home/cale/thesis-code/ws/src/install/tuts/share/tuts/hook/ld_library_path_lib.dsv'
[0.914s] INFO:colcon.colcon_core.shell:Creating environment hook '/home/cale/thesis-code/ws/src/install/tuts/share/tuts/hook/ld_library_path_lib.sh'
[0.917s] Level 1:colcon.colcon_core.environment:checking '/home/cale/thesis-code/ws/src/install/tuts/bin'
[0.917s] Level 1:colcon.colcon_core.environment:checking '/home/cale/thesis-code/ws/src/install/tuts/lib/pkgconfig/tuts.pc'
[0.917s] Level 1:colcon.colcon_core.environment:checking '/home/cale/thesis-code/ws/src/install/tuts/lib/python3.8/site-packages'
[0.917s] Level 1:colcon.colcon_core.shell:create_environment_hook('tuts', 'pythonpath')
[0.918s] INFO:colcon.colcon_core.shell:Creating environment hook '/home/cale/thesis-code/ws/src/install/tuts/share/tuts/hook/pythonpath.ps1'
[0.919s] INFO:colcon.colcon_core.shell:Creating environment descriptor '/home/cale/thesis-code/ws/src/install/tuts/share/tuts/hook/pythonpath.dsv'
[0.919s] INFO:colcon.colcon_core.shell:Creating environment hook '/home/cale/thesis-code/ws/src/install/tuts/share/tuts/hook/pythonpath.sh'
[0.920s] INFO:colcon.colcon_core.shell:Creating package script '/home/cale/thesis-code/ws/src/install/tuts/share/tuts/package.ps1'
[0.921s] INFO:colcon.colcon_core.shell:Creating package descriptor '/home/cale/thesis-code/ws/src/install/tuts/share/tuts/package.dsv'
[0.921s] INFO:colcon.colcon_core.shell:Creating package script '/home/cale/thesis-code/ws/src/install/tuts/share/tuts/package.sh'
[0.922s] INFO:colcon.colcon_core.shell:Creating package script '/home/cale/thesis-code/ws/src/install/tuts/share/tuts/package.bash'
[0.923s] INFO:colcon.colcon_core.shell:Creating package script '/home/cale/thesis-code/ws/src/install/tuts/share/tuts/package.zsh'
[0.923s] Level 1:colcon.colcon_core.environment:create_file_with_runtime_dependencies(/home/cale/thesis-code/ws/src/install/tuts/share/colcon-core/packages/tuts)
[2.331s] DEBUG:colcon.colcon_core.event_handler.log_command:Invoked command in '/home/cale/thesis-code/ws/src/build/simulator' returned '0': CMAKE_PREFIX_PATH=${CMAKE_PREFIX_PATH}:/opt/ros/foxy /usr/bin/cmake --build /home/cale/thesis-code/ws/src/build/simulator -- -j4 -l4
[2.384s] DEBUG:colcon.colcon_core.event_handler.log_command:Invoking command in '/home/cale/thesis-code/ws/src/build/simulator': CMAKE_PREFIX_PATH=${CMAKE_PREFIX_PATH}:/opt/ros/foxy /usr/bin/cmake --install /home/cale/thesis-code/ws/src/build/simulator
[2.724s] Level 1:colcon.colcon_core.environment:create_environment_scripts_only(simulator)
[2.725s] Level 1:colcon.colcon_core.environment:checking '/home/cale/thesis-code/ws/src/install/simulator' for CMake module files
[2.725s] DEBUG:colcon.colcon_core.event_handler.log_command:Invoked command in '/home/cale/thesis-code/ws/src/build/simulator' returned '0': CMAKE_PREFIX_PATH=${CMAKE_PREFIX_PATH}:/opt/ros/foxy /usr/bin/cmake --install /home/cale/thesis-code/ws/src/build/simulator
[2.726s] Level 1:colcon.colcon_core.environment:checking '/home/cale/thesis-code/ws/src/install/simulator' for CMake config files
[2.726s] Level 1:colcon.colcon_core.shell:create_environment_hook('simulator', 'cmake_prefix_path')
[2.727s] INFO:colcon.colcon_core.shell:Creating environment hook '/home/cale/thesis-code/ws/src/install/simulator/share/simulator/hook/cmake_prefix_path.ps1'
[2.727s] INFO:colcon.colcon_core.shell:Creating environment descriptor '/home/cale/thesis-code/ws/src/install/simulator/share/simulator/hook/cmake_prefix_path.dsv'
[2.728s] INFO:colcon.colcon_core.shell:Creating environment hook '/home/cale/thesis-code/ws/src/install/simulator/share/simulator/hook/cmake_prefix_path.sh'
[2.728s] Level 1:colcon.colcon_core.environment:checking '/home/cale/thesis-code/ws/src/install/simulator/lib'
[2.728s] Level 1:colcon.colcon_core.shell:create_environment_hook('simulator', 'ld_library_path_lib')
[2.729s] INFO:colcon.colcon_core.shell:Creating environment hook '/home/cale/thesis-code/ws/src/install/simulator/share/simulator/hook/ld_library_path_lib.ps1'
[2.729s] INFO:colcon.colcon_core.shell:Creating environment descriptor '/home/cale/thesis-code/ws/src/install/simulator/share/simulator/hook/ld_library_path_lib.dsv'
[2.730s] INFO:colcon.colcon_core.shell:Creating environment hook '/home/cale/thesis-code/ws/src/install/simulator/share/simulator/hook/ld_library_path_lib.sh'
[2.730s] Level 1:colcon.colcon_core.environment:checking '/home/cale/thesis-code/ws/src/install/simulator/bin'
[2.730s] Level 1:colcon.colcon_core.environment:checking '/home/cale/thesis-code/ws/src/install/simulator/lib/pkgconfig/simulator.pc'
[2.730s] Level 1:colcon.colcon_core.environment:checking '/home/cale/thesis-code/ws/src/install/simulator/lib/python3.8/site-packages'
[2.730s] Level 1:colcon.colcon_core.shell:create_environment_hook('simulator', 'pythonpath')
[2.731s] INFO:colcon.colcon_core.shell:Creating environment hook '/home/cale/thesis-code/ws/src/install/simulator/share/simulator/hook/pythonpath.ps1'
[2.732s] INFO:colcon.colcon_core.shell:Creating environment descriptor '/home/cale/thesis-code/ws/src/install/simulator/share/simulator/hook/pythonpath.dsv'
[2.732s] INFO:colcon.colcon_core.shell:Creating environment hook '/home/cale/thesis-code/ws/src/install/simulator/share/simulator/hook/pythonpath.sh'
[2.733s] INFO:colcon.colcon_core.shell:Creating package script '/home/cale/thesis-code/ws/src/install/simulator/share/simulator/package.ps1'
[2.735s] INFO:colcon.colcon_core.shell:Creating package descriptor '/home/cale/thesis-code/ws/src/install/simulator/share/simulator/package.dsv'
[2.736s] INFO:colcon.colcon_core.shell:Creating package script '/home/cale/thesis-code/ws/src/install/simulator/share/simulator/package.sh'
[2.736s] INFO:colcon.colcon_core.shell:Creating package script '/home/cale/thesis-code/ws/src/install/simulator/share/simulator/package.bash'
[2.736s] INFO:colcon.colcon_core.shell:Creating package script '/home/cale/thesis-code/ws/src/install/simulator/share/simulator/package.zsh'
[2.737s] Level 1:colcon.colcon_core.environment:create_file_with_runtime_dependencies(/home/cale/thesis-code/ws/src/install/simulator/share/colcon-core/packages/simulator)
[2.790s] Level 1:colcon.colcon_core.environment:create_environment_scripts_only(simulator)
[2.791s] Level 1:colcon.colcon_core.environment:checking '/home/cale/thesis-code/ws/src/install/simulator' for CMake module files
[2.792s] Level 1:colcon.colcon_core.environment:checking '/home/cale/thesis-code/ws/src/install/simulator' for CMake config files
[2.792s] Level 1:colcon.colcon_core.shell:create_environment_hook('simulator', 'cmake_prefix_path')
[2.793s] INFO:colcon.colcon_core.shell:Creating environment hook '/home/cale/thesis-code/ws/src/install/simulator/share/simulator/hook/cmake_prefix_path.ps1'
[2.793s] INFO:colcon.colcon_core.shell:Creating environment descriptor '/home/cale/thesis-code/ws/src/install/simulator/share/simulator/hook/cmake_prefix_path.dsv'
[2.794s] INFO:colcon.colcon_core.shell:Creating environment hook '/home/cale/thesis-code/ws/src/install/simulator/share/simulator/hook/cmake_prefix_path.sh'
[2.795s] Level 1:colcon.colcon_core.environment:checking '/home/cale/thesis-code/ws/src/install/simulator/lib'
[2.795s] Level 1:colcon.colcon_core.shell:create_environment_hook('simulator', 'ld_library_path_lib')
[2.795s] INFO:colcon.colcon_core.shell:Creating environment hook '/home/cale/thesis-code/ws/src/install/simulator/share/simulator/hook/ld_library_path_lib.ps1'
[2.796s] INFO:colcon.colcon_core.shell:Creating environment descriptor '/home/cale/thesis-code/ws/src/install/simulator/share/simulator/hook/ld_library_path_lib.dsv'
[2.796s] INFO:colcon.colcon_core.shell:Creating environment hook '/home/cale/thesis-code/ws/src/install/simulator/share/simulator/hook/ld_library_path_lib.sh'
[2.796s] Level 1:colcon.colcon_core.environment:checking '/home/cale/thesis-code/ws/src/install/simulator/bin'
[2.796s] Level 1:colcon.colcon_core.environment:checking '/home/cale/thesis-code/ws/src/install/simulator/lib/pkgconfig/simulator.pc'
[2.796s] Level 1:colcon.colcon_core.environment:checking '/home/cale/thesis-code/ws/src/install/simulator/lib/python3.8/site-packages'
[2.797s] Level 1:colcon.colcon_core.shell:create_environment_hook('simulator', 'pythonpath')
[2.797s] INFO:colcon.colcon_core.shell:Creating environment hook '/home/cale/thesis-code/ws/src/install/simulator/share/simulator/hook/pythonpath.ps1'
[2.797s] INFO:colcon.colcon_core.shell:Creating environment descriptor '/home/cale/thesis-code/ws/src/install/simulator/share/simulator/hook/pythonpath.dsv'
[2.798s] INFO:colcon.colcon_core.shell:Creating environment hook '/home/cale/thesis-code/ws/src/install/simulator/share/simulator/hook/pythonpath.sh'
[2.799s] INFO:colcon.colcon_core.shell:Creating package script '/home/cale/thesis-code/ws/src/install/simulator/share/simulator/package.ps1'
[2.799s] INFO:colcon.colcon_core.shell:Creating package descriptor '/home/cale/thesis-code/ws/src/install/simulator/share/simulator/package.dsv'
[2.800s] INFO:colcon.colcon_core.shell:Creating package script '/home/cale/thesis-code/ws/src/install/simulator/share/simulator/package.sh'
[2.801s] INFO:colcon.colcon_core.shell:Creating package script '/home/cale/thesis-code/ws/src/install/simulator/share/simulator/package.bash'
[2.816s] INFO:colcon.colcon_core.shell:Creating package script '/home/cale/thesis-code/ws/src/install/simulator/share/simulator/package.zsh'
[2.816s] Level 1:colcon.colcon_core.environment:create_file_with_runtime_dependencies(/home/cale/thesis-code/ws/src/install/simulator/share/colcon-core/packages/simulator)
[2.817s] DEBUG:colcon.colcon_parallel_executor.executor.parallel:closing loop
[2.817s] DEBUG:colcon.colcon_parallel_executor.executor.parallel:loop closed
[2.818s] DEBUG:colcon.colcon_parallel_executor.executor.parallel:run_until_complete finished with '0'
[2.818s] DEBUG:colcon.colcon_core.event_reactor:joining thread
[2.824s] INFO:colcon.colcon_core.plugin_system:Skipping extension 'colcon_notification.desktop_notification.terminal_notifier': Not used on non-Darwin systems
[2.824s] INFO:colcon.colcon_core.plugin_system:Skipping extension 'colcon_notification.desktop_notification.win32': Not used on non-Windows systems
[2.824s] INFO:colcon.colcon_notification.desktop_notification:Sending desktop notification using 'notify2'
[2.838s] DEBUG:colcon.colcon_core.event_reactor:joined thread
[2.839s] INFO:colcon.colcon_core.shell:Creating prefix script '/home/cale/thesis-code/ws/src/install/local_setup.ps1'
[2.840s] INFO:colcon.colcon_core.shell:Creating prefix util module '/home/cale/thesis-code/ws/src/install/_local_setup_util_ps1.py'
[2.841s] INFO:colcon.colcon_core.shell:Creating prefix chain script '/home/cale/thesis-code/ws/src/install/setup.ps1'
[2.844s] INFO:colcon.colcon_core.shell:Creating prefix script '/home/cale/thesis-code/ws/src/install/local_setup.sh'
[2.844s] INFO:colcon.colcon_core.shell:Creating prefix util module '/home/cale/thesis-code/ws/src/install/_local_setup_util_sh.py'
[2.845s] INFO:colcon.colcon_core.shell:Creating prefix chain script '/home/cale/thesis-code/ws/src/install/setup.sh'
[2.847s] INFO:colcon.colcon_core.shell:Creating prefix script '/home/cale/thesis-code/ws/src/install/local_setup.bash'
[2.847s] INFO:colcon.colcon_core.shell:Creating prefix chain script '/home/cale/thesis-code/ws/src/install/setup.bash'
[2.850s] INFO:colcon.colcon_core.shell:Creating prefix script '/home/cale/thesis-code/ws/src/install/local_setup.zsh'
[2.850s] INFO:colcon.colcon_core.shell:Creating prefix chain script '/home/cale/thesis-code/ws/src/install/setup.zsh'
