[0.048s] Invoking command in '/home/cale/thesis-code/ws/src/build/more_interfaces': CMAKE_PREFIX_PATH=${CMAKE_PREFIX_PATH}:/opt/ros/foxy /usr/bin/cmake --build /home/cale/thesis-code/ws/src/build/more_interfaces -- -j4 -l4
[0.106s] [  3%] Built target more_interfaces__cpp
[0.158s] [ 12%] Built target more_interfaces__rosidl_generator_c
[0.169s] [ 21%] Built target more_interfaces__rosidl_typesupport_introspection_cpp
[0.175s] [ 30%] Built target more_interfaces__rosidl_typesupport_cpp
[0.196s] [ 39%] Built target more_interfaces__rosidl_typesupport_fastrtps_cpp
[0.208s] [ 48%] Built target more_interfaces__rosidl_typesupport_c
[0.221s] [ 57%] Built target more_interfaces__rosidl_typesupport_introspection_c
[0.262s] [ 66%] Built target more_interfaces__rosidl_typesupport_fastrtps_c
[0.286s] [ 66%] Built target more_interfaces
[0.313s] [ 69%] Built target more_interfaces__py
[0.323s] [ 75%] Built target publish_address_book
[0.341s] [ 81%] Built target more_interfaces__python
[0.382s] [ 87%] Built target more_interfaces__rosidl_typesupport_fastrtps_c__pyext
[0.393s] [ 93%] Built target more_interfaces__rosidl_typesupport_introspection_c__pyext
[0.402s] [100%] Built target more_interfaces__rosidl_typesupport_c__pyext
[0.430s] Invoked command in '/home/cale/thesis-code/ws/src/build/more_interfaces' returned '0': CMAKE_PREFIX_PATH=${CMAKE_PREFIX_PATH}:/opt/ros/foxy /usr/bin/cmake --build /home/cale/thesis-code/ws/src/build/more_interfaces -- -j4 -l4
[0.506s] Invoking command in '/home/cale/thesis-code/ws/src/build/more_interfaces': CMAKE_PREFIX_PATH=${CMAKE_PREFIX_PATH}:/opt/ros/foxy /usr/bin/cmake --install /home/cale/thesis-code/ws/src/build/more_interfaces
[0.519s] -- Install configuration: ""
[0.520s] -- Execute custom install script
[0.520s] -- Up-to-date symlink: /home/cale/thesis-code/ws/src/install/more_interfaces/share/ament_index/resource_index/rosidl_interfaces/more_interfaces
[0.520s] -- Up-to-date symlink: /home/cale/thesis-code/ws/src/install/more_interfaces/include/more_interfaces/msg/address_book.h
[0.520s] -- Up-to-date symlink: /home/cale/thesis-code/ws/src/install/more_interfaces/include/more_interfaces/msg/detail/address_book__functions.h
[0.521s] -- Up-to-date symlink: /home/cale/thesis-code/ws/src/install/more_interfaces/include/more_interfaces/msg/detail/address_book__struct.h
[0.521s] -- Up-to-date symlink: /home/cale/thesis-code/ws/src/install/more_interfaces/include/more_interfaces/msg/detail/address_book__type_support.h
[0.521s] -- Up-to-date symlink: /home/cale/thesis-code/ws/src/install/more_interfaces/include/more_interfaces/msg/rosidl_generator_c__visibility_control.h
[0.521s] -- Up-to-date symlink: /home/cale/thesis-code/ws/src/install/more_interfaces/share/more_interfaces/environment/library_path.sh
[0.522s] -- Up-to-date symlink: /home/cale/thesis-code/ws/src/install/more_interfaces/share/more_interfaces/environment/library_path.dsv
[0.522s] -- Up-to-date symlink: /home/cale/thesis-code/ws/src/install/more_interfaces/include/more_interfaces/msg/detail/address_book__rosidl_typesupport_fastrtps_c.h
[0.527s] -- Up-to-date symlink: /home/cale/thesis-code/ws/src/install/more_interfaces/include/more_interfaces/msg/rosidl_typesupport_fastrtps_c__visibility_control.h
[0.527s] -- Up-to-date symlink: /home/cale/thesis-code/ws/src/install/more_interfaces/lib/libmore_interfaces__rosidl_typesupport_fastrtps_c.so
[0.527s] -- Up-to-date symlink: /home/cale/thesis-code/ws/src/install/more_interfaces/include/more_interfaces/msg/detail/address_book__rosidl_typesupport_fastrtps_cpp.hpp
[0.527s] -- Up-to-date symlink: /home/cale/thesis-code/ws/src/install/more_interfaces/include/more_interfaces/msg/rosidl_typesupport_fastrtps_cpp__visibility_control.h
[0.527s] -- Up-to-date symlink: /home/cale/thesis-code/ws/src/install/more_interfaces/lib/libmore_interfaces__rosidl_typesupport_fastrtps_cpp.so
[0.527s] -- Up-to-date symlink: /home/cale/thesis-code/ws/src/install/more_interfaces/include/more_interfaces/msg/detail/address_book__rosidl_typesupport_introspection_c.h
[0.527s] -- Up-to-date symlink: /home/cale/thesis-code/ws/src/install/more_interfaces/include/more_interfaces/msg/rosidl_typesupport_introspection_c__visibility_control.h
[0.527s] -- Up-to-date symlink: /home/cale/thesis-code/ws/src/install/more_interfaces/include/more_interfaces/msg/address_book.hpp
[0.527s] -- Up-to-date symlink: /home/cale/thesis-code/ws/src/install/more_interfaces/include/more_interfaces/msg/detail/address_book__builder.hpp
[0.527s] -- Up-to-date symlink: /home/cale/thesis-code/ws/src/install/more_interfaces/include/more_interfaces/msg/detail/address_book__struct.hpp
[0.528s] -- Up-to-date symlink: /home/cale/thesis-code/ws/src/install/more_interfaces/include/more_interfaces/msg/detail/address_book__traits.hpp
[0.528s] -- Up-to-date symlink: /home/cale/thesis-code/ws/src/install/more_interfaces/include/more_interfaces/msg/detail/address_book__rosidl_typesupport_introspection_cpp.hpp
[0.528s] -- Up-to-date symlink: /home/cale/thesis-code/ws/src/install/more_interfaces/share/more_interfaces/environment/pythonpath.sh
[0.528s] -- Up-to-date symlink: /home/cale/thesis-code/ws/src/install/more_interfaces/share/more_interfaces/environment/pythonpath.dsv
[0.529s] -- Up-to-date symlink: /home/cale/thesis-code/ws/src/install/more_interfaces/lib/python3.8/site-packages/more_interfaces/__init__.py
[0.529s] -- Up-to-date symlink: /home/cale/thesis-code/ws/src/install/more_interfaces/lib/python3.8/site-packages/more_interfaces/msg/__init__.py
[0.529s] -- Up-to-date symlink: /home/cale/thesis-code/ws/src/install/more_interfaces/lib/python3.8/site-packages/more_interfaces/msg/_address_book.py
[0.530s] -- Up-to-date symlink: /home/cale/thesis-code/ws/src/install/more_interfaces/lib/python3.8/site-packages/more_interfaces/more_interfaces_s__rosidl_typesupport_fastrtps_c.cpython-38-x86_64-linux-gnu.so
[0.530s] -- Up-to-date symlink: /home/cale/thesis-code/ws/src/install/more_interfaces/lib/python3.8/site-packages/more_interfaces/more_interfaces_s__rosidl_typesupport_introspection_c.cpython-38-x86_64-linux-gnu.so
[0.531s] -- Up-to-date symlink: /home/cale/thesis-code/ws/src/install/more_interfaces/lib/python3.8/site-packages/more_interfaces/more_interfaces_s__rosidl_typesupport_c.cpython-38-x86_64-linux-gnu.so
[0.531s] -- Up-to-date symlink: /home/cale/thesis-code/ws/src/install/more_interfaces/lib/libmore_interfaces__python.so
[0.532s] -- Up-to-date symlink: /home/cale/thesis-code/ws/src/install/more_interfaces/share/more_interfaces/msg/AddressBook.idl
[0.533s] -- Up-to-date symlink: /home/cale/thesis-code/ws/src/install/more_interfaces/share/more_interfaces/msg/AddressBook.msg
[0.533s] -- Up-to-date symlink: /home/cale/thesis-code/ws/src/install/more_interfaces/lib/more_interfaces/publish_address_book
[0.534s] -- Up-to-date symlink: /home/cale/thesis-code/ws/src/install/more_interfaces/share/ament_index/resource_index/package_run_dependencies/more_interfaces
[0.534s] -- Up-to-date symlink: /home/cale/thesis-code/ws/src/install/more_interfaces/share/ament_index/resource_index/parent_prefix_path/more_interfaces
[0.535s] -- Up-to-date symlink: /home/cale/thesis-code/ws/src/install/more_interfaces/share/more_interfaces/environment/ament_prefix_path.sh
[0.536s] -- Up-to-date symlink: /home/cale/thesis-code/ws/src/install/more_interfaces/share/more_interfaces/environment/ament_prefix_path.dsv
[0.536s] -- Up-to-date symlink: /home/cale/thesis-code/ws/src/install/more_interfaces/share/more_interfaces/environment/path.sh
[0.537s] -- Up-to-date symlink: /home/cale/thesis-code/ws/src/install/more_interfaces/share/more_interfaces/environment/path.dsv
[0.537s] -- Up-to-date symlink: /home/cale/thesis-code/ws/src/install/more_interfaces/share/more_interfaces/local_setup.bash
[0.538s] -- Up-to-date symlink: /home/cale/thesis-code/ws/src/install/more_interfaces/share/more_interfaces/local_setup.sh
[0.538s] -- Up-to-date symlink: /home/cale/thesis-code/ws/src/install/more_interfaces/share/more_interfaces/local_setup.zsh
[0.539s] -- Up-to-date symlink: /home/cale/thesis-code/ws/src/install/more_interfaces/share/more_interfaces/local_setup.dsv
[0.539s] -- Symlinking: /home/cale/thesis-code/ws/src/install/more_interfaces/share/more_interfaces/package.dsv
[0.551s] -- Up-to-date symlink: /home/cale/thesis-code/ws/src/install/more_interfaces/share/ament_index/resource_index/packages/more_interfaces
[0.551s] -- Up-to-date symlink: /home/cale/thesis-code/ws/src/install/more_interfaces/share/more_interfaces/cmake/rosidl_cmake-extras.cmake
[0.551s] -- Up-to-date symlink: /home/cale/thesis-code/ws/src/install/more_interfaces/share/more_interfaces/cmake/ament_cmake_export_dependencies-extras.cmake
[0.551s] -- Up-to-date symlink: /home/cale/thesis-code/ws/src/install/more_interfaces/share/more_interfaces/cmake/ament_cmake_export_libraries-extras.cmake
[0.552s] -- Up-to-date symlink: /home/cale/thesis-code/ws/src/install/more_interfaces/share/more_interfaces/cmake/ament_cmake_export_targets-extras.cmake
[0.552s] -- Up-to-date symlink: /home/cale/thesis-code/ws/src/install/more_interfaces/share/more_interfaces/cmake/ament_cmake_export_include_directories-extras.cmake
[0.552s] -- Up-to-date symlink: /home/cale/thesis-code/ws/src/install/more_interfaces/share/more_interfaces/cmake/rosidl_cmake_export_typesupport_libraries-extras.cmake
[0.553s] -- Up-to-date symlink: /home/cale/thesis-code/ws/src/install/more_interfaces/share/more_interfaces/cmake/rosidl_cmake_export_typesupport_targets-extras.cmake
[0.553s] -- Up-to-date symlink: /home/cale/thesis-code/ws/src/install/more_interfaces/share/more_interfaces/cmake/more_interfacesConfig.cmake
[0.553s] -- Up-to-date symlink: /home/cale/thesis-code/ws/src/install/more_interfaces/share/more_interfaces/cmake/more_interfacesConfig-version.cmake
[0.553s] -- Up-to-date symlink: /home/cale/thesis-code/ws/src/install/more_interfaces/share/more_interfaces/package.xml
[0.554s] -- Up-to-date: /home/cale/thesis-code/ws/src/install/more_interfaces/lib/libmore_interfaces__rosidl_generator_c.so
[0.554s] -- Up-to-date: /home/cale/thesis-code/ws/src/install/more_interfaces/lib/libmore_interfaces__rosidl_typesupport_introspection_c.so
[0.555s] -- Up-to-date: /home/cale/thesis-code/ws/src/install/more_interfaces/lib/libmore_interfaces__rosidl_typesupport_c.so
[0.561s] -- Up-to-date: /home/cale/thesis-code/ws/src/install/more_interfaces/lib/libmore_interfaces__rosidl_typesupport_introspection_cpp.so
[0.561s] -- Up-to-date: /home/cale/thesis-code/ws/src/install/more_interfaces/lib/libmore_interfaces__rosidl_typesupport_cpp.so
[0.608s] -- Up-to-date: /home/cale/thesis-code/ws/src/install/more_interfaces/share/more_interfaces/cmake/more_interfaces__rosidl_generator_cExport.cmake
[0.609s] -- Up-to-date: /home/cale/thesis-code/ws/src/install/more_interfaces/share/more_interfaces/cmake/more_interfaces__rosidl_generator_cExport-noconfig.cmake
[0.609s] -- Up-to-date: /home/cale/thesis-code/ws/src/install/more_interfaces/share/more_interfaces/cmake/more_interfaces__rosidl_typesupport_introspection_cExport.cmake
[0.609s] -- Up-to-date: /home/cale/thesis-code/ws/src/install/more_interfaces/share/more_interfaces/cmake/more_interfaces__rosidl_typesupport_introspection_cExport-noconfig.cmake
[0.609s] -- Up-to-date: /home/cale/thesis-code/ws/src/install/more_interfaces/share/more_interfaces/cmake/more_interfaces__rosidl_typesupport_cExport.cmake
[0.609s] -- Up-to-date: /home/cale/thesis-code/ws/src/install/more_interfaces/share/more_interfaces/cmake/more_interfaces__rosidl_typesupport_cExport-noconfig.cmake
[0.610s] -- Up-to-date: /home/cale/thesis-code/ws/src/install/more_interfaces/share/more_interfaces/cmake/more_interfaces__rosidl_generator_cppExport.cmake
[0.610s] -- Up-to-date: /home/cale/thesis-code/ws/src/install/more_interfaces/share/more_interfaces/cmake/more_interfaces__rosidl_typesupport_introspection_cppExport.cmake
[0.610s] -- Up-to-date: /home/cale/thesis-code/ws/src/install/more_interfaces/share/more_interfaces/cmake/more_interfaces__rosidl_typesupport_introspection_cppExport-noconfig.cmake
[0.610s] -- Up-to-date: /home/cale/thesis-code/ws/src/install/more_interfaces/share/more_interfaces/cmake/more_interfaces__rosidl_typesupport_cppExport.cmake
[0.610s] -- Up-to-date: /home/cale/thesis-code/ws/src/install/more_interfaces/share/more_interfaces/cmake/more_interfaces__rosidl_typesupport_cppExport-noconfig.cmake
[0.614s] Invoked command in '/home/cale/thesis-code/ws/src/build/more_interfaces' returned '0': CMAKE_PREFIX_PATH=${CMAKE_PREFIX_PATH}:/opt/ros/foxy /usr/bin/cmake --install /home/cale/thesis-code/ws/src/build/more_interfaces
