[0.162s] DEBUG:colcon:Command line arguments: ['/usr/bin/colcon', 'build', '--symlink-install']
[0.163s] DEBUG:colcon:Parsed command line arguments: Namespace(ament_cmake_args=None, base_paths=['.'], build_base='build', catkin_cmake_args=None, catkin_skip_building_tests=False, cmake_args=None, cmake_clean_cache=False, cmake_clean_first=False, cmake_force_configure=False, cmake_target=None, cmake_target_skip_unavailable=False, continue_on_error=False, event_handlers=None, executor='parallel', ignore_user_meta=False, install_base='install', log_base=None, log_level=None, main=<bound method BuildVerb.main of <colcon_core.verb.build.BuildVerb object at 0x7fb7ce3a59d0>>, merge_install=False, metas=['./colcon.meta'], packages_above=None, packages_above_and_dependencies=None, packages_above_depth=None, packages_end=None, packages_ignore=None, packages_ignore_regex=None, packages_select=None, packages_select_build_failed=False, packages_select_by_dep=None, packages_select_regex=None, packages_select_test_failures=False, packages_skip=None, packages_skip_build_finished=False, packages_skip_by_dep=None, packages_skip_regex=None, packages_skip_test_passed=False, packages_skip_up_to=None, packages_start=None, packages_up_to=None, packages_up_to_regex=None, parallel_workers=4, paths=None, symlink_install=True, test_result_base=None, verb_extension=<colcon_core.verb.build.BuildVerb object at 0x7fb7ce3a59d0>, verb_name='build', verb_parser=<colcon_defaults.argument_parser.defaults.DefaultArgumentsDecorator object at 0x7fb7ce3a5f40>)
[0.168s] Level 1:colcon.colcon_core.package_discovery:discover_packages(colcon_meta) check parameters
[0.168s] Level 1:colcon.colcon_core.package_discovery:discover_packages(recursive) check parameters
[0.168s] Level 1:colcon.colcon_core.package_discovery:discover_packages(ignore) check parameters
[0.168s] Level 1:colcon.colcon_core.package_discovery:discover_packages(path) check parameters
[0.168s] Level 1:colcon.colcon_core.package_discovery:discover_packages(colcon_meta) discover
[0.168s] Level 1:colcon.colcon_core.package_discovery:discover_packages(recursive) discover
[0.168s] INFO:colcon.colcon_core.package_discovery:Crawling recursively for packages in '/home/cale/thesis-code/ws/src'
[0.169s] Level 1:colcon.colcon_core.package_identification:_identify(.) by extensions ['ignore', 'ignore_ament_install']
[0.169s] Level 1:colcon.colcon_core.package_identification:_identify(.) by extension 'ignore'
[0.169s] Level 1:colcon.colcon_core.package_identification:_identify(.) by extension 'ignore_ament_install'
[0.169s] Level 1:colcon.colcon_core.package_identification:_identify(.) by extensions ['colcon_pkg']
[0.169s] Level 1:colcon.colcon_core.package_identification:_identify(.) by extension 'colcon_pkg'
[0.169s] Level 1:colcon.colcon_core.package_identification:_identify(.) by extensions ['colcon_meta']
[0.169s] Level 1:colcon.colcon_core.package_identification:_identify(.) by extension 'colcon_meta'
[0.169s] Level 1:colcon.colcon_core.package_identification:_identify(.) by extensions ['ros']
[0.169s] Level 1:colcon.colcon_core.package_identification:_identify(.) by extension 'ros'
[0.181s] Level 1:colcon.colcon_core.package_identification:_identify(.) by extensions ['cmake', 'python']
[0.181s] Level 1:colcon.colcon_core.package_identification:_identify(.) by extension 'cmake'
[0.181s] Level 1:colcon.colcon_core.package_identification:_identify(.) by extension 'python'
[0.181s] Level 1:colcon.colcon_core.package_identification:_identify(.) by extensions ['python_setup_py']
[0.181s] Level 1:colcon.colcon_core.package_identification:_identify(.) by extension 'python_setup_py'
[0.181s] Level 1:colcon.colcon_core.package_identification:_identify(build) by extensions ['ignore', 'ignore_ament_install']
[0.181s] Level 1:colcon.colcon_core.package_identification:_identify(build) by extension 'ignore'
[0.181s] Level 1:colcon.colcon_core.package_identification:_identify(build) ignored
[0.181s] Level 1:colcon.colcon_core.package_identification:_identify(install) by extensions ['ignore', 'ignore_ament_install']
[0.181s] Level 1:colcon.colcon_core.package_identification:_identify(install) by extension 'ignore'
[0.182s] Level 1:colcon.colcon_core.package_identification:_identify(install) ignored
[0.182s] Level 1:colcon.colcon_core.package_identification:_identify(log) by extensions ['ignore', 'ignore_ament_install']
[0.182s] Level 1:colcon.colcon_core.package_identification:_identify(log) by extension 'ignore'
[0.182s] Level 1:colcon.colcon_core.package_identification:_identify(log) ignored
[0.182s] Level 1:colcon.colcon_core.package_identification:_identify(more_interfaces) by extensions ['ignore', 'ignore_ament_install']
[0.182s] Level 1:colcon.colcon_core.package_identification:_identify(more_interfaces) by extension 'ignore'
[0.182s] Level 1:colcon.colcon_core.package_identification:_identify(more_interfaces) by extension 'ignore_ament_install'
[0.182s] Level 1:colcon.colcon_core.package_identification:_identify(more_interfaces) by extensions ['colcon_pkg']
[0.182s] Level 1:colcon.colcon_core.package_identification:_identify(more_interfaces) by extension 'colcon_pkg'
[0.182s] Level 1:colcon.colcon_core.package_identification:_identify(more_interfaces) by extensions ['colcon_meta']
[0.182s] Level 1:colcon.colcon_core.package_identification:_identify(more_interfaces) by extension 'colcon_meta'
[0.182s] Level 1:colcon.colcon_core.package_identification:_identify(more_interfaces) by extensions ['ros']
[0.182s] Level 1:colcon.colcon_core.package_identification:_identify(more_interfaces) by extension 'ros'
[0.185s] DEBUG:colcon.colcon_core.package_identification:Package 'more_interfaces' with type 'ros.ament_cmake' and name 'more_interfaces'
[0.185s] Level 1:colcon.colcon_core.package_identification:_identify(simulator) by extensions ['ignore', 'ignore_ament_install']
[0.185s] Level 1:colcon.colcon_core.package_identification:_identify(simulator) by extension 'ignore'
[0.185s] Level 1:colcon.colcon_core.package_identification:_identify(simulator) by extension 'ignore_ament_install'
[0.185s] Level 1:colcon.colcon_core.package_identification:_identify(simulator) by extensions ['colcon_pkg']
[0.185s] Level 1:colcon.colcon_core.package_identification:_identify(simulator) by extension 'colcon_pkg'
[0.185s] Level 1:colcon.colcon_core.package_identification:_identify(simulator) by extensions ['colcon_meta']
[0.185s] Level 1:colcon.colcon_core.package_identification:_identify(simulator) by extension 'colcon_meta'
[0.185s] Level 1:colcon.colcon_core.package_identification:_identify(simulator) by extensions ['ros']
[0.186s] Level 1:colcon.colcon_core.package_identification:_identify(simulator) by extension 'ros'
[0.186s] DEBUG:colcon.colcon_core.package_identification:Package 'simulator' with type 'ros.ament_cmake' and name 'simulator'
[0.186s] Level 1:colcon.colcon_core.package_identification:_identify(tuts) by extensions ['ignore', 'ignore_ament_install']
[0.186s] Level 1:colcon.colcon_core.package_identification:_identify(tuts) by extension 'ignore'
[0.187s] Level 1:colcon.colcon_core.package_identification:_identify(tuts) by extension 'ignore_ament_install'
[0.187s] Level 1:colcon.colcon_core.package_identification:_identify(tuts) by extensions ['colcon_pkg']
[0.187s] Level 1:colcon.colcon_core.package_identification:_identify(tuts) by extension 'colcon_pkg'
[0.187s] Level 1:colcon.colcon_core.package_identification:_identify(tuts) by extensions ['colcon_meta']
[0.187s] Level 1:colcon.colcon_core.package_identification:_identify(tuts) by extension 'colcon_meta'
[0.187s] Level 1:colcon.colcon_core.package_identification:_identify(tuts) by extensions ['ros']
[0.187s] Level 1:colcon.colcon_core.package_identification:_identify(tuts) by extension 'ros'
[0.187s] DEBUG:colcon.colcon_core.package_identification:Package 'tuts' with type 'ros.ament_cmake' and name 'tuts'
[0.187s] Level 1:colcon.colcon_core.package_discovery:discover_packages(recursive) using defaults
[0.187s] Level 1:colcon.colcon_core.package_discovery:discover_packages(ignore) discover
[0.187s] Level 1:colcon.colcon_core.package_discovery:discover_packages(ignore) using defaults
[0.188s] Level 1:colcon.colcon_core.package_discovery:discover_packages(path) discover
[0.188s] Level 1:colcon.colcon_core.package_discovery:discover_packages(path) using defaults
[0.209s] Level 5:colcon.colcon_core.verb:set package 'more_interfaces' build argument 'cmake_args' from command line to 'None'
[0.209s] Level 5:colcon.colcon_core.verb:set package 'more_interfaces' build argument 'cmake_target' from command line to 'None'
[0.209s] Level 5:colcon.colcon_core.verb:set package 'more_interfaces' build argument 'cmake_target_skip_unavailable' from command line to 'False'
[0.209s] Level 5:colcon.colcon_core.verb:set package 'more_interfaces' build argument 'cmake_clean_cache' from command line to 'False'
[0.209s] Level 5:colcon.colcon_core.verb:set package 'more_interfaces' build argument 'cmake_clean_first' from command line to 'False'
[0.209s] Level 5:colcon.colcon_core.verb:set package 'more_interfaces' build argument 'cmake_force_configure' from command line to 'False'
[0.209s] Level 5:colcon.colcon_core.verb:set package 'more_interfaces' build argument 'ament_cmake_args' from command line to 'None'
[0.209s] Level 5:colcon.colcon_core.verb:set package 'more_interfaces' build argument 'catkin_cmake_args' from command line to 'None'
[0.210s] Level 5:colcon.colcon_core.verb:set package 'more_interfaces' build argument 'catkin_skip_building_tests' from command line to 'False'
[0.210s] DEBUG:colcon.colcon_core.verb:Building package 'more_interfaces' with the following arguments: {'ament_cmake_args': None, 'build_base': '/home/cale/thesis-code/ws/src/build/more_interfaces', 'catkin_cmake_args': None, 'catkin_skip_building_tests': False, 'cmake_args': None, 'cmake_clean_cache': False, 'cmake_clean_first': False, 'cmake_force_configure': False, 'cmake_target': None, 'cmake_target_skip_unavailable': False, 'install_base': '/home/cale/thesis-code/ws/src/install/more_interfaces', 'merge_install': False, 'path': '/home/cale/thesis-code/ws/src/more_interfaces', 'symlink_install': True, 'test_result_base': None}
[0.212s] Level 5:colcon.colcon_core.verb:set package 'simulator' build argument 'cmake_args' from command line to 'None'
[0.212s] Level 5:colcon.colcon_core.verb:set package 'simulator' build argument 'cmake_target' from command line to 'None'
[0.212s] Level 5:colcon.colcon_core.verb:set package 'simulator' build argument 'cmake_target_skip_unavailable' from command line to 'False'
[0.212s] Level 5:colcon.colcon_core.verb:set package 'simulator' build argument 'cmake_clean_cache' from command line to 'False'
[0.212s] Level 5:colcon.colcon_core.verb:set package 'simulator' build argument 'cmake_clean_first' from command line to 'False'
[0.212s] Level 5:colcon.colcon_core.verb:set package 'simulator' build argument 'cmake_force_configure' from command line to 'False'
[0.212s] Level 5:colcon.colcon_core.verb:set package 'simulator' build argument 'ament_cmake_args' from command line to 'None'
[0.212s] Level 5:colcon.colcon_core.verb:set package 'simulator' build argument 'catkin_cmake_args' from command line to 'None'
[0.212s] Level 5:colcon.colcon_core.verb:set package 'simulator' build argument 'catkin_skip_building_tests' from command line to 'False'
[0.213s] DEBUG:colcon.colcon_core.verb:Building package 'simulator' with the following arguments: {'ament_cmake_args': None, 'build_base': '/home/cale/thesis-code/ws/src/build/simulator', 'catkin_cmake_args': None, 'catkin_skip_building_tests': False, 'cmake_args': None, 'cmake_clean_cache': False, 'cmake_clean_first': False, 'cmake_force_configure': False, 'cmake_target': None, 'cmake_target_skip_unavailable': False, 'install_base': '/home/cale/thesis-code/ws/src/install/simulator', 'merge_install': False, 'path': '/home/cale/thesis-code/ws/src/simulator', 'symlink_install': True, 'test_result_base': None}
[0.215s] Level 5:colcon.colcon_core.verb:set package 'tuts' build argument 'cmake_args' from command line to 'None'
[0.215s] Level 5:colcon.colcon_core.verb:set package 'tuts' build argument 'cmake_target' from command line to 'None'
[0.215s] Level 5:colcon.colcon_core.verb:set package 'tuts' build argument 'cmake_target_skip_unavailable' from command line to 'False'
[0.215s] Level 5:colcon.colcon_core.verb:set package 'tuts' build argument 'cmake_clean_cache' from command line to 'False'
[0.215s] Level 5:colcon.colcon_core.verb:set package 'tuts' build argument 'cmake_clean_first' from command line to 'False'
[0.215s] Level 5:colcon.colcon_core.verb:set package 'tuts' build argument 'cmake_force_configure' from command line to 'False'
[0.215s] Level 5:colcon.colcon_core.verb:set package 'tuts' build argument 'ament_cmake_args' from command line to 'None'
[0.215s] Level 5:colcon.colcon_core.verb:set package 'tuts' build argument 'catkin_cmake_args' from command line to 'None'
[0.215s] Level 5:colcon.colcon_core.verb:set package 'tuts' build argument 'catkin_skip_building_tests' from command line to 'False'
[0.215s] DEBUG:colcon.colcon_core.verb:Building package 'tuts' with the following arguments: {'ament_cmake_args': None, 'build_base': '/home/cale/thesis-code/ws/src/build/tuts', 'catkin_cmake_args': None, 'catkin_skip_building_tests': False, 'cmake_args': None, 'cmake_clean_cache': False, 'cmake_clean_first': False, 'cmake_force_configure': False, 'cmake_target': None, 'cmake_target_skip_unavailable': False, 'install_base': '/home/cale/thesis-code/ws/src/install/tuts', 'merge_install': False, 'path': '/home/cale/thesis-code/ws/src/tuts', 'symlink_install': True, 'test_result_base': None}
[0.216s] INFO:colcon.colcon_core.executor:Executing jobs using 'parallel' executor
[0.218s] DEBUG:colcon.colcon_parallel_executor.executor.parallel:run_until_complete
[0.218s] INFO:colcon.colcon_ros.task.ament_cmake.build:Building ROS package in '/home/cale/thesis-code/ws/src/more_interfaces' with build type 'ament_cmake'
[0.218s] INFO:colcon.colcon_cmake.task.cmake.build:Building CMake package in '/home/cale/thesis-code/ws/src/more_interfaces'
[0.222s] INFO:colcon.colcon_core.plugin_system:Skipping extension 'colcon_core.shell.bat': Not used on non-Windows systems
[0.222s] INFO:colcon.colcon_core.shell:Skip shell extension 'powershell' for command environment: Not usable outside of PowerShell
[0.222s] DEBUG:colcon.colcon_core.shell:Skip shell extension 'dsv' for command environment
[0.225s] DEBUG:colcon.colcon_core.shell:Ignoring prefix path '/opt/ros/foxy'
[0.228s] INFO:colcon.colcon_ros.task.ament_cmake.build:Building ROS package in '/home/cale/thesis-code/ws/src/simulator' with build type 'ament_cmake'
[0.229s] INFO:colcon.colcon_cmake.task.cmake.build:Building CMake package in '/home/cale/thesis-code/ws/src/simulator'
[0.230s] INFO:colcon.colcon_core.shell:Skip shell extension 'powershell' for command environment: Not usable outside of PowerShell
[0.230s] DEBUG:colcon.colcon_core.shell:Skip shell extension 'dsv' for command environment
[0.232s] DEBUG:colcon.colcon_core.shell:Ignoring prefix path '/opt/ros/foxy'
[0.234s] INFO:colcon.colcon_ros.task.ament_cmake.build:Building ROS package in '/home/cale/thesis-code/ws/src/tuts' with build type 'ament_cmake'
[0.235s] INFO:colcon.colcon_cmake.task.cmake.build:Building CMake package in '/home/cale/thesis-code/ws/src/tuts'
[0.236s] INFO:colcon.colcon_core.shell:Skip shell extension 'powershell' for command environment: Not usable outside of PowerShell
[0.236s] DEBUG:colcon.colcon_core.shell:Skip shell extension 'dsv' for command environment
[0.238s] DEBUG:colcon.colcon_core.shell:Ignoring prefix path '/opt/ros/foxy'
[0.250s] DEBUG:colcon.colcon_core.event_handler.log_command:Invoking command in '/home/cale/thesis-code/ws/src/build/more_interfaces': CMAKE_PREFIX_PATH=${CMAKE_PREFIX_PATH}:/opt/ros/foxy /usr/bin/cmake --build /home/cale/thesis-code/ws/src/build/more_interfaces -- -j4 -l4
[0.261s] DEBUG:colcon.colcon_core.event_handler.log_command:Invoking command in '/home/cale/thesis-code/ws/src/build/simulator': CMAKE_PREFIX_PATH=${CMAKE_PREFIX_PATH}:/opt/ros/foxy /usr/bin/cmake /home/cale/thesis-code/ws/src/simulator -DAMENT_CMAKE_SYMLINK_INSTALL=1 -DCMAKE_INSTALL_PREFIX=/home/cale/thesis-code/ws/src/install/simulator
[0.292s] DEBUG:colcon.colcon_core.event_handler.log_command:Invoking command in '/home/cale/thesis-code/ws/src/build/tuts': CMAKE_PREFIX_PATH=${CMAKE_PREFIX_PATH}:/opt/ros/foxy /usr/bin/cmake --build /home/cale/thesis-code/ws/src/build/tuts -- -j4 -l4
[0.886s] DEBUG:colcon.colcon_core.event_handler.log_command:Invoked command in '/home/cale/thesis-code/ws/src/build/more_interfaces' returned '0': CMAKE_PREFIX_PATH=${CMAKE_PREFIX_PATH}:/opt/ros/foxy /usr/bin/cmake --build /home/cale/thesis-code/ws/src/build/more_interfaces -- -j4 -l4
[0.995s] DEBUG:colcon.colcon_core.event_handler.log_command:Invoked command in '/home/cale/thesis-code/ws/src/build/tuts' returned '0': CMAKE_PREFIX_PATH=${CMAKE_PREFIX_PATH}:/opt/ros/foxy /usr/bin/cmake --build /home/cale/thesis-code/ws/src/build/tuts -- -j4 -l4
[1.112s] DEBUG:colcon.colcon_core.event_handler.log_command:Invoking command in '/home/cale/thesis-code/ws/src/build/more_interfaces': CMAKE_PREFIX_PATH=${CMAKE_PREFIX_PATH}:/opt/ros/foxy /usr/bin/cmake --install /home/cale/thesis-code/ws/src/build/more_interfaces
[1.126s] DEBUG:colcon.colcon_core.event_handler.log_command:Invoking command in '/home/cale/thesis-code/ws/src/build/tuts': CMAKE_PREFIX_PATH=${CMAKE_PREFIX_PATH}:/opt/ros/foxy /usr/bin/cmake --install /home/cale/thesis-code/ws/src/build/tuts
[1.326s] Level 1:colcon.colcon_core.environment:create_environment_scripts_only(tuts)
[1.331s] DEBUG:colcon.colcon_core.event_handler.log_command:Invoked command in '/home/cale/thesis-code/ws/src/build/tuts' returned '0': CMAKE_PREFIX_PATH=${CMAKE_PREFIX_PATH}:/opt/ros/foxy /usr/bin/cmake --install /home/cale/thesis-code/ws/src/build/tuts
[1.342s] Level 1:colcon.colcon_core.environment:checking '/home/cale/thesis-code/ws/src/install/tuts' for CMake module files
[1.352s] Level 1:colcon.colcon_core.environment:checking '/home/cale/thesis-code/ws/src/install/tuts' for CMake config files
[1.353s] Level 1:colcon.colcon_core.shell:create_environment_hook('tuts', 'cmake_prefix_path')
[1.354s] INFO:colcon.colcon_core.shell:Creating environment hook '/home/cale/thesis-code/ws/src/install/tuts/share/tuts/hook/cmake_prefix_path.ps1'
[1.356s] INFO:colcon.colcon_core.shell:Creating environment descriptor '/home/cale/thesis-code/ws/src/install/tuts/share/tuts/hook/cmake_prefix_path.dsv'
[1.359s] INFO:colcon.colcon_core.shell:Creating environment hook '/home/cale/thesis-code/ws/src/install/tuts/share/tuts/hook/cmake_prefix_path.sh'
[1.361s] Level 1:colcon.colcon_core.environment:checking '/home/cale/thesis-code/ws/src/install/tuts/lib'
[1.361s] Level 1:colcon.colcon_core.shell:create_environment_hook('tuts', 'ld_library_path_lib')
[1.362s] INFO:colcon.colcon_core.shell:Creating environment hook '/home/cale/thesis-code/ws/src/install/tuts/share/tuts/hook/ld_library_path_lib.ps1'
[1.364s] INFO:colcon.colcon_core.shell:Creating environment descriptor '/home/cale/thesis-code/ws/src/install/tuts/share/tuts/hook/ld_library_path_lib.dsv'
[1.364s] INFO:colcon.colcon_core.shell:Creating environment hook '/home/cale/thesis-code/ws/src/install/tuts/share/tuts/hook/ld_library_path_lib.sh'
[1.365s] Level 1:colcon.colcon_core.environment:checking '/home/cale/thesis-code/ws/src/install/tuts/bin'
[1.365s] Level 1:colcon.colcon_core.environment:checking '/home/cale/thesis-code/ws/src/install/tuts/lib/pkgconfig/tuts.pc'
[1.365s] Level 1:colcon.colcon_core.environment:checking '/home/cale/thesis-code/ws/src/install/tuts/lib/python3.8/site-packages'
[1.365s] Level 1:colcon.colcon_core.shell:create_environment_hook('tuts', 'pythonpath')
[1.366s] INFO:colcon.colcon_core.shell:Creating environment hook '/home/cale/thesis-code/ws/src/install/tuts/share/tuts/hook/pythonpath.ps1'
[1.368s] INFO:colcon.colcon_core.shell:Creating environment descriptor '/home/cale/thesis-code/ws/src/install/tuts/share/tuts/hook/pythonpath.dsv'
[1.368s] INFO:colcon.colcon_core.shell:Creating environment hook '/home/cale/thesis-code/ws/src/install/tuts/share/tuts/hook/pythonpath.sh'
[1.370s] INFO:colcon.colcon_core.shell:Creating package script '/home/cale/thesis-code/ws/src/install/tuts/share/tuts/package.ps1'
[1.371s] INFO:colcon.colcon_core.shell:Creating package descriptor '/home/cale/thesis-code/ws/src/install/tuts/share/tuts/package.dsv'
[1.372s] INFO:colcon.colcon_core.shell:Creating package script '/home/cale/thesis-code/ws/src/install/tuts/share/tuts/package.sh'
[1.373s] INFO:colcon.colcon_core.shell:Creating package script '/home/cale/thesis-code/ws/src/install/tuts/share/tuts/package.bash'
[1.374s] INFO:colcon.colcon_core.shell:Creating package script '/home/cale/thesis-code/ws/src/install/tuts/share/tuts/package.zsh'
[1.375s] Level 1:colcon.colcon_core.environment:create_file_with_runtime_dependencies(/home/cale/thesis-code/ws/src/install/tuts/share/colcon-core/packages/tuts)
[1.382s] Level 1:colcon.colcon_core.environment:create_environment_scripts_only(more_interfaces)
[1.384s] Level 1:colcon.colcon_core.environment:checking '/home/cale/thesis-code/ws/src/install/more_interfaces' for CMake module files
[1.384s] DEBUG:colcon.colcon_core.event_handler.log_command:Invoked command in '/home/cale/thesis-code/ws/src/build/more_interfaces' returned '0': CMAKE_PREFIX_PATH=${CMAKE_PREFIX_PATH}:/opt/ros/foxy /usr/bin/cmake --install /home/cale/thesis-code/ws/src/build/more_interfaces
[1.385s] Level 1:colcon.colcon_core.environment:checking '/home/cale/thesis-code/ws/src/install/more_interfaces' for CMake config files
[1.386s] Level 1:colcon.colcon_core.shell:create_environment_hook('more_interfaces', 'cmake_prefix_path')
[1.386s] INFO:colcon.colcon_core.shell:Creating environment hook '/home/cale/thesis-code/ws/src/install/more_interfaces/share/more_interfaces/hook/cmake_prefix_path.ps1'
[1.387s] INFO:colcon.colcon_core.shell:Creating environment descriptor '/home/cale/thesis-code/ws/src/install/more_interfaces/share/more_interfaces/hook/cmake_prefix_path.dsv'
[1.387s] INFO:colcon.colcon_core.shell:Creating environment hook '/home/cale/thesis-code/ws/src/install/more_interfaces/share/more_interfaces/hook/cmake_prefix_path.sh'
[1.388s] Level 1:colcon.colcon_core.environment:checking '/home/cale/thesis-code/ws/src/install/more_interfaces/lib'
[1.388s] Level 1:colcon.colcon_core.shell:create_environment_hook('more_interfaces', 'ld_library_path_lib')
[1.389s] INFO:colcon.colcon_core.shell:Creating environment hook '/home/cale/thesis-code/ws/src/install/more_interfaces/share/more_interfaces/hook/ld_library_path_lib.ps1'
[1.390s] INFO:colcon.colcon_core.shell:Creating environment descriptor '/home/cale/thesis-code/ws/src/install/more_interfaces/share/more_interfaces/hook/ld_library_path_lib.dsv'
[1.390s] INFO:colcon.colcon_core.shell:Creating environment hook '/home/cale/thesis-code/ws/src/install/more_interfaces/share/more_interfaces/hook/ld_library_path_lib.sh'
[1.391s] Level 1:colcon.colcon_core.environment:checking '/home/cale/thesis-code/ws/src/install/more_interfaces/bin'
[1.391s] Level 1:colcon.colcon_core.environment:checking '/home/cale/thesis-code/ws/src/install/more_interfaces/lib/pkgconfig/more_interfaces.pc'
[1.391s] Level 1:colcon.colcon_core.environment:checking '/home/cale/thesis-code/ws/src/install/more_interfaces/lib/python3.8/site-packages'
[1.391s] Level 1:colcon.colcon_core.shell:create_environment_hook('more_interfaces', 'pythonpath')
[1.392s] INFO:colcon.colcon_core.shell:Creating environment hook '/home/cale/thesis-code/ws/src/install/more_interfaces/share/more_interfaces/hook/pythonpath.ps1'
[1.393s] INFO:colcon.colcon_core.shell:Creating environment descriptor '/home/cale/thesis-code/ws/src/install/more_interfaces/share/more_interfaces/hook/pythonpath.dsv'
[1.393s] INFO:colcon.colcon_core.shell:Creating environment hook '/home/cale/thesis-code/ws/src/install/more_interfaces/share/more_interfaces/hook/pythonpath.sh'
[1.394s] INFO:colcon.colcon_core.shell:Creating package script '/home/cale/thesis-code/ws/src/install/more_interfaces/share/more_interfaces/package.ps1'
[1.395s] INFO:colcon.colcon_core.shell:Creating package descriptor '/home/cale/thesis-code/ws/src/install/more_interfaces/share/more_interfaces/package.dsv'
[1.396s] INFO:colcon.colcon_core.shell:Creating package script '/home/cale/thesis-code/ws/src/install/more_interfaces/share/more_interfaces/package.sh'
[1.396s] INFO:colcon.colcon_core.shell:Creating package script '/home/cale/thesis-code/ws/src/install/more_interfaces/share/more_interfaces/package.bash'
[1.397s] INFO:colcon.colcon_core.shell:Creating package script '/home/cale/thesis-code/ws/src/install/more_interfaces/share/more_interfaces/package.zsh'
[1.397s] Level 1:colcon.colcon_core.environment:create_file_with_runtime_dependencies(/home/cale/thesis-code/ws/src/install/more_interfaces/share/colcon-core/packages/more_interfaces)
[1.495s] Level 1:colcon.colcon_core.environment:create_environment_scripts_only(more_interfaces)
[1.496s] Level 1:colcon.colcon_core.environment:checking '/home/cale/thesis-code/ws/src/install/more_interfaces' for CMake module files
[1.497s] Level 1:colcon.colcon_core.environment:checking '/home/cale/thesis-code/ws/src/install/more_interfaces' for CMake config files
[1.498s] Level 1:colcon.colcon_core.shell:create_environment_hook('more_interfaces', 'cmake_prefix_path')
[1.499s] INFO:colcon.colcon_core.shell:Creating environment hook '/home/cale/thesis-code/ws/src/install/more_interfaces/share/more_interfaces/hook/cmake_prefix_path.ps1'
[1.500s] INFO:colcon.colcon_core.shell:Creating environment descriptor '/home/cale/thesis-code/ws/src/install/more_interfaces/share/more_interfaces/hook/cmake_prefix_path.dsv'
[1.500s] INFO:colcon.colcon_core.shell:Creating environment hook '/home/cale/thesis-code/ws/src/install/more_interfaces/share/more_interfaces/hook/cmake_prefix_path.sh'
[1.501s] Level 1:colcon.colcon_core.environment:checking '/home/cale/thesis-code/ws/src/install/more_interfaces/lib'
[1.501s] Level 1:colcon.colcon_core.shell:create_environment_hook('more_interfaces', 'ld_library_path_lib')
[1.502s] INFO:colcon.colcon_core.shell:Creating environment hook '/home/cale/thesis-code/ws/src/install/more_interfaces/share/more_interfaces/hook/ld_library_path_lib.ps1'
[1.503s] INFO:colcon.colcon_core.shell:Creating environment descriptor '/home/cale/thesis-code/ws/src/install/more_interfaces/share/more_interfaces/hook/ld_library_path_lib.dsv'
[1.503s] INFO:colcon.colcon_core.shell:Creating environment hook '/home/cale/thesis-code/ws/src/install/more_interfaces/share/more_interfaces/hook/ld_library_path_lib.sh'
[1.504s] Level 1:colcon.colcon_core.environment:checking '/home/cale/thesis-code/ws/src/install/more_interfaces/bin'
[1.504s] Level 1:colcon.colcon_core.environment:checking '/home/cale/thesis-code/ws/src/install/more_interfaces/lib/pkgconfig/more_interfaces.pc'
[1.504s] Level 1:colcon.colcon_core.environment:checking '/home/cale/thesis-code/ws/src/install/more_interfaces/lib/python3.8/site-packages'
[1.504s] Level 1:colcon.colcon_core.shell:create_environment_hook('more_interfaces', 'pythonpath')
[1.505s] INFO:colcon.colcon_core.shell:Creating environment hook '/home/cale/thesis-code/ws/src/install/more_interfaces/share/more_interfaces/hook/pythonpath.ps1'
[1.505s] INFO:colcon.colcon_core.shell:Creating environment descriptor '/home/cale/thesis-code/ws/src/install/more_interfaces/share/more_interfaces/hook/pythonpath.dsv'
[1.506s] INFO:colcon.colcon_core.shell:Creating environment hook '/home/cale/thesis-code/ws/src/install/more_interfaces/share/more_interfaces/hook/pythonpath.sh'
[1.507s] INFO:colcon.colcon_core.shell:Creating package script '/home/cale/thesis-code/ws/src/install/more_interfaces/share/more_interfaces/package.ps1'
[1.508s] INFO:colcon.colcon_core.shell:Creating package descriptor '/home/cale/thesis-code/ws/src/install/more_interfaces/share/more_interfaces/package.dsv'
[1.509s] INFO:colcon.colcon_core.shell:Creating package script '/home/cale/thesis-code/ws/src/install/more_interfaces/share/more_interfaces/package.sh'
[1.509s] INFO:colcon.colcon_core.shell:Creating package script '/home/cale/thesis-code/ws/src/install/more_interfaces/share/more_interfaces/package.bash'
[1.510s] INFO:colcon.colcon_core.shell:Creating package script '/home/cale/thesis-code/ws/src/install/more_interfaces/share/more_interfaces/package.zsh'
[1.510s] Level 1:colcon.colcon_core.environment:create_file_with_runtime_dependencies(/home/cale/thesis-code/ws/src/install/more_interfaces/share/colcon-core/packages/more_interfaces)
[1.545s] Level 1:colcon.colcon_core.environment:create_environment_scripts_only(tuts)
[1.547s] Level 1:colcon.colcon_core.environment:checking '/home/cale/thesis-code/ws/src/install/tuts' for CMake module files
[1.547s] Level 1:colcon.colcon_core.environment:checking '/home/cale/thesis-code/ws/src/install/tuts' for CMake config files
[1.549s] Level 1:colcon.colcon_core.shell:create_environment_hook('tuts', 'cmake_prefix_path')
[1.550s] INFO:colcon.colcon_core.shell:Creating environment hook '/home/cale/thesis-code/ws/src/install/tuts/share/tuts/hook/cmake_prefix_path.ps1'
[1.551s] INFO:colcon.colcon_core.shell:Creating environment descriptor '/home/cale/thesis-code/ws/src/install/tuts/share/tuts/hook/cmake_prefix_path.dsv'
[1.551s] INFO:colcon.colcon_core.shell:Creating environment hook '/home/cale/thesis-code/ws/src/install/tuts/share/tuts/hook/cmake_prefix_path.sh'
[1.554s] Level 1:colcon.colcon_core.environment:checking '/home/cale/thesis-code/ws/src/install/tuts/lib'
[1.554s] Level 1:colcon.colcon_core.shell:create_environment_hook('tuts', 'ld_library_path_lib')
[1.556s] INFO:colcon.colcon_core.shell:Creating environment hook '/home/cale/thesis-code/ws/src/install/tuts/share/tuts/hook/ld_library_path_lib.ps1'
[1.556s] INFO:colcon.colcon_core.shell:Creating environment descriptor '/home/cale/thesis-code/ws/src/install/tuts/share/tuts/hook/ld_library_path_lib.dsv'
[1.557s] INFO:colcon.colcon_core.shell:Creating environment hook '/home/cale/thesis-code/ws/src/install/tuts/share/tuts/hook/ld_library_path_lib.sh'
[1.557s] Level 1:colcon.colcon_core.environment:checking '/home/cale/thesis-code/ws/src/install/tuts/bin'
[1.557s] Level 1:colcon.colcon_core.environment:checking '/home/cale/thesis-code/ws/src/install/tuts/lib/pkgconfig/tuts.pc'
[1.557s] Level 1:colcon.colcon_core.environment:checking '/home/cale/thesis-code/ws/src/install/tuts/lib/python3.8/site-packages'
[1.557s] Level 1:colcon.colcon_core.shell:create_environment_hook('tuts', 'pythonpath')
[1.558s] INFO:colcon.colcon_core.shell:Creating environment hook '/home/cale/thesis-code/ws/src/install/tuts/share/tuts/hook/pythonpath.ps1'
[1.559s] INFO:colcon.colcon_core.shell:Creating environment descriptor '/home/cale/thesis-code/ws/src/install/tuts/share/tuts/hook/pythonpath.dsv'
[1.560s] INFO:colcon.colcon_core.shell:Creating environment hook '/home/cale/thesis-code/ws/src/install/tuts/share/tuts/hook/pythonpath.sh'
[1.561s] INFO:colcon.colcon_core.shell:Creating package script '/home/cale/thesis-code/ws/src/install/tuts/share/tuts/package.ps1'
[1.562s] INFO:colcon.colcon_core.shell:Creating package descriptor '/home/cale/thesis-code/ws/src/install/tuts/share/tuts/package.dsv'
[1.563s] INFO:colcon.colcon_core.shell:Creating package script '/home/cale/thesis-code/ws/src/install/tuts/share/tuts/package.sh'
[1.563s] INFO:colcon.colcon_core.shell:Creating package script '/home/cale/thesis-code/ws/src/install/tuts/share/tuts/package.bash'
[1.564s] INFO:colcon.colcon_core.shell:Creating package script '/home/cale/thesis-code/ws/src/install/tuts/share/tuts/package.zsh'
[1.564s] Level 1:colcon.colcon_core.environment:create_file_with_runtime_dependencies(/home/cale/thesis-code/ws/src/install/tuts/share/colcon-core/packages/tuts)
[2.740s] DEBUG:colcon.colcon_core.event_handler.log_command:Invoked command in '/home/cale/thesis-code/ws/src/build/simulator' returned '0': CMAKE_PREFIX_PATH=${CMAKE_PREFIX_PATH}:/opt/ros/foxy /usr/bin/cmake /home/cale/thesis-code/ws/src/simulator -DAMENT_CMAKE_SYMLINK_INSTALL=1 -DCMAKE_INSTALL_PREFIX=/home/cale/thesis-code/ws/src/install/simulator
[2.743s] DEBUG:colcon.colcon_core.event_handler.log_command:Invoking command in '/home/cale/thesis-code/ws/src/build/simulator': CMAKE_PREFIX_PATH=${CMAKE_PREFIX_PATH}:/opt/ros/foxy /usr/bin/cmake --build /home/cale/thesis-code/ws/src/build/simulator -- -j4 -l4
[3.946s] DEBUG:colcon.colcon_core.event_handler.log_command:Invoked command in '/home/cale/thesis-code/ws/src/build/simulator' returned '0': CMAKE_PREFIX_PATH=${CMAKE_PREFIX_PATH}:/opt/ros/foxy /usr/bin/cmake --build /home/cale/thesis-code/ws/src/build/simulator -- -j4 -l4
[4.011s] DEBUG:colcon.colcon_core.event_handler.log_command:Invoking command in '/home/cale/thesis-code/ws/src/build/simulator': CMAKE_PREFIX_PATH=${CMAKE_PREFIX_PATH}:/opt/ros/foxy /usr/bin/cmake --install /home/cale/thesis-code/ws/src/build/simulator
[4.372s] DEBUG:colcon.colcon_core.event_handler.log_command:Invoked command in '/home/cale/thesis-code/ws/src/build/simulator' returned '1': CMAKE_PREFIX_PATH=${CMAKE_PREFIX_PATH}:/opt/ros/foxy /usr/bin/cmake --install /home/cale/thesis-code/ws/src/build/simulator
[4.433s] Level 1:colcon.colcon_core.environment:create_environment_scripts_only(simulator)
[4.434s] Level 1:colcon.colcon_core.environment:checking '/home/cale/thesis-code/ws/src/install/simulator' for CMake module files
[4.434s] Level 1:colcon.colcon_core.environment:checking '/home/cale/thesis-code/ws/src/install/simulator' for CMake config files
[4.436s] Level 1:colcon.colcon_core.environment:checking '/home/cale/thesis-code/ws/src/install/simulator/lib'
[4.437s] Level 1:colcon.colcon_core.shell:create_environment_hook('simulator', 'ld_library_path_lib')
[4.437s] INFO:colcon.colcon_core.shell:Creating environment hook '/home/cale/thesis-code/ws/src/install/simulator/share/simulator/hook/ld_library_path_lib.ps1'
[4.438s] INFO:colcon.colcon_core.shell:Creating environment descriptor '/home/cale/thesis-code/ws/src/install/simulator/share/simulator/hook/ld_library_path_lib.dsv'
[4.438s] INFO:colcon.colcon_core.shell:Creating environment hook '/home/cale/thesis-code/ws/src/install/simulator/share/simulator/hook/ld_library_path_lib.sh'
[4.439s] Level 1:colcon.colcon_core.environment:checking '/home/cale/thesis-code/ws/src/install/simulator/bin'
[4.439s] Level 1:colcon.colcon_core.environment:checking '/home/cale/thesis-code/ws/src/install/simulator/lib/pkgconfig/simulator.pc'
[4.439s] Level 1:colcon.colcon_core.environment:checking '/home/cale/thesis-code/ws/src/install/simulator/lib/python3.8/site-packages'
[4.439s] Level 1:colcon.colcon_core.shell:create_environment_hook('simulator', 'pythonpath')
[4.439s] INFO:colcon.colcon_core.shell:Creating environment hook '/home/cale/thesis-code/ws/src/install/simulator/share/simulator/hook/pythonpath.ps1'
[4.440s] INFO:colcon.colcon_core.shell:Creating environment descriptor '/home/cale/thesis-code/ws/src/install/simulator/share/simulator/hook/pythonpath.dsv'
[4.440s] INFO:colcon.colcon_core.shell:Creating environment hook '/home/cale/thesis-code/ws/src/install/simulator/share/simulator/hook/pythonpath.sh'
[4.441s] INFO:colcon.colcon_core.shell:Creating package script '/home/cale/thesis-code/ws/src/install/simulator/share/simulator/package.ps1'
[4.442s] INFO:colcon.colcon_core.shell:Creating package descriptor '/home/cale/thesis-code/ws/src/install/simulator/share/simulator/package.dsv'
[4.442s] INFO:colcon.colcon_core.shell:Creating package script '/home/cale/thesis-code/ws/src/install/simulator/share/simulator/package.sh'
[4.444s] INFO:colcon.colcon_core.shell:Creating package script '/home/cale/thesis-code/ws/src/install/simulator/share/simulator/package.bash'
[4.444s] INFO:colcon.colcon_core.shell:Creating package script '/home/cale/thesis-code/ws/src/install/simulator/share/simulator/package.zsh'
[4.445s] Level 1:colcon.colcon_core.environment:create_file_with_runtime_dependencies(/home/cale/thesis-code/ws/src/install/simulator/share/colcon-core/packages/simulator)
[4.446s] DEBUG:colcon.colcon_parallel_executor.executor.parallel:closing loop
[4.447s] DEBUG:colcon.colcon_parallel_executor.executor.parallel:loop closed
[4.447s] DEBUG:colcon.colcon_parallel_executor.executor.parallel:run_until_complete finished with '1'
[4.447s] DEBUG:colcon.colcon_core.event_reactor:joining thread
[4.453s] INFO:colcon.colcon_core.plugin_system:Skipping extension 'colcon_notification.desktop_notification.terminal_notifier': Not used on non-Darwin systems
[4.453s] INFO:colcon.colcon_core.plugin_system:Skipping extension 'colcon_notification.desktop_notification.win32': Not used on non-Windows systems
[4.453s] INFO:colcon.colcon_notification.desktop_notification:Sending desktop notification using 'notify2'
[4.477s] DEBUG:colcon.colcon_core.event_reactor:joined thread
[4.478s] INFO:colcon.colcon_core.shell:Creating prefix script '/home/cale/thesis-code/ws/src/install/local_setup.ps1'
[4.479s] INFO:colcon.colcon_core.shell:Creating prefix util module '/home/cale/thesis-code/ws/src/install/_local_setup_util_ps1.py'
[4.481s] INFO:colcon.colcon_core.shell:Creating prefix chain script '/home/cale/thesis-code/ws/src/install/setup.ps1'
[4.483s] INFO:colcon.colcon_core.shell:Creating prefix script '/home/cale/thesis-code/ws/src/install/local_setup.sh'
[4.484s] INFO:colcon.colcon_core.shell:Creating prefix util module '/home/cale/thesis-code/ws/src/install/_local_setup_util_sh.py'
[4.484s] INFO:colcon.colcon_core.shell:Creating prefix chain script '/home/cale/thesis-code/ws/src/install/setup.sh'
[4.486s] INFO:colcon.colcon_core.shell:Creating prefix script '/home/cale/thesis-code/ws/src/install/local_setup.bash'
[4.487s] INFO:colcon.colcon_core.shell:Creating prefix chain script '/home/cale/thesis-code/ws/src/install/setup.bash'
[4.489s] INFO:colcon.colcon_core.shell:Creating prefix script '/home/cale/thesis-code/ws/src/install/local_setup.zsh'
[4.490s] INFO:colcon.colcon_core.shell:Creating prefix chain script '/home/cale/thesis-code/ws/src/install/setup.zsh'
