[0.030s] Invoking command in '/home/cale/thesis-code/ws/src/build/more_interfaces': CMAKE_PREFIX_PATH=${CMAKE_PREFIX_PATH}:/opt/ros/foxy /usr/bin/cmake --build /home/cale/thesis-code/ws/src/build/more_interfaces -- -j4 -l4
[0.142s] [  3%] Built target more_interfaces__cpp
[0.174s] [ 12%] Built target more_interfaces__rosidl_generator_c
[0.225s] [ 21%] Built target more_interfaces__rosidl_typesupport_fastrtps_cpp
[0.247s] [ 30%] Built target more_interfaces__rosidl_typesupport_introspection_cpp
[0.282s] [ 39%] Built target more_interfaces__rosidl_typesupport_cpp
[0.304s] [ 48%] Built target more_interfaces__rosidl_typesupport_c
[0.356s] [ 57%] Built target more_interfaces__rosidl_typesupport_fastrtps_c
[0.378s] [ 66%] Built target more_interfaces__rosidl_typesupport_introspection_c
[0.422s] [ 66%] Built target more_interfaces
[0.464s] [ 69%] Built target more_interfaces__py
[0.484s] [ 75%] Built target publish_address_book
[0.532s] [ 81%] Built target more_interfaces__python
[0.619s] [ 87%] Built target more_interfaces__rosidl_typesupport_c__pyext
[0.635s] [ 93%] Built target more_interfaces__rosidl_typesupport_fastrtps_c__pyext
[0.645s] [100%] Built target more_interfaces__rosidl_typesupport_introspection_c__pyext
[0.668s] Invoked command in '/home/cale/thesis-code/ws/src/build/more_interfaces' returned '0': CMAKE_PREFIX_PATH=${CMAKE_PREFIX_PATH}:/opt/ros/foxy /usr/bin/cmake --build /home/cale/thesis-code/ws/src/build/more_interfaces -- -j4 -l4
[0.893s] Invoking command in '/home/cale/thesis-code/ws/src/build/more_interfaces': CMAKE_PREFIX_PATH=${CMAKE_PREFIX_PATH}:/opt/ros/foxy /usr/bin/cmake --install /home/cale/thesis-code/ws/src/build/more_interfaces
[0.920s] -- Install configuration: ""
[0.920s] -- Execute custom install script
[0.921s] -- Up-to-date symlink: /home/cale/thesis-code/ws/src/install/more_interfaces/share/ament_index/resource_index/rosidl_interfaces/more_interfaces
[0.922s] -- Up-to-date symlink: /home/cale/thesis-code/ws/src/install/more_interfaces/include/more_interfaces/msg/address_book.h
[0.923s] -- Up-to-date symlink: /home/cale/thesis-code/ws/src/install/more_interfaces/include/more_interfaces/msg/detail/address_book__functions.h
[0.923s] -- Up-to-date symlink: /home/cale/thesis-code/ws/src/install/more_interfaces/include/more_interfaces/msg/detail/address_book__struct.h
[0.923s] -- Up-to-date symlink: /home/cale/thesis-code/ws/src/install/more_interfaces/include/more_interfaces/msg/detail/address_book__type_support.h
[0.924s] -- Up-to-date symlink: /home/cale/thesis-code/ws/src/install/more_interfaces/include/more_interfaces/msg/rosidl_generator_c__visibility_control.h
[0.926s] -- Up-to-date symlink: /home/cale/thesis-code/ws/src/install/more_interfaces/share/more_interfaces/environment/library_path.sh
[0.926s] -- Up-to-date symlink: /home/cale/thesis-code/ws/src/install/more_interfaces/share/more_interfaces/environment/library_path.dsv
[0.927s] -- Up-to-date symlink: /home/cale/thesis-code/ws/src/install/more_interfaces/include/more_interfaces/msg/detail/address_book__rosidl_typesupport_fastrtps_c.h
[0.928s] -- Up-to-date symlink: /home/cale/thesis-code/ws/src/install/more_interfaces/include/more_interfaces/msg/rosidl_typesupport_fastrtps_c__visibility_control.h
[0.929s] -- Up-to-date symlink: /home/cale/thesis-code/ws/src/install/more_interfaces/lib/libmore_interfaces__rosidl_typesupport_fastrtps_c.so
[0.930s] -- Up-to-date symlink: /home/cale/thesis-code/ws/src/install/more_interfaces/include/more_interfaces/msg/detail/address_book__rosidl_typesupport_fastrtps_cpp.hpp
[0.930s] -- Up-to-date symlink: /home/cale/thesis-code/ws/src/install/more_interfaces/include/more_interfaces/msg/rosidl_typesupport_fastrtps_cpp__visibility_control.h
[0.931s] -- Up-to-date symlink: /home/cale/thesis-code/ws/src/install/more_interfaces/lib/libmore_interfaces__rosidl_typesupport_fastrtps_cpp.so
[0.932s] -- Up-to-date symlink: /home/cale/thesis-code/ws/src/install/more_interfaces/include/more_interfaces/msg/detail/address_book__rosidl_typesupport_introspection_c.h
[0.932s] -- Up-to-date symlink: /home/cale/thesis-code/ws/src/install/more_interfaces/include/more_interfaces/msg/rosidl_typesupport_introspection_c__visibility_control.h
[0.934s] -- Up-to-date symlink: /home/cale/thesis-code/ws/src/install/more_interfaces/include/more_interfaces/msg/address_book.hpp
[0.934s] -- Up-to-date symlink: /home/cale/thesis-code/ws/src/install/more_interfaces/include/more_interfaces/msg/detail/address_book__builder.hpp
[0.934s] -- Up-to-date symlink: /home/cale/thesis-code/ws/src/install/more_interfaces/include/more_interfaces/msg/detail/address_book__struct.hpp
[0.934s] -- Up-to-date symlink: /home/cale/thesis-code/ws/src/install/more_interfaces/include/more_interfaces/msg/detail/address_book__traits.hpp
[0.935s] -- Up-to-date symlink: /home/cale/thesis-code/ws/src/install/more_interfaces/include/more_interfaces/msg/detail/address_book__rosidl_typesupport_introspection_cpp.hpp
[0.936s] -- Up-to-date symlink: /home/cale/thesis-code/ws/src/install/more_interfaces/share/more_interfaces/environment/pythonpath.sh
[0.936s] -- Up-to-date symlink: /home/cale/thesis-code/ws/src/install/more_interfaces/share/more_interfaces/environment/pythonpath.dsv
[0.937s] -- Up-to-date symlink: /home/cale/thesis-code/ws/src/install/more_interfaces/lib/python3.8/site-packages/more_interfaces/__init__.py
[0.938s] -- Up-to-date symlink: /home/cale/thesis-code/ws/src/install/more_interfaces/lib/python3.8/site-packages/more_interfaces/msg/__init__.py
[0.938s] -- Up-to-date symlink: /home/cale/thesis-code/ws/src/install/more_interfaces/lib/python3.8/site-packages/more_interfaces/msg/_address_book.py
[0.939s] -- Up-to-date symlink: /home/cale/thesis-code/ws/src/install/more_interfaces/lib/python3.8/site-packages/more_interfaces/more_interfaces_s__rosidl_typesupport_fastrtps_c.cpython-38-x86_64-linux-gnu.so
[0.939s] -- Up-to-date symlink: /home/cale/thesis-code/ws/src/install/more_interfaces/lib/python3.8/site-packages/more_interfaces/more_interfaces_s__rosidl_typesupport_introspection_c.cpython-38-x86_64-linux-gnu.so
[0.940s] -- Up-to-date symlink: /home/cale/thesis-code/ws/src/install/more_interfaces/lib/python3.8/site-packages/more_interfaces/more_interfaces_s__rosidl_typesupport_c.cpython-38-x86_64-linux-gnu.so
[0.941s] -- Up-to-date symlink: /home/cale/thesis-code/ws/src/install/more_interfaces/lib/libmore_interfaces__python.so
[0.942s] -- Up-to-date symlink: /home/cale/thesis-code/ws/src/install/more_interfaces/share/more_interfaces/msg/AddressBook.idl
[0.943s] -- Up-to-date symlink: /home/cale/thesis-code/ws/src/install/more_interfaces/share/more_interfaces/msg/AddressBook.msg
[0.943s] -- Up-to-date symlink: /home/cale/thesis-code/ws/src/install/more_interfaces/lib/more_interfaces/publish_address_book
[0.944s] -- Up-to-date symlink: /home/cale/thesis-code/ws/src/install/more_interfaces/share/ament_index/resource_index/package_run_dependencies/more_interfaces
[0.945s] -- Up-to-date symlink: /home/cale/thesis-code/ws/src/install/more_interfaces/share/ament_index/resource_index/parent_prefix_path/more_interfaces
[0.945s] -- Up-to-date symlink: /home/cale/thesis-code/ws/src/install/more_interfaces/share/more_interfaces/environment/ament_prefix_path.sh
[0.946s] -- Up-to-date symlink: /home/cale/thesis-code/ws/src/install/more_interfaces/share/more_interfaces/environment/ament_prefix_path.dsv
[0.946s] -- Up-to-date symlink: /home/cale/thesis-code/ws/src/install/more_interfaces/share/more_interfaces/environment/path.sh
[0.947s] -- Up-to-date symlink: /home/cale/thesis-code/ws/src/install/more_interfaces/share/more_interfaces/environment/path.dsv
[0.947s] -- Up-to-date symlink: /home/cale/thesis-code/ws/src/install/more_interfaces/share/more_interfaces/local_setup.bash
[0.948s] -- Up-to-date symlink: /home/cale/thesis-code/ws/src/install/more_interfaces/share/more_interfaces/local_setup.sh
[0.948s] -- Up-to-date symlink: /home/cale/thesis-code/ws/src/install/more_interfaces/share/more_interfaces/local_setup.zsh
[0.949s] -- Up-to-date symlink: /home/cale/thesis-code/ws/src/install/more_interfaces/share/more_interfaces/local_setup.dsv
[0.949s] -- Symlinking: /home/cale/thesis-code/ws/src/install/more_interfaces/share/more_interfaces/package.dsv
[0.977s] -- Up-to-date symlink: /home/cale/thesis-code/ws/src/install/more_interfaces/share/ament_index/resource_index/packages/more_interfaces
[0.977s] -- Up-to-date symlink: /home/cale/thesis-code/ws/src/install/more_interfaces/share/more_interfaces/cmake/rosidl_cmake-extras.cmake
[0.978s] -- Up-to-date symlink: /home/cale/thesis-code/ws/src/install/more_interfaces/share/more_interfaces/cmake/ament_cmake_export_dependencies-extras.cmake
[0.978s] -- Up-to-date symlink: /home/cale/thesis-code/ws/src/install/more_interfaces/share/more_interfaces/cmake/ament_cmake_export_libraries-extras.cmake
[0.979s] -- Up-to-date symlink: /home/cale/thesis-code/ws/src/install/more_interfaces/share/more_interfaces/cmake/ament_cmake_export_targets-extras.cmake
[0.979s] -- Up-to-date symlink: /home/cale/thesis-code/ws/src/install/more_interfaces/share/more_interfaces/cmake/ament_cmake_export_include_directories-extras.cmake
[0.980s] -- Up-to-date symlink: /home/cale/thesis-code/ws/src/install/more_interfaces/share/more_interfaces/cmake/rosidl_cmake_export_typesupport_libraries-extras.cmake
[0.980s] -- Up-to-date symlink: /home/cale/thesis-code/ws/src/install/more_interfaces/share/more_interfaces/cmake/rosidl_cmake_export_typesupport_targets-extras.cmake
[0.981s] -- Up-to-date symlink: /home/cale/thesis-code/ws/src/install/more_interfaces/share/more_interfaces/cmake/more_interfacesConfig.cmake
[0.981s] -- Up-to-date symlink: /home/cale/thesis-code/ws/src/install/more_interfaces/share/more_interfaces/cmake/more_interfacesConfig-version.cmake
[0.982s] -- Up-to-date symlink: /home/cale/thesis-code/ws/src/install/more_interfaces/share/more_interfaces/package.xml
[0.982s] -- Up-to-date: /home/cale/thesis-code/ws/src/install/more_interfaces/lib/libmore_interfaces__rosidl_generator_c.so
[0.983s] -- Up-to-date: /home/cale/thesis-code/ws/src/install/more_interfaces/lib/libmore_interfaces__rosidl_typesupport_introspection_c.so
[0.984s] -- Up-to-date: /home/cale/thesis-code/ws/src/install/more_interfaces/lib/libmore_interfaces__rosidl_typesupport_c.so
[0.984s] -- Up-to-date: /home/cale/thesis-code/ws/src/install/more_interfaces/lib/libmore_interfaces__rosidl_typesupport_introspection_cpp.so
[0.985s] -- Up-to-date: /home/cale/thesis-code/ws/src/install/more_interfaces/lib/libmore_interfaces__rosidl_typesupport_cpp.so
[1.109s] -- Up-to-date: /home/cale/thesis-code/ws/src/install/more_interfaces/share/more_interfaces/cmake/more_interfaces__rosidl_generator_cExport.cmake
[1.110s] -- Up-to-date: /home/cale/thesis-code/ws/src/install/more_interfaces/share/more_interfaces/cmake/more_interfaces__rosidl_generator_cExport-noconfig.cmake
[1.111s] -- Up-to-date: /home/cale/thesis-code/ws/src/install/more_interfaces/share/more_interfaces/cmake/more_interfaces__rosidl_typesupport_introspection_cExport.cmake
[1.117s] -- Up-to-date: /home/cale/thesis-code/ws/src/install/more_interfaces/share/more_interfaces/cmake/more_interfaces__rosidl_typesupport_introspection_cExport-noconfig.cmake
[1.118s] -- Up-to-date: /home/cale/thesis-code/ws/src/install/more_interfaces/share/more_interfaces/cmake/more_interfaces__rosidl_typesupport_cExport.cmake
[1.121s] -- Up-to-date: /home/cale/thesis-code/ws/src/install/more_interfaces/share/more_interfaces/cmake/more_interfaces__rosidl_typesupport_cExport-noconfig.cmake
[1.121s] -- Up-to-date: /home/cale/thesis-code/ws/src/install/more_interfaces/share/more_interfaces/cmake/more_interfaces__rosidl_generator_cppExport.cmake
[1.121s] -- Up-to-date: /home/cale/thesis-code/ws/src/install/more_interfaces/share/more_interfaces/cmake/more_interfaces__rosidl_typesupport_introspection_cppExport.cmake
[1.122s] -- Up-to-date: /home/cale/thesis-code/ws/src/install/more_interfaces/share/more_interfaces/cmake/more_interfaces__rosidl_typesupport_introspection_cppExport-noconfig.cmake
[1.122s] -- Up-to-date: /home/cale/thesis-code/ws/src/install/more_interfaces/share/more_interfaces/cmake/more_interfaces__rosidl_typesupport_cppExport.cmake
[1.122s] -- Up-to-date: /home/cale/thesis-code/ws/src/install/more_interfaces/share/more_interfaces/cmake/more_interfaces__rosidl_typesupport_cppExport-noconfig.cmake
[1.166s] Invoked command in '/home/cale/thesis-code/ws/src/build/more_interfaces' returned '0': CMAKE_PREFIX_PATH=${CMAKE_PREFIX_PATH}:/opt/ros/foxy /usr/bin/cmake --install /home/cale/thesis-code/ws/src/build/more_interfaces
