-- Found ament_cmake: 0.9.8 (/opt/ros/foxy/share/ament_cmake/cmake)
-- Found PythonInterp: /usr/bin/python3 (found suitable version "3.8.5", minimum required is "3") 
-- Using PYTHON_EXECUTABLE: /usr/bin/python3
-- Override CMake install command with custom implementation using symlinks instead of copying resources
-- Found gazebo_ros: 3.5.0 (/opt/ros/foxy/share/gazebo_ros/cmake)
-- Using all available rosidl_typesupport_c: rosidl_typesupport_fastrtps_c;rosidl_typesupport_introspection_c
-- Found rosidl_adapter: 1.2.0 (/opt/ros/foxy/share/rosidl_adapter/cmake)
-- Using all available rosidl_typesupport_cpp: rosidl_typesupport_fastrtps_cpp;rosidl_typesupport_introspection_cpp
-- Found rmw_implementation_cmake: 1.0.2 (/opt/ros/foxy/share/rmw_implementation_cmake/cmake)
-- Using RMW implementation 'rmw_fastrtps_cpp' as default
-- Found DART: /usr/include (Required is at least version "6.6") found components: dart 
-- Found Protobuf: /usr/lib/x86_64-linux-gnu/libprotobuf.so;-lpthread (found version "3.6.1") 
-- Looking for ignition-math6 -- found version 6.7.0
-- Searching for dependencies of ignition-math6
-- Looking for OGRE...
-- Found Ogre Ghadamon (1.9.0)
-- Found OGRE: optimized;/usr/lib/x86_64-linux-gnu/libOgreMain.so;debug;/usr/lib/x86_64-linux-gnu/libOgreMain.so
-- Looking for OGRE_Paging...
-- Found OGRE_Paging: optimized;/usr/lib/x86_64-linux-gnu/libOgrePaging.so;debug;/usr/lib/x86_64-linux-gnu/libOgrePaging.so
-- Looking for OGRE_Terrain...
-- Found OGRE_Terrain: optimized;/usr/lib/x86_64-linux-gnu/libOgreTerrain.so;debug;/usr/lib/x86_64-linux-gnu/libOgreTerrain.so
-- Looking for OGRE_Property...
-- Found OGRE_Property: optimized;/usr/lib/x86_64-linux-gnu/libOgreProperty.so;debug;/usr/lib/x86_64-linux-gnu/libOgreProperty.so
-- Looking for OGRE_RTShaderSystem...
-- Found OGRE_RTShaderSystem: optimized;/usr/lib/x86_64-linux-gnu/libOgreRTShaderSystem.so;debug;/usr/lib/x86_64-linux-gnu/libOgreRTShaderSystem.so
-- Looking for OGRE_Volume...
-- Found OGRE_Volume: optimized;/usr/lib/x86_64-linux-gnu/libOgreVolume.so;debug;/usr/lib/x86_64-linux-gnu/libOgreVolume.so
-- Looking for OGRE_Overlay...
-- Found OGRE_Overlay: optimized;/usr/lib/x86_64-linux-gnu/libOgreOverlay.so;debug;/usr/lib/x86_64-linux-gnu/libOgreOverlay.so
-- Looking for ignition-math6 -- found version 6.7.0
-- Looking for ignition-transport8 -- found version 8.2.0
-- Searching for dependencies of ignition-transport8
-- Found Protobuf: /usr/lib/x86_64-linux-gnu/libprotobuf.so;-lpthread (found suitable version "3.6.1", minimum required is "3") 
-- Config-file not installed for ZeroMQ -- checking for pkg-config
-- Checking for module 'libzmq >= 4'
--   Found libzmq , version 4.3.2
-- Checking for module 'uuid'
--   Found uuid, version 2.34.0
-- Looking for ignition-msgs5 -- found version 5.6.0
-- Searching for dependencies of ignition-msgs5
-- Looking for ignition-math6 -- found version 6.7.0
-- Checking for module 'tinyxml2'
--   Found tinyxml2, version 6.2.0
-- Looking for ignition-msgs5 -- found version 5.6.0
-- Looking for ignition-common3 -- found version 3.10.0
-- Searching for dependencies of ignition-common3
-- Looking for dlfcn.h - found
-- Looking for libdl - found
-- Searching for <ignition-common3> component [graphics]
-- Looking for ignition-common3-graphics -- found version 3.10.0
-- Searching for dependencies of ignition-common3-graphics
-- Looking for ignition-math6 -- found version 6.7.0
-- Looking for ignition-fuel_tools4 -- found version 4.3.0
-- Searching for dependencies of ignition-fuel_tools4
-- Checking for module 'jsoncpp'
--   Found jsoncpp, version 1.7.4
-- Checking for module 'libzip'
--   Found libzip, version 1.5.1
-- Looking for ignition-common3 -- found version 3.10.0
-- Looking for ignition-msgs5 -- found version 5.6.0
-- Gazebo version: 11.3
-- Found geometry_msgs: 2.0.3 (/opt/ros/foxy/share/geometry_msgs/cmake)
-- Found rclpy: 1.0.5 (/opt/ros/foxy/share/rclpy/cmake)
-- Found rosidl_default_generators: 1.0.0 (/opt/ros/foxy/share/rosidl_default_generators/cmake)
-- Found PythonInterp: /usr/bin/python3 (found version "3.8.5") 
-- Found ament_cmake_ros: 0.9.0 (/opt/ros/foxy/share/ament_cmake_ros/cmake)
-- Using all available rosidl_typesupport_c: rosidl_typesupport_fastrtps_c;rosidl_typesupport_introspection_c
-- Using all available rosidl_typesupport_cpp: rosidl_typesupport_fastrtps_cpp;rosidl_typesupport_introspection_cpp
-- Found PythonInterp: /usr/bin/python3 (found suitable version "3.8.5", minimum required is "3.5") 
-- Found python_cmake_module: 0.8.0 (/opt/ros/foxy/share/python_cmake_module/cmake)
-- Using PYTHON_EXECUTABLE: /usr/bin/python3
-- Using PYTHON_INCLUDE_DIRS: /usr/include/python3.8
-- Using PYTHON_LIBRARIES: /usr/lib/x86_64-linux-gnu/libpython3.8.so
-- Found ament_lint_auto: 0.9.6 (/opt/ros/foxy/share/ament_lint_auto/cmake)
-- Added test 'copyright' to check source files copyright and LICENSE
-- Added test 'cppcheck' to perform static code analysis on C / C++ code
-- Configured cppcheck include dirs: /home/cale/thesis-code/ws/src/simulator/include
-- Configured cppcheck exclude dirs and/or files: 
-- Added test 'cpplint' to check C / C++ code against the Google style
-- Configured cpplint exclude dirs and/or files: 
-- Added test 'flake8' to check Python code syntax and style conventions
-- Added test 'lint_cmake' to check CMake code style
-- Added test 'pep257' to check Python code against some of the style conventions in PEP 257
-- Added test 'uncrustify' to check C / C++ code style
-- Configured uncrustify additional arguments: 
-- Added test 'xmllint' to check XML markup files
-- Configuring done
-- Generating done
-- Build files have been written to: /home/cale/thesis-code/ws/src/build/simulator
[  3%] Built target simulator__cpp
[ 12%] Built target simulator__rosidl_generator_c
[ 18%] [32m[1mLinking CXX shared library libsimulator__rosidl_typesupport_fastrtps_cpp.so[0m
[ 24%] Built target simulator__rosidl_typesupport_introspection_cpp
[ 33%] Built target simulator__rosidl_typesupport_cpp
[ 42%] Built target simulator__rosidl_typesupport_introspection_c
[ 51%] Built target simulator__rosidl_typesupport_c
[ 57%] Built target simulator__rosidl_typesupport_fastrtps_cpp
[ 60%] [32m[1mLinking CXX shared library libsimulator__rosidl_typesupport_fastrtps_c.so[0m
[ 66%] Built target simulator__rosidl_typesupport_fastrtps_c
[ 66%] Built target simulator
[ 69%] Built target simulator__py
[ 72%] [32m[1mLinking CXX shared library libsimple_car.so[0m
[ 75%] [32m[1mLinking C shared library rosidl_generator_py/simulator/libsimulator__python.so[0m
[ 78%] Built target simulator__python
[ 81%] [32m[1mLinking C shared library rosidl_generator_py/simulator/simulator_s__rosidl_typesupport_introspection_c.cpython-38-x86_64-linux-gnu.so[0m
[ 84%] [32m[1mLinking CXX shared library rosidl_generator_py/simulator/simulator_s__rosidl_typesupport_fastrtps_c.cpython-38-x86_64-linux-gnu.so[0m
[ 87%] [32m[1mLinking C shared library rosidl_generator_py/simulator/simulator_s__rosidl_typesupport_c.cpython-38-x86_64-linux-gnu.so[0m
[ 90%] Built target simulator__rosidl_typesupport_introspection_c__pyext
[ 93%] Built target simulator__rosidl_typesupport_c__pyext
[ 96%] Built target simulator__rosidl_typesupport_fastrtps_c__pyext
[100%] Built target simple_car
-- Install configuration: ""
-- Execute custom install script
-- Symlinking: /home/cale/thesis-code/ws/src/install/simulator/share/ament_index/resource_index/rosidl_interfaces/simulator
-- Symlinking: /home/cale/thesis-code/ws/src/install/simulator/include/simulator/msg/detail/float_array__functions.h
-- Symlinking: /home/cale/thesis-code/ws/src/install/simulator/include/simulator/msg/detail/float_array__struct.h
-- Symlinking: /home/cale/thesis-code/ws/src/install/simulator/include/simulator/msg/detail/float_array__type_support.h
-- Symlinking: /home/cale/thesis-code/ws/src/install/simulator/include/simulator/msg/float_array.h
-- Symlinking: /home/cale/thesis-code/ws/src/install/simulator/include/simulator/msg/rosidl_generator_c__visibility_control.h
-- Symlinking: /home/cale/thesis-code/ws/src/install/simulator/share/simulator/environment/library_path.sh
-- Symlinking: /home/cale/thesis-code/ws/src/install/simulator/share/simulator/environment/library_path.dsv
-- Symlinking: /home/cale/thesis-code/ws/src/install/simulator/include/simulator/msg/detail/float_array__rosidl_typesupport_fastrtps_c.h
-- Symlinking: /home/cale/thesis-code/ws/src/install/simulator/include/simulator/msg/rosidl_typesupport_fastrtps_c__visibility_control.h
-- Symlinking: /home/cale/thesis-code/ws/src/install/simulator/lib/libsimulator__rosidl_typesupport_fastrtps_c.so
-- Symlinking: /home/cale/thesis-code/ws/src/install/simulator/include/simulator/msg/detail/float_array__rosidl_typesupport_fastrtps_cpp.hpp
-- Symlinking: /home/cale/thesis-code/ws/src/install/simulator/include/simulator/msg/rosidl_typesupport_fastrtps_cpp__visibility_control.h
-- Symlinking: /home/cale/thesis-code/ws/src/install/simulator/lib/libsimulator__rosidl_typesupport_fastrtps_cpp.so
-- Symlinking: /home/cale/thesis-code/ws/src/install/simulator/include/simulator/msg/detail/float_array__rosidl_typesupport_introspection_c.h
-- Symlinking: /home/cale/thesis-code/ws/src/install/simulator/include/simulator/msg/rosidl_typesupport_introspection_c__visibility_control.h
-- Symlinking: /home/cale/thesis-code/ws/src/install/simulator/include/simulator/msg/detail/float_array__builder.hpp
-- Symlinking: /home/cale/thesis-code/ws/src/install/simulator/include/simulator/msg/detail/float_array__struct.hpp
-- Symlinking: /home/cale/thesis-code/ws/src/install/simulator/include/simulator/msg/detail/float_array__traits.hpp
-- Symlinking: /home/cale/thesis-code/ws/src/install/simulator/include/simulator/msg/float_array.hpp
-- Symlinking: /home/cale/thesis-code/ws/src/install/simulator/include/simulator/msg/detail/float_array__rosidl_typesupport_introspection_cpp.hpp
-- Symlinking: /home/cale/thesis-code/ws/src/install/simulator/share/simulator/environment/pythonpath.sh
-- Symlinking: /home/cale/thesis-code/ws/src/install/simulator/share/simulator/environment/pythonpath.dsv
-- Symlinking: /home/cale/thesis-code/ws/src/install/simulator/lib/python3.8/site-packages/simulator/__init__.py
-- Symlinking: /home/cale/thesis-code/ws/src/install/simulator/lib/python3.8/site-packages/simulator/msg/__init__.py
-- Symlinking: /home/cale/thesis-code/ws/src/install/simulator/lib/python3.8/site-packages/simulator/msg/_float_array.py
-- Symlinking: /home/cale/thesis-code/ws/src/install/simulator/lib/python3.8/site-packages/simulator/simulator_s__rosidl_typesupport_fastrtps_c.cpython-38-x86_64-linux-gnu.so
-- Symlinking: /home/cale/thesis-code/ws/src/install/simulator/lib/python3.8/site-packages/simulator/simulator_s__rosidl_typesupport_introspection_c.cpython-38-x86_64-linux-gnu.so
-- Symlinking: /home/cale/thesis-code/ws/src/install/simulator/lib/python3.8/site-packages/simulator/simulator_s__rosidl_typesupport_c.cpython-38-x86_64-linux-gnu.so
-- Symlinking: /home/cale/thesis-code/ws/src/install/simulator/lib/libsimulator__python.so
-- Symlinking: /home/cale/thesis-code/ws/src/install/simulator/share/simulator/msg/FloatArray.idl
-- Symlinking: /home/cale/thesis-code/ws/src/install/simulator/share/simulator/msg/FloatArray.msg
-- Symlinking: /home/cale/thesis-code/ws/src/install/simulator/lib/libsimple_car.so
