[0.032s] Invoking command in '/home/cale/thesis-code/ws/src/build/simulator': CMAKE_PREFIX_PATH=${CMAKE_PREFIX_PATH}:/opt/ros/foxy /usr/bin/cmake /home/cale/thesis-code/ws/src/simulator -DAMENT_CMAKE_SYMLINK_INSTALL=1 -DCMAKE_INSTALL_PREFIX=/home/cale/thesis-code/ws/src/install/simulator
[0.052s] -- Found ament_cmake: 0.9.8 (/opt/ros/foxy/share/ament_cmake/cmake)
[0.079s] -- Found PythonInterp: /usr/bin/python3 (found suitable version "3.8.5", minimum required is "3") 
[0.079s] -- Using PYTHON_EXECUTABLE: /usr/bin/python3
[0.465s] -- Override CMake install command with custom implementation using symlinks instead of copying resources
[0.481s] -- Found gazebo_ros: 3.5.0 (/opt/ros/foxy/share/gazebo_ros/cmake)
[0.565s] -- Using all available rosidl_typesupport_c: rosidl_typesupport_fastrtps_c;rosidl_typesupport_introspection_c
[0.578s] -- Found rosidl_adapter: 1.2.0 (/opt/ros/foxy/share/rosidl_adapter/cmake)
[0.833s] -- Using all available rosidl_typesupport_cpp: rosidl_typesupport_fastrtps_cpp;rosidl_typesupport_introspection_cpp
[0.927s] -- Found rmw_implementation_cmake: 1.0.2 (/opt/ros/foxy/share/rmw_implementation_cmake/cmake)
[0.933s] -- Using RMW implementation 'rmw_fastrtps_cpp' as default
[1.294s] -- Found DART: /usr/include (Required is at least version "6.6") found components: dart 
[1.347s] -- Found Protobuf: /usr/lib/x86_64-linux-gnu/libprotobuf.so;-lpthread (found version "3.6.1") 
[1.351s] -- Looking for ignition-math6 -- found version 6.7.0
[1.357s] -- Searching for dependencies of ignition-math6
[1.359s] -- Looking for OGRE...
[1.366s] -- Found Ogre Ghadamon (1.9.0)
[1.367s] -- Found OGRE: optimized;/usr/lib/x86_64-linux-gnu/libOgreMain.so;debug;/usr/lib/x86_64-linux-gnu/libOgreMain.so
[1.381s] -- Looking for OGRE_Paging...
[1.381s] -- Found OGRE_Paging: optimized;/usr/lib/x86_64-linux-gnu/libOgrePaging.so;debug;/usr/lib/x86_64-linux-gnu/libOgrePaging.so
[1.381s] -- Looking for OGRE_Terrain...
[1.381s] -- Found OGRE_Terrain: optimized;/usr/lib/x86_64-linux-gnu/libOgreTerrain.so;debug;/usr/lib/x86_64-linux-gnu/libOgreTerrain.so
[1.381s] -- Looking for OGRE_Property...
[1.381s] -- Found OGRE_Property: optimized;/usr/lib/x86_64-linux-gnu/libOgreProperty.so;debug;/usr/lib/x86_64-linux-gnu/libOgreProperty.so
[1.381s] -- Looking for OGRE_RTShaderSystem...
[1.382s] -- Found OGRE_RTShaderSystem: optimized;/usr/lib/x86_64-linux-gnu/libOgreRTShaderSystem.so;debug;/usr/lib/x86_64-linux-gnu/libOgreRTShaderSystem.so
[1.382s] -- Looking for OGRE_Volume...
[1.382s] -- Found OGRE_Volume: optimized;/usr/lib/x86_64-linux-gnu/libOgreVolume.so;debug;/usr/lib/x86_64-linux-gnu/libOgreVolume.so
[1.382s] -- Looking for OGRE_Overlay...
[1.382s] -- Found OGRE_Overlay: optimized;/usr/lib/x86_64-linux-gnu/libOgreOverlay.so;debug;/usr/lib/x86_64-linux-gnu/libOgreOverlay.so
[1.550s] -- Looking for ignition-math6 -- found version 6.7.0
[1.551s] -- Looking for ignition-transport8 -- found version 8.2.0
[1.551s] -- Searching for dependencies of ignition-transport8
[1.575s] -- Found Protobuf: /usr/lib/x86_64-linux-gnu/libprotobuf.so;-lpthread (found suitable version "3.6.1", minimum required is "3") 
[1.589s] -- Config-file not installed for ZeroMQ -- checking for pkg-config
[1.595s] -- Checking for module 'libzmq >= 4'
[1.613s] --   Found libzmq , version 4.3.2
[1.662s] -- Checking for module 'uuid'
[1.679s] --   Found uuid, version 2.34.0
[1.719s] -- Looking for ignition-msgs5 -- found version 5.6.0
[1.719s] -- Searching for dependencies of ignition-msgs5
[1.739s] -- Looking for ignition-math6 -- found version 6.7.0
[1.745s] -- Checking for module 'tinyxml2'
[1.761s] --   Found tinyxml2, version 6.2.0
[1.802s] -- Looking for ignition-msgs5 -- found version 5.6.0
[1.803s] -- Looking for ignition-common3 -- found version 3.10.0
[1.803s] -- Searching for dependencies of ignition-common3
[1.804s] -- Looking for dlfcn.h - found
[1.804s] -- Looking for libdl - found
[1.812s] -- Searching for <ignition-common3> component [graphics]
[1.813s] -- Looking for ignition-common3-graphics -- found version 3.10.0
[1.813s] -- Searching for dependencies of ignition-common3-graphics
[1.814s] -- Looking for ignition-math6 -- found version 6.7.0
[1.815s] -- Looking for ignition-fuel_tools4 -- found version 4.3.0
[1.816s] -- Searching for dependencies of ignition-fuel_tools4
[1.845s] -- Checking for module 'jsoncpp'
[1.867s] --   Found jsoncpp, version 1.7.4
[1.913s] -- Checking for module 'libzip'
[1.932s] --   Found libzip, version 1.5.1
[1.978s] -- Looking for ignition-common3 -- found version 3.10.0
[1.979s] -- Looking for ignition-msgs5 -- found version 5.6.0
[1.980s] -- Gazebo version: 11.3
[1.989s] -- Found geometry_msgs: 2.0.3 (/opt/ros/foxy/share/geometry_msgs/cmake)
[2.029s] -- Found rclpy: 1.0.5 (/opt/ros/foxy/share/rclpy/cmake)
[2.029s] -- Found rosidl_default_generators: 1.0.0 (/opt/ros/foxy/share/rosidl_default_generators/cmake)
[2.063s] -- Found PythonInterp: /usr/bin/python3 (found version "3.8.5") 
[2.186s] -- Found ament_cmake_ros: 0.9.0 (/opt/ros/foxy/share/ament_cmake_ros/cmake)
[2.292s] -- Using all available rosidl_typesupport_c: rosidl_typesupport_fastrtps_c;rosidl_typesupport_introspection_c
[2.301s] -- Using all available rosidl_typesupport_cpp: rosidl_typesupport_fastrtps_cpp;rosidl_typesupport_introspection_cpp
[2.325s] -- Found PythonInterp: /usr/bin/python3 (found suitable version "3.8.5", minimum required is "3.5") 
[2.326s] -- Found python_cmake_module: 0.8.0 (/opt/ros/foxy/share/python_cmake_module/cmake)
[2.351s] -- Using PYTHON_EXECUTABLE: /usr/bin/python3
[2.351s] -- Using PYTHON_INCLUDE_DIRS: /usr/include/python3.8
[2.351s] -- Using PYTHON_LIBRARIES: /usr/lib/x86_64-linux-gnu/libpython3.8.so
[2.398s] -- Found ament_lint_auto: 0.9.6 (/opt/ros/foxy/share/ament_lint_auto/cmake)
[2.412s] -- Added test 'copyright' to check source files copyright and LICENSE
[2.414s] -- Added test 'cppcheck' to perform static code analysis on C / C++ code
[2.416s] -- Configured cppcheck include dirs: /home/cale/thesis-code/ws/src/simulator/include
[2.416s] -- Configured cppcheck exclude dirs and/or files: 
[2.418s] -- Added test 'cpplint' to check C / C++ code against the Google style
[2.418s] -- Configured cpplint exclude dirs and/or files: 
[2.418s] -- Added test 'flake8' to check Python code syntax and style conventions
[2.419s] -- Added test 'lint_cmake' to check CMake code style
[2.420s] -- Added test 'pep257' to check Python code against some of the style conventions in PEP 257
[2.422s] -- Added test 'uncrustify' to check C / C++ code style
[2.422s] -- Configured uncrustify additional arguments: 
[2.422s] -- Added test 'xmllint' to check XML markup files
[2.429s] -- Configuring done
[2.494s] -- Generating done
[2.499s] -- Build files have been written to: /home/cale/thesis-code/ws/src/build/simulator
[2.511s] Invoked command in '/home/cale/thesis-code/ws/src/build/simulator' returned '0': CMAKE_PREFIX_PATH=${CMAKE_PREFIX_PATH}:/opt/ros/foxy /usr/bin/cmake /home/cale/thesis-code/ws/src/simulator -DAMENT_CMAKE_SYMLINK_INSTALL=1 -DCMAKE_INSTALL_PREFIX=/home/cale/thesis-code/ws/src/install/simulator
[2.514s] Invoking command in '/home/cale/thesis-code/ws/src/build/simulator': CMAKE_PREFIX_PATH=${CMAKE_PREFIX_PATH}:/opt/ros/foxy /usr/bin/cmake --build /home/cale/thesis-code/ws/src/build/simulator -- -j4 -l4
[2.573s] [  3%] Built target simulator__cpp
[2.576s] [ 12%] Built target simulator__rosidl_generator_c
[2.610s] [ 18%] [32m[1mLinking CXX shared library libsimulator__rosidl_typesupport_fastrtps_cpp.so[0m
[2.611s] [ 24%] Built target simulator__rosidl_typesupport_introspection_cpp
[2.611s] [ 33%] Built target simulator__rosidl_typesupport_cpp
[2.629s] [ 42%] Built target simulator__rosidl_typesupport_introspection_c
[2.647s] [ 51%] Built target simulator__rosidl_typesupport_c
[2.708s] [ 57%] Built target simulator__rosidl_typesupport_fastrtps_cpp
[2.734s] [ 60%] [32m[1mLinking CXX shared library libsimulator__rosidl_typesupport_fastrtps_c.so[0m
[2.833s] [ 66%] Built target simulator__rosidl_typesupport_fastrtps_c
[2.856s] [ 66%] Built target simulator
[2.891s] [ 69%] Built target simulator__py
[2.928s] [ 72%] [32m[1mLinking CXX shared library libsimple_car.so[0m
[2.931s] [ 75%] [32m[1mLinking C shared library rosidl_generator_py/simulator/libsimulator__python.so[0m
[2.993s] [ 78%] Built target simulator__python
[3.039s] [ 81%] [32m[1mLinking C shared library rosidl_generator_py/simulator/simulator_s__rosidl_typesupport_introspection_c.cpython-38-x86_64-linux-gnu.so[0m
[3.060s] [ 84%] [32m[1mLinking CXX shared library rosidl_generator_py/simulator/simulator_s__rosidl_typesupport_fastrtps_c.cpython-38-x86_64-linux-gnu.so[0m
[3.072s] [ 87%] [32m[1mLinking C shared library rosidl_generator_py/simulator/simulator_s__rosidl_typesupport_c.cpython-38-x86_64-linux-gnu.so[0m
[3.122s] [ 90%] Built target simulator__rosidl_typesupport_introspection_c__pyext
[3.164s] [ 93%] Built target simulator__rosidl_typesupport_c__pyext
[3.168s] [ 96%] Built target simulator__rosidl_typesupport_fastrtps_c__pyext
[3.704s] [100%] Built target simple_car
[3.717s] Invoked command in '/home/cale/thesis-code/ws/src/build/simulator' returned '0': CMAKE_PREFIX_PATH=${CMAKE_PREFIX_PATH}:/opt/ros/foxy /usr/bin/cmake --build /home/cale/thesis-code/ws/src/build/simulator -- -j4 -l4
[3.782s] Invoking command in '/home/cale/thesis-code/ws/src/build/simulator': CMAKE_PREFIX_PATH=${CMAKE_PREFIX_PATH}:/opt/ros/foxy /usr/bin/cmake --install /home/cale/thesis-code/ws/src/build/simulator
[3.791s] -- Install configuration: ""
[3.793s] -- Execute custom install script
[3.794s] -- Symlinking: /home/cale/thesis-code/ws/src/install/simulator/share/ament_index/resource_index/rosidl_interfaces/simulator
[3.805s] -- Symlinking: /home/cale/thesis-code/ws/src/install/simulator/include/simulator/msg/detail/float_array__functions.h
[3.817s] -- Symlinking: /home/cale/thesis-code/ws/src/install/simulator/include/simulator/msg/detail/float_array__struct.h
[3.826s] -- Symlinking: /home/cale/thesis-code/ws/src/install/simulator/include/simulator/msg/detail/float_array__type_support.h
[3.836s] -- Symlinking: /home/cale/thesis-code/ws/src/install/simulator/include/simulator/msg/float_array.h
[3.846s] -- Symlinking: /home/cale/thesis-code/ws/src/install/simulator/include/simulator/msg/rosidl_generator_c__visibility_control.h
[3.859s] -- Symlinking: /home/cale/thesis-code/ws/src/install/simulator/share/simulator/environment/library_path.sh
[3.868s] -- Symlinking: /home/cale/thesis-code/ws/src/install/simulator/share/simulator/environment/library_path.dsv
[3.881s] -- Symlinking: /home/cale/thesis-code/ws/src/install/simulator/include/simulator/msg/detail/float_array__rosidl_typesupport_fastrtps_c.h
[3.895s] -- Symlinking: /home/cale/thesis-code/ws/src/install/simulator/include/simulator/msg/rosidl_typesupport_fastrtps_c__visibility_control.h
[3.901s] -- Symlinking: /home/cale/thesis-code/ws/src/install/simulator/lib/libsimulator__rosidl_typesupport_fastrtps_c.so
[3.915s] -- Symlinking: /home/cale/thesis-code/ws/src/install/simulator/include/simulator/msg/detail/float_array__rosidl_typesupport_fastrtps_cpp.hpp
[3.921s] -- Symlinking: /home/cale/thesis-code/ws/src/install/simulator/include/simulator/msg/rosidl_typesupport_fastrtps_cpp__visibility_control.h
[3.935s] -- Symlinking: /home/cale/thesis-code/ws/src/install/simulator/lib/libsimulator__rosidl_typesupport_fastrtps_cpp.so
[3.942s] -- Symlinking: /home/cale/thesis-code/ws/src/install/simulator/include/simulator/msg/detail/float_array__rosidl_typesupport_introspection_c.h
[3.952s] -- Symlinking: /home/cale/thesis-code/ws/src/install/simulator/include/simulator/msg/rosidl_typesupport_introspection_c__visibility_control.h
[3.964s] -- Symlinking: /home/cale/thesis-code/ws/src/install/simulator/include/simulator/msg/detail/float_array__builder.hpp
[3.973s] -- Symlinking: /home/cale/thesis-code/ws/src/install/simulator/include/simulator/msg/detail/float_array__struct.hpp
[3.983s] -- Symlinking: /home/cale/thesis-code/ws/src/install/simulator/include/simulator/msg/detail/float_array__traits.hpp
[3.993s] -- Symlinking: /home/cale/thesis-code/ws/src/install/simulator/include/simulator/msg/float_array.hpp
[4.003s] -- Symlinking: /home/cale/thesis-code/ws/src/install/simulator/include/simulator/msg/detail/float_array__rosidl_typesupport_introspection_cpp.hpp
[4.014s] -- Symlinking: /home/cale/thesis-code/ws/src/install/simulator/share/simulator/environment/pythonpath.sh
[4.024s] -- Symlinking: /home/cale/thesis-code/ws/src/install/simulator/share/simulator/environment/pythonpath.dsv
[4.034s] -- Symlinking: /home/cale/thesis-code/ws/src/install/simulator/lib/python3.8/site-packages/simulator/__init__.py
[4.045s] -- Symlinking: /home/cale/thesis-code/ws/src/install/simulator/lib/python3.8/site-packages/simulator/msg/__init__.py
[4.055s] -- Symlinking: /home/cale/thesis-code/ws/src/install/simulator/lib/python3.8/site-packages/simulator/msg/_float_array.py
[4.066s] -- Symlinking: /home/cale/thesis-code/ws/src/install/simulator/lib/python3.8/site-packages/simulator/simulator_s__rosidl_typesupport_fastrtps_c.cpython-38-x86_64-linux-gnu.so
[4.076s] -- Symlinking: /home/cale/thesis-code/ws/src/install/simulator/lib/python3.8/site-packages/simulator/simulator_s__rosidl_typesupport_introspection_c.cpython-38-x86_64-linux-gnu.so
[4.087s] -- Symlinking: /home/cale/thesis-code/ws/src/install/simulator/lib/python3.8/site-packages/simulator/simulator_s__rosidl_typesupport_c.cpython-38-x86_64-linux-gnu.so
[4.097s] -- Symlinking: /home/cale/thesis-code/ws/src/install/simulator/lib/libsimulator__python.so
[4.107s] -- Symlinking: /home/cale/thesis-code/ws/src/install/simulator/share/simulator/msg/FloatArray.idl
[4.118s] -- Symlinking: /home/cale/thesis-code/ws/src/install/simulator/share/simulator/msg/FloatArray.msg
[4.128s] -- Symlinking: /home/cale/thesis-code/ws/src/install/simulator/lib/libsimple_car.so
[4.142s] CMake Error at ament_cmake_symlink_install/ament_cmake_symlink_install.cmake:204 (message):
[4.142s]   ament_cmake_symlink_install_programs() can't find
[4.142s]   '/home/cale/thesis-code/ws/src/simulator/scripts/spawn_vehicle.py'
[4.142s] Call Stack (most recent call first):
[4.142s]   ament_cmake_symlink_install/ament_cmake_symlink_install.cmake:380 (ament_cmake_symlink_install_programs)
[4.142s]   cmake_install.cmake:41 (include)
[4.143s] 
[4.143s] 
[4.143s] Invoked command in '/home/cale/thesis-code/ws/src/build/simulator' returned '1': CMAKE_PREFIX_PATH=${CMAKE_PREFIX_PATH}:/opt/ros/foxy /usr/bin/cmake --install /home/cale/thesis-code/ws/src/build/simulator
