[0.022s] Invoking command in '/home/cale/thesis-code/ws/src/build/simulator': CMAKE_PREFIX_PATH=${CMAKE_PREFIX_PATH}:/opt/ros/foxy /usr/bin/cmake --build /home/cale/thesis-code/ws/src/build/simulator -- -j4 -l4
[0.062s] -- Found ament_cmake: 0.9.8 (/opt/ros/foxy/share/ament_cmake/cmake)
[0.100s] -- Found PythonInterp: /usr/bin/python3 (found suitable version "3.8.5", minimum required is "3") 
[0.100s] -- Using PYTHON_EXECUTABLE: /usr/bin/python3
[0.316s] -- Override CMake install command with custom implementation using symlinks instead of copying resources
[0.325s] -- Found gazebo_ros: 3.5.0 (/opt/ros/foxy/share/gazebo_ros/cmake)
[0.379s] -- Using all available rosidl_typesupport_c: rosidl_typesupport_fastrtps_c;rosidl_typesupport_introspection_c
[0.386s] -- Found rosidl_adapter: 1.2.0 (/opt/ros/foxy/share/rosidl_adapter/cmake)
[0.550s] -- Using all available rosidl_typesupport_cpp: rosidl_typesupport_fastrtps_cpp;rosidl_typesupport_introspection_cpp
[0.614s] -- Found rmw_implementation_cmake: 1.0.2 (/opt/ros/foxy/share/rmw_implementation_cmake/cmake)
[0.616s] -- Using RMW implementation 'rmw_fastrtps_cpp' as default
[0.829s] -- Found DART: /usr/include (Required is at least version "6.6") found components: dart 
[0.859s] -- Found Protobuf: /usr/lib/x86_64-linux-gnu/libprotobuf.so;-lpthread (found version "3.6.1") 
[0.861s] -- Looking for ignition-math6 -- found version 6.7.0
[0.866s] -- Searching for dependencies of ignition-math6
[0.868s] -- Looking for OGRE...
[0.874s] -- Found Ogre Ghadamon (1.9.0)
[0.874s] -- Found OGRE: optimized;/usr/lib/x86_64-linux-gnu/libOgreMain.so;debug;/usr/lib/x86_64-linux-gnu/libOgreMain.so
[0.885s] -- Looking for OGRE_Paging...
[0.886s] -- Found OGRE_Paging: optimized;/usr/lib/x86_64-linux-gnu/libOgrePaging.so;debug;/usr/lib/x86_64-linux-gnu/libOgrePaging.so
[0.886s] -- Looking for OGRE_Terrain...
[0.886s] -- Found OGRE_Terrain: optimized;/usr/lib/x86_64-linux-gnu/libOgreTerrain.so;debug;/usr/lib/x86_64-linux-gnu/libOgreTerrain.so
[0.886s] -- Looking for OGRE_Property...
[0.886s] -- Found OGRE_Property: optimized;/usr/lib/x86_64-linux-gnu/libOgreProperty.so;debug;/usr/lib/x86_64-linux-gnu/libOgreProperty.so
[0.886s] -- Looking for OGRE_RTShaderSystem...
[0.886s] -- Found OGRE_RTShaderSystem: optimized;/usr/lib/x86_64-linux-gnu/libOgreRTShaderSystem.so;debug;/usr/lib/x86_64-linux-gnu/libOgreRTShaderSystem.so
[0.887s] -- Looking for OGRE_Volume...
[0.887s] -- Found OGRE_Volume: optimized;/usr/lib/x86_64-linux-gnu/libOgreVolume.so;debug;/usr/lib/x86_64-linux-gnu/libOgreVolume.so
[0.887s] -- Looking for OGRE_Overlay...
[0.887s] -- Found OGRE_Overlay: optimized;/usr/lib/x86_64-linux-gnu/libOgreOverlay.so;debug;/usr/lib/x86_64-linux-gnu/libOgreOverlay.so
[1.015s] -- Looking for ignition-math6 -- found version 6.7.0
[1.015s] -- Looking for ignition-transport8 -- found version 8.2.0
[1.016s] -- Searching for dependencies of ignition-transport8
[1.034s] -- Found Protobuf: /usr/lib/x86_64-linux-gnu/libprotobuf.so;-lpthread (found suitable version "3.6.1", minimum required is "3") 
[1.046s] -- Config-file not installed for ZeroMQ -- checking for pkg-config
[1.051s] -- Checking for module 'libzmq >= 4'
[1.067s] --   Found libzmq , version 4.3.2
[1.111s] -- Checking for module 'uuid'
[1.127s] --   Found uuid, version 2.34.0
[1.164s] -- Looking for ignition-msgs5 -- found version 5.6.0
[1.165s] -- Searching for dependencies of ignition-msgs5
[1.185s] -- Looking for ignition-math6 -- found version 6.7.0
[1.190s] -- Checking for module 'tinyxml2'
[1.206s] --   Found tinyxml2, version 6.2.0
[1.246s] -- Looking for ignition-msgs5 -- found version 5.6.0
[1.247s] -- Looking for ignition-common3 -- found version 3.10.0
[1.247s] -- Searching for dependencies of ignition-common3
[1.247s] -- Looking for dlfcn.h - found
[1.247s] -- Looking for libdl - found
[1.256s] -- Searching for <ignition-common3> component [graphics]
[1.256s] -- Looking for ignition-common3-graphics -- found version 3.10.0
[1.257s] -- Searching for dependencies of ignition-common3-graphics
[1.257s] -- Looking for ignition-math6 -- found version 6.7.0
[1.258s] -- Looking for ignition-fuel_tools4 -- found version 4.3.0
[1.259s] -- Searching for dependencies of ignition-fuel_tools4
[1.285s] -- Checking for module 'jsoncpp'
[1.301s] --   Found jsoncpp, version 1.7.4
[1.343s] -- Checking for module 'libzip'
[1.359s] --   Found libzip, version 1.5.1
[1.398s] -- Looking for ignition-common3 -- found version 3.10.0
[1.399s] -- Looking for ignition-msgs5 -- found version 5.6.0
[1.400s] -- Gazebo version: 11.3
[1.408s] -- Found geometry_msgs: 2.0.3 (/opt/ros/foxy/share/geometry_msgs/cmake)
[1.443s] -- Found rclpy: 1.0.5 (/opt/ros/foxy/share/rclpy/cmake)
[1.444s] -- Found rosidl_default_generators: 1.0.0 (/opt/ros/foxy/share/rosidl_default_generators/cmake)
[1.477s] -- Found PythonInterp: /usr/bin/python3 (found version "3.8.5") 
[1.593s] -- Found ament_cmake_ros: 0.9.0 (/opt/ros/foxy/share/ament_cmake_ros/cmake)
[1.694s] -- Using all available rosidl_typesupport_c: rosidl_typesupport_fastrtps_c;rosidl_typesupport_introspection_c
[1.703s] -- Using all available rosidl_typesupport_cpp: rosidl_typesupport_fastrtps_cpp;rosidl_typesupport_introspection_cpp
[1.727s] -- Found PythonInterp: /usr/bin/python3 (found suitable version "3.8.5", minimum required is "3.5") 
[1.727s] -- Found python_cmake_module: 0.8.0 (/opt/ros/foxy/share/python_cmake_module/cmake)
[1.751s] -- Using PYTHON_EXECUTABLE: /usr/bin/python3
[1.751s] -- Using PYTHON_INCLUDE_DIRS: /usr/include/python3.8
[1.751s] -- Using PYTHON_LIBRARIES: /usr/lib/x86_64-linux-gnu/libpython3.8.so
[1.799s] -- Found ament_lint_auto: 0.9.6 (/opt/ros/foxy/share/ament_lint_auto/cmake)
[1.814s] -- Added test 'copyright' to check source files copyright and LICENSE
[1.816s] -- Added test 'cppcheck' to perform static code analysis on C / C++ code
[1.818s] -- Configured cppcheck include dirs: /home/cale/thesis-code/ws/src/simulator/include
[1.818s] -- Configured cppcheck exclude dirs and/or files: 
[1.820s] -- Added test 'cpplint' to check C / C++ code against the Google style
[1.820s] -- Configured cpplint exclude dirs and/or files: 
[1.821s] -- Added test 'flake8' to check Python code syntax and style conventions
[1.822s] -- Added test 'lint_cmake' to check CMake code style
[1.822s] -- Added test 'pep257' to check Python code against some of the style conventions in PEP 257
[1.824s] -- Added test 'uncrustify' to check C / C++ code style
[1.824s] -- Configured uncrustify additional arguments: 
[1.825s] -- Added test 'xmllint' to check XML markup files
[1.832s] -- Configuring done
[1.896s] -- Generating done
[1.901s] -- Build files have been written to: /home/cale/thesis-code/ws/src/build/simulator
[1.946s] [  3%] Built target simulator__cpp
[1.947s] [ 12%] Built target simulator__rosidl_generator_c
[1.971s] [ 33%] Built target simulator__rosidl_typesupport_introspection_cpp
[1.971s] [ 33%] Built target simulator__rosidl_typesupport_cpp
[1.975s] [ 39%] Built target simulator__rosidl_typesupport_introspection_c
[1.980s] [ 48%] Built target simulator__rosidl_typesupport_fastrtps_cpp
[1.996s] [ 57%] Built target simulator__rosidl_typesupport_c
[2.007s] [ 66%] Built target simulator__rosidl_typesupport_fastrtps_c
[2.028s] [ 66%] Built target simulator
[2.050s] [ 69%] Built target simulator__py
[2.073s] [ 75%] Built target simple_car
[2.079s] [ 81%] Built target simulator__python
[2.107s] [ 96%] Built target simulator__rosidl_typesupport_fastrtps_c__pyext
[2.107s] [ 96%] Built target simulator__rosidl_typesupport_introspection_c__pyext
[2.108s] [100%] Built target simulator__rosidl_typesupport_c__pyext
[2.122s] Invoked command in '/home/cale/thesis-code/ws/src/build/simulator' returned '0': CMAKE_PREFIX_PATH=${CMAKE_PREFIX_PATH}:/opt/ros/foxy /usr/bin/cmake --build /home/cale/thesis-code/ws/src/build/simulator -- -j4 -l4
[2.175s] Invoking command in '/home/cale/thesis-code/ws/src/build/simulator': CMAKE_PREFIX_PATH=${CMAKE_PREFIX_PATH}:/opt/ros/foxy /usr/bin/cmake --install /home/cale/thesis-code/ws/src/build/simulator
[2.185s] -- Install configuration: ""
[2.186s] -- Execute custom install script
[2.186s] -- Up-to-date symlink: /home/cale/thesis-code/ws/src/install/simulator/share/ament_index/resource_index/rosidl_interfaces/simulator
[2.187s] -- Up-to-date symlink: /home/cale/thesis-code/ws/src/install/simulator/include/simulator/msg/detail/float_array__functions.h
[2.187s] -- Up-to-date symlink: /home/cale/thesis-code/ws/src/install/simulator/include/simulator/msg/detail/float_array__struct.h
[2.187s] -- Up-to-date symlink: /home/cale/thesis-code/ws/src/install/simulator/include/simulator/msg/detail/float_array__type_support.h
[2.188s] -- Up-to-date symlink: /home/cale/thesis-code/ws/src/install/simulator/include/simulator/msg/float_array.h
[2.188s] -- Up-to-date symlink: /home/cale/thesis-code/ws/src/install/simulator/include/simulator/msg/rosidl_generator_c__visibility_control.h
[2.188s] -- Up-to-date symlink: /home/cale/thesis-code/ws/src/install/simulator/share/simulator/environment/library_path.sh
[2.188s] -- Up-to-date symlink: /home/cale/thesis-code/ws/src/install/simulator/share/simulator/environment/library_path.dsv
[2.189s] -- Up-to-date symlink: /home/cale/thesis-code/ws/src/install/simulator/include/simulator/msg/detail/float_array__rosidl_typesupport_fastrtps_c.h
[2.189s] -- Up-to-date symlink: /home/cale/thesis-code/ws/src/install/simulator/include/simulator/msg/rosidl_typesupport_fastrtps_c__visibility_control.h
[2.190s] -- Up-to-date symlink: /home/cale/thesis-code/ws/src/install/simulator/lib/libsimulator__rosidl_typesupport_fastrtps_c.so
[2.191s] -- Up-to-date symlink: /home/cale/thesis-code/ws/src/install/simulator/include/simulator/msg/detail/float_array__rosidl_typesupport_fastrtps_cpp.hpp
[2.191s] -- Up-to-date symlink: /home/cale/thesis-code/ws/src/install/simulator/include/simulator/msg/rosidl_typesupport_fastrtps_cpp__visibility_control.h
[2.191s] -- Up-to-date symlink: /home/cale/thesis-code/ws/src/install/simulator/lib/libsimulator__rosidl_typesupport_fastrtps_cpp.so
[2.192s] -- Up-to-date symlink: /home/cale/thesis-code/ws/src/install/simulator/include/simulator/msg/detail/float_array__rosidl_typesupport_introspection_c.h
[2.192s] -- Up-to-date symlink: /home/cale/thesis-code/ws/src/install/simulator/include/simulator/msg/rosidl_typesupport_introspection_c__visibility_control.h
[2.193s] -- Up-to-date symlink: /home/cale/thesis-code/ws/src/install/simulator/include/simulator/msg/detail/float_array__builder.hpp
[2.193s] -- Up-to-date symlink: /home/cale/thesis-code/ws/src/install/simulator/include/simulator/msg/detail/float_array__struct.hpp
[2.193s] -- Up-to-date symlink: /home/cale/thesis-code/ws/src/install/simulator/include/simulator/msg/detail/float_array__traits.hpp
[2.193s] -- Up-to-date symlink: /home/cale/thesis-code/ws/src/install/simulator/include/simulator/msg/float_array.hpp
[2.194s] -- Up-to-date symlink: /home/cale/thesis-code/ws/src/install/simulator/include/simulator/msg/detail/float_array__rosidl_typesupport_introspection_cpp.hpp
[2.194s] -- Up-to-date symlink: /home/cale/thesis-code/ws/src/install/simulator/share/simulator/environment/pythonpath.sh
[2.195s] -- Up-to-date symlink: /home/cale/thesis-code/ws/src/install/simulator/share/simulator/environment/pythonpath.dsv
[2.195s] -- Up-to-date symlink: /home/cale/thesis-code/ws/src/install/simulator/lib/python3.8/site-packages/simulator/__init__.py
[2.196s] -- Up-to-date symlink: /home/cale/thesis-code/ws/src/install/simulator/lib/python3.8/site-packages/simulator/msg/__init__.py
[2.196s] -- Up-to-date symlink: /home/cale/thesis-code/ws/src/install/simulator/lib/python3.8/site-packages/simulator/msg/_float_array.py
[2.196s] -- Up-to-date symlink: /home/cale/thesis-code/ws/src/install/simulator/lib/python3.8/site-packages/simulator/simulator_s__rosidl_typesupport_fastrtps_c.cpython-38-x86_64-linux-gnu.so
[2.197s] -- Up-to-date symlink: /home/cale/thesis-code/ws/src/install/simulator/lib/python3.8/site-packages/simulator/simulator_s__rosidl_typesupport_introspection_c.cpython-38-x86_64-linux-gnu.so
[2.197s] -- Up-to-date symlink: /home/cale/thesis-code/ws/src/install/simulator/lib/python3.8/site-packages/simulator/simulator_s__rosidl_typesupport_c.cpython-38-x86_64-linux-gnu.so
[2.198s] -- Up-to-date symlink: /home/cale/thesis-code/ws/src/install/simulator/lib/libsimulator__python.so
[2.198s] -- Up-to-date symlink: /home/cale/thesis-code/ws/src/install/simulator/share/simulator/msg/FloatArray.idl
[2.198s] -- Up-to-date symlink: /home/cale/thesis-code/ws/src/install/simulator/share/simulator/msg/FloatArray.msg
[2.199s] -- Up-to-date symlink: /home/cale/thesis-code/ws/src/install/simulator/lib/libsimple_car.so
[2.199s] -- Symlinking: /home/cale/thesis-code/ws/src/install/simulator/lib/python3.8/site-packages/simulator/__init__.py
[2.209s] -- Symlinking: /home/cale/thesis-code/ws/src/install/simulator/lib/python3.8/site-packages/simulator/spawn_vehicle.py
[2.223s] -- Symlinking: /home/cale/thesis-code/ws/src/install/simulator/share/ament_index/resource_index/package_run_dependencies/simulator
[2.233s] -- Symlinking: /home/cale/thesis-code/ws/src/install/simulator/share/ament_index/resource_index/parent_prefix_path/simulator
[2.243s] -- Symlinking: /home/cale/thesis-code/ws/src/install/simulator/share/simulator/environment/ament_prefix_path.sh
[2.253s] -- Symlinking: /home/cale/thesis-code/ws/src/install/simulator/share/simulator/environment/ament_prefix_path.dsv
[2.263s] -- Symlinking: /home/cale/thesis-code/ws/src/install/simulator/share/simulator/environment/path.sh
[2.272s] -- Symlinking: /home/cale/thesis-code/ws/src/install/simulator/share/simulator/environment/path.dsv
[2.282s] -- Symlinking: /home/cale/thesis-code/ws/src/install/simulator/share/simulator/local_setup.bash
[2.292s] -- Symlinking: /home/cale/thesis-code/ws/src/install/simulator/share/simulator/local_setup.sh
[2.301s] -- Symlinking: /home/cale/thesis-code/ws/src/install/simulator/share/simulator/local_setup.zsh
[2.311s] -- Symlinking: /home/cale/thesis-code/ws/src/install/simulator/share/simulator/local_setup.dsv
[2.321s] -- Symlinking: /home/cale/thesis-code/ws/src/install/simulator/share/simulator/package.dsv
[2.331s] -- Symlinking: /home/cale/thesis-code/ws/src/install/simulator/share/ament_index/resource_index/packages/simulator
[2.341s] -- Symlinking: /home/cale/thesis-code/ws/src/install/simulator/share/simulator/cmake/rosidl_cmake-extras.cmake
[2.351s] -- Symlinking: /home/cale/thesis-code/ws/src/install/simulator/share/simulator/cmake/ament_cmake_export_dependencies-extras.cmake
[2.361s] -- Symlinking: /home/cale/thesis-code/ws/src/install/simulator/share/simulator/cmake/ament_cmake_export_libraries-extras.cmake
[2.370s] -- Symlinking: /home/cale/thesis-code/ws/src/install/simulator/share/simulator/cmake/ament_cmake_export_targets-extras.cmake
[2.380s] -- Symlinking: /home/cale/thesis-code/ws/src/install/simulator/share/simulator/cmake/ament_cmake_export_include_directories-extras.cmake
[2.390s] -- Symlinking: /home/cale/thesis-code/ws/src/install/simulator/share/simulator/cmake/rosidl_cmake_export_typesupport_libraries-extras.cmake
[2.401s] -- Symlinking: /home/cale/thesis-code/ws/src/install/simulator/share/simulator/cmake/rosidl_cmake_export_typesupport_targets-extras.cmake
[2.411s] -- Symlinking: /home/cale/thesis-code/ws/src/install/simulator/share/simulator/cmake/simulatorConfig.cmake
[2.421s] -- Symlinking: /home/cale/thesis-code/ws/src/install/simulator/share/simulator/cmake/simulatorConfig-version.cmake
[2.430s] -- Symlinking: /home/cale/thesis-code/ws/src/install/simulator/share/simulator/package.xml
[2.440s] -- Up-to-date: /home/cale/thesis-code/ws/src/install/simulator/lib/libsimulator__rosidl_generator_c.so
[2.440s] -- Up-to-date: /home/cale/thesis-code/ws/src/install/simulator/lib/libsimulator__rosidl_typesupport_introspection_c.so
[2.441s] -- Up-to-date: /home/cale/thesis-code/ws/src/install/simulator/lib/libsimulator__rosidl_typesupport_c.so
[2.441s] -- Up-to-date: /home/cale/thesis-code/ws/src/install/simulator/lib/libsimulator__rosidl_typesupport_introspection_cpp.so
[2.441s] -- Up-to-date: /home/cale/thesis-code/ws/src/install/simulator/lib/libsimulator__rosidl_typesupport_cpp.so
[2.472s] Compiling '/home/cale/thesis-code/ws/src/install/simulator/lib/python3.8/site-packages/simulator/__init__.py'...
[2.507s] Listing '/home/cale/thesis-code/ws/src/install/simulator/lib/python3.8/site-packages/simulator'...
[2.508s] Listing '/home/cale/thesis-code/ws/src/install/simulator/lib/python3.8/site-packages/simulator/msg'...
[2.508s] Compiling '/home/cale/thesis-code/ws/src/install/simulator/lib/python3.8/site-packages/simulator/msg/__init__.py'...
[2.508s] Compiling '/home/cale/thesis-code/ws/src/install/simulator/lib/python3.8/site-packages/simulator/msg/_float_array.py'...
[2.508s] Compiling '/home/cale/thesis-code/ws/src/install/simulator/lib/python3.8/site-packages/simulator/spawn_vehicle.py'...
[2.512s] -- Installing: /home/cale/thesis-code/ws/src/install/simulator/share/simulator/cmake/simulator__rosidl_generator_cExport.cmake
[2.512s] -- Installing: /home/cale/thesis-code/ws/src/install/simulator/share/simulator/cmake/simulator__rosidl_generator_cExport-noconfig.cmake
[2.512s] -- Installing: /home/cale/thesis-code/ws/src/install/simulator/share/simulator/cmake/simulator__rosidl_typesupport_introspection_cExport.cmake
[2.512s] -- Installing: /home/cale/thesis-code/ws/src/install/simulator/share/simulator/cmake/simulator__rosidl_typesupport_introspection_cExport-noconfig.cmake
[2.512s] -- Installing: /home/cale/thesis-code/ws/src/install/simulator/share/simulator/cmake/simulator__rosidl_typesupport_cExport.cmake
[2.512s] -- Installing: /home/cale/thesis-code/ws/src/install/simulator/share/simulator/cmake/simulator__rosidl_typesupport_cExport-noconfig.cmake
[2.513s] -- Installing: /home/cale/thesis-code/ws/src/install/simulator/share/simulator/cmake/simulator__rosidl_generator_cppExport.cmake
[2.513s] -- Installing: /home/cale/thesis-code/ws/src/install/simulator/share/simulator/cmake/simulator__rosidl_typesupport_introspection_cppExport.cmake
[2.513s] -- Installing: /home/cale/thesis-code/ws/src/install/simulator/share/simulator/cmake/simulator__rosidl_typesupport_introspection_cppExport-noconfig.cmake
[2.513s] -- Installing: /home/cale/thesis-code/ws/src/install/simulator/share/simulator/cmake/simulator__rosidl_typesupport_cppExport.cmake
[2.513s] -- Installing: /home/cale/thesis-code/ws/src/install/simulator/share/simulator/cmake/simulator__rosidl_typesupport_cppExport-noconfig.cmake
[2.517s] Invoked command in '/home/cale/thesis-code/ws/src/build/simulator' returned '0': CMAKE_PREFIX_PATH=${CMAKE_PREFIX_PATH}:/opt/ros/foxy /usr/bin/cmake --install /home/cale/thesis-code/ws/src/build/simulator
