[  4%] Built target my_node
[  7%] Built target tuts__cpp
[ 17%] Built target tuts__rosidl_generator_c
[ 26%] Built target tuts__rosidl_typesupport_introspection_cpp
[ 36%] Built target tuts__rosidl_typesupport_fastrtps_cpp
[ 46%] Built target tuts__rosidl_typesupport_cpp
[ 56%] Built target tuts__rosidl_typesupport_introspection_c
[ 65%] Built target tuts__rosidl_typesupport_c
[ 75%] Built target tuts__rosidl_typesupport_fastrtps_c
[ 75%] Built target tuts
[ 78%] Built target tuts__py
[ 85%] Built target tuts__python
[ 90%] Built target tuts__rosidl_typesupport_fastrtps_c__pyext
[ 95%] Built target tuts__rosidl_typesupport_c__pyext
[100%] Built target tuts__rosidl_typesupport_introspection_c__pyext
-- Install configuration: ""
-- Execute custom install script
-- Up-to-date symlink: /home/cale/thesis-code/ws/src/install/tuts/share/ament_index/resource_index/rosidl_interfaces/tuts
-- Up-to-date symlink: /home/cale/thesis-code/ws/src/install/tuts/include/tuts/msg/detail/num__functions.h
-- Up-to-date symlink: /home/cale/thesis-code/ws/src/install/tuts/include/tuts/msg/detail/num__struct.h
-- Up-to-date symlink: /home/cale/thesis-code/ws/src/install/tuts/include/tuts/msg/detail/num__type_support.h
-- Up-to-date symlink: /home/cale/thesis-code/ws/src/install/tuts/include/tuts/msg/num.h
-- Up-to-date symlink: /home/cale/thesis-code/ws/src/install/tuts/include/tuts/msg/rosidl_generator_c__visibility_control.h
-- Up-to-date symlink: /home/cale/thesis-code/ws/src/install/tuts/include/tuts/srv/add_ints.h
-- Up-to-date symlink: /home/cale/thesis-code/ws/src/install/tuts/include/tuts/srv/detail/add_ints__functions.h
-- Up-to-date symlink: /home/cale/thesis-code/ws/src/install/tuts/include/tuts/srv/detail/add_ints__struct.h
-- Up-to-date symlink: /home/cale/thesis-code/ws/src/install/tuts/include/tuts/srv/detail/add_ints__type_support.h
-- Up-to-date symlink: /home/cale/thesis-code/ws/src/install/tuts/share/tuts/environment/library_path.sh
-- Up-to-date symlink: /home/cale/thesis-code/ws/src/install/tuts/share/tuts/environment/library_path.dsv
-- Up-to-date symlink: /home/cale/thesis-code/ws/src/install/tuts/include/tuts/msg/detail/num__rosidl_typesupport_fastrtps_c.h
-- Up-to-date symlink: /home/cale/thesis-code/ws/src/install/tuts/include/tuts/msg/rosidl_typesupport_fastrtps_c__visibility_control.h
-- Up-to-date symlink: /home/cale/thesis-code/ws/src/install/tuts/include/tuts/srv/detail/add_ints__rosidl_typesupport_fastrtps_c.h
-- Up-to-date symlink: /home/cale/thesis-code/ws/src/install/tuts/lib/libtuts__rosidl_typesupport_fastrtps_c.so
-- Up-to-date symlink: /home/cale/thesis-code/ws/src/install/tuts/include/tuts/msg/detail/num__rosidl_typesupport_fastrtps_cpp.hpp
-- Up-to-date symlink: /home/cale/thesis-code/ws/src/install/tuts/include/tuts/msg/rosidl_typesupport_fastrtps_cpp__visibility_control.h
-- Up-to-date symlink: /home/cale/thesis-code/ws/src/install/tuts/include/tuts/srv/detail/add_ints__rosidl_typesupport_fastrtps_cpp.hpp
-- Up-to-date symlink: /home/cale/thesis-code/ws/src/install/tuts/lib/libtuts__rosidl_typesupport_fastrtps_cpp.so
-- Up-to-date symlink: /home/cale/thesis-code/ws/src/install/tuts/include/tuts/msg/detail/num__rosidl_typesupport_introspection_c.h
-- Up-to-date symlink: /home/cale/thesis-code/ws/src/install/tuts/include/tuts/msg/rosidl_typesupport_introspection_c__visibility_control.h
-- Up-to-date symlink: /home/cale/thesis-code/ws/src/install/tuts/include/tuts/srv/detail/add_ints__rosidl_typesupport_introspection_c.h
-- Up-to-date symlink: /home/cale/thesis-code/ws/src/install/tuts/include/tuts/msg/detail/num__builder.hpp
-- Up-to-date symlink: /home/cale/thesis-code/ws/src/install/tuts/include/tuts/msg/detail/num__struct.hpp
-- Up-to-date symlink: /home/cale/thesis-code/ws/src/install/tuts/include/tuts/msg/detail/num__traits.hpp
-- Up-to-date symlink: /home/cale/thesis-code/ws/src/install/tuts/include/tuts/msg/num.hpp
-- Up-to-date symlink: /home/cale/thesis-code/ws/src/install/tuts/include/tuts/srv/add_ints.hpp
-- Up-to-date symlink: /home/cale/thesis-code/ws/src/install/tuts/include/tuts/srv/detail/add_ints__builder.hpp
-- Up-to-date symlink: /home/cale/thesis-code/ws/src/install/tuts/include/tuts/srv/detail/add_ints__struct.hpp
-- Up-to-date symlink: /home/cale/thesis-code/ws/src/install/tuts/include/tuts/srv/detail/add_ints__traits.hpp
-- Up-to-date symlink: /home/cale/thesis-code/ws/src/install/tuts/include/tuts/msg/detail/num__rosidl_typesupport_introspection_cpp.hpp
-- Up-to-date symlink: /home/cale/thesis-code/ws/src/install/tuts/include/tuts/srv/detail/add_ints__rosidl_typesupport_introspection_cpp.hpp
-- Up-to-date symlink: /home/cale/thesis-code/ws/src/install/tuts/share/tuts/environment/pythonpath.sh
-- Up-to-date symlink: /home/cale/thesis-code/ws/src/install/tuts/share/tuts/environment/pythonpath.dsv
-- Up-to-date symlink: /home/cale/thesis-code/ws/src/install/tuts/lib/python3.8/site-packages/tuts/__init__.py
-- Up-to-date symlink: /home/cale/thesis-code/ws/src/install/tuts/lib/python3.8/site-packages/tuts/msg/__init__.py
-- Up-to-date symlink: /home/cale/thesis-code/ws/src/install/tuts/lib/python3.8/site-packages/tuts/msg/_num.py
-- Up-to-date symlink: /home/cale/thesis-code/ws/src/install/tuts/lib/python3.8/site-packages/tuts/srv/__init__.py
-- Up-to-date symlink: /home/cale/thesis-code/ws/src/install/tuts/lib/python3.8/site-packages/tuts/srv/_add_ints.py
-- Up-to-date symlink: /home/cale/thesis-code/ws/src/install/tuts/lib/python3.8/site-packages/tuts/tuts_s__rosidl_typesupport_fastrtps_c.cpython-38-x86_64-linux-gnu.so
-- Up-to-date symlink: /home/cale/thesis-code/ws/src/install/tuts/lib/python3.8/site-packages/tuts/tuts_s__rosidl_typesupport_introspection_c.cpython-38-x86_64-linux-gnu.so
-- Up-to-date symlink: /home/cale/thesis-code/ws/src/install/tuts/lib/python3.8/site-packages/tuts/tuts_s__rosidl_typesupport_c.cpython-38-x86_64-linux-gnu.so
-- Up-to-date symlink: /home/cale/thesis-code/ws/src/install/tuts/lib/libtuts__python.so
-- Up-to-date symlink: /home/cale/thesis-code/ws/src/install/tuts/share/tuts/msg/Num.idl
-- Up-to-date symlink: /home/cale/thesis-code/ws/src/install/tuts/share/tuts/srv/AddInts.idl
-- Up-to-date symlink: /home/cale/thesis-code/ws/src/install/tuts/share/tuts/msg/Num.msg
-- Up-to-date symlink: /home/cale/thesis-code/ws/src/install/tuts/share/tuts/srv/AddInts.srv
-- Up-to-date symlink: /home/cale/thesis-code/ws/src/install/tuts/share/tuts/srv/AddInts_Request.msg
-- Up-to-date symlink: /home/cale/thesis-code/ws/src/install/tuts/share/tuts/srv/AddInts_Response.msg
-- Up-to-date symlink: /home/cale/thesis-code/ws/src/install/tuts/lib/tuts/my_node
-- Up-to-date symlink: /home/cale/thesis-code/ws/src/install/tuts/share/ament_index/resource_index/package_run_dependencies/tuts
-- Up-to-date symlink: /home/cale/thesis-code/ws/src/install/tuts/share/ament_index/resource_index/parent_prefix_path/tuts
-- Up-to-date symlink: /home/cale/thesis-code/ws/src/install/tuts/share/tuts/environment/ament_prefix_path.sh
-- Up-to-date symlink: /home/cale/thesis-code/ws/src/install/tuts/share/tuts/environment/ament_prefix_path.dsv
-- Up-to-date symlink: /home/cale/thesis-code/ws/src/install/tuts/share/tuts/environment/path.sh
-- Up-to-date symlink: /home/cale/thesis-code/ws/src/install/tuts/share/tuts/environment/path.dsv
-- Up-to-date symlink: /home/cale/thesis-code/ws/src/install/tuts/share/tuts/local_setup.bash
-- Up-to-date symlink: /home/cale/thesis-code/ws/src/install/tuts/share/tuts/local_setup.sh
-- Up-to-date symlink: /home/cale/thesis-code/ws/src/install/tuts/share/tuts/local_setup.zsh
-- Up-to-date symlink: /home/cale/thesis-code/ws/src/install/tuts/share/tuts/local_setup.dsv
-- Symlinking: /home/cale/thesis-code/ws/src/install/tuts/share/tuts/package.dsv
-- Up-to-date symlink: /home/cale/thesis-code/ws/src/install/tuts/share/ament_index/resource_index/packages/tuts
-- Up-to-date symlink: /home/cale/thesis-code/ws/src/install/tuts/share/tuts/cmake/rosidl_cmake-extras.cmake
-- Up-to-date symlink: /home/cale/thesis-code/ws/src/install/tuts/share/tuts/cmake/ament_cmake_export_dependencies-extras.cmake
-- Up-to-date symlink: /home/cale/thesis-code/ws/src/install/tuts/share/tuts/cmake/ament_cmake_export_libraries-extras.cmake
-- Up-to-date symlink: /home/cale/thesis-code/ws/src/install/tuts/share/tuts/cmake/ament_cmake_export_targets-extras.cmake
-- Up-to-date symlink: /home/cale/thesis-code/ws/src/install/tuts/share/tuts/cmake/ament_cmake_export_include_directories-extras.cmake
-- Up-to-date symlink: /home/cale/thesis-code/ws/src/install/tuts/share/tuts/cmake/rosidl_cmake_export_typesupport_libraries-extras.cmake
-- Up-to-date symlink: /home/cale/thesis-code/ws/src/install/tuts/share/tuts/cmake/rosidl_cmake_export_typesupport_targets-extras.cmake
-- Up-to-date symlink: /home/cale/thesis-code/ws/src/install/tuts/share/tuts/cmake/tutsConfig.cmake
-- Up-to-date symlink: /home/cale/thesis-code/ws/src/install/tuts/share/tuts/cmake/tutsConfig-version.cmake
-- Up-to-date symlink: /home/cale/thesis-code/ws/src/install/tuts/share/tuts/package.xml
-- Up-to-date: /home/cale/thesis-code/ws/src/install/tuts/lib/libtuts__rosidl_generator_c.so
-- Up-to-date: /home/cale/thesis-code/ws/src/install/tuts/lib/libtuts__rosidl_typesupport_introspection_c.so
-- Up-to-date: /home/cale/thesis-code/ws/src/install/tuts/lib/libtuts__rosidl_typesupport_c.so
-- Up-to-date: /home/cale/thesis-code/ws/src/install/tuts/lib/libtuts__rosidl_typesupport_introspection_cpp.so
-- Up-to-date: /home/cale/thesis-code/ws/src/install/tuts/lib/libtuts__rosidl_typesupport_cpp.so
-- Up-to-date: /home/cale/thesis-code/ws/src/install/tuts/share/tuts/cmake/tuts__rosidl_generator_cExport.cmake
-- Up-to-date: /home/cale/thesis-code/ws/src/install/tuts/share/tuts/cmake/tuts__rosidl_generator_cExport-noconfig.cmake
-- Up-to-date: /home/cale/thesis-code/ws/src/install/tuts/share/tuts/cmake/tuts__rosidl_typesupport_introspection_cExport.cmake
-- Up-to-date: /home/cale/thesis-code/ws/src/install/tuts/share/tuts/cmake/tuts__rosidl_typesupport_introspection_cExport-noconfig.cmake
-- Up-to-date: /home/cale/thesis-code/ws/src/install/tuts/share/tuts/cmake/tuts__rosidl_typesupport_cExport.cmake
-- Up-to-date: /home/cale/thesis-code/ws/src/install/tuts/share/tuts/cmake/tuts__rosidl_typesupport_cExport-noconfig.cmake
-- Up-to-date: /home/cale/thesis-code/ws/src/install/tuts/share/tuts/cmake/tuts__rosidl_generator_cppExport.cmake
-- Up-to-date: /home/cale/thesis-code/ws/src/install/tuts/share/tuts/cmake/tuts__rosidl_typesupport_introspection_cppExport.cmake
-- Up-to-date: /home/cale/thesis-code/ws/src/install/tuts/share/tuts/cmake/tuts__rosidl_typesupport_introspection_cppExport-noconfig.cmake
-- Up-to-date: /home/cale/thesis-code/ws/src/install/tuts/share/tuts/cmake/tuts__rosidl_typesupport_cppExport.cmake
-- Up-to-date: /home/cale/thesis-code/ws/src/install/tuts/share/tuts/cmake/tuts__rosidl_typesupport_cppExport-noconfig.cmake
