[0.057s] Invoking command in '/home/cale/thesis-code/ws/src/build/tuts': CMAKE_PREFIX_PATH=${CMAKE_PREFIX_PATH}:/opt/ros/foxy /usr/bin/cmake --build /home/cale/thesis-code/ws/src/build/tuts -- -j4 -l4
[0.140s] [  4%] Built target my_node
[0.155s] [  7%] Built target tuts__cpp
[0.167s] [ 17%] Built target tuts__rosidl_generator_c
[0.248s] [ 26%] Built target tuts__rosidl_typesupport_introspection_cpp
[0.274s] [ 36%] Built target tuts__rosidl_typesupport_fastrtps_cpp
[0.301s] [ 46%] Built target tuts__rosidl_typesupport_cpp
[0.348s] [ 56%] Built target tuts__rosidl_typesupport_introspection_c
[0.355s] [ 65%] Built target tuts__rosidl_typesupport_c
[0.390s] [ 75%] Built target tuts__rosidl_typesupport_fastrtps_c
[0.476s] [ 75%] Built target tuts
[0.536s] [ 78%] Built target tuts__py
[0.601s] [ 85%] Built target tuts__python
[0.696s] [ 90%] Built target tuts__rosidl_typesupport_fastrtps_c__pyext
[0.712s] [ 95%] Built target tuts__rosidl_typesupport_c__pyext
[0.720s] [100%] Built target tuts__rosidl_typesupport_introspection_c__pyext
[0.760s] Invoked command in '/home/cale/thesis-code/ws/src/build/tuts' returned '0': CMAKE_PREFIX_PATH=${CMAKE_PREFIX_PATH}:/opt/ros/foxy /usr/bin/cmake --build /home/cale/thesis-code/ws/src/build/tuts -- -j4 -l4
[0.890s] Invoking command in '/home/cale/thesis-code/ws/src/build/tuts': CMAKE_PREFIX_PATH=${CMAKE_PREFIX_PATH}:/opt/ros/foxy /usr/bin/cmake --install /home/cale/thesis-code/ws/src/build/tuts
[0.901s] -- Install configuration: ""
[0.903s] -- Execute custom install script
[0.904s] -- Up-to-date symlink: /home/cale/thesis-code/ws/src/install/tuts/share/ament_index/resource_index/rosidl_interfaces/tuts
[0.905s] -- Up-to-date symlink: /home/cale/thesis-code/ws/src/install/tuts/include/tuts/msg/detail/num__functions.h
[0.916s] -- Up-to-date symlink: /home/cale/thesis-code/ws/src/install/tuts/include/tuts/msg/detail/num__struct.h
[0.917s] -- Up-to-date symlink: /home/cale/thesis-code/ws/src/install/tuts/include/tuts/msg/detail/num__type_support.h
[0.917s] -- Up-to-date symlink: /home/cale/thesis-code/ws/src/install/tuts/include/tuts/msg/num.h
[0.917s] -- Up-to-date symlink: /home/cale/thesis-code/ws/src/install/tuts/include/tuts/msg/rosidl_generator_c__visibility_control.h
[0.918s] -- Up-to-date symlink: /home/cale/thesis-code/ws/src/install/tuts/include/tuts/srv/add_ints.h
[0.918s] -- Up-to-date symlink: /home/cale/thesis-code/ws/src/install/tuts/include/tuts/srv/detail/add_ints__functions.h
[0.918s] -- Up-to-date symlink: /home/cale/thesis-code/ws/src/install/tuts/include/tuts/srv/detail/add_ints__struct.h
[0.919s] -- Up-to-date symlink: /home/cale/thesis-code/ws/src/install/tuts/include/tuts/srv/detail/add_ints__type_support.h
[0.919s] -- Up-to-date symlink: /home/cale/thesis-code/ws/src/install/tuts/share/tuts/environment/library_path.sh
[0.919s] -- Up-to-date symlink: /home/cale/thesis-code/ws/src/install/tuts/share/tuts/environment/library_path.dsv
[0.921s] -- Up-to-date symlink: /home/cale/thesis-code/ws/src/install/tuts/include/tuts/msg/detail/num__rosidl_typesupport_fastrtps_c.h
[0.921s] -- Up-to-date symlink: /home/cale/thesis-code/ws/src/install/tuts/include/tuts/msg/rosidl_typesupport_fastrtps_c__visibility_control.h
[0.921s] -- Up-to-date symlink: /home/cale/thesis-code/ws/src/install/tuts/include/tuts/srv/detail/add_ints__rosidl_typesupport_fastrtps_c.h
[0.922s] -- Up-to-date symlink: /home/cale/thesis-code/ws/src/install/tuts/lib/libtuts__rosidl_typesupport_fastrtps_c.so
[0.923s] -- Up-to-date symlink: /home/cale/thesis-code/ws/src/install/tuts/include/tuts/msg/detail/num__rosidl_typesupport_fastrtps_cpp.hpp
[0.923s] -- Up-to-date symlink: /home/cale/thesis-code/ws/src/install/tuts/include/tuts/msg/rosidl_typesupport_fastrtps_cpp__visibility_control.h
[0.924s] -- Up-to-date symlink: /home/cale/thesis-code/ws/src/install/tuts/include/tuts/srv/detail/add_ints__rosidl_typesupport_fastrtps_cpp.hpp
[0.924s] -- Up-to-date symlink: /home/cale/thesis-code/ws/src/install/tuts/lib/libtuts__rosidl_typesupport_fastrtps_cpp.so
[0.937s] -- Up-to-date symlink: /home/cale/thesis-code/ws/src/install/tuts/include/tuts/msg/detail/num__rosidl_typesupport_introspection_c.h
[0.938s] -- Up-to-date symlink: /home/cale/thesis-code/ws/src/install/tuts/include/tuts/msg/rosidl_typesupport_introspection_c__visibility_control.h
[0.938s] -- Up-to-date symlink: /home/cale/thesis-code/ws/src/install/tuts/include/tuts/srv/detail/add_ints__rosidl_typesupport_introspection_c.h
[0.940s] -- Up-to-date symlink: /home/cale/thesis-code/ws/src/install/tuts/include/tuts/msg/detail/num__builder.hpp
[0.940s] -- Up-to-date symlink: /home/cale/thesis-code/ws/src/install/tuts/include/tuts/msg/detail/num__struct.hpp
[0.941s] -- Up-to-date symlink: /home/cale/thesis-code/ws/src/install/tuts/include/tuts/msg/detail/num__traits.hpp
[0.941s] -- Up-to-date symlink: /home/cale/thesis-code/ws/src/install/tuts/include/tuts/msg/num.hpp
[0.941s] -- Up-to-date symlink: /home/cale/thesis-code/ws/src/install/tuts/include/tuts/srv/add_ints.hpp
[0.942s] -- Up-to-date symlink: /home/cale/thesis-code/ws/src/install/tuts/include/tuts/srv/detail/add_ints__builder.hpp
[0.942s] -- Up-to-date symlink: /home/cale/thesis-code/ws/src/install/tuts/include/tuts/srv/detail/add_ints__struct.hpp
[0.943s] -- Up-to-date symlink: /home/cale/thesis-code/ws/src/install/tuts/include/tuts/srv/detail/add_ints__traits.hpp
[0.944s] -- Up-to-date symlink: /home/cale/thesis-code/ws/src/install/tuts/include/tuts/msg/detail/num__rosidl_typesupport_introspection_cpp.hpp
[0.944s] -- Up-to-date symlink: /home/cale/thesis-code/ws/src/install/tuts/include/tuts/srv/detail/add_ints__rosidl_typesupport_introspection_cpp.hpp
[0.945s] -- Up-to-date symlink: /home/cale/thesis-code/ws/src/install/tuts/share/tuts/environment/pythonpath.sh
[0.945s] -- Up-to-date symlink: /home/cale/thesis-code/ws/src/install/tuts/share/tuts/environment/pythonpath.dsv
[0.946s] -- Up-to-date symlink: /home/cale/thesis-code/ws/src/install/tuts/lib/python3.8/site-packages/tuts/__init__.py
[0.946s] -- Up-to-date symlink: /home/cale/thesis-code/ws/src/install/tuts/lib/python3.8/site-packages/tuts/msg/__init__.py
[0.947s] -- Up-to-date symlink: /home/cale/thesis-code/ws/src/install/tuts/lib/python3.8/site-packages/tuts/msg/_num.py
[0.948s] -- Up-to-date symlink: /home/cale/thesis-code/ws/src/install/tuts/lib/python3.8/site-packages/tuts/srv/__init__.py
[0.948s] -- Up-to-date symlink: /home/cale/thesis-code/ws/src/install/tuts/lib/python3.8/site-packages/tuts/srv/_add_ints.py
[0.949s] -- Up-to-date symlink: /home/cale/thesis-code/ws/src/install/tuts/lib/python3.8/site-packages/tuts/tuts_s__rosidl_typesupport_fastrtps_c.cpython-38-x86_64-linux-gnu.so
[0.950s] -- Up-to-date symlink: /home/cale/thesis-code/ws/src/install/tuts/lib/python3.8/site-packages/tuts/tuts_s__rosidl_typesupport_introspection_c.cpython-38-x86_64-linux-gnu.so
[0.950s] -- Up-to-date symlink: /home/cale/thesis-code/ws/src/install/tuts/lib/python3.8/site-packages/tuts/tuts_s__rosidl_typesupport_c.cpython-38-x86_64-linux-gnu.so
[0.951s] -- Up-to-date symlink: /home/cale/thesis-code/ws/src/install/tuts/lib/libtuts__python.so
[0.952s] -- Up-to-date symlink: /home/cale/thesis-code/ws/src/install/tuts/share/tuts/msg/Num.idl
[0.952s] -- Up-to-date symlink: /home/cale/thesis-code/ws/src/install/tuts/share/tuts/srv/AddInts.idl
[0.953s] -- Up-to-date symlink: /home/cale/thesis-code/ws/src/install/tuts/share/tuts/msg/Num.msg
[0.953s] -- Up-to-date symlink: /home/cale/thesis-code/ws/src/install/tuts/share/tuts/srv/AddInts.srv
[0.954s] -- Up-to-date symlink: /home/cale/thesis-code/ws/src/install/tuts/share/tuts/srv/AddInts_Request.msg
[0.954s] -- Up-to-date symlink: /home/cale/thesis-code/ws/src/install/tuts/share/tuts/srv/AddInts_Response.msg
[0.955s] -- Up-to-date symlink: /home/cale/thesis-code/ws/src/install/tuts/lib/tuts/my_node
[0.956s] -- Up-to-date symlink: /home/cale/thesis-code/ws/src/install/tuts/share/ament_index/resource_index/package_run_dependencies/tuts
[0.957s] -- Up-to-date symlink: /home/cale/thesis-code/ws/src/install/tuts/share/ament_index/resource_index/parent_prefix_path/tuts
[0.958s] -- Up-to-date symlink: /home/cale/thesis-code/ws/src/install/tuts/share/tuts/environment/ament_prefix_path.sh
[0.958s] -- Up-to-date symlink: /home/cale/thesis-code/ws/src/install/tuts/share/tuts/environment/ament_prefix_path.dsv
[0.959s] -- Up-to-date symlink: /home/cale/thesis-code/ws/src/install/tuts/share/tuts/environment/path.sh
[0.959s] -- Up-to-date symlink: /home/cale/thesis-code/ws/src/install/tuts/share/tuts/environment/path.dsv
[0.969s] -- Up-to-date symlink: /home/cale/thesis-code/ws/src/install/tuts/share/tuts/local_setup.bash
[0.970s] -- Up-to-date symlink: /home/cale/thesis-code/ws/src/install/tuts/share/tuts/local_setup.sh
[0.970s] -- Up-to-date symlink: /home/cale/thesis-code/ws/src/install/tuts/share/tuts/local_setup.zsh
[0.971s] -- Up-to-date symlink: /home/cale/thesis-code/ws/src/install/tuts/share/tuts/local_setup.dsv
[0.971s] -- Symlinking: /home/cale/thesis-code/ws/src/install/tuts/share/tuts/package.dsv
[0.996s] -- Up-to-date symlink: /home/cale/thesis-code/ws/src/install/tuts/share/ament_index/resource_index/packages/tuts
[0.997s] -- Up-to-date symlink: /home/cale/thesis-code/ws/src/install/tuts/share/tuts/cmake/rosidl_cmake-extras.cmake
[0.998s] -- Up-to-date symlink: /home/cale/thesis-code/ws/src/install/tuts/share/tuts/cmake/ament_cmake_export_dependencies-extras.cmake
[0.999s] -- Up-to-date symlink: /home/cale/thesis-code/ws/src/install/tuts/share/tuts/cmake/ament_cmake_export_libraries-extras.cmake
[0.999s] -- Up-to-date symlink: /home/cale/thesis-code/ws/src/install/tuts/share/tuts/cmake/ament_cmake_export_targets-extras.cmake
[1.000s] -- Up-to-date symlink: /home/cale/thesis-code/ws/src/install/tuts/share/tuts/cmake/ament_cmake_export_include_directories-extras.cmake
[1.001s] -- Up-to-date symlink: /home/cale/thesis-code/ws/src/install/tuts/share/tuts/cmake/rosidl_cmake_export_typesupport_libraries-extras.cmake
[1.002s] -- Up-to-date symlink: /home/cale/thesis-code/ws/src/install/tuts/share/tuts/cmake/rosidl_cmake_export_typesupport_targets-extras.cmake
[1.003s] -- Up-to-date symlink: /home/cale/thesis-code/ws/src/install/tuts/share/tuts/cmake/tutsConfig.cmake
[1.003s] -- Up-to-date symlink: /home/cale/thesis-code/ws/src/install/tuts/share/tuts/cmake/tutsConfig-version.cmake
[1.005s] -- Up-to-date symlink: /home/cale/thesis-code/ws/src/install/tuts/share/tuts/package.xml
[1.007s] -- Up-to-date: /home/cale/thesis-code/ws/src/install/tuts/lib/libtuts__rosidl_generator_c.so
[1.008s] -- Up-to-date: /home/cale/thesis-code/ws/src/install/tuts/lib/libtuts__rosidl_typesupport_introspection_c.so
[1.010s] -- Up-to-date: /home/cale/thesis-code/ws/src/install/tuts/lib/libtuts__rosidl_typesupport_c.so
[1.011s] -- Up-to-date: /home/cale/thesis-code/ws/src/install/tuts/lib/libtuts__rosidl_typesupport_introspection_cpp.so
[1.012s] -- Up-to-date: /home/cale/thesis-code/ws/src/install/tuts/lib/libtuts__rosidl_typesupport_cpp.so
[1.074s] -- Up-to-date: /home/cale/thesis-code/ws/src/install/tuts/share/tuts/cmake/tuts__rosidl_generator_cExport.cmake
[1.075s] -- Up-to-date: /home/cale/thesis-code/ws/src/install/tuts/share/tuts/cmake/tuts__rosidl_generator_cExport-noconfig.cmake
[1.075s] -- Up-to-date: /home/cale/thesis-code/ws/src/install/tuts/share/tuts/cmake/tuts__rosidl_typesupport_introspection_cExport.cmake
[1.076s] -- Up-to-date: /home/cale/thesis-code/ws/src/install/tuts/share/tuts/cmake/tuts__rosidl_typesupport_introspection_cExport-noconfig.cmake
[1.076s] -- Up-to-date: /home/cale/thesis-code/ws/src/install/tuts/share/tuts/cmake/tuts__rosidl_typesupport_cExport.cmake
[1.076s] -- Up-to-date: /home/cale/thesis-code/ws/src/install/tuts/share/tuts/cmake/tuts__rosidl_typesupport_cExport-noconfig.cmake
[1.077s] -- Up-to-date: /home/cale/thesis-code/ws/src/install/tuts/share/tuts/cmake/tuts__rosidl_generator_cppExport.cmake
[1.078s] -- Up-to-date: /home/cale/thesis-code/ws/src/install/tuts/share/tuts/cmake/tuts__rosidl_typesupport_introspection_cppExport.cmake
[1.078s] -- Up-to-date: /home/cale/thesis-code/ws/src/install/tuts/share/tuts/cmake/tuts__rosidl_typesupport_introspection_cppExport-noconfig.cmake
[1.079s] -- Up-to-date: /home/cale/thesis-code/ws/src/install/tuts/share/tuts/cmake/tuts__rosidl_typesupport_cppExport.cmake
[1.079s] -- Up-to-date: /home/cale/thesis-code/ws/src/install/tuts/share/tuts/cmake/tuts__rosidl_typesupport_cppExport-noconfig.cmake
[1.095s] Invoked command in '/home/cale/thesis-code/ws/src/build/tuts' returned '0': CMAKE_PREFIX_PATH=${CMAKE_PREFIX_PATH}:/opt/ros/foxy /usr/bin/cmake --install /home/cale/thesis-code/ws/src/build/tuts
