[0.035s] Invoking command in '/home/cale/thesis-code/ws/src/build/tuts': CMAKE_PREFIX_PATH=${CMAKE_PREFIX_PATH}:/opt/ros/foxy /usr/bin/cmake --build /home/cale/thesis-code/ws/src/build/tuts -- -j4 -l4
[0.131s] [  4%] Built target my_node
[0.143s] [ 14%] Built target tuts__rosidl_generator_c
[0.151s] [ 17%] Built target tuts__cpp
[0.183s] [ 26%] Built target tuts__rosidl_typesupport_introspection_c
[0.192s] [ 36%] Built target tuts__rosidl_typesupport_c
[0.204s] [ 46%] Built target tuts__rosidl_typesupport_fastrtps_cpp
[0.216s] [ 56%] Built target tuts__rosidl_typesupport_cpp
[0.227s] [ 65%] Built target tuts__rosidl_typesupport_introspection_cpp
[0.240s] [ 75%] Built target tuts__rosidl_typesupport_fastrtps_c
[0.265s] [ 75%] Built target tuts
[0.289s] [ 78%] Built target tuts__py
[0.327s] [ 85%] Built target tuts__python
[0.366s] [ 90%] Built target tuts__rosidl_typesupport_c__pyext
[0.372s] [ 95%] Built target tuts__rosidl_typesupport_introspection_c__pyext
[0.383s] [100%] Built target tuts__rosidl_typesupport_fastrtps_c__pyext
[0.397s] Invoked command in '/home/cale/thesis-code/ws/src/build/tuts' returned '0': CMAKE_PREFIX_PATH=${CMAKE_PREFIX_PATH}:/opt/ros/foxy /usr/bin/cmake --build /home/cale/thesis-code/ws/src/build/tuts -- -j4 -l4
[0.478s] Invoking command in '/home/cale/thesis-code/ws/src/build/tuts': CMAKE_PREFIX_PATH=${CMAKE_PREFIX_PATH}:/opt/ros/foxy /usr/bin/cmake --install /home/cale/thesis-code/ws/src/build/tuts
[0.492s] -- Install configuration: ""
[0.493s] -- Execute custom install script
[0.493s] -- Up-to-date symlink: /home/cale/thesis-code/ws/src/install/tuts/share/ament_index/resource_index/rosidl_interfaces/tuts
[0.494s] -- Up-to-date symlink: /home/cale/thesis-code/ws/src/install/tuts/include/tuts/msg/detail/num__functions.h
[0.495s] -- Up-to-date symlink: /home/cale/thesis-code/ws/src/install/tuts/include/tuts/msg/detail/num__struct.h
[0.495s] -- Up-to-date symlink: /home/cale/thesis-code/ws/src/install/tuts/include/tuts/msg/detail/num__type_support.h
[0.495s] -- Up-to-date symlink: /home/cale/thesis-code/ws/src/install/tuts/include/tuts/msg/num.h
[0.496s] -- Up-to-date symlink: /home/cale/thesis-code/ws/src/install/tuts/include/tuts/msg/rosidl_generator_c__visibility_control.h
[0.496s] -- Up-to-date symlink: /home/cale/thesis-code/ws/src/install/tuts/include/tuts/srv/add_ints.h
[0.497s] -- Up-to-date symlink: /home/cale/thesis-code/ws/src/install/tuts/include/tuts/srv/detail/add_ints__functions.h
[0.497s] -- Up-to-date symlink: /home/cale/thesis-code/ws/src/install/tuts/include/tuts/srv/detail/add_ints__struct.h
[0.497s] -- Up-to-date symlink: /home/cale/thesis-code/ws/src/install/tuts/include/tuts/srv/detail/add_ints__type_support.h
[0.498s] -- Up-to-date symlink: /home/cale/thesis-code/ws/src/install/tuts/share/tuts/environment/library_path.sh
[0.498s] -- Up-to-date symlink: /home/cale/thesis-code/ws/src/install/tuts/share/tuts/environment/library_path.dsv
[0.499s] -- Up-to-date symlink: /home/cale/thesis-code/ws/src/install/tuts/include/tuts/msg/detail/num__rosidl_typesupport_fastrtps_c.h
[0.499s] -- Up-to-date symlink: /home/cale/thesis-code/ws/src/install/tuts/include/tuts/msg/rosidl_typesupport_fastrtps_c__visibility_control.h
[0.499s] -- Up-to-date symlink: /home/cale/thesis-code/ws/src/install/tuts/include/tuts/srv/detail/add_ints__rosidl_typesupport_fastrtps_c.h
[0.500s] -- Up-to-date symlink: /home/cale/thesis-code/ws/src/install/tuts/lib/libtuts__rosidl_typesupport_fastrtps_c.so
[0.501s] -- Up-to-date symlink: /home/cale/thesis-code/ws/src/install/tuts/include/tuts/msg/detail/num__rosidl_typesupport_fastrtps_cpp.hpp
[0.501s] -- Up-to-date symlink: /home/cale/thesis-code/ws/src/install/tuts/include/tuts/msg/rosidl_typesupport_fastrtps_cpp__visibility_control.h
[0.502s] -- Up-to-date symlink: /home/cale/thesis-code/ws/src/install/tuts/include/tuts/srv/detail/add_ints__rosidl_typesupport_fastrtps_cpp.hpp
[0.502s] -- Up-to-date symlink: /home/cale/thesis-code/ws/src/install/tuts/lib/libtuts__rosidl_typesupport_fastrtps_cpp.so
[0.503s] -- Up-to-date symlink: /home/cale/thesis-code/ws/src/install/tuts/include/tuts/msg/detail/num__rosidl_typesupport_introspection_c.h
[0.503s] -- Up-to-date symlink: /home/cale/thesis-code/ws/src/install/tuts/include/tuts/msg/rosidl_typesupport_introspection_c__visibility_control.h
[0.503s] -- Up-to-date symlink: /home/cale/thesis-code/ws/src/install/tuts/include/tuts/srv/detail/add_ints__rosidl_typesupport_introspection_c.h
[0.504s] -- Up-to-date symlink: /home/cale/thesis-code/ws/src/install/tuts/include/tuts/msg/detail/num__builder.hpp
[0.504s] -- Up-to-date symlink: /home/cale/thesis-code/ws/src/install/tuts/include/tuts/msg/detail/num__struct.hpp
[0.504s] -- Up-to-date symlink: /home/cale/thesis-code/ws/src/install/tuts/include/tuts/msg/detail/num__traits.hpp
[0.504s] -- Up-to-date symlink: /home/cale/thesis-code/ws/src/install/tuts/include/tuts/msg/num.hpp
[0.505s] -- Up-to-date symlink: /home/cale/thesis-code/ws/src/install/tuts/include/tuts/srv/add_ints.hpp
[0.505s] -- Up-to-date symlink: /home/cale/thesis-code/ws/src/install/tuts/include/tuts/srv/detail/add_ints__builder.hpp
[0.505s] -- Up-to-date symlink: /home/cale/thesis-code/ws/src/install/tuts/include/tuts/srv/detail/add_ints__struct.hpp
[0.505s] -- Up-to-date symlink: /home/cale/thesis-code/ws/src/install/tuts/include/tuts/srv/detail/add_ints__traits.hpp
[0.506s] -- Up-to-date symlink: /home/cale/thesis-code/ws/src/install/tuts/include/tuts/msg/detail/num__rosidl_typesupport_introspection_cpp.hpp
[0.506s] -- Up-to-date symlink: /home/cale/thesis-code/ws/src/install/tuts/include/tuts/srv/detail/add_ints__rosidl_typesupport_introspection_cpp.hpp
[0.506s] -- Up-to-date symlink: /home/cale/thesis-code/ws/src/install/tuts/share/tuts/environment/pythonpath.sh
[0.507s] -- Up-to-date symlink: /home/cale/thesis-code/ws/src/install/tuts/share/tuts/environment/pythonpath.dsv
[0.507s] -- Up-to-date symlink: /home/cale/thesis-code/ws/src/install/tuts/lib/python3.8/site-packages/tuts/__init__.py
[0.508s] -- Up-to-date symlink: /home/cale/thesis-code/ws/src/install/tuts/lib/python3.8/site-packages/tuts/msg/__init__.py
[0.508s] -- Up-to-date symlink: /home/cale/thesis-code/ws/src/install/tuts/lib/python3.8/site-packages/tuts/msg/_num.py
[0.509s] -- Up-to-date symlink: /home/cale/thesis-code/ws/src/install/tuts/lib/python3.8/site-packages/tuts/srv/__init__.py
[0.509s] -- Up-to-date symlink: /home/cale/thesis-code/ws/src/install/tuts/lib/python3.8/site-packages/tuts/srv/_add_ints.py
[0.510s] -- Up-to-date symlink: /home/cale/thesis-code/ws/src/install/tuts/lib/python3.8/site-packages/tuts/tuts_s__rosidl_typesupport_fastrtps_c.cpython-38-x86_64-linux-gnu.so
[0.511s] -- Up-to-date symlink: /home/cale/thesis-code/ws/src/install/tuts/lib/python3.8/site-packages/tuts/tuts_s__rosidl_typesupport_introspection_c.cpython-38-x86_64-linux-gnu.so
[0.511s] -- Up-to-date symlink: /home/cale/thesis-code/ws/src/install/tuts/lib/python3.8/site-packages/tuts/tuts_s__rosidl_typesupport_c.cpython-38-x86_64-linux-gnu.so
[0.512s] -- Up-to-date symlink: /home/cale/thesis-code/ws/src/install/tuts/lib/libtuts__python.so
[0.513s] -- Up-to-date symlink: /home/cale/thesis-code/ws/src/install/tuts/share/tuts/msg/Num.idl
[0.513s] -- Up-to-date symlink: /home/cale/thesis-code/ws/src/install/tuts/share/tuts/srv/AddInts.idl
[0.514s] -- Up-to-date symlink: /home/cale/thesis-code/ws/src/install/tuts/share/tuts/msg/Num.msg
[0.514s] -- Up-to-date symlink: /home/cale/thesis-code/ws/src/install/tuts/share/tuts/srv/AddInts.srv
[0.515s] -- Up-to-date symlink: /home/cale/thesis-code/ws/src/install/tuts/share/tuts/srv/AddInts_Request.msg
[0.515s] -- Up-to-date symlink: /home/cale/thesis-code/ws/src/install/tuts/share/tuts/srv/AddInts_Response.msg
[0.516s] -- Up-to-date symlink: /home/cale/thesis-code/ws/src/install/tuts/lib/tuts/my_node
[0.516s] -- Up-to-date symlink: /home/cale/thesis-code/ws/src/install/tuts/share/ament_index/resource_index/package_run_dependencies/tuts
[0.517s] -- Up-to-date symlink: /home/cale/thesis-code/ws/src/install/tuts/share/ament_index/resource_index/parent_prefix_path/tuts
[0.518s] -- Up-to-date symlink: /home/cale/thesis-code/ws/src/install/tuts/share/tuts/environment/ament_prefix_path.sh
[0.519s] -- Up-to-date symlink: /home/cale/thesis-code/ws/src/install/tuts/share/tuts/environment/ament_prefix_path.dsv
[0.519s] -- Up-to-date symlink: /home/cale/thesis-code/ws/src/install/tuts/share/tuts/environment/path.sh
[0.520s] -- Up-to-date symlink: /home/cale/thesis-code/ws/src/install/tuts/share/tuts/environment/path.dsv
[0.520s] -- Up-to-date symlink: /home/cale/thesis-code/ws/src/install/tuts/share/tuts/local_setup.bash
[0.521s] -- Up-to-date symlink: /home/cale/thesis-code/ws/src/install/tuts/share/tuts/local_setup.sh
[0.521s] -- Up-to-date symlink: /home/cale/thesis-code/ws/src/install/tuts/share/tuts/local_setup.zsh
[0.522s] -- Up-to-date symlink: /home/cale/thesis-code/ws/src/install/tuts/share/tuts/local_setup.dsv
[0.522s] -- Symlinking: /home/cale/thesis-code/ws/src/install/tuts/share/tuts/package.dsv
[0.534s] -- Up-to-date symlink: /home/cale/thesis-code/ws/src/install/tuts/share/ament_index/resource_index/packages/tuts
[0.535s] -- Up-to-date symlink: /home/cale/thesis-code/ws/src/install/tuts/share/tuts/cmake/rosidl_cmake-extras.cmake
[0.535s] -- Up-to-date symlink: /home/cale/thesis-code/ws/src/install/tuts/share/tuts/cmake/ament_cmake_export_dependencies-extras.cmake
[0.536s] -- Up-to-date symlink: /home/cale/thesis-code/ws/src/install/tuts/share/tuts/cmake/ament_cmake_export_libraries-extras.cmake
[0.537s] -- Up-to-date symlink: /home/cale/thesis-code/ws/src/install/tuts/share/tuts/cmake/ament_cmake_export_targets-extras.cmake
[0.537s] -- Up-to-date symlink: /home/cale/thesis-code/ws/src/install/tuts/share/tuts/cmake/ament_cmake_export_include_directories-extras.cmake
[0.538s] -- Up-to-date symlink: /home/cale/thesis-code/ws/src/install/tuts/share/tuts/cmake/rosidl_cmake_export_typesupport_libraries-extras.cmake
[0.539s] -- Up-to-date symlink: /home/cale/thesis-code/ws/src/install/tuts/share/tuts/cmake/rosidl_cmake_export_typesupport_targets-extras.cmake
[0.539s] -- Up-to-date symlink: /home/cale/thesis-code/ws/src/install/tuts/share/tuts/cmake/tutsConfig.cmake
[0.540s] -- Up-to-date symlink: /home/cale/thesis-code/ws/src/install/tuts/share/tuts/cmake/tutsConfig-version.cmake
[0.540s] -- Up-to-date symlink: /home/cale/thesis-code/ws/src/install/tuts/share/tuts/package.xml
[0.541s] -- Up-to-date: /home/cale/thesis-code/ws/src/install/tuts/lib/libtuts__rosidl_generator_c.so
[0.542s] -- Up-to-date: /home/cale/thesis-code/ws/src/install/tuts/lib/libtuts__rosidl_typesupport_introspection_c.so
[0.542s] -- Up-to-date: /home/cale/thesis-code/ws/src/install/tuts/lib/libtuts__rosidl_typesupport_c.so
[0.543s] -- Up-to-date: /home/cale/thesis-code/ws/src/install/tuts/lib/libtuts__rosidl_typesupport_introspection_cpp.so
[0.544s] -- Up-to-date: /home/cale/thesis-code/ws/src/install/tuts/lib/libtuts__rosidl_typesupport_cpp.so
[0.590s] -- Up-to-date: /home/cale/thesis-code/ws/src/install/tuts/share/tuts/cmake/tuts__rosidl_generator_cExport.cmake
[0.591s] -- Up-to-date: /home/cale/thesis-code/ws/src/install/tuts/share/tuts/cmake/tuts__rosidl_generator_cExport-noconfig.cmake
[0.591s] -- Up-to-date: /home/cale/thesis-code/ws/src/install/tuts/share/tuts/cmake/tuts__rosidl_typesupport_introspection_cExport.cmake
[0.591s] -- Up-to-date: /home/cale/thesis-code/ws/src/install/tuts/share/tuts/cmake/tuts__rosidl_typesupport_introspection_cExport-noconfig.cmake
[0.592s] -- Up-to-date: /home/cale/thesis-code/ws/src/install/tuts/share/tuts/cmake/tuts__rosidl_typesupport_cExport.cmake
[0.592s] -- Up-to-date: /home/cale/thesis-code/ws/src/install/tuts/share/tuts/cmake/tuts__rosidl_typesupport_cExport-noconfig.cmake
[0.592s] -- Up-to-date: /home/cale/thesis-code/ws/src/install/tuts/share/tuts/cmake/tuts__rosidl_generator_cppExport.cmake
[0.592s] -- Up-to-date: /home/cale/thesis-code/ws/src/install/tuts/share/tuts/cmake/tuts__rosidl_typesupport_introspection_cppExport.cmake
[0.592s] -- Up-to-date: /home/cale/thesis-code/ws/src/install/tuts/share/tuts/cmake/tuts__rosidl_typesupport_introspection_cppExport-noconfig.cmake
[0.602s] -- Up-to-date: /home/cale/thesis-code/ws/src/install/tuts/share/tuts/cmake/tuts__rosidl_typesupport_cppExport.cmake
[0.602s] -- Up-to-date: /home/cale/thesis-code/ws/src/install/tuts/share/tuts/cmake/tuts__rosidl_typesupport_cppExport-noconfig.cmake
[0.602s] Invoked command in '/home/cale/thesis-code/ws/src/build/tuts' returned '0': CMAKE_PREFIX_PATH=${CMAKE_PREFIX_PATH}:/opt/ros/foxy /usr/bin/cmake --install /home/cale/thesis-code/ws/src/build/tuts
