-- The C compiler identification is GNU 9.3.0
-- The CXX compiler identification is GNU 9.3.0
-- Check for working C compiler: /usr/bin/cc
-- Check for working C compiler: /usr/bin/cc -- works
-- Detecting C compiler ABI info
-- Detecting C compiler ABI info - done
-- Detecting C compile features
-- Detecting C compile features - done
-- Check for working CXX compiler: /usr/bin/c++
-- Check for working CXX compiler: /usr/bin/c++ -- works
-- Detecting CXX compiler ABI info
-- Detecting CXX compiler ABI info - done
-- Detecting CXX compile features
-- Detecting CXX compile features - done
-- Found ament_cmake: 0.9.8 (/opt/ros/foxy/share/ament_cmake/cmake)
-- Found PythonInterp: /usr/bin/python3 (found suitable version "3.8.5", minimum required is "3") 
-- Using PYTHON_EXECUTABLE: /usr/bin/python3
-- Found gazebo_ros: 3.5.0 (/opt/ros/foxy/share/gazebo_ros/cmake)
-- Using all available rosidl_typesupport_c: rosidl_typesupport_fastrtps_c;rosidl_typesupport_introspection_c
-- Found rosidl_adapter: 1.2.0 (/opt/ros/foxy/share/rosidl_adapter/cmake)
-- Found OpenSSL: /usr/lib/x86_64-linux-gnu/libcrypto.so (found version "1.1.1f")  
-- Found FastRTPS: /opt/ros/foxy/include  
-- Using all available rosidl_typesupport_cpp: rosidl_typesupport_fastrtps_cpp;rosidl_typesupport_introspection_cpp
-- Found rmw_implementation_cmake: 1.0.2 (/opt/ros/foxy/share/rmw_implementation_cmake/cmake)
-- Using RMW implementation 'rmw_fastrtps_cpp' as default
-- Looking for pthread.h
-- Looking for pthread.h - found
-- Performing Test CMAKE_HAVE_LIBC_PTHREAD
-- Performing Test CMAKE_HAVE_LIBC_PTHREAD - Failed
-- Looking for pthread_create in pthreads
-- Looking for pthread_create in pthreads - not found
-- Looking for pthread_create in pthread
-- Looking for pthread_create in pthread - found
-- Found Threads: TRUE  
-- Found PkgConfig: /usr/bin/pkg-config (found version "0.29.1") 
-- Checking for module 'bullet>=2.82'
--   Found bullet, version 2.88
-- Found ccd: /usr/include (found suitable version "2.0", minimum required is "2.0") 
-- Found fcl: /usr/include (found suitable version "0.5.0", minimum required is "0.3.2") 
-- Found assimp: /usr/include (found version "5.0.0") 
-- Found DART: /usr/include (Required is at least version "6.6") found components: dart 
-- Found Boost: /usr/lib/x86_64-linux-gnu/cmake/Boost-1.71.0/BoostConfig.cmake (found suitable version "1.71.0", minimum required is "1.40.0") found components: thread system filesystem program_options regex iostreams date_time 
-- Found Protobuf: /usr/lib/x86_64-linux-gnu/libprotobuf.so;-lpthread (found version "3.6.1") 
-- Looking for ignition-math6 -- found version 6.7.0
-- Searching for dependencies of ignition-math6
-- Looking for OGRE...
-- OGRE_PREFIX_WATCH changed.
-- Checking for module 'OGRE'
--   Found OGRE, version 1.9.0
-- Found Ogre Ghadamon (1.9.0)
-- Found OGRE: optimized;/usr/lib/x86_64-linux-gnu/libOgreMain.so;debug;/usr/lib/x86_64-linux-gnu/libOgreMain.so
-- Looking for OGRE_Paging...
-- Found OGRE_Paging: optimized;/usr/lib/x86_64-linux-gnu/libOgrePaging.so;debug;/usr/lib/x86_64-linux-gnu/libOgrePaging.so
-- Looking for OGRE_Terrain...
-- Found OGRE_Terrain: optimized;/usr/lib/x86_64-linux-gnu/libOgreTerrain.so;debug;/usr/lib/x86_64-linux-gnu/libOgreTerrain.so
-- Looking for OGRE_Property...
-- Found OGRE_Property: optimized;/usr/lib/x86_64-linux-gnu/libOgreProperty.so;debug;/usr/lib/x86_64-linux-gnu/libOgreProperty.so
-- Looking for OGRE_RTShaderSystem...
-- Found OGRE_RTShaderSystem: optimized;/usr/lib/x86_64-linux-gnu/libOgreRTShaderSystem.so;debug;/usr/lib/x86_64-linux-gnu/libOgreRTShaderSystem.so
-- Looking for OGRE_Volume...
-- Found OGRE_Volume: optimized;/usr/lib/x86_64-linux-gnu/libOgreVolume.so;debug;/usr/lib/x86_64-linux-gnu/libOgreVolume.so
-- Looking for OGRE_Overlay...
-- Found OGRE_Overlay: optimized;/usr/lib/x86_64-linux-gnu/libOgreOverlay.so;debug;/usr/lib/x86_64-linux-gnu/libOgreOverlay.so
-- Looking for ignition-math6 -- found version 6.7.0
-- Looking for ignition-transport8 -- found version 8.2.0
-- Searching for dependencies of ignition-transport8
-- Found Protobuf: /usr/lib/x86_64-linux-gnu/libprotobuf.so;-lpthread (found suitable version "3.6.1", minimum required is "3") 
-- Config-file not installed for ZeroMQ -- checking for pkg-config
-- Checking for module 'libzmq >= 4'
--   Found libzmq , version 4.3.2
-- Found ZeroMQ: TRUE (Required is at least version "4") 
-- Checking for module 'uuid'
--   Found uuid, version 2.34.0
-- Found UUID: TRUE  
-- Looking for ignition-msgs5 -- found version 5.6.0
-- Searching for dependencies of ignition-msgs5
-- Looking for ignition-math6 -- found version 6.7.0
-- Checking for module 'tinyxml2'
--   Found tinyxml2, version 6.2.0
-- Looking for ignition-msgs5 -- found version 5.6.0
-- Looking for ignition-common3 -- found version 3.10.0
-- Searching for dependencies of ignition-common3
-- Looking for dlfcn.h - found
-- Looking for libdl - found
-- Found DL: TRUE  
-- Searching for <ignition-common3> component [graphics]
-- Looking for ignition-common3-graphics -- found version 3.10.0
-- Searching for dependencies of ignition-common3-graphics
-- Looking for ignition-math6 -- found version 6.7.0
-- Looking for ignition-fuel_tools4 -- found version 4.3.0
-- Searching for dependencies of ignition-fuel_tools4
-- Found CURL: /usr/lib/x86_64-linux-gnu/libcurl.so (found version "7.68.0")  
-- Checking for module 'jsoncpp'
--   Found jsoncpp, version 1.7.4
-- Found JSONCPP: TRUE  
-- Checking for module 'libzip'
--   Found libzip, version 1.5.1
-- Found ZIP: TRUE  
-- Looking for ignition-common3 -- found version 3.10.0
-- Looking for ignition-msgs5 -- found version 5.6.0
-- Gazebo version: 11.3
-- Found geometry_msgs: 2.0.3 (/opt/ros/foxy/share/geometry_msgs/cmake)
-- Found rclpy: 1.0.5 (/opt/ros/foxy/share/rclpy/cmake)
-- Found rosidl_default_generators: 1.0.0 (/opt/ros/foxy/share/rosidl_default_generators/cmake)
-- Found PythonInterp: /usr/bin/python3 (found version "3.8.5") 
-- Found ament_cmake_ros: 0.9.0 (/opt/ros/foxy/share/ament_cmake_ros/cmake)
-- Using all available rosidl_typesupport_c: rosidl_typesupport_fastrtps_c;rosidl_typesupport_introspection_c
-- Using all available rosidl_typesupport_cpp: rosidl_typesupport_fastrtps_cpp;rosidl_typesupport_introspection_cpp
-- Found PythonInterp: /usr/bin/python3 (found suitable version "3.8.5", minimum required is "3.5") 
-- Found python_cmake_module: 0.8.0 (/opt/ros/foxy/share/python_cmake_module/cmake)
-- Found PythonLibs: /usr/lib/x86_64-linux-gnu/libpython3.8.so (found suitable version "3.8.5", minimum required is "3.5") 
-- Using PYTHON_EXECUTABLE: /usr/bin/python3
-- Using PYTHON_INCLUDE_DIRS: /usr/include/python3.8
-- Using PYTHON_LIBRARIES: /usr/lib/x86_64-linux-gnu/libpython3.8.so
-- Found PythonExtra: .so  
-- Found ament_lint_auto: 0.9.6 (/opt/ros/foxy/share/ament_lint_auto/cmake)
-- Added test 'copyright' to check source files copyright and LICENSE
-- Added test 'cppcheck' to perform static code analysis on C / C++ code
-- Configured cppcheck include dirs: /home/cale/thesis-code/ws/src/simulator/include
-- Configured cppcheck exclude dirs and/or files: 
-- Added test 'cpplint' to check C / C++ code against the Google style
-- Configured cpplint exclude dirs and/or files: 
-- Added test 'flake8' to check Python code syntax and style conventions
-- Added test 'lint_cmake' to check CMake code style
-- Added test 'pep257' to check Python code against some of the style conventions in PEP 257
-- Added test 'uncrustify' to check C / C++ code style
-- Configured uncrustify additional arguments: 
-- Added test 'xmllint' to check XML markup files
-- Configuring done
-- Generating done
-- Build files have been written to: /home/cale/thesis-code/ws/src/build/simulator
[35m[1mScanning dependencies of target simulator__cpp[0m
[  3%] [34m[1mGenerating C code for ROS interfaces[0m
[  6%] [34m[1mGenerating C++ code for ROS interfaces[0m
[  6%] Built target simulator__cpp
[  9%] [34m[1mGenerating C++ type support for eProsima Fast-RTPS[0m
[ 12%] [34m[1mGenerating C++ type support dispatch for ROS interfaces[0m
[35m[1mScanning dependencies of target simulator__rosidl_generator_c[0m
[ 15%] [34m[1mGenerating C++ introspection for ROS interfaces[0m
[ 18%] [32mBuilding C object CMakeFiles/simulator__rosidl_generator_c.dir/rosidl_generator_c/simulator/msg/detail/float_array__functions.c.o[0m
[ 21%] [32m[1mLinking C shared library libsimulator__rosidl_generator_c.so[0m
[ 21%] Built target simulator__rosidl_generator_c
[ 24%] [34m[1mGenerating C introspection for ROS interfaces[0m
[35m[1mScanning dependencies of target simulator__rosidl_typesupport_cpp[0m
[35m[1mScanning dependencies of target simulator__rosidl_typesupport_fastrtps_cpp[0m
[ 27%] [32mBuilding CXX object CMakeFiles/simulator__rosidl_typesupport_cpp.dir/rosidl_typesupport_cpp/simulator/msg/float_array__type_support.cpp.o[0m
[ 30%] [32mBuilding CXX object CMakeFiles/simulator__rosidl_typesupport_fastrtps_cpp.dir/rosidl_typesupport_fastrtps_cpp/simulator/msg/detail/dds_fastrtps/float_array__type_support.cpp.o[0m
[35m[1mScanning dependencies of target simulator__rosidl_typesupport_introspection_cpp[0m
[ 33%] [32mBuilding CXX object CMakeFiles/simulator__rosidl_typesupport_introspection_cpp.dir/rosidl_typesupport_introspection_cpp/simulator/msg/detail/float_array__type_support.cpp.o[0m
[35m[1mScanning dependencies of target simulator__rosidl_typesupport_introspection_c[0m
[ 36%] [32mBuilding C object CMakeFiles/simulator__rosidl_typesupport_introspection_c.dir/rosidl_typesupport_introspection_c/simulator/msg/detail/float_array__type_support.c.o[0m
[ 39%] [32m[1mLinking CXX shared library libsimulator__rosidl_typesupport_cpp.so[0m
[ 42%] [32m[1mLinking C shared library libsimulator__rosidl_typesupport_introspection_c.so[0m
[ 42%] Built target simulator__rosidl_typesupport_introspection_c
[ 42%] Built target simulator__rosidl_typesupport_cpp
[ 45%] [34m[1mGenerating C type support dispatch for ROS interfaces[0m
[ 48%] [32m[1mLinking CXX shared library libsimulator__rosidl_typesupport_introspection_cpp.so[0m
[ 51%] [32m[1mLinking CXX shared library libsimulator__rosidl_typesupport_fastrtps_cpp.so[0m
[ 51%] Built target simulator__rosidl_typesupport_fastrtps_cpp
[ 54%] [34m[1mGenerating C type support for eProsima Fast-RTPS[0m
[35m[1mScanning dependencies of target simulator__rosidl_typesupport_c[0m
[ 54%] Built target simulator__rosidl_typesupport_introspection_cpp
[ 57%] [32mBuilding CXX object CMakeFiles/simulator__rosidl_typesupport_c.dir/rosidl_typesupport_c/simulator/msg/float_array__type_support.cpp.o[0m
[ 60%] [32m[1mLinking CXX shared library libsimulator__rosidl_typesupport_c.so[0m
[ 60%] Built target simulator__rosidl_typesupport_c
[35m[1mScanning dependencies of target simulator__rosidl_typesupport_fastrtps_c[0m
[ 63%] [32mBuilding CXX object CMakeFiles/simulator__rosidl_typesupport_fastrtps_c.dir/rosidl_typesupport_fastrtps_c/simulator/msg/detail/float_array__type_support_c.cpp.o[0m
[ 66%] [32m[1mLinking CXX shared library libsimulator__rosidl_typesupport_fastrtps_c.so[0m
[ 66%] Built target simulator__rosidl_typesupport_fastrtps_c
[35m[1mScanning dependencies of target simulator[0m
[ 66%] Built target simulator
[35m[1mScanning dependencies of target simple_car[0m
[35m[1mScanning dependencies of target simulator__py[0m
[ 69%] [34m[1mGenerating Python code for ROS interfaces[0m
[ 72%] [32mBuilding CXX object CMakeFiles/simple_car.dir/src/gazebo_plugins/simple_car.cpp.o[0m
[ 72%] Built target simulator__py
[35m[1mScanning dependencies of target simulator__python[0m
[ 75%] [32mBuilding C object CMakeFiles/simulator__python.dir/rosidl_generator_py/simulator/msg/_float_array_s.c.o[0m
[ 78%] [32m[1mLinking C shared library rosidl_generator_py/simulator/libsimulator__python.so[0m
[ 78%] Built target simulator__python
[35m[1mScanning dependencies of target simulator__rosidl_typesupport_c__pyext[0m
[ 81%] [32mBuilding C object CMakeFiles/simulator__rosidl_typesupport_c__pyext.dir/rosidl_generator_py/simulator/_simulator_s.ep.rosidl_typesupport_c.c.o[0m
[35m[1mScanning dependencies of target simulator__rosidl_typesupport_fastrtps_c__pyext[0m
[35m[1mScanning dependencies of target simulator__rosidl_typesupport_introspection_c__pyext[0m
[ 84%] [32mBuilding C object CMakeFiles/simulator__rosidl_typesupport_fastrtps_c__pyext.dir/rosidl_generator_py/simulator/_simulator_s.ep.rosidl_typesupport_fastrtps_c.c.o[0m
[ 87%] [32mBuilding C object CMakeFiles/simulator__rosidl_typesupport_introspection_c__pyext.dir/rosidl_generator_py/simulator/_simulator_s.ep.rosidl_typesupport_introspection_c.c.o[0m
[ 90%] [32m[1mLinking C shared library rosidl_generator_py/simulator/simulator_s__rosidl_typesupport_c.cpython-38-x86_64-linux-gnu.so[0m
[ 90%] Built target simulator__rosidl_typesupport_c__pyext
[ 93%] [32m[1mLinking C shared library rosidl_generator_py/simulator/simulator_s__rosidl_typesupport_introspection_c.cpython-38-x86_64-linux-gnu.so[0m
[ 96%] [32m[1mLinking CXX shared library rosidl_generator_py/simulator/simulator_s__rosidl_typesupport_fastrtps_c.cpython-38-x86_64-linux-gnu.so[0m
[ 96%] Built target simulator__rosidl_typesupport_fastrtps_c__pyext
[ 96%] Built target simulator__rosidl_typesupport_introspection_c__pyext
[100%] [32m[1mLinking CXX shared library libsimple_car.so[0m
[100%] Built target simple_car
-- Install configuration: ""
-- Installing: /home/cale/thesis-code/ws/src/install/simulator/share/ament_index/resource_index/rosidl_interfaces/simulator
-- Installing: /home/cale/thesis-code/ws/src/install/simulator/include/simulator
-- Installing: /home/cale/thesis-code/ws/src/install/simulator/include/simulator/msg
-- Installing: /home/cale/thesis-code/ws/src/install/simulator/include/simulator/msg/rosidl_generator_c__visibility_control.h
-- Installing: /home/cale/thesis-code/ws/src/install/simulator/include/simulator/msg/float_array.h
-- Installing: /home/cale/thesis-code/ws/src/install/simulator/include/simulator/msg/detail
-- Installing: /home/cale/thesis-code/ws/src/install/simulator/include/simulator/msg/detail/float_array__functions.c
-- Installing: /home/cale/thesis-code/ws/src/install/simulator/include/simulator/msg/detail/float_array__type_support.h
-- Installing: /home/cale/thesis-code/ws/src/install/simulator/include/simulator/msg/detail/float_array__functions.h
-- Installing: /home/cale/thesis-code/ws/src/install/simulator/include/simulator/msg/detail/float_array__struct.h
-- Installing: /home/cale/thesis-code/ws/src/install/simulator/share/simulator/environment/library_path.sh
-- Installing: /home/cale/thesis-code/ws/src/install/simulator/share/simulator/environment/library_path.dsv
-- Installing: /home/cale/thesis-code/ws/src/install/simulator/lib/libsimulator__rosidl_generator_c.so
-- Set runtime path of "/home/cale/thesis-code/ws/src/install/simulator/lib/libsimulator__rosidl_generator_c.so" to ""
-- Up-to-date: /home/cale/thesis-code/ws/src/install/simulator/include/simulator
-- Up-to-date: /home/cale/thesis-code/ws/src/install/simulator/include/simulator/msg
-- Up-to-date: /home/cale/thesis-code/ws/src/install/simulator/include/simulator/msg/detail
-- Installing: /home/cale/thesis-code/ws/src/install/simulator/include/simulator/msg/detail/float_array__rosidl_typesupport_fastrtps_c.h
-- Installing: /home/cale/thesis-code/ws/src/install/simulator/include/simulator/msg/rosidl_typesupport_fastrtps_c__visibility_control.h
-- Installing: /home/cale/thesis-code/ws/src/install/simulator/lib/libsimulator__rosidl_typesupport_fastrtps_c.so
-- Set runtime path of "/home/cale/thesis-code/ws/src/install/simulator/lib/libsimulator__rosidl_typesupport_fastrtps_c.so" to ""
-- Up-to-date: /home/cale/thesis-code/ws/src/install/simulator/include/simulator
-- Up-to-date: /home/cale/thesis-code/ws/src/install/simulator/include/simulator/msg
-- Installing: /home/cale/thesis-code/ws/src/install/simulator/include/simulator/msg/rosidl_typesupport_fastrtps_cpp__visibility_control.h
-- Up-to-date: /home/cale/thesis-code/ws/src/install/simulator/include/simulator/msg/detail
-- Installing: /home/cale/thesis-code/ws/src/install/simulator/include/simulator/msg/detail/float_array__rosidl_typesupport_fastrtps_cpp.hpp
-- Installing: /home/cale/thesis-code/ws/src/install/simulator/include/simulator/msg/detail/dds_fastrtps
-- Installing: /home/cale/thesis-code/ws/src/install/simulator/lib/libsimulator__rosidl_typesupport_fastrtps_cpp.so
-- Set runtime path of "/home/cale/thesis-code/ws/src/install/simulator/lib/libsimulator__rosidl_typesupport_fastrtps_cpp.so" to ""
-- Up-to-date: /home/cale/thesis-code/ws/src/install/simulator/include/simulator
-- Up-to-date: /home/cale/thesis-code/ws/src/install/simulator/include/simulator/msg
-- Up-to-date: /home/cale/thesis-code/ws/src/install/simulator/include/simulator/msg/detail
-- Installing: /home/cale/thesis-code/ws/src/install/simulator/include/simulator/msg/detail/float_array__type_support.c
-- Installing: /home/cale/thesis-code/ws/src/install/simulator/include/simulator/msg/detail/float_array__rosidl_typesupport_introspection_c.h
-- Installing: /home/cale/thesis-code/ws/src/install/simulator/include/simulator/msg/rosidl_typesupport_introspection_c__visibility_control.h
-- Installing: /home/cale/thesis-code/ws/src/install/simulator/lib/libsimulator__rosidl_typesupport_introspection_c.so
-- Set runtime path of "/home/cale/thesis-code/ws/src/install/simulator/lib/libsimulator__rosidl_typesupport_introspection_c.so" to ""
-- Installing: /home/cale/thesis-code/ws/src/install/simulator/lib/libsimulator__rosidl_typesupport_c.so
-- Set runtime path of "/home/cale/thesis-code/ws/src/install/simulator/lib/libsimulator__rosidl_typesupport_c.so" to ""
-- Up-to-date: /home/cale/thesis-code/ws/src/install/simulator/include/simulator
-- Up-to-date: /home/cale/thesis-code/ws/src/install/simulator/include/simulator/msg
-- Installing: /home/cale/thesis-code/ws/src/install/simulator/include/simulator/msg/float_array.hpp
-- Up-to-date: /home/cale/thesis-code/ws/src/install/simulator/include/simulator/msg/detail
-- Installing: /home/cale/thesis-code/ws/src/install/simulator/include/simulator/msg/detail/float_array__struct.hpp
-- Installing: /home/cale/thesis-code/ws/src/install/simulator/include/simulator/msg/detail/float_array__builder.hpp
-- Installing: /home/cale/thesis-code/ws/src/install/simulator/include/simulator/msg/detail/float_array__traits.hpp
-- Up-to-date: /home/cale/thesis-code/ws/src/install/simulator/include/simulator
-- Up-to-date: /home/cale/thesis-code/ws/src/install/simulator/include/simulator/msg
-- Up-to-date: /home/cale/thesis-code/ws/src/install/simulator/include/simulator/msg/detail
-- Installing: /home/cale/thesis-code/ws/src/install/simulator/include/simulator/msg/detail/float_array__type_support.cpp
-- Installing: /home/cale/thesis-code/ws/src/install/simulator/include/simulator/msg/detail/float_array__rosidl_typesupport_introspection_cpp.hpp
-- Installing: /home/cale/thesis-code/ws/src/install/simulator/lib/libsimulator__rosidl_typesupport_introspection_cpp.so
-- Set runtime path of "/home/cale/thesis-code/ws/src/install/simulator/lib/libsimulator__rosidl_typesupport_introspection_cpp.so" to ""
-- Installing: /home/cale/thesis-code/ws/src/install/simulator/lib/libsimulator__rosidl_typesupport_cpp.so
-- Set runtime path of "/home/cale/thesis-code/ws/src/install/simulator/lib/libsimulator__rosidl_typesupport_cpp.so" to ""
-- Installing: /home/cale/thesis-code/ws/src/install/simulator/share/simulator/environment/pythonpath.sh
-- Installing: /home/cale/thesis-code/ws/src/install/simulator/share/simulator/environment/pythonpath.dsv
-- Installing: /home/cale/thesis-code/ws/src/install/simulator/lib/python3.8/site-packages/simulator/__init__.py
Compiling '/home/cale/thesis-code/ws/src/install/simulator/lib/python3.8/site-packages/simulator/__init__.py'...
-- Installing: /home/cale/thesis-code/ws/src/install/simulator/lib/python3.8/site-packages/simulator/msg
-- Installing: /home/cale/thesis-code/ws/src/install/simulator/lib/python3.8/site-packages/simulator/msg/_float_array.py
-- Installing: /home/cale/thesis-code/ws/src/install/simulator/lib/python3.8/site-packages/simulator/msg/__init__.py
-- Installing: /home/cale/thesis-code/ws/src/install/simulator/lib/python3.8/site-packages/simulator/msg/_float_array_s.c
-- Installing: /home/cale/thesis-code/ws/src/install/simulator/lib/python3.8/site-packages/simulator/simulator_s__rosidl_typesupport_fastrtps_c.cpython-38-x86_64-linux-gnu.so
-- Set runtime path of "/home/cale/thesis-code/ws/src/install/simulator/lib/python3.8/site-packages/simulator/simulator_s__rosidl_typesupport_fastrtps_c.cpython-38-x86_64-linux-gnu.so" to ""
-- Installing: /home/cale/thesis-code/ws/src/install/simulator/lib/python3.8/site-packages/simulator/simulator_s__rosidl_typesupport_introspection_c.cpython-38-x86_64-linux-gnu.so
-- Set runtime path of "/home/cale/thesis-code/ws/src/install/simulator/lib/python3.8/site-packages/simulator/simulator_s__rosidl_typesupport_introspection_c.cpython-38-x86_64-linux-gnu.so" to ""
-- Installing: /home/cale/thesis-code/ws/src/install/simulator/lib/python3.8/site-packages/simulator/simulator_s__rosidl_typesupport_c.cpython-38-x86_64-linux-gnu.so
-- Set runtime path of "/home/cale/thesis-code/ws/src/install/simulator/lib/python3.8/site-packages/simulator/simulator_s__rosidl_typesupport_c.cpython-38-x86_64-linux-gnu.so" to ""
-- Installing: /home/cale/thesis-code/ws/src/install/simulator/lib/libsimulator__python.so
-- Set runtime path of "/home/cale/thesis-code/ws/src/install/simulator/lib/libsimulator__python.so" to ""
-- Installing: /home/cale/thesis-code/ws/src/install/simulator/share/simulator/msg/FloatArray.idl
-- Installing: /home/cale/thesis-code/ws/src/install/simulator/share/simulator/msg/FloatArray.msg
-- Installing: /home/cale/thesis-code/ws/src/install/simulator/lib/libsimple_car.so
-- Set runtime path of "/home/cale/thesis-code/ws/src/install/simulator/lib/libsimple_car.so" to ""
