[0.025s] Invoking command in '/home/cale/thesis-code/ws/src/build/simulator': /usr/bin/cmake /home/cale/thesis-code/ws/src/simulator -DCMAKE_INSTALL_PREFIX=/home/cale/thesis-code/ws/src/install/simulator
[0.181s] -- The C compiler identification is GNU 9.3.0
[0.291s] -- The CXX compiler identification is GNU 9.3.0
[0.303s] -- Check for working C compiler: /usr/bin/cc
[0.410s] -- Check for working C compiler: /usr/bin/cc -- works
[0.423s] -- Detecting C compiler ABI info
[0.524s] -- Detecting C compiler ABI info - done
[0.551s] -- Detecting C compile features
[0.552s] -- Detecting C compile features - done
[0.559s] -- Check for working CXX compiler: /usr/bin/c++
[0.653s] -- Check for working CXX compiler: /usr/bin/c++ -- works
[0.655s] -- Detecting CXX compiler ABI info
[0.754s] -- Detecting CXX compiler ABI info - done
[0.769s] -- Detecting CXX compile features
[0.770s] -- Detecting CXX compile features - done
[0.773s] -- Found ament_cmake: 0.9.8 (/opt/ros/foxy/share/ament_cmake/cmake)
[0.805s] -- Found PythonInterp: /usr/bin/python3 (found suitable version "3.8.5", minimum required is "3") 
[0.805s] -- Using PYTHON_EXECUTABLE: /usr/bin/python3
[1.026s] -- Found gazebo_ros: 3.5.0 (/opt/ros/foxy/share/gazebo_ros/cmake)
[1.094s] -- Using all available rosidl_typesupport_c: rosidl_typesupport_fastrtps_c;rosidl_typesupport_introspection_c
[1.105s] -- Found rosidl_adapter: 1.2.0 (/opt/ros/foxy/share/rosidl_adapter/cmake)
[1.205s] -- Found OpenSSL: /usr/lib/x86_64-linux-gnu/libcrypto.so (found version "1.1.1f")  
[1.239s] -- Found FastRTPS: /opt/ros/foxy/include  
[1.327s] -- Using all available rosidl_typesupport_cpp: rosidl_typesupport_fastrtps_cpp;rosidl_typesupport_introspection_cpp
[1.396s] -- Found rmw_implementation_cmake: 1.0.2 (/opt/ros/foxy/share/rmw_implementation_cmake/cmake)
[1.398s] -- Using RMW implementation 'rmw_fastrtps_cpp' as default
[1.398s] -- Looking for pthread.h
[1.493s] -- Looking for pthread.h - found
[1.493s] -- Performing Test CMAKE_HAVE_LIBC_PTHREAD
[1.582s] -- Performing Test CMAKE_HAVE_LIBC_PTHREAD - Failed
[1.582s] -- Looking for pthread_create in pthreads
[1.670s] -- Looking for pthread_create in pthreads - not found
[1.670s] -- Looking for pthread_create in pthread
[1.791s] -- Looking for pthread_create in pthread - found
[1.793s] -- Found Threads: TRUE  
[2.045s] -- Found PkgConfig: /usr/bin/pkg-config (found version "0.29.1") 
[2.051s] -- Checking for module 'bullet>=2.82'
[2.094s] --   Found bullet, version 2.88
[2.501s] -- Found ccd: /usr/include (found suitable version "2.0", minimum required is "2.0") 
[2.684s] -- Found fcl: /usr/include (found suitable version "0.5.0", minimum required is "0.3.2") 
[2.917s] -- Found assimp: /usr/include (found version "5.0.0") 
[2.980s] -- Found DART: /usr/include (Required is at least version "6.6") found components: dart 
[3.040s] -- Found Boost: /usr/lib/x86_64-linux-gnu/cmake/Boost-1.71.0/BoostConfig.cmake (found suitable version "1.71.0", minimum required is "1.40.0") found components: thread system filesystem program_options regex iostreams date_time 
[3.100s] -- Found Protobuf: /usr/lib/x86_64-linux-gnu/libprotobuf.so;-lpthread (found version "3.6.1") 
[3.113s] -- Looking for ignition-math6 -- found version 6.7.0
[3.124s] -- Searching for dependencies of ignition-math6
[3.127s] -- Looking for OGRE...
[3.127s] -- OGRE_PREFIX_WATCH changed.
[3.145s] -- Checking for module 'OGRE'
[3.219s] --   Found OGRE, version 1.9.0
[3.418s] -- Found Ogre Ghadamon (1.9.0)
[3.437s] -- Found OGRE: optimized;/usr/lib/x86_64-linux-gnu/libOgreMain.so;debug;/usr/lib/x86_64-linux-gnu/libOgreMain.so
[3.464s] -- Looking for OGRE_Paging...
[3.482s] -- Found OGRE_Paging: optimized;/usr/lib/x86_64-linux-gnu/libOgrePaging.so;debug;/usr/lib/x86_64-linux-gnu/libOgrePaging.so
[3.482s] -- Looking for OGRE_Terrain...
[3.498s] -- Found OGRE_Terrain: optimized;/usr/lib/x86_64-linux-gnu/libOgreTerrain.so;debug;/usr/lib/x86_64-linux-gnu/libOgreTerrain.so
[3.498s] -- Looking for OGRE_Property...
[3.510s] -- Found OGRE_Property: optimized;/usr/lib/x86_64-linux-gnu/libOgreProperty.so;debug;/usr/lib/x86_64-linux-gnu/libOgreProperty.so
[3.510s] -- Looking for OGRE_RTShaderSystem...
[3.529s] -- Found OGRE_RTShaderSystem: optimized;/usr/lib/x86_64-linux-gnu/libOgreRTShaderSystem.so;debug;/usr/lib/x86_64-linux-gnu/libOgreRTShaderSystem.so
[3.529s] -- Looking for OGRE_Volume...
[3.540s] -- Found OGRE_Volume: optimized;/usr/lib/x86_64-linux-gnu/libOgreVolume.so;debug;/usr/lib/x86_64-linux-gnu/libOgreVolume.so
[3.540s] -- Looking for OGRE_Overlay...
[3.563s] -- Found OGRE_Overlay: optimized;/usr/lib/x86_64-linux-gnu/libOgreOverlay.so;debug;/usr/lib/x86_64-linux-gnu/libOgreOverlay.so
[3.972s] -- Looking for ignition-math6 -- found version 6.7.0
[3.977s] -- Looking for ignition-transport8 -- found version 8.2.0
[3.977s] -- Searching for dependencies of ignition-transport8
[4.015s] -- Found Protobuf: /usr/lib/x86_64-linux-gnu/libprotobuf.so;-lpthread (found suitable version "3.6.1", minimum required is "3") 
[4.064s] -- Config-file not installed for ZeroMQ -- checking for pkg-config
[4.104s] -- Checking for module 'libzmq >= 4'
[4.176s] --   Found libzmq , version 4.3.2
[4.378s] -- Found ZeroMQ: TRUE (Required is at least version "4") 
[4.400s] -- Checking for module 'uuid'
[4.442s] --   Found uuid, version 2.34.0
[4.641s] -- Found UUID: TRUE  
[4.644s] -- Looking for ignition-msgs5 -- found version 5.6.0
[4.646s] -- Searching for dependencies of ignition-msgs5
[4.709s] -- Looking for ignition-math6 -- found version 6.7.0
[4.723s] -- Checking for module 'tinyxml2'
[4.823s] --   Found tinyxml2, version 6.2.0
[4.880s] -- Looking for ignition-msgs5 -- found version 5.6.0
[4.885s] -- Looking for ignition-common3 -- found version 3.10.0
[4.892s] -- Searching for dependencies of ignition-common3
[4.894s] -- Looking for dlfcn.h - found
[4.897s] -- Looking for libdl - found
[4.903s] -- Found DL: TRUE  
[4.926s] -- Searching for <ignition-common3> component [graphics]
[4.931s] -- Looking for ignition-common3-graphics -- found version 3.10.0
[4.934s] -- Searching for dependencies of ignition-common3-graphics
[4.937s] -- Looking for ignition-math6 -- found version 6.7.0
[4.952s] -- Looking for ignition-fuel_tools4 -- found version 4.3.0
[4.955s] -- Searching for dependencies of ignition-fuel_tools4
[5.369s] -- Found CURL: /usr/lib/x86_64-linux-gnu/libcurl.so (found version "7.68.0")  
[5.382s] -- Checking for module 'jsoncpp'
[5.492s] --   Found jsoncpp, version 1.7.4
[5.604s] -- Found JSONCPP: TRUE  
[5.613s] -- Checking for module 'libzip'
[5.679s] --   Found libzip, version 1.5.1
[5.813s] -- Found ZIP: TRUE  
[5.813s] -- Looking for ignition-common3 -- found version 3.10.0
[5.813s] -- Looking for ignition-msgs5 -- found version 5.6.0
[5.813s] -- Gazebo version: 11.3
[5.835s] -- Found geometry_msgs: 2.0.3 (/opt/ros/foxy/share/geometry_msgs/cmake)
[5.900s] -- Found rclpy: 1.0.5 (/opt/ros/foxy/share/rclpy/cmake)
[5.905s] -- Found rosidl_default_generators: 1.0.0 (/opt/ros/foxy/share/rosidl_default_generators/cmake)
[5.963s] -- Found PythonInterp: /usr/bin/python3 (found version "3.8.5") 
[6.128s] -- Found ament_cmake_ros: 0.9.0 (/opt/ros/foxy/share/ament_cmake_ros/cmake)
[6.286s] -- Using all available rosidl_typesupport_c: rosidl_typesupport_fastrtps_c;rosidl_typesupport_introspection_c
[6.312s] -- Using all available rosidl_typesupport_cpp: rosidl_typesupport_fastrtps_cpp;rosidl_typesupport_introspection_cpp
[6.372s] -- Found PythonInterp: /usr/bin/python3 (found suitable version "3.8.5", minimum required is "3.5") 
[6.377s] -- Found python_cmake_module: 0.8.0 (/opt/ros/foxy/share/python_cmake_module/cmake)
[6.435s] -- Found PythonLibs: /usr/lib/x86_64-linux-gnu/libpython3.8.so (found suitable version "3.8.5", minimum required is "3.5") 
[6.437s] -- Using PYTHON_EXECUTABLE: /usr/bin/python3
[6.438s] -- Using PYTHON_INCLUDE_DIRS: /usr/include/python3.8
[6.440s] -- Using PYTHON_LIBRARIES: /usr/lib/x86_64-linux-gnu/libpython3.8.so
[6.500s] -- Found PythonExtra: .so  
[6.665s] -- Found ament_lint_auto: 0.9.6 (/opt/ros/foxy/share/ament_lint_auto/cmake)
[6.729s] -- Added test 'copyright' to check source files copyright and LICENSE
[6.731s] -- Added test 'cppcheck' to perform static code analysis on C / C++ code
[6.742s] -- Configured cppcheck include dirs: /home/cale/thesis-code/ws/src/simulator/include
[6.742s] -- Configured cppcheck exclude dirs and/or files: 
[6.748s] -- Added test 'cpplint' to check C / C++ code against the Google style
[6.748s] -- Configured cpplint exclude dirs and/or files: 
[6.748s] -- Added test 'flake8' to check Python code syntax and style conventions
[6.758s] -- Added test 'lint_cmake' to check CMake code style
[6.758s] -- Added test 'pep257' to check Python code against some of the style conventions in PEP 257
[6.758s] -- Added test 'uncrustify' to check C / C++ code style
[6.771s] -- Configured uncrustify additional arguments: 
[6.771s] -- Added test 'xmllint' to check XML markup files
[6.784s] -- Configuring done
[6.903s] -- Generating done
[6.908s] -- Build files have been written to: /home/cale/thesis-code/ws/src/build/simulator
[6.939s] Invoked command in '/home/cale/thesis-code/ws/src/build/simulator' returned '0': /usr/bin/cmake /home/cale/thesis-code/ws/src/simulator -DCMAKE_INSTALL_PREFIX=/home/cale/thesis-code/ws/src/install/simulator
[6.941s] Invoking command in '/home/cale/thesis-code/ws/src/build/simulator': /usr/bin/cmake --build /home/cale/thesis-code/ws/src/build/simulator -- -j4 -l4
[7.031s] [35m[1mScanning dependencies of target simulator__cpp[0m
[7.032s] [  3%] [34m[1mGenerating C code for ROS interfaces[0m
[7.064s] [  6%] [34m[1mGenerating C++ code for ROS interfaces[0m
[7.485s] [  6%] Built target simulator__cpp
[7.500s] [  9%] [34m[1mGenerating C++ type support for eProsima Fast-RTPS[0m
[7.521s] [ 12%] [34m[1mGenerating C++ type support dispatch for ROS interfaces[0m
[7.540s] [35m[1mScanning dependencies of target simulator__rosidl_generator_c[0m
[7.555s] [ 15%] [34m[1mGenerating C++ introspection for ROS interfaces[0m
[7.596s] [ 18%] [32mBuilding C object CMakeFiles/simulator__rosidl_generator_c.dir/rosidl_generator_c/simulator/msg/detail/float_array__functions.c.o[0m
[7.771s] [ 21%] [32m[1mLinking C shared library libsimulator__rosidl_generator_c.so[0m
[7.893s] [ 21%] Built target simulator__rosidl_generator_c
[7.945s] [ 24%] [34m[1mGenerating C introspection for ROS interfaces[0m
[8.014s] [35m[1mScanning dependencies of target simulator__rosidl_typesupport_cpp[0m
[8.070s] [35m[1mScanning dependencies of target simulator__rosidl_typesupport_fastrtps_cpp[0m
[8.074s] [ 27%] [32mBuilding CXX object CMakeFiles/simulator__rosidl_typesupport_cpp.dir/rosidl_typesupport_cpp/simulator/msg/float_array__type_support.cpp.o[0m
[8.151s] [ 30%] [32mBuilding CXX object CMakeFiles/simulator__rosidl_typesupport_fastrtps_cpp.dir/rosidl_typesupport_fastrtps_cpp/simulator/msg/detail/dds_fastrtps/float_array__type_support.cpp.o[0m
[8.413s] [35m[1mScanning dependencies of target simulator__rosidl_typesupport_introspection_cpp[0m
[8.476s] [ 33%] [32mBuilding CXX object CMakeFiles/simulator__rosidl_typesupport_introspection_cpp.dir/rosidl_typesupport_introspection_cpp/simulator/msg/detail/float_array__type_support.cpp.o[0m
[8.567s] [35m[1mScanning dependencies of target simulator__rosidl_typesupport_introspection_c[0m
[8.644s] [ 36%] [32mBuilding C object CMakeFiles/simulator__rosidl_typesupport_introspection_c.dir/rosidl_typesupport_introspection_c/simulator/msg/detail/float_array__type_support.c.o[0m
[8.779s] [ 39%] [32m[1mLinking CXX shared library libsimulator__rosidl_typesupport_cpp.so[0m
[8.804s] [ 42%] [32m[1mLinking C shared library libsimulator__rosidl_typesupport_introspection_c.so[0m
[8.984s] [ 42%] Built target simulator__rosidl_typesupport_introspection_c
[9.036s] [ 42%] Built target simulator__rosidl_typesupport_cpp
[9.053s] [ 45%] [34m[1mGenerating C type support dispatch for ROS interfaces[0m
[9.620s] [ 48%] [32m[1mLinking CXX shared library libsimulator__rosidl_typesupport_introspection_cpp.so[0m
[9.740s] [ 51%] [32m[1mLinking CXX shared library libsimulator__rosidl_typesupport_fastrtps_cpp.so[0m
[9.932s] [ 51%] Built target simulator__rosidl_typesupport_fastrtps_cpp
[9.966s] [ 54%] [34m[1mGenerating C type support for eProsima Fast-RTPS[0m
[9.996s] [35m[1mScanning dependencies of target simulator__rosidl_typesupport_c[0m
[10.002s] [ 54%] Built target simulator__rosidl_typesupport_introspection_cpp
[10.050s] [ 57%] [32mBuilding CXX object CMakeFiles/simulator__rosidl_typesupport_c.dir/rosidl_typesupport_c/simulator/msg/float_array__type_support.cpp.o[0m
[10.125s] [ 60%] [32m[1mLinking CXX shared library libsimulator__rosidl_typesupport_c.so[0m
[10.219s] [ 60%] Built target simulator__rosidl_typesupport_c
[10.261s] [35m[1mScanning dependencies of target simulator__rosidl_typesupport_fastrtps_c[0m
[10.281s] [ 63%] [32mBuilding CXX object CMakeFiles/simulator__rosidl_typesupport_fastrtps_c.dir/rosidl_typesupport_fastrtps_c/simulator/msg/detail/float_array__type_support_c.cpp.o[0m
[10.705s] [ 66%] [32m[1mLinking CXX shared library libsimulator__rosidl_typesupport_fastrtps_c.so[0m
[10.852s] [ 66%] Built target simulator__rosidl_typesupport_fastrtps_c
[10.879s] [35m[1mScanning dependencies of target simulator[0m
[10.901s] [ 66%] Built target simulator
[10.914s] [35m[1mScanning dependencies of target simple_car[0m
[10.938s] [35m[1mScanning dependencies of target simulator__py[0m
[10.978s] [ 69%] [34m[1mGenerating Python code for ROS interfaces[0m
[11.331s] [ 72%] [32mBuilding CXX object CMakeFiles/simple_car.dir/src/gazebo_plugins/simple_car.cpp.o[0m
[11.886s] [ 72%] Built target simulator__py
[11.900s] [35m[1mScanning dependencies of target simulator__python[0m
[11.955s] [ 75%] [32mBuilding C object CMakeFiles/simulator__python.dir/rosidl_generator_py/simulator/msg/_float_array_s.c.o[0m
[12.088s] [ 78%] [32m[1mLinking C shared library rosidl_generator_py/simulator/libsimulator__python.so[0m
[12.137s] [ 78%] Built target simulator__python
[12.149s] [35m[1mScanning dependencies of target simulator__rosidl_typesupport_c__pyext[0m
[12.176s] [ 81%] [32mBuilding C object CMakeFiles/simulator__rosidl_typesupport_c__pyext.dir/rosidl_generator_py/simulator/_simulator_s.ep.rosidl_typesupport_c.c.o[0m
[12.186s] [35m[1mScanning dependencies of target simulator__rosidl_typesupport_fastrtps_c__pyext[0m
[12.226s] [35m[1mScanning dependencies of target simulator__rosidl_typesupport_introspection_c__pyext[0m
[12.266s] [ 84%] [32mBuilding C object CMakeFiles/simulator__rosidl_typesupport_fastrtps_c__pyext.dir/rosidl_generator_py/simulator/_simulator_s.ep.rosidl_typesupport_fastrtps_c.c.o[0m
[12.306s] [ 87%] [32mBuilding C object CMakeFiles/simulator__rosidl_typesupport_introspection_c__pyext.dir/rosidl_generator_py/simulator/_simulator_s.ep.rosidl_typesupport_introspection_c.c.o[0m
[12.334s] [ 90%] [32m[1mLinking C shared library rosidl_generator_py/simulator/simulator_s__rosidl_typesupport_c.cpython-38-x86_64-linux-gnu.so[0m
[12.430s] [ 90%] Built target simulator__rosidl_typesupport_c__pyext
[12.449s] [ 93%] [32m[1mLinking C shared library rosidl_generator_py/simulator/simulator_s__rosidl_typesupport_introspection_c.cpython-38-x86_64-linux-gnu.so[0m
[12.478s] [ 96%] [32m[1mLinking CXX shared library rosidl_generator_py/simulator/simulator_s__rosidl_typesupport_fastrtps_c.cpython-38-x86_64-linux-gnu.so[0m
[12.566s] [ 96%] Built target simulator__rosidl_typesupport_fastrtps_c__pyext
[12.568s] [ 96%] Built target simulator__rosidl_typesupport_introspection_c__pyext
[26.179s] [100%] [32m[1mLinking CXX shared library libsimple_car.so[0m
[27.095s] [100%] Built target simple_car
[27.109s] Invoked command in '/home/cale/thesis-code/ws/src/build/simulator' returned '0': /usr/bin/cmake --build /home/cale/thesis-code/ws/src/build/simulator -- -j4 -l4
[27.172s] Invoking command in '/home/cale/thesis-code/ws/src/build/simulator': /usr/bin/cmake --install /home/cale/thesis-code/ws/src/build/simulator
[27.183s] -- Install configuration: ""
[27.184s] -- Installing: /home/cale/thesis-code/ws/src/install/simulator/share/ament_index/resource_index/rosidl_interfaces/simulator
[27.184s] -- Installing: /home/cale/thesis-code/ws/src/install/simulator/include/simulator
[27.184s] -- Installing: /home/cale/thesis-code/ws/src/install/simulator/include/simulator/msg
[27.184s] -- Installing: /home/cale/thesis-code/ws/src/install/simulator/include/simulator/msg/rosidl_generator_c__visibility_control.h
[27.185s] -- Installing: /home/cale/thesis-code/ws/src/install/simulator/include/simulator/msg/float_array.h
[27.185s] -- Installing: /home/cale/thesis-code/ws/src/install/simulator/include/simulator/msg/detail
[27.185s] -- Installing: /home/cale/thesis-code/ws/src/install/simulator/include/simulator/msg/detail/float_array__functions.c
[27.185s] -- Installing: /home/cale/thesis-code/ws/src/install/simulator/include/simulator/msg/detail/float_array__type_support.h
[27.185s] -- Installing: /home/cale/thesis-code/ws/src/install/simulator/include/simulator/msg/detail/float_array__functions.h
[27.185s] -- Installing: /home/cale/thesis-code/ws/src/install/simulator/include/simulator/msg/detail/float_array__struct.h
[27.188s] -- Installing: /home/cale/thesis-code/ws/src/install/simulator/share/simulator/environment/library_path.sh
[27.189s] -- Installing: /home/cale/thesis-code/ws/src/install/simulator/share/simulator/environment/library_path.dsv
[27.189s] -- Installing: /home/cale/thesis-code/ws/src/install/simulator/lib/libsimulator__rosidl_generator_c.so
[27.189s] -- Set runtime path of "/home/cale/thesis-code/ws/src/install/simulator/lib/libsimulator__rosidl_generator_c.so" to ""
[27.189s] -- Up-to-date: /home/cale/thesis-code/ws/src/install/simulator/include/simulator
[27.189s] -- Up-to-date: /home/cale/thesis-code/ws/src/install/simulator/include/simulator/msg
[27.189s] -- Up-to-date: /home/cale/thesis-code/ws/src/install/simulator/include/simulator/msg/detail
[27.189s] -- Installing: /home/cale/thesis-code/ws/src/install/simulator/include/simulator/msg/detail/float_array__rosidl_typesupport_fastrtps_c.h
[27.189s] -- Installing: /home/cale/thesis-code/ws/src/install/simulator/include/simulator/msg/rosidl_typesupport_fastrtps_c__visibility_control.h
[27.189s] -- Installing: /home/cale/thesis-code/ws/src/install/simulator/lib/libsimulator__rosidl_typesupport_fastrtps_c.so
[27.190s] -- Set runtime path of "/home/cale/thesis-code/ws/src/install/simulator/lib/libsimulator__rosidl_typesupport_fastrtps_c.so" to ""
[27.190s] -- Up-to-date: /home/cale/thesis-code/ws/src/install/simulator/include/simulator
[27.190s] -- Up-to-date: /home/cale/thesis-code/ws/src/install/simulator/include/simulator/msg
[27.190s] -- Installing: /home/cale/thesis-code/ws/src/install/simulator/include/simulator/msg/rosidl_typesupport_fastrtps_cpp__visibility_control.h
[27.190s] -- Up-to-date: /home/cale/thesis-code/ws/src/install/simulator/include/simulator/msg/detail
[27.190s] -- Installing: /home/cale/thesis-code/ws/src/install/simulator/include/simulator/msg/detail/float_array__rosidl_typesupport_fastrtps_cpp.hpp
[27.190s] -- Installing: /home/cale/thesis-code/ws/src/install/simulator/include/simulator/msg/detail/dds_fastrtps
[27.190s] -- Installing: /home/cale/thesis-code/ws/src/install/simulator/lib/libsimulator__rosidl_typesupport_fastrtps_cpp.so
[27.190s] -- Set runtime path of "/home/cale/thesis-code/ws/src/install/simulator/lib/libsimulator__rosidl_typesupport_fastrtps_cpp.so" to ""
[27.190s] -- Up-to-date: /home/cale/thesis-code/ws/src/install/simulator/include/simulator
[27.190s] -- Up-to-date: /home/cale/thesis-code/ws/src/install/simulator/include/simulator/msg
[27.190s] -- Up-to-date: /home/cale/thesis-code/ws/src/install/simulator/include/simulator/msg/detail
[27.190s] -- Installing: /home/cale/thesis-code/ws/src/install/simulator/include/simulator/msg/detail/float_array__type_support.c
[27.191s] -- Installing: /home/cale/thesis-code/ws/src/install/simulator/include/simulator/msg/detail/float_array__rosidl_typesupport_introspection_c.h
[27.191s] -- Installing: /home/cale/thesis-code/ws/src/install/simulator/include/simulator/msg/rosidl_typesupport_introspection_c__visibility_control.h
[27.191s] -- Installing: /home/cale/thesis-code/ws/src/install/simulator/lib/libsimulator__rosidl_typesupport_introspection_c.so
[27.191s] -- Set runtime path of "/home/cale/thesis-code/ws/src/install/simulator/lib/libsimulator__rosidl_typesupport_introspection_c.so" to ""
[27.191s] -- Installing: /home/cale/thesis-code/ws/src/install/simulator/lib/libsimulator__rosidl_typesupport_c.so
[27.191s] -- Set runtime path of "/home/cale/thesis-code/ws/src/install/simulator/lib/libsimulator__rosidl_typesupport_c.so" to ""
[27.191s] -- Up-to-date: /home/cale/thesis-code/ws/src/install/simulator/include/simulator
[27.191s] -- Up-to-date: /home/cale/thesis-code/ws/src/install/simulator/include/simulator/msg
[27.191s] -- Installing: /home/cale/thesis-code/ws/src/install/simulator/include/simulator/msg/float_array.hpp
[27.191s] -- Up-to-date: /home/cale/thesis-code/ws/src/install/simulator/include/simulator/msg/detail
[27.191s] -- Installing: /home/cale/thesis-code/ws/src/install/simulator/include/simulator/msg/detail/float_array__struct.hpp
[27.191s] -- Installing: /home/cale/thesis-code/ws/src/install/simulator/include/simulator/msg/detail/float_array__builder.hpp
[27.191s] -- Installing: /home/cale/thesis-code/ws/src/install/simulator/include/simulator/msg/detail/float_array__traits.hpp
[27.191s] -- Up-to-date: /home/cale/thesis-code/ws/src/install/simulator/include/simulator
[27.192s] -- Up-to-date: /home/cale/thesis-code/ws/src/install/simulator/include/simulator/msg
[27.192s] -- Up-to-date: /home/cale/thesis-code/ws/src/install/simulator/include/simulator/msg/detail
[27.192s] -- Installing: /home/cale/thesis-code/ws/src/install/simulator/include/simulator/msg/detail/float_array__type_support.cpp
[27.192s] -- Installing: /home/cale/thesis-code/ws/src/install/simulator/include/simulator/msg/detail/float_array__rosidl_typesupport_introspection_cpp.hpp
[27.192s] -- Installing: /home/cale/thesis-code/ws/src/install/simulator/lib/libsimulator__rosidl_typesupport_introspection_cpp.so
[27.192s] -- Set runtime path of "/home/cale/thesis-code/ws/src/install/simulator/lib/libsimulator__rosidl_typesupport_introspection_cpp.so" to ""
[27.192s] -- Installing: /home/cale/thesis-code/ws/src/install/simulator/lib/libsimulator__rosidl_typesupport_cpp.so
[27.192s] -- Set runtime path of "/home/cale/thesis-code/ws/src/install/simulator/lib/libsimulator__rosidl_typesupport_cpp.so" to ""
[27.192s] -- Installing: /home/cale/thesis-code/ws/src/install/simulator/share/simulator/environment/pythonpath.sh
[27.192s] -- Installing: /home/cale/thesis-code/ws/src/install/simulator/share/simulator/environment/pythonpath.dsv
[27.192s] -- Installing: /home/cale/thesis-code/ws/src/install/simulator/lib/python3.8/site-packages/simulator/__init__.py
[27.225s] Compiling '/home/cale/thesis-code/ws/src/install/simulator/lib/python3.8/site-packages/simulator/__init__.py'...
[27.230s] -- Installing: /home/cale/thesis-code/ws/src/install/simulator/lib/python3.8/site-packages/simulator/msg
[27.230s] -- Installing: /home/cale/thesis-code/ws/src/install/simulator/lib/python3.8/site-packages/simulator/msg/_float_array.py
[27.230s] -- Installing: /home/cale/thesis-code/ws/src/install/simulator/lib/python3.8/site-packages/simulator/msg/__init__.py
[27.230s] -- Installing: /home/cale/thesis-code/ws/src/install/simulator/lib/python3.8/site-packages/simulator/msg/_float_array_s.c
[27.230s] -- Installing: /home/cale/thesis-code/ws/src/install/simulator/lib/python3.8/site-packages/simulator/simulator_s__rosidl_typesupport_fastrtps_c.cpython-38-x86_64-linux-gnu.so
[27.231s] -- Set runtime path of "/home/cale/thesis-code/ws/src/install/simulator/lib/python3.8/site-packages/simulator/simulator_s__rosidl_typesupport_fastrtps_c.cpython-38-x86_64-linux-gnu.so" to ""
[27.231s] -- Installing: /home/cale/thesis-code/ws/src/install/simulator/lib/python3.8/site-packages/simulator/simulator_s__rosidl_typesupport_introspection_c.cpython-38-x86_64-linux-gnu.so
[27.232s] -- Set runtime path of "/home/cale/thesis-code/ws/src/install/simulator/lib/python3.8/site-packages/simulator/simulator_s__rosidl_typesupport_introspection_c.cpython-38-x86_64-linux-gnu.so" to ""
[27.233s] -- Installing: /home/cale/thesis-code/ws/src/install/simulator/lib/python3.8/site-packages/simulator/simulator_s__rosidl_typesupport_c.cpython-38-x86_64-linux-gnu.so
[27.234s] -- Set runtime path of "/home/cale/thesis-code/ws/src/install/simulator/lib/python3.8/site-packages/simulator/simulator_s__rosidl_typesupport_c.cpython-38-x86_64-linux-gnu.so" to ""
[27.234s] -- Installing: /home/cale/thesis-code/ws/src/install/simulator/lib/libsimulator__python.so
[27.234s] -- Set runtime path of "/home/cale/thesis-code/ws/src/install/simulator/lib/libsimulator__python.so" to ""
[27.234s] -- Installing: /home/cale/thesis-code/ws/src/install/simulator/share/simulator/msg/FloatArray.idl
[27.235s] -- Installing: /home/cale/thesis-code/ws/src/install/simulator/share/simulator/msg/FloatArray.msg
[27.235s] -- Installing: /home/cale/thesis-code/ws/src/install/simulator/lib/libsimple_car.so
[27.243s] -- Set runtime path of "/home/cale/thesis-code/ws/src/install/simulator/lib/libsimple_car.so" to ""
[27.244s] CMake Error at cmake_install.cmake:385 (file):
[27.244s]   file INSTALL cannot find
[27.244s]   "/home/cale/thesis-code/ws/src/simulator/scripts/spawn_vehicle.py": No such
[27.244s]   file or directory.
[27.244s] 
[27.244s] 
[27.245s] Invoked command in '/home/cale/thesis-code/ws/src/build/simulator' returned '1': /usr/bin/cmake --install /home/cale/thesis-code/ws/src/build/simulator
