[0.428s] DEBUG:colcon:Command line arguments: ['/usr/bin/colcon', 'list', '-p', '--base-paths', '/home/cale/thesis-code/experiments']
[0.428s] DEBUG:colcon:Parsed command line arguments: Namespace(base_paths=['/home/cale/thesis-code/experiments'], build_base='build', ignore_user_meta=False, log_base=None, log_level=None, main=<bound method ListVerb.main of <colcon_package_information.verb.list.ListVerb object at 0x7f4ddcb82820>>, metas=['./colcon.meta'], names_only=False, packages_above=None, packages_above_and_dependencies=None, packages_above_depth=None, packages_end=None, packages_ignore=None, packages_ignore_regex=None, packages_select=None, packages_select_build_failed=False, packages_select_by_dep=None, packages_select_regex=None, packages_select_test_failures=False, packages_skip=None, packages_skip_build_finished=False, packages_skip_by_dep=None, packages_skip_regex=None, packages_skip_test_passed=False, packages_skip_up_to=None, packages_start=None, packages_up_to=None, packages_up_to_regex=None, paths=None, paths_only=True, topological_graph=False, topological_graph_density=False, topological_graph_dot=False, topological_graph_dot_cluster=False, topological_graph_dot_include_skipped=False, topological_graph_legend=False, topological_order=False, verb_extension=<colcon_package_information.verb.list.ListVerb object at 0x7f4ddcb82820>, verb_name='list', verb_parser=<colcon_defaults.argument_parser.defaults.DefaultArgumentsDecorator object at 0x7f4ddcb1abb0>)
[0.506s] Level 1:colcon.colcon_core.package_discovery:discover_packages(colcon_meta) check parameters
[0.506s] Level 1:colcon.colcon_core.package_discovery:discover_packages(recursive) check parameters
[0.506s] Level 1:colcon.colcon_core.package_discovery:discover_packages(ignore) check parameters
[0.506s] Level 1:colcon.colcon_core.package_discovery:discover_packages(path) check parameters
[0.506s] Level 1:colcon.colcon_core.package_discovery:discover_packages(recursive) discover
[0.506s] INFO:colcon.colcon_core.package_discovery:Crawling recursively for packages in '/home/cale/thesis-code/experiments'
[0.506s] Level 1:colcon.colcon_core.package_identification:_identify(/home/cale/thesis-code/experiments) by extensions ['ignore', 'ignore_ament_install']
[0.507s] Level 1:colcon.colcon_core.package_identification:_identify(/home/cale/thesis-code/experiments) by extension 'ignore'
[0.507s] Level 1:colcon.colcon_core.package_identification:_identify(/home/cale/thesis-code/experiments) by extension 'ignore_ament_install'
[0.507s] Level 1:colcon.colcon_core.package_identification:_identify(/home/cale/thesis-code/experiments) by extensions ['colcon_pkg']
[0.507s] Level 1:colcon.colcon_core.package_identification:_identify(/home/cale/thesis-code/experiments) by extension 'colcon_pkg'
[0.507s] Level 1:colcon.colcon_core.package_identification:_identify(/home/cale/thesis-code/experiments) by extensions ['colcon_meta']
[0.507s] Level 1:colcon.colcon_core.package_identification:_identify(/home/cale/thesis-code/experiments) by extension 'colcon_meta'
[0.507s] Level 1:colcon.colcon_core.package_identification:_identify(/home/cale/thesis-code/experiments) by extensions ['ros']
[0.507s] Level 1:colcon.colcon_core.package_identification:_identify(/home/cale/thesis-code/experiments) by extension 'ros'
[0.521s] Level 1:colcon.colcon_core.package_identification:_identify(/home/cale/thesis-code/experiments) by extensions ['cmake', 'python']
[0.521s] Level 1:colcon.colcon_core.package_identification:_identify(/home/cale/thesis-code/experiments) by extension 'cmake'
[0.521s] Level 1:colcon.colcon_core.package_identification:_identify(/home/cale/thesis-code/experiments) by extension 'python'
[0.521s] Level 1:colcon.colcon_core.package_identification:_identify(/home/cale/thesis-code/experiments) by extensions ['python_setup_py']
[0.521s] Level 1:colcon.colcon_core.package_identification:_identify(/home/cale/thesis-code/experiments) by extension 'python_setup_py'
[0.522s] Level 1:colcon.colcon_core.package_identification:_identify(/home/cale/thesis-code/experiments/controllers) by extensions ['ignore', 'ignore_ament_install']
[0.522s] Level 1:colcon.colcon_core.package_identification:_identify(/home/cale/thesis-code/experiments/controllers) by extension 'ignore'
[0.522s] Level 1:colcon.colcon_core.package_identification:_identify(/home/cale/thesis-code/experiments/controllers) by extension 'ignore_ament_install'
[0.522s] Level 1:colcon.colcon_core.package_identification:_identify(/home/cale/thesis-code/experiments/controllers) by extensions ['colcon_pkg']
[0.522s] Level 1:colcon.colcon_core.package_identification:_identify(/home/cale/thesis-code/experiments/controllers) by extension 'colcon_pkg'
[0.522s] Level 1:colcon.colcon_core.package_identification:_identify(/home/cale/thesis-code/experiments/controllers) by extensions ['colcon_meta']
[0.522s] Level 1:colcon.colcon_core.package_identification:_identify(/home/cale/thesis-code/experiments/controllers) by extension 'colcon_meta'
[0.522s] Level 1:colcon.colcon_core.package_identification:_identify(/home/cale/thesis-code/experiments/controllers) by extensions ['ros']
[0.522s] Level 1:colcon.colcon_core.package_identification:_identify(/home/cale/thesis-code/experiments/controllers) by extension 'ros'
[0.522s] Level 1:colcon.colcon_core.package_identification:_identify(/home/cale/thesis-code/experiments/controllers) by extensions ['cmake', 'python']
[0.522s] Level 1:colcon.colcon_core.package_identification:_identify(/home/cale/thesis-code/experiments/controllers) by extension 'cmake'
[0.522s] Level 1:colcon.colcon_core.package_identification:_identify(/home/cale/thesis-code/experiments/controllers) by extension 'python'
[0.522s] Level 1:colcon.colcon_core.package_identification:_identify(/home/cale/thesis-code/experiments/controllers) by extensions ['python_setup_py']
[0.522s] Level 1:colcon.colcon_core.package_identification:_identify(/home/cale/thesis-code/experiments/controllers) by extension 'python_setup_py'
[0.523s] Level 1:colcon.colcon_core.package_identification:_identify(/home/cale/thesis-code/experiments/controllers/__pycache__) by extensions ['ignore', 'ignore_ament_install']
[0.523s] Level 1:colcon.colcon_core.package_identification:_identify(/home/cale/thesis-code/experiments/controllers/__pycache__) by extension 'ignore'
[0.523s] Level 1:colcon.colcon_core.package_identification:_identify(/home/cale/thesis-code/experiments/controllers/__pycache__) by extension 'ignore_ament_install'
[0.523s] Level 1:colcon.colcon_core.package_identification:_identify(/home/cale/thesis-code/experiments/controllers/__pycache__) by extensions ['colcon_pkg']
[0.523s] Level 1:colcon.colcon_core.package_identification:_identify(/home/cale/thesis-code/experiments/controllers/__pycache__) by extension 'colcon_pkg'
[0.523s] Level 1:colcon.colcon_core.package_identification:_identify(/home/cale/thesis-code/experiments/controllers/__pycache__) by extensions ['colcon_meta']
[0.523s] Level 1:colcon.colcon_core.package_identification:_identify(/home/cale/thesis-code/experiments/controllers/__pycache__) by extension 'colcon_meta'
[0.523s] Level 1:colcon.colcon_core.package_identification:_identify(/home/cale/thesis-code/experiments/controllers/__pycache__) by extensions ['ros']
[0.523s] Level 1:colcon.colcon_core.package_identification:_identify(/home/cale/thesis-code/experiments/controllers/__pycache__) by extension 'ros'
[0.523s] Level 1:colcon.colcon_core.package_identification:_identify(/home/cale/thesis-code/experiments/controllers/__pycache__) by extensions ['cmake', 'python']
[0.523s] Level 1:colcon.colcon_core.package_identification:_identify(/home/cale/thesis-code/experiments/controllers/__pycache__) by extension 'cmake'
[0.523s] Level 1:colcon.colcon_core.package_identification:_identify(/home/cale/thesis-code/experiments/controllers/__pycache__) by extension 'python'
[0.523s] Level 1:colcon.colcon_core.package_identification:_identify(/home/cale/thesis-code/experiments/controllers/__pycache__) by extensions ['python_setup_py']
[0.523s] Level 1:colcon.colcon_core.package_identification:_identify(/home/cale/thesis-code/experiments/controllers/__pycache__) by extension 'python_setup_py'
[0.523s] Level 1:colcon.colcon_core.package_identification:_identify(/home/cale/thesis-code/experiments/controllers/log) by extensions ['ignore', 'ignore_ament_install']
[0.524s] Level 1:colcon.colcon_core.package_identification:_identify(/home/cale/thesis-code/experiments/controllers/log) by extension 'ignore'
[0.524s] Level 1:colcon.colcon_core.package_identification:_identify(/home/cale/thesis-code/experiments/controllers/log) ignored
[0.524s] Level 1:colcon.colcon_core.package_identification:_identify(/home/cale/thesis-code/experiments/log) by extensions ['ignore', 'ignore_ament_install']
[0.524s] Level 1:colcon.colcon_core.package_identification:_identify(/home/cale/thesis-code/experiments/log) by extension 'ignore'
[0.524s] Level 1:colcon.colcon_core.package_identification:_identify(/home/cale/thesis-code/experiments/log) ignored
[0.524s] Level 1:colcon.colcon_core.package_identification:_identify(/home/cale/thesis-code/experiments/lqr_on_kinematic_model) by extensions ['ignore', 'ignore_ament_install']
[0.524s] Level 1:colcon.colcon_core.package_identification:_identify(/home/cale/thesis-code/experiments/lqr_on_kinematic_model) by extension 'ignore'
[0.524s] Level 1:colcon.colcon_core.package_identification:_identify(/home/cale/thesis-code/experiments/lqr_on_kinematic_model) by extension 'ignore_ament_install'
[0.524s] Level 1:colcon.colcon_core.package_identification:_identify(/home/cale/thesis-code/experiments/lqr_on_kinematic_model) by extensions ['colcon_pkg']
[0.524s] Level 1:colcon.colcon_core.package_identification:_identify(/home/cale/thesis-code/experiments/lqr_on_kinematic_model) by extension 'colcon_pkg'
[0.524s] Level 1:colcon.colcon_core.package_identification:_identify(/home/cale/thesis-code/experiments/lqr_on_kinematic_model) by extensions ['colcon_meta']
[0.524s] Level 1:colcon.colcon_core.package_identification:_identify(/home/cale/thesis-code/experiments/lqr_on_kinematic_model) by extension 'colcon_meta'
[0.525s] Level 1:colcon.colcon_core.package_identification:_identify(/home/cale/thesis-code/experiments/lqr_on_kinematic_model) by extensions ['ros']
[0.525s] Level 1:colcon.colcon_core.package_identification:_identify(/home/cale/thesis-code/experiments/lqr_on_kinematic_model) by extension 'ros'
[0.525s] Level 1:colcon.colcon_core.package_identification:_identify(/home/cale/thesis-code/experiments/lqr_on_kinematic_model) by extensions ['cmake', 'python']
[0.525s] Level 1:colcon.colcon_core.package_identification:_identify(/home/cale/thesis-code/experiments/lqr_on_kinematic_model) by extension 'cmake'
[0.525s] Level 1:colcon.colcon_core.package_identification:_identify(/home/cale/thesis-code/experiments/lqr_on_kinematic_model) by extension 'python'
[0.525s] Level 1:colcon.colcon_core.package_identification:_identify(/home/cale/thesis-code/experiments/lqr_on_kinematic_model) by extensions ['python_setup_py']
[0.525s] Level 1:colcon.colcon_core.package_identification:_identify(/home/cale/thesis-code/experiments/lqr_on_kinematic_model) by extension 'python_setup_py'
[0.525s] Level 1:colcon.colcon_core.package_identification:_identify(/home/cale/thesis-code/experiments/lqr_on_kinematic_model/__pycache__) by extensions ['ignore', 'ignore_ament_install']
[0.525s] Level 1:colcon.colcon_core.package_identification:_identify(/home/cale/thesis-code/experiments/lqr_on_kinematic_model/__pycache__) by extension 'ignore'
[0.525s] Level 1:colcon.colcon_core.package_identification:_identify(/home/cale/thesis-code/experiments/lqr_on_kinematic_model/__pycache__) by extension 'ignore_ament_install'
[0.525s] Level 1:colcon.colcon_core.package_identification:_identify(/home/cale/thesis-code/experiments/lqr_on_kinematic_model/__pycache__) by extensions ['colcon_pkg']
[0.525s] Level 1:colcon.colcon_core.package_identification:_identify(/home/cale/thesis-code/experiments/lqr_on_kinematic_model/__pycache__) by extension 'colcon_pkg'
[0.525s] Level 1:colcon.colcon_core.package_identification:_identify(/home/cale/thesis-code/experiments/lqr_on_kinematic_model/__pycache__) by extensions ['colcon_meta']
[0.525s] Level 1:colcon.colcon_core.package_identification:_identify(/home/cale/thesis-code/experiments/lqr_on_kinematic_model/__pycache__) by extension 'colcon_meta'
[0.525s] Level 1:colcon.colcon_core.package_identification:_identify(/home/cale/thesis-code/experiments/lqr_on_kinematic_model/__pycache__) by extensions ['ros']
[0.525s] Level 1:colcon.colcon_core.package_identification:_identify(/home/cale/thesis-code/experiments/lqr_on_kinematic_model/__pycache__) by extension 'ros'
[0.526s] Level 1:colcon.colcon_core.package_identification:_identify(/home/cale/thesis-code/experiments/lqr_on_kinematic_model/__pycache__) by extensions ['cmake', 'python']
[0.526s] Level 1:colcon.colcon_core.package_identification:_identify(/home/cale/thesis-code/experiments/lqr_on_kinematic_model/__pycache__) by extension 'cmake'
[0.526s] Level 1:colcon.colcon_core.package_identification:_identify(/home/cale/thesis-code/experiments/lqr_on_kinematic_model/__pycache__) by extension 'python'
[0.526s] Level 1:colcon.colcon_core.package_identification:_identify(/home/cale/thesis-code/experiments/lqr_on_kinematic_model/__pycache__) by extensions ['python_setup_py']
[0.526s] Level 1:colcon.colcon_core.package_identification:_identify(/home/cale/thesis-code/experiments/lqr_on_kinematic_model/__pycache__) by extension 'python_setup_py'
[0.526s] Level 1:colcon.colcon_core.package_identification:_identify(/home/cale/thesis-code/experiments/lqr_on_kinematic_model/log) by extensions ['ignore', 'ignore_ament_install']
[0.526s] Level 1:colcon.colcon_core.package_identification:_identify(/home/cale/thesis-code/experiments/lqr_on_kinematic_model/log) by extension 'ignore'
[0.526s] Level 1:colcon.colcon_core.package_identification:_identify(/home/cale/thesis-code/experiments/lqr_on_kinematic_model/log) ignored
[0.526s] Level 1:colcon.colcon_core.package_identification:_identify(/home/cale/thesis-code/experiments/nmpc_tests) by extensions ['ignore', 'ignore_ament_install']
[0.526s] Level 1:colcon.colcon_core.package_identification:_identify(/home/cale/thesis-code/experiments/nmpc_tests) by extension 'ignore'
[0.526s] Level 1:colcon.colcon_core.package_identification:_identify(/home/cale/thesis-code/experiments/nmpc_tests) by extension 'ignore_ament_install'
[0.526s] Level 1:colcon.colcon_core.package_identification:_identify(/home/cale/thesis-code/experiments/nmpc_tests) by extensions ['colcon_pkg']
[0.526s] Level 1:colcon.colcon_core.package_identification:_identify(/home/cale/thesis-code/experiments/nmpc_tests) by extension 'colcon_pkg'
[0.526s] Level 1:colcon.colcon_core.package_identification:_identify(/home/cale/thesis-code/experiments/nmpc_tests) by extensions ['colcon_meta']
[0.526s] Level 1:colcon.colcon_core.package_identification:_identify(/home/cale/thesis-code/experiments/nmpc_tests) by extension 'colcon_meta'
[0.527s] Level 1:colcon.colcon_core.package_identification:_identify(/home/cale/thesis-code/experiments/nmpc_tests) by extensions ['ros']
[0.527s] Level 1:colcon.colcon_core.package_identification:_identify(/home/cale/thesis-code/experiments/nmpc_tests) by extension 'ros'
[0.527s] Level 1:colcon.colcon_core.package_identification:_identify(/home/cale/thesis-code/experiments/nmpc_tests) by extensions ['cmake', 'python']
[0.527s] Level 1:colcon.colcon_core.package_identification:_identify(/home/cale/thesis-code/experiments/nmpc_tests) by extension 'cmake'
[0.527s] Level 1:colcon.colcon_core.package_identification:_identify(/home/cale/thesis-code/experiments/nmpc_tests) by extension 'python'
[0.527s] Level 1:colcon.colcon_core.package_identification:_identify(/home/cale/thesis-code/experiments/nmpc_tests) by extensions ['python_setup_py']
[0.527s] Level 1:colcon.colcon_core.package_identification:_identify(/home/cale/thesis-code/experiments/nmpc_tests) by extension 'python_setup_py'
[0.527s] Level 1:colcon.colcon_core.package_identification:_identify(/home/cale/thesis-code/experiments/nmpc_tests/log) by extensions ['ignore', 'ignore_ament_install']
[0.527s] Level 1:colcon.colcon_core.package_identification:_identify(/home/cale/thesis-code/experiments/nmpc_tests/log) by extension 'ignore'
[0.527s] Level 1:colcon.colcon_core.package_identification:_identify(/home/cale/thesis-code/experiments/nmpc_tests/log) ignored
[0.527s] Level 1:colcon.colcon_core.package_discovery:discover_packages(recursive) using defaults
