[0.038s] Invoking command in '/home/cale/thesis-code/ws/src/build/simulator': CMAKE_PREFIX_PATH=${CMAKE_PREFIX_PATH}:/opt/ros/foxy /usr/bin/cmake --build /home/cale/thesis-code/ws/src/build/simulator -- -j4 -l4
[0.081s] -- Found ament_cmake: 0.9.8 (/opt/ros/foxy/share/ament_cmake/cmake)
[0.120s] -- Found PythonInterp: /usr/bin/python3 (found suitable version "3.8.5", minimum required is "3") 
[0.120s] -- Using PYTHON_EXECUTABLE: /usr/bin/python3
[0.363s] -- Override CMake install command with custom implementation using symlinks instead of copying resources
[0.372s] -- Found gazebo_ros: 3.5.0 (/opt/ros/foxy/share/gazebo_ros/cmake)
[0.421s] -- Using all available rosidl_typesupport_c: rosidl_typesupport_fastrtps_c;rosidl_typesupport_introspection_c
[0.426s] -- Found rosidl_adapter: 1.2.0 (/opt/ros/foxy/share/rosidl_adapter/cmake)
[0.574s] -- Using all available rosidl_typesupport_cpp: rosidl_typesupport_fastrtps_cpp;rosidl_typesupport_introspection_cpp
[0.635s] -- Found rmw_implementation_cmake: 1.0.2 (/opt/ros/foxy/share/rmw_implementation_cmake/cmake)
[0.637s] -- Using RMW implementation 'rmw_fastrtps_cpp' as default
[0.862s] -- Found DART: /usr/include (Required is at least version "6.6") found components: dart 
[0.892s] -- Found Protobuf: /usr/lib/x86_64-linux-gnu/libprotobuf.so;-lpthread (found version "3.6.1") 
[0.894s] -- Looking for ignition-math6 -- found version 6.7.0
[0.899s] -- Searching for dependencies of ignition-math6
[0.901s] -- Looking for OGRE...
[0.907s] -- Found Ogre Ghadamon (1.9.0)
[0.908s] -- Found OGRE: optimized;/usr/lib/x86_64-linux-gnu/libOgreMain.so;debug;/usr/lib/x86_64-linux-gnu/libOgreMain.so
[0.920s] -- Looking for OGRE_Paging...
[0.920s] -- Found OGRE_Paging: optimized;/usr/lib/x86_64-linux-gnu/libOgrePaging.so;debug;/usr/lib/x86_64-linux-gnu/libOgrePaging.so
[0.920s] -- Looking for OGRE_Terrain...
[0.920s] -- Found OGRE_Terrain: optimized;/usr/lib/x86_64-linux-gnu/libOgreTerrain.so;debug;/usr/lib/x86_64-linux-gnu/libOgreTerrain.so
[0.920s] -- Looking for OGRE_Property...
[0.920s] -- Found OGRE_Property: optimized;/usr/lib/x86_64-linux-gnu/libOgreProperty.so;debug;/usr/lib/x86_64-linux-gnu/libOgreProperty.so
[0.920s] -- Looking for OGRE_RTShaderSystem...
[0.920s] -- Found OGRE_RTShaderSystem: optimized;/usr/lib/x86_64-linux-gnu/libOgreRTShaderSystem.so;debug;/usr/lib/x86_64-linux-gnu/libOgreRTShaderSystem.so
[0.921s] -- Looking for OGRE_Volume...
[0.921s] -- Found OGRE_Volume: optimized;/usr/lib/x86_64-linux-gnu/libOgreVolume.so;debug;/usr/lib/x86_64-linux-gnu/libOgreVolume.so
[0.921s] -- Looking for OGRE_Overlay...
[0.921s] -- Found OGRE_Overlay: optimized;/usr/lib/x86_64-linux-gnu/libOgreOverlay.so;debug;/usr/lib/x86_64-linux-gnu/libOgreOverlay.so
[1.057s] -- Looking for ignition-math6 -- found version 6.7.0
[1.058s] -- Looking for ignition-transport8 -- found version 8.2.0
[1.058s] -- Searching for dependencies of ignition-transport8
[1.077s] -- Found Protobuf: /usr/lib/x86_64-linux-gnu/libprotobuf.so;-lpthread (found suitable version "3.6.1", minimum required is "3") 
[1.089s] -- Config-file not installed for ZeroMQ -- checking for pkg-config
[1.094s] -- Checking for module 'libzmq >= 4'
[1.110s] --   Found libzmq , version 4.3.2
[1.154s] -- Checking for module 'uuid'
[1.170s] --   Found uuid, version 2.34.0
[1.207s] -- Looking for ignition-msgs5 -- found version 5.6.0
[1.208s] -- Searching for dependencies of ignition-msgs5
[1.229s] -- Looking for ignition-math6 -- found version 6.7.0
[1.234s] -- Checking for module 'tinyxml2'
[1.250s] --   Found tinyxml2, version 6.2.0
[1.289s] -- Looking for ignition-msgs5 -- found version 5.6.0
[1.289s] -- Looking for ignition-common3 -- found version 3.10.0
[1.290s] -- Searching for dependencies of ignition-common3
[1.290s] -- Looking for dlfcn.h - found
[1.290s] -- Looking for libdl - found
[1.298s] -- Searching for <ignition-common3> component [graphics]
[1.299s] -- Looking for ignition-common3-graphics -- found version 3.10.0
[1.300s] -- Searching for dependencies of ignition-common3-graphics
[1.300s] -- Looking for ignition-math6 -- found version 6.7.0
[1.301s] -- Looking for ignition-fuel_tools4 -- found version 4.3.0
[1.302s] -- Searching for dependencies of ignition-fuel_tools4
[1.328s] -- Checking for module 'jsoncpp'
[1.344s] --   Found jsoncpp, version 1.7.4
[1.385s] -- Checking for module 'libzip'
[1.401s] --   Found libzip, version 1.5.1
[1.439s] -- Looking for ignition-common3 -- found version 3.10.0
[1.440s] -- Looking for ignition-msgs5 -- found version 5.6.0
[1.441s] -- Gazebo version: 11.3
[1.450s] -- Found geometry_msgs: 2.0.3 (/opt/ros/foxy/share/geometry_msgs/cmake)
[1.485s] -- Found rclpy: 1.0.5 (/opt/ros/foxy/share/rclpy/cmake)
[1.485s] -- Found rosidl_default_generators: 1.0.0 (/opt/ros/foxy/share/rosidl_default_generators/cmake)
[1.519s] -- Found PythonInterp: /usr/bin/python3 (found version "3.8.5") 
[1.637s] -- Found ament_cmake_ros: 0.9.0 (/opt/ros/foxy/share/ament_cmake_ros/cmake)
[1.738s] -- Using all available rosidl_typesupport_c: rosidl_typesupport_fastrtps_c;rosidl_typesupport_introspection_c
[1.747s] -- Using all available rosidl_typesupport_cpp: rosidl_typesupport_fastrtps_cpp;rosidl_typesupport_introspection_cpp
[1.770s] -- Found PythonInterp: /usr/bin/python3 (found suitable version "3.8.5", minimum required is "3.5") 
[1.770s] -- Found python_cmake_module: 0.8.0 (/opt/ros/foxy/share/python_cmake_module/cmake)
[1.797s] -- Using PYTHON_EXECUTABLE: /usr/bin/python3
[1.798s] -- Using PYTHON_INCLUDE_DIRS: /usr/include/python3.8
[1.798s] -- Using PYTHON_LIBRARIES: /usr/lib/x86_64-linux-gnu/libpython3.8.so
[1.847s] -- Found ament_lint_auto: 0.9.6 (/opt/ros/foxy/share/ament_lint_auto/cmake)
[1.862s] -- Added test 'copyright' to check source files copyright and LICENSE
[1.864s] -- Added test 'cppcheck' to perform static code analysis on C / C++ code
[1.866s] -- Configured cppcheck include dirs: /home/cale/thesis-code/ws/src/simulator/include
[1.866s] -- Configured cppcheck exclude dirs and/or files: 
[1.868s] -- Added test 'cpplint' to check C / C++ code against the Google style
[1.868s] -- Configured cpplint exclude dirs and/or files: 
[1.869s] -- Added test 'flake8' to check Python code syntax and style conventions
[1.869s] -- Added test 'lint_cmake' to check CMake code style
[1.870s] -- Added test 'pep257' to check Python code against some of the style conventions in PEP 257
[1.872s] -- Added test 'uncrustify' to check C / C++ code style
[1.873s] -- Configured uncrustify additional arguments: 
[1.873s] -- Added test 'xmllint' to check XML markup files
[1.880s] -- Configuring done
[1.946s] -- Generating done
[1.951s] -- Build files have been written to: /home/cale/thesis-code/ws/src/build/simulator
[1.994s] [  6%] Built target simulator__cpp
[1.994s] [ 12%] Built target simulator__rosidl_generator_c
[2.018s] [ 30%] Built target simulator__rosidl_typesupport_introspection_c
[2.018s] [ 30%] Built target simulator__rosidl_typesupport_c
[2.042s] [ 48%] Built target simulator__rosidl_typesupport_introspection_cpp
[2.042s] [ 48%] Built target simulator__rosidl_typesupport_cpp
[2.046s] [ 57%] Built target simulator__rosidl_typesupport_fastrtps_cpp
[2.072s] [ 66%] Built target simulator__rosidl_typesupport_fastrtps_c
[2.094s] [ 66%] Built target simulator
[2.118s] [ 69%] Built target simulator__py
[2.141s] [ 75%] Built target simple_car
[2.145s] [ 81%] Built target simulator__python
[2.173s] [100%] Built target simulator__rosidl_typesupport_c__pyext
[2.173s] [100%] Built target simulator__rosidl_typesupport_fastrtps_c__pyext
[2.173s] [100%] Built target simulator__rosidl_typesupport_introspection_c__pyext
[2.186s] Invoked command in '/home/cale/thesis-code/ws/src/build/simulator' returned '0': CMAKE_PREFIX_PATH=${CMAKE_PREFIX_PATH}:/opt/ros/foxy /usr/bin/cmake --build /home/cale/thesis-code/ws/src/build/simulator -- -j4 -l4
[2.242s] Invoking command in '/home/cale/thesis-code/ws/src/build/simulator': CMAKE_PREFIX_PATH=${CMAKE_PREFIX_PATH}:/opt/ros/foxy /usr/bin/cmake --install /home/cale/thesis-code/ws/src/build/simulator
[2.252s] -- Install configuration: ""
[2.253s] -- Execute custom install script
[2.253s] -- Up-to-date symlink: /home/cale/thesis-code/ws/src/install/simulator/share/ament_index/resource_index/rosidl_interfaces/simulator
[2.254s] -- Up-to-date symlink: /home/cale/thesis-code/ws/src/install/simulator/include/simulator/msg/detail/float_array__functions.h
[2.254s] -- Up-to-date symlink: /home/cale/thesis-code/ws/src/install/simulator/include/simulator/msg/detail/float_array__struct.h
[2.254s] -- Up-to-date symlink: /home/cale/thesis-code/ws/src/install/simulator/include/simulator/msg/detail/float_array__type_support.h
[2.254s] -- Up-to-date symlink: /home/cale/thesis-code/ws/src/install/simulator/include/simulator/msg/float_array.h
[2.255s] -- Up-to-date symlink: /home/cale/thesis-code/ws/src/install/simulator/include/simulator/msg/rosidl_generator_c__visibility_control.h
[2.255s] -- Up-to-date symlink: /home/cale/thesis-code/ws/src/install/simulator/share/simulator/environment/library_path.sh
[2.255s] -- Up-to-date symlink: /home/cale/thesis-code/ws/src/install/simulator/share/simulator/environment/library_path.dsv
[2.256s] -- Up-to-date symlink: /home/cale/thesis-code/ws/src/install/simulator/include/simulator/msg/detail/float_array__rosidl_typesupport_fastrtps_c.h
[2.256s] -- Up-to-date symlink: /home/cale/thesis-code/ws/src/install/simulator/include/simulator/msg/rosidl_typesupport_fastrtps_c__visibility_control.h
[2.257s] -- Up-to-date symlink: /home/cale/thesis-code/ws/src/install/simulator/lib/libsimulator__rosidl_typesupport_fastrtps_c.so
[2.257s] -- Up-to-date symlink: /home/cale/thesis-code/ws/src/install/simulator/include/simulator/msg/detail/float_array__rosidl_typesupport_fastrtps_cpp.hpp
[2.258s] -- Up-to-date symlink: /home/cale/thesis-code/ws/src/install/simulator/include/simulator/msg/rosidl_typesupport_fastrtps_cpp__visibility_control.h
[2.258s] -- Up-to-date symlink: /home/cale/thesis-code/ws/src/install/simulator/lib/libsimulator__rosidl_typesupport_fastrtps_cpp.so
[2.259s] -- Up-to-date symlink: /home/cale/thesis-code/ws/src/install/simulator/include/simulator/msg/detail/float_array__rosidl_typesupport_introspection_c.h
[2.259s] -- Up-to-date symlink: /home/cale/thesis-code/ws/src/install/simulator/include/simulator/msg/rosidl_typesupport_introspection_c__visibility_control.h
[2.259s] -- Up-to-date symlink: /home/cale/thesis-code/ws/src/install/simulator/include/simulator/msg/detail/float_array__builder.hpp
[2.260s] -- Up-to-date symlink: /home/cale/thesis-code/ws/src/install/simulator/include/simulator/msg/detail/float_array__struct.hpp
[2.260s] -- Up-to-date symlink: /home/cale/thesis-code/ws/src/install/simulator/include/simulator/msg/detail/float_array__traits.hpp
[2.260s] -- Up-to-date symlink: /home/cale/thesis-code/ws/src/install/simulator/include/simulator/msg/float_array.hpp
[2.261s] -- Up-to-date symlink: /home/cale/thesis-code/ws/src/install/simulator/include/simulator/msg/detail/float_array__rosidl_typesupport_introspection_cpp.hpp
[2.261s] -- Up-to-date symlink: /home/cale/thesis-code/ws/src/install/simulator/share/simulator/environment/pythonpath.sh
[2.261s] -- Up-to-date symlink: /home/cale/thesis-code/ws/src/install/simulator/share/simulator/environment/pythonpath.dsv
[2.262s] -- Symlinking: /home/cale/thesis-code/ws/src/install/simulator/lib/python3.8/site-packages/simulator/__init__.py
[2.272s] -- Up-to-date symlink: /home/cale/thesis-code/ws/src/install/simulator/lib/python3.8/site-packages/simulator/msg/__init__.py
[2.272s] -- Up-to-date symlink: /home/cale/thesis-code/ws/src/install/simulator/lib/python3.8/site-packages/simulator/msg/_float_array.py
[2.273s] -- Up-to-date symlink: /home/cale/thesis-code/ws/src/install/simulator/lib/python3.8/site-packages/simulator/simulator_s__rosidl_typesupport_fastrtps_c.cpython-38-x86_64-linux-gnu.so
[2.273s] -- Up-to-date symlink: /home/cale/thesis-code/ws/src/install/simulator/lib/python3.8/site-packages/simulator/simulator_s__rosidl_typesupport_introspection_c.cpython-38-x86_64-linux-gnu.so
[2.273s] -- Up-to-date symlink: /home/cale/thesis-code/ws/src/install/simulator/lib/python3.8/site-packages/simulator/simulator_s__rosidl_typesupport_c.cpython-38-x86_64-linux-gnu.so
[2.274s] -- Up-to-date symlink: /home/cale/thesis-code/ws/src/install/simulator/lib/libsimulator__python.so
[2.274s] -- Up-to-date symlink: /home/cale/thesis-code/ws/src/install/simulator/share/simulator/msg/FloatArray.idl
[2.274s] -- Up-to-date symlink: /home/cale/thesis-code/ws/src/install/simulator/share/simulator/msg/FloatArray.msg
[2.275s] -- Up-to-date symlink: /home/cale/thesis-code/ws/src/install/simulator/lib/libsimple_car.so
[2.275s] -- Symlinking: /home/cale/thesis-code/ws/src/install/simulator/lib/python3.8/site-packages/simulator/__init__.py
[2.285s] -- Up-to-date symlink: /home/cale/thesis-code/ws/src/install/simulator/lib/python3.8/site-packages/simulator/spawn_vehicle.py
[2.285s] -- Symlinking: /home/cale/thesis-code/ws/src/install/simulator/lib/simulator/spawn_vehicle.py
[2.295s] -- Up-to-date symlink: /home/cale/thesis-code/ws/src/install/simulator/share/ament_index/resource_index/package_run_dependencies/simulator
[2.296s] -- Up-to-date symlink: /home/cale/thesis-code/ws/src/install/simulator/share/ament_index/resource_index/parent_prefix_path/simulator
[2.296s] -- Up-to-date symlink: /home/cale/thesis-code/ws/src/install/simulator/share/simulator/environment/ament_prefix_path.sh
[2.296s] -- Up-to-date symlink: /home/cale/thesis-code/ws/src/install/simulator/share/simulator/environment/ament_prefix_path.dsv
[2.297s] -- Up-to-date symlink: /home/cale/thesis-code/ws/src/install/simulator/share/simulator/environment/path.sh
[2.297s] -- Up-to-date symlink: /home/cale/thesis-code/ws/src/install/simulator/share/simulator/environment/path.dsv
[2.297s] -- Up-to-date symlink: /home/cale/thesis-code/ws/src/install/simulator/share/simulator/local_setup.bash
[2.297s] -- Up-to-date symlink: /home/cale/thesis-code/ws/src/install/simulator/share/simulator/local_setup.sh
[2.298s] -- Up-to-date symlink: /home/cale/thesis-code/ws/src/install/simulator/share/simulator/local_setup.zsh
[2.298s] -- Up-to-date symlink: /home/cale/thesis-code/ws/src/install/simulator/share/simulator/local_setup.dsv
[2.298s] -- Symlinking: /home/cale/thesis-code/ws/src/install/simulator/share/simulator/package.dsv
[2.309s] -- Up-to-date symlink: /home/cale/thesis-code/ws/src/install/simulator/share/ament_index/resource_index/packages/simulator
[2.309s] -- Up-to-date symlink: /home/cale/thesis-code/ws/src/install/simulator/share/simulator/cmake/rosidl_cmake-extras.cmake
[2.309s] -- Up-to-date symlink: /home/cale/thesis-code/ws/src/install/simulator/share/simulator/cmake/ament_cmake_export_dependencies-extras.cmake
[2.312s] -- Up-to-date symlink: /home/cale/thesis-code/ws/src/install/simulator/share/simulator/cmake/ament_cmake_export_libraries-extras.cmake
[2.312s] -- Up-to-date symlink: /home/cale/thesis-code/ws/src/install/simulator/share/simulator/cmake/ament_cmake_export_targets-extras.cmake
[2.312s] -- Up-to-date symlink: /home/cale/thesis-code/ws/src/install/simulator/share/simulator/cmake/ament_cmake_export_include_directories-extras.cmake
[2.312s] -- Up-to-date symlink: /home/cale/thesis-code/ws/src/install/simulator/share/simulator/cmake/rosidl_cmake_export_typesupport_libraries-extras.cmake
[2.312s] -- Up-to-date symlink: /home/cale/thesis-code/ws/src/install/simulator/share/simulator/cmake/rosidl_cmake_export_typesupport_targets-extras.cmake
[2.312s] -- Up-to-date symlink: /home/cale/thesis-code/ws/src/install/simulator/share/simulator/cmake/simulatorConfig.cmake
[2.312s] -- Up-to-date symlink: /home/cale/thesis-code/ws/src/install/simulator/share/simulator/cmake/simulatorConfig-version.cmake
[2.312s] -- Up-to-date symlink: /home/cale/thesis-code/ws/src/install/simulator/share/simulator/package.xml
[2.313s] -- Up-to-date: /home/cale/thesis-code/ws/src/install/simulator/lib/libsimulator__rosidl_generator_c.so
[2.313s] -- Up-to-date: /home/cale/thesis-code/ws/src/install/simulator/lib/libsimulator__rosidl_typesupport_introspection_c.so
[2.314s] -- Up-to-date: /home/cale/thesis-code/ws/src/install/simulator/lib/libsimulator__rosidl_typesupport_c.so
[2.314s] -- Up-to-date: /home/cale/thesis-code/ws/src/install/simulator/lib/libsimulator__rosidl_typesupport_introspection_cpp.so
[2.319s] -- Up-to-date: /home/cale/thesis-code/ws/src/install/simulator/lib/libsimulator__rosidl_typesupport_cpp.so
[2.378s] Listing '/home/cale/thesis-code/ws/src/install/simulator/lib/python3.8/site-packages/simulator'...
[2.378s] Listing '/home/cale/thesis-code/ws/src/install/simulator/lib/python3.8/site-packages/simulator/msg'...
[2.383s] -- Up-to-date: /home/cale/thesis-code/ws/src/install/simulator/share/simulator/cmake/simulator__rosidl_generator_cExport.cmake
[2.383s] -- Installing: /home/cale/thesis-code/ws/src/install/simulator/share/simulator/cmake/simulator__rosidl_generator_cExport-noconfig.cmake
[2.383s] -- Up-to-date: /home/cale/thesis-code/ws/src/install/simulator/share/simulator/cmake/simulator__rosidl_typesupport_introspection_cExport.cmake
[2.383s] -- Installing: /home/cale/thesis-code/ws/src/install/simulator/share/simulator/cmake/simulator__rosidl_typesupport_introspection_cExport-noconfig.cmake
[2.383s] -- Up-to-date: /home/cale/thesis-code/ws/src/install/simulator/share/simulator/cmake/simulator__rosidl_typesupport_cExport.cmake
[2.383s] -- Installing: /home/cale/thesis-code/ws/src/install/simulator/share/simulator/cmake/simulator__rosidl_typesupport_cExport-noconfig.cmake
[2.384s] -- Up-to-date: /home/cale/thesis-code/ws/src/install/simulator/share/simulator/cmake/simulator__rosidl_generator_cppExport.cmake
[2.384s] -- Up-to-date: /home/cale/thesis-code/ws/src/install/simulator/share/simulator/cmake/simulator__rosidl_typesupport_introspection_cppExport.cmake
[2.384s] -- Installing: /home/cale/thesis-code/ws/src/install/simulator/share/simulator/cmake/simulator__rosidl_typesupport_introspection_cppExport-noconfig.cmake
[2.384s] -- Up-to-date: /home/cale/thesis-code/ws/src/install/simulator/share/simulator/cmake/simulator__rosidl_typesupport_cppExport.cmake
[2.384s] -- Installing: /home/cale/thesis-code/ws/src/install/simulator/share/simulator/cmake/simulator__rosidl_typesupport_cppExport-noconfig.cmake
[2.388s] Invoked command in '/home/cale/thesis-code/ws/src/build/simulator' returned '0': CMAKE_PREFIX_PATH=${CMAKE_PREFIX_PATH}:/opt/ros/foxy /usr/bin/cmake --install /home/cale/thesis-code/ws/src/build/simulator
