[0.145s] DEBUG:colcon:Command line arguments: ['/usr/bin/colcon', 'build', '--symlink-install']
[0.145s] DEBUG:colcon:Parsed command line arguments: Namespace(ament_cmake_args=None, base_paths=['.'], build_base='build', catkin_cmake_args=None, catkin_skip_building_tests=False, cmake_args=None, cmake_clean_cache=False, cmake_clean_first=False, cmake_force_configure=False, cmake_target=None, cmake_target_skip_unavailable=False, continue_on_error=False, event_handlers=None, executor='parallel', ignore_user_meta=False, install_base='install', log_base=None, log_level=None, main=<bound method BuildVerb.main of <colcon_core.verb.build.BuildVerb object at 0x7f6c28d84850>>, merge_install=False, metas=['./colcon.meta'], packages_above=None, packages_above_and_dependencies=None, packages_above_depth=None, packages_end=None, packages_ignore=None, packages_ignore_regex=None, packages_select=None, packages_select_build_failed=False, packages_select_by_dep=None, packages_select_regex=None, packages_select_test_failures=False, packages_skip=None, packages_skip_build_finished=False, packages_skip_by_dep=None, packages_skip_regex=None, packages_skip_test_passed=False, packages_skip_up_to=None, packages_start=None, packages_up_to=None, packages_up_to_regex=None, parallel_workers=4, paths=None, symlink_install=True, test_result_base=None, verb_extension=<colcon_core.verb.build.BuildVerb object at 0x7f6c28d84850>, verb_name='build', verb_parser=<colcon_defaults.argument_parser.defaults.DefaultArgumentsDecorator object at 0x7f6c28d84dc0>)
[0.151s] Level 1:colcon.colcon_core.package_discovery:discover_packages(colcon_meta) check parameters
[0.151s] Level 1:colcon.colcon_core.package_discovery:discover_packages(recursive) check parameters
[0.151s] Level 1:colcon.colcon_core.package_discovery:discover_packages(ignore) check parameters
[0.151s] Level 1:colcon.colcon_core.package_discovery:discover_packages(path) check parameters
[0.151s] Level 1:colcon.colcon_core.package_discovery:discover_packages(colcon_meta) discover
[0.151s] Level 1:colcon.colcon_core.package_discovery:discover_packages(recursive) discover
[0.151s] INFO:colcon.colcon_core.package_discovery:Crawling recursively for packages in '/home/cale/thesis-code/ws/src'
[0.151s] Level 1:colcon.colcon_core.package_identification:_identify(.) by extensions ['ignore', 'ignore_ament_install']
[0.151s] Level 1:colcon.colcon_core.package_identification:_identify(.) by extension 'ignore'
[0.152s] Level 1:colcon.colcon_core.package_identification:_identify(.) by extension 'ignore_ament_install'
[0.152s] Level 1:colcon.colcon_core.package_identification:_identify(.) by extensions ['colcon_pkg']
[0.152s] Level 1:colcon.colcon_core.package_identification:_identify(.) by extension 'colcon_pkg'
[0.152s] Level 1:colcon.colcon_core.package_identification:_identify(.) by extensions ['colcon_meta']
[0.152s] Level 1:colcon.colcon_core.package_identification:_identify(.) by extension 'colcon_meta'
[0.152s] Level 1:colcon.colcon_core.package_identification:_identify(.) by extensions ['ros']
[0.152s] Level 1:colcon.colcon_core.package_identification:_identify(.) by extension 'ros'
[0.163s] Level 1:colcon.colcon_core.package_identification:_identify(.) by extensions ['cmake', 'python']
[0.163s] Level 1:colcon.colcon_core.package_identification:_identify(.) by extension 'cmake'
[0.163s] Level 1:colcon.colcon_core.package_identification:_identify(.) by extension 'python'
[0.163s] Level 1:colcon.colcon_core.package_identification:_identify(.) by extensions ['python_setup_py']
[0.163s] Level 1:colcon.colcon_core.package_identification:_identify(.) by extension 'python_setup_py'
[0.163s] Level 1:colcon.colcon_core.package_identification:_identify(build) by extensions ['ignore', 'ignore_ament_install']
[0.163s] Level 1:colcon.colcon_core.package_identification:_identify(build) by extension 'ignore'
[0.163s] Level 1:colcon.colcon_core.package_identification:_identify(build) ignored
[0.164s] Level 1:colcon.colcon_core.package_identification:_identify(install) by extensions ['ignore', 'ignore_ament_install']
[0.164s] Level 1:colcon.colcon_core.package_identification:_identify(install) by extension 'ignore'
[0.164s] Level 1:colcon.colcon_core.package_identification:_identify(install) ignored
[0.164s] Level 1:colcon.colcon_core.package_identification:_identify(log) by extensions ['ignore', 'ignore_ament_install']
[0.164s] Level 1:colcon.colcon_core.package_identification:_identify(log) by extension 'ignore'
[0.164s] Level 1:colcon.colcon_core.package_identification:_identify(log) ignored
[0.164s] Level 1:colcon.colcon_core.package_identification:_identify(more_interfaces) by extensions ['ignore', 'ignore_ament_install']
[0.164s] Level 1:colcon.colcon_core.package_identification:_identify(more_interfaces) by extension 'ignore'
[0.164s] Level 1:colcon.colcon_core.package_identification:_identify(more_interfaces) by extension 'ignore_ament_install'
[0.164s] Level 1:colcon.colcon_core.package_identification:_identify(more_interfaces) by extensions ['colcon_pkg']
[0.165s] Level 1:colcon.colcon_core.package_identification:_identify(more_interfaces) by extension 'colcon_pkg'
[0.165s] Level 1:colcon.colcon_core.package_identification:_identify(more_interfaces) by extensions ['colcon_meta']
[0.165s] Level 1:colcon.colcon_core.package_identification:_identify(more_interfaces) by extension 'colcon_meta'
[0.165s] Level 1:colcon.colcon_core.package_identification:_identify(more_interfaces) by extensions ['ros']
[0.165s] Level 1:colcon.colcon_core.package_identification:_identify(more_interfaces) by extension 'ros'
[0.167s] DEBUG:colcon.colcon_core.package_identification:Package 'more_interfaces' with type 'ros.ament_cmake' and name 'more_interfaces'
[0.167s] Level 1:colcon.colcon_core.package_identification:_identify(simulator) by extensions ['ignore', 'ignore_ament_install']
[0.167s] Level 1:colcon.colcon_core.package_identification:_identify(simulator) by extension 'ignore'
[0.168s] Level 1:colcon.colcon_core.package_identification:_identify(simulator) by extension 'ignore_ament_install'
[0.168s] Level 1:colcon.colcon_core.package_identification:_identify(simulator) by extensions ['colcon_pkg']
[0.168s] Level 1:colcon.colcon_core.package_identification:_identify(simulator) by extension 'colcon_pkg'
[0.168s] Level 1:colcon.colcon_core.package_identification:_identify(simulator) by extensions ['colcon_meta']
[0.168s] Level 1:colcon.colcon_core.package_identification:_identify(simulator) by extension 'colcon_meta'
[0.168s] Level 1:colcon.colcon_core.package_identification:_identify(simulator) by extensions ['ros']
[0.168s] Level 1:colcon.colcon_core.package_identification:_identify(simulator) by extension 'ros'
[0.169s] DEBUG:colcon.colcon_core.package_identification:Package 'simulator' with type 'ros.ament_cmake' and name 'simulator'
[0.169s] Level 1:colcon.colcon_core.package_identification:_identify(tuts) by extensions ['ignore', 'ignore_ament_install']
[0.169s] Level 1:colcon.colcon_core.package_identification:_identify(tuts) by extension 'ignore'
[0.169s] Level 1:colcon.colcon_core.package_identification:_identify(tuts) by extension 'ignore_ament_install'
[0.169s] Level 1:colcon.colcon_core.package_identification:_identify(tuts) by extensions ['colcon_pkg']
[0.169s] Level 1:colcon.colcon_core.package_identification:_identify(tuts) by extension 'colcon_pkg'
[0.169s] Level 1:colcon.colcon_core.package_identification:_identify(tuts) by extensions ['colcon_meta']
[0.169s] Level 1:colcon.colcon_core.package_identification:_identify(tuts) by extension 'colcon_meta'
[0.169s] Level 1:colcon.colcon_core.package_identification:_identify(tuts) by extensions ['ros']
[0.169s] Level 1:colcon.colcon_core.package_identification:_identify(tuts) by extension 'ros'
[0.170s] DEBUG:colcon.colcon_core.package_identification:Package 'tuts' with type 'ros.ament_cmake' and name 'tuts'
[0.170s] Level 1:colcon.colcon_core.package_discovery:discover_packages(recursive) using defaults
[0.170s] Level 1:colcon.colcon_core.package_discovery:discover_packages(ignore) discover
[0.170s] Level 1:colcon.colcon_core.package_discovery:discover_packages(ignore) using defaults
[0.170s] Level 1:colcon.colcon_core.package_discovery:discover_packages(path) discover
[0.170s] Level 1:colcon.colcon_core.package_discovery:discover_packages(path) using defaults
[0.190s] Level 5:colcon.colcon_core.verb:set package 'more_interfaces' build argument 'cmake_args' from command line to 'None'
[0.190s] Level 5:colcon.colcon_core.verb:set package 'more_interfaces' build argument 'cmake_target' from command line to 'None'
[0.190s] Level 5:colcon.colcon_core.verb:set package 'more_interfaces' build argument 'cmake_target_skip_unavailable' from command line to 'False'
[0.190s] Level 5:colcon.colcon_core.verb:set package 'more_interfaces' build argument 'cmake_clean_cache' from command line to 'False'
[0.190s] Level 5:colcon.colcon_core.verb:set package 'more_interfaces' build argument 'cmake_clean_first' from command line to 'False'
[0.190s] Level 5:colcon.colcon_core.verb:set package 'more_interfaces' build argument 'cmake_force_configure' from command line to 'False'
[0.190s] Level 5:colcon.colcon_core.verb:set package 'more_interfaces' build argument 'ament_cmake_args' from command line to 'None'
[0.190s] Level 5:colcon.colcon_core.verb:set package 'more_interfaces' build argument 'catkin_cmake_args' from command line to 'None'
[0.190s] Level 5:colcon.colcon_core.verb:set package 'more_interfaces' build argument 'catkin_skip_building_tests' from command line to 'False'
[0.190s] DEBUG:colcon.colcon_core.verb:Building package 'more_interfaces' with the following arguments: {'ament_cmake_args': None, 'build_base': '/home/cale/thesis-code/ws/src/build/more_interfaces', 'catkin_cmake_args': None, 'catkin_skip_building_tests': False, 'cmake_args': None, 'cmake_clean_cache': False, 'cmake_clean_first': False, 'cmake_force_configure': False, 'cmake_target': None, 'cmake_target_skip_unavailable': False, 'install_base': '/home/cale/thesis-code/ws/src/install/more_interfaces', 'merge_install': False, 'path': '/home/cale/thesis-code/ws/src/more_interfaces', 'symlink_install': True, 'test_result_base': None}
[0.193s] Level 5:colcon.colcon_core.verb:set package 'simulator' build argument 'cmake_args' from command line to 'None'
[0.193s] Level 5:colcon.colcon_core.verb:set package 'simulator' build argument 'cmake_target' from command line to 'None'
[0.193s] Level 5:colcon.colcon_core.verb:set package 'simulator' build argument 'cmake_target_skip_unavailable' from command line to 'False'
[0.193s] Level 5:colcon.colcon_core.verb:set package 'simulator' build argument 'cmake_clean_cache' from command line to 'False'
[0.193s] Level 5:colcon.colcon_core.verb:set package 'simulator' build argument 'cmake_clean_first' from command line to 'False'
[0.193s] Level 5:colcon.colcon_core.verb:set package 'simulator' build argument 'cmake_force_configure' from command line to 'False'
[0.193s] Level 5:colcon.colcon_core.verb:set package 'simulator' build argument 'ament_cmake_args' from command line to 'None'
[0.193s] Level 5:colcon.colcon_core.verb:set package 'simulator' build argument 'catkin_cmake_args' from command line to 'None'
[0.193s] Level 5:colcon.colcon_core.verb:set package 'simulator' build argument 'catkin_skip_building_tests' from command line to 'False'
[0.193s] DEBUG:colcon.colcon_core.verb:Building package 'simulator' with the following arguments: {'ament_cmake_args': None, 'build_base': '/home/cale/thesis-code/ws/src/build/simulator', 'catkin_cmake_args': None, 'catkin_skip_building_tests': False, 'cmake_args': None, 'cmake_clean_cache': False, 'cmake_clean_first': False, 'cmake_force_configure': False, 'cmake_target': None, 'cmake_target_skip_unavailable': False, 'install_base': '/home/cale/thesis-code/ws/src/install/simulator', 'merge_install': False, 'path': '/home/cale/thesis-code/ws/src/simulator', 'symlink_install': True, 'test_result_base': None}
[0.196s] Level 5:colcon.colcon_core.verb:set package 'tuts' build argument 'cmake_args' from command line to 'None'
[0.196s] Level 5:colcon.colcon_core.verb:set package 'tuts' build argument 'cmake_target' from command line to 'None'
[0.196s] Level 5:colcon.colcon_core.verb:set package 'tuts' build argument 'cmake_target_skip_unavailable' from command line to 'False'
[0.196s] Level 5:colcon.colcon_core.verb:set package 'tuts' build argument 'cmake_clean_cache' from command line to 'False'
[0.196s] Level 5:colcon.colcon_core.verb:set package 'tuts' build argument 'cmake_clean_first' from command line to 'False'
[0.196s] Level 5:colcon.colcon_core.verb:set package 'tuts' build argument 'cmake_force_configure' from command line to 'False'
[0.196s] Level 5:colcon.colcon_core.verb:set package 'tuts' build argument 'ament_cmake_args' from command line to 'None'
[0.196s] Level 5:colcon.colcon_core.verb:set package 'tuts' build argument 'catkin_cmake_args' from command line to 'None'
[0.196s] Level 5:colcon.colcon_core.verb:set package 'tuts' build argument 'catkin_skip_building_tests' from command line to 'False'
[0.196s] DEBUG:colcon.colcon_core.verb:Building package 'tuts' with the following arguments: {'ament_cmake_args': None, 'build_base': '/home/cale/thesis-code/ws/src/build/tuts', 'catkin_cmake_args': None, 'catkin_skip_building_tests': False, 'cmake_args': None, 'cmake_clean_cache': False, 'cmake_clean_first': False, 'cmake_force_configure': False, 'cmake_target': None, 'cmake_target_skip_unavailable': False, 'install_base': '/home/cale/thesis-code/ws/src/install/tuts', 'merge_install': False, 'path': '/home/cale/thesis-code/ws/src/tuts', 'symlink_install': True, 'test_result_base': None}
[0.196s] INFO:colcon.colcon_core.executor:Executing jobs using 'parallel' executor
[0.199s] DEBUG:colcon.colcon_parallel_executor.executor.parallel:run_until_complete
[0.199s] INFO:colcon.colcon_ros.task.ament_cmake.build:Building ROS package in '/home/cale/thesis-code/ws/src/more_interfaces' with build type 'ament_cmake'
[0.199s] INFO:colcon.colcon_cmake.task.cmake.build:Building CMake package in '/home/cale/thesis-code/ws/src/more_interfaces'
[0.203s] INFO:colcon.colcon_core.plugin_system:Skipping extension 'colcon_core.shell.bat': Not used on non-Windows systems
[0.203s] INFO:colcon.colcon_core.shell:Skip shell extension 'powershell' for command environment: Not usable outside of PowerShell
[0.203s] DEBUG:colcon.colcon_core.shell:Skip shell extension 'dsv' for command environment
[0.206s] DEBUG:colcon.colcon_core.shell:Ignoring prefix path '/opt/ros/foxy'
[0.209s] INFO:colcon.colcon_ros.task.ament_cmake.build:Building ROS package in '/home/cale/thesis-code/ws/src/simulator' with build type 'ament_cmake'
[0.209s] INFO:colcon.colcon_cmake.task.cmake.build:Building CMake package in '/home/cale/thesis-code/ws/src/simulator'
[0.210s] INFO:colcon.colcon_core.shell:Skip shell extension 'powershell' for command environment: Not usable outside of PowerShell
[0.210s] DEBUG:colcon.colcon_core.shell:Skip shell extension 'dsv' for command environment
[0.212s] DEBUG:colcon.colcon_core.shell:Ignoring prefix path '/opt/ros/foxy'
[0.217s] INFO:colcon.colcon_ros.task.ament_cmake.build:Building ROS package in '/home/cale/thesis-code/ws/src/tuts' with build type 'ament_cmake'
[0.218s] INFO:colcon.colcon_cmake.task.cmake.build:Building CMake package in '/home/cale/thesis-code/ws/src/tuts'
[0.219s] INFO:colcon.colcon_core.shell:Skip shell extension 'powershell' for command environment: Not usable outside of PowerShell
[0.219s] DEBUG:colcon.colcon_core.shell:Skip shell extension 'dsv' for command environment
[0.221s] DEBUG:colcon.colcon_core.shell:Ignoring prefix path '/opt/ros/foxy'
[0.249s] DEBUG:colcon.colcon_core.event_handler.log_command:Invoking command in '/home/cale/thesis-code/ws/src/build/more_interfaces': CMAKE_PREFIX_PATH=${CMAKE_PREFIX_PATH}:/opt/ros/foxy /usr/bin/cmake --build /home/cale/thesis-code/ws/src/build/more_interfaces -- -j4 -l4
[0.252s] DEBUG:colcon.colcon_core.event_handler.log_command:Invoking command in '/home/cale/thesis-code/ws/src/build/simulator': CMAKE_PREFIX_PATH=${CMAKE_PREFIX_PATH}:/opt/ros/foxy /usr/bin/cmake --build /home/cale/thesis-code/ws/src/build/simulator -- -j4 -l4
[0.259s] DEBUG:colcon.colcon_core.event_handler.log_command:Invoking command in '/home/cale/thesis-code/ws/src/build/tuts': CMAKE_PREFIX_PATH=${CMAKE_PREFIX_PATH}:/opt/ros/foxy /usr/bin/cmake --build /home/cale/thesis-code/ws/src/build/tuts -- -j4 -l4
[0.630s] DEBUG:colcon.colcon_core.event_handler.log_command:Invoked command in '/home/cale/thesis-code/ws/src/build/more_interfaces' returned '0': CMAKE_PREFIX_PATH=${CMAKE_PREFIX_PATH}:/opt/ros/foxy /usr/bin/cmake --build /home/cale/thesis-code/ws/src/build/more_interfaces -- -j4 -l4
[0.671s] DEBUG:colcon.colcon_core.event_handler.log_command:Invoked command in '/home/cale/thesis-code/ws/src/build/tuts' returned '0': CMAKE_PREFIX_PATH=${CMAKE_PREFIX_PATH}:/opt/ros/foxy /usr/bin/cmake --build /home/cale/thesis-code/ws/src/build/tuts -- -j4 -l4
[0.707s] DEBUG:colcon.colcon_core.event_handler.log_command:Invoking command in '/home/cale/thesis-code/ws/src/build/more_interfaces': CMAKE_PREFIX_PATH=${CMAKE_PREFIX_PATH}:/opt/ros/foxy /usr/bin/cmake --install /home/cale/thesis-code/ws/src/build/more_interfaces
[0.761s] DEBUG:colcon.colcon_core.event_handler.log_command:Invoking command in '/home/cale/thesis-code/ws/src/build/tuts': CMAKE_PREFIX_PATH=${CMAKE_PREFIX_PATH}:/opt/ros/foxy /usr/bin/cmake --install /home/cale/thesis-code/ws/src/build/tuts
[0.812s] Level 1:colcon.colcon_core.environment:create_environment_scripts_only(more_interfaces)
[0.815s] DEBUG:colcon.colcon_core.event_handler.log_command:Invoked command in '/home/cale/thesis-code/ws/src/build/more_interfaces' returned '0': CMAKE_PREFIX_PATH=${CMAKE_PREFIX_PATH}:/opt/ros/foxy /usr/bin/cmake --install /home/cale/thesis-code/ws/src/build/more_interfaces
[0.817s] Level 1:colcon.colcon_core.environment:checking '/home/cale/thesis-code/ws/src/install/more_interfaces' for CMake module files
[0.818s] Level 1:colcon.colcon_core.environment:checking '/home/cale/thesis-code/ws/src/install/more_interfaces' for CMake config files
[0.818s] Level 1:colcon.colcon_core.shell:create_environment_hook('more_interfaces', 'cmake_prefix_path')
[0.819s] INFO:colcon.colcon_core.shell:Creating environment hook '/home/cale/thesis-code/ws/src/install/more_interfaces/share/more_interfaces/hook/cmake_prefix_path.ps1'
[0.819s] INFO:colcon.colcon_core.shell:Creating environment descriptor '/home/cale/thesis-code/ws/src/install/more_interfaces/share/more_interfaces/hook/cmake_prefix_path.dsv'
[0.820s] INFO:colcon.colcon_core.shell:Creating environment hook '/home/cale/thesis-code/ws/src/install/more_interfaces/share/more_interfaces/hook/cmake_prefix_path.sh'
[0.821s] Level 1:colcon.colcon_core.environment:checking '/home/cale/thesis-code/ws/src/install/more_interfaces/lib'
[0.821s] Level 1:colcon.colcon_core.shell:create_environment_hook('more_interfaces', 'ld_library_path_lib')
[0.822s] INFO:colcon.colcon_core.shell:Creating environment hook '/home/cale/thesis-code/ws/src/install/more_interfaces/share/more_interfaces/hook/ld_library_path_lib.ps1'
[0.822s] INFO:colcon.colcon_core.shell:Creating environment descriptor '/home/cale/thesis-code/ws/src/install/more_interfaces/share/more_interfaces/hook/ld_library_path_lib.dsv'
[0.823s] INFO:colcon.colcon_core.shell:Creating environment hook '/home/cale/thesis-code/ws/src/install/more_interfaces/share/more_interfaces/hook/ld_library_path_lib.sh'
[0.823s] Level 1:colcon.colcon_core.environment:checking '/home/cale/thesis-code/ws/src/install/more_interfaces/bin'
[0.823s] Level 1:colcon.colcon_core.environment:checking '/home/cale/thesis-code/ws/src/install/more_interfaces/lib/pkgconfig/more_interfaces.pc'
[0.823s] Level 1:colcon.colcon_core.environment:checking '/home/cale/thesis-code/ws/src/install/more_interfaces/lib/python3.8/site-packages'
[0.823s] Level 1:colcon.colcon_core.shell:create_environment_hook('more_interfaces', 'pythonpath')
[0.824s] INFO:colcon.colcon_core.shell:Creating environment hook '/home/cale/thesis-code/ws/src/install/more_interfaces/share/more_interfaces/hook/pythonpath.ps1'
[0.824s] INFO:colcon.colcon_core.shell:Creating environment descriptor '/home/cale/thesis-code/ws/src/install/more_interfaces/share/more_interfaces/hook/pythonpath.dsv'
[0.825s] INFO:colcon.colcon_core.shell:Creating environment hook '/home/cale/thesis-code/ws/src/install/more_interfaces/share/more_interfaces/hook/pythonpath.sh'
[0.829s] INFO:colcon.colcon_core.shell:Creating package script '/home/cale/thesis-code/ws/src/install/more_interfaces/share/more_interfaces/package.ps1'
[0.830s] INFO:colcon.colcon_core.shell:Creating package descriptor '/home/cale/thesis-code/ws/src/install/more_interfaces/share/more_interfaces/package.dsv'
[0.831s] INFO:colcon.colcon_core.shell:Creating package script '/home/cale/thesis-code/ws/src/install/more_interfaces/share/more_interfaces/package.sh'
[0.833s] INFO:colcon.colcon_core.shell:Creating package script '/home/cale/thesis-code/ws/src/install/more_interfaces/share/more_interfaces/package.bash'
[0.834s] INFO:colcon.colcon_core.shell:Creating package script '/home/cale/thesis-code/ws/src/install/more_interfaces/share/more_interfaces/package.zsh'
[0.836s] Level 1:colcon.colcon_core.environment:create_file_with_runtime_dependencies(/home/cale/thesis-code/ws/src/install/more_interfaces/share/colcon-core/packages/more_interfaces)
[0.894s] Level 1:colcon.colcon_core.environment:create_environment_scripts_only(tuts)
[0.895s] Level 1:colcon.colcon_core.environment:checking '/home/cale/thesis-code/ws/src/install/tuts' for CMake module files
[0.896s] DEBUG:colcon.colcon_core.event_handler.log_command:Invoked command in '/home/cale/thesis-code/ws/src/build/tuts' returned '0': CMAKE_PREFIX_PATH=${CMAKE_PREFIX_PATH}:/opt/ros/foxy /usr/bin/cmake --install /home/cale/thesis-code/ws/src/build/tuts
[0.896s] Level 1:colcon.colcon_core.environment:checking '/home/cale/thesis-code/ws/src/install/tuts' for CMake config files
[0.897s] Level 1:colcon.colcon_core.shell:create_environment_hook('tuts', 'cmake_prefix_path')
[0.897s] INFO:colcon.colcon_core.shell:Creating environment hook '/home/cale/thesis-code/ws/src/install/tuts/share/tuts/hook/cmake_prefix_path.ps1'
[0.898s] INFO:colcon.colcon_core.shell:Creating environment descriptor '/home/cale/thesis-code/ws/src/install/tuts/share/tuts/hook/cmake_prefix_path.dsv'
[0.898s] INFO:colcon.colcon_core.shell:Creating environment hook '/home/cale/thesis-code/ws/src/install/tuts/share/tuts/hook/cmake_prefix_path.sh'
[0.899s] Level 1:colcon.colcon_core.environment:checking '/home/cale/thesis-code/ws/src/install/tuts/lib'
[0.899s] Level 1:colcon.colcon_core.shell:create_environment_hook('tuts', 'ld_library_path_lib')
[0.900s] INFO:colcon.colcon_core.shell:Creating environment hook '/home/cale/thesis-code/ws/src/install/tuts/share/tuts/hook/ld_library_path_lib.ps1'
[0.901s] INFO:colcon.colcon_core.shell:Creating environment descriptor '/home/cale/thesis-code/ws/src/install/tuts/share/tuts/hook/ld_library_path_lib.dsv'
[0.901s] INFO:colcon.colcon_core.shell:Creating environment hook '/home/cale/thesis-code/ws/src/install/tuts/share/tuts/hook/ld_library_path_lib.sh'
[0.901s] Level 1:colcon.colcon_core.environment:checking '/home/cale/thesis-code/ws/src/install/tuts/bin'
[0.901s] Level 1:colcon.colcon_core.environment:checking '/home/cale/thesis-code/ws/src/install/tuts/lib/pkgconfig/tuts.pc'
[0.901s] Level 1:colcon.colcon_core.environment:checking '/home/cale/thesis-code/ws/src/install/tuts/lib/python3.8/site-packages'
[0.901s] Level 1:colcon.colcon_core.shell:create_environment_hook('tuts', 'pythonpath')
[0.902s] INFO:colcon.colcon_core.shell:Creating environment hook '/home/cale/thesis-code/ws/src/install/tuts/share/tuts/hook/pythonpath.ps1'
[0.902s] INFO:colcon.colcon_core.shell:Creating environment descriptor '/home/cale/thesis-code/ws/src/install/tuts/share/tuts/hook/pythonpath.dsv'
[0.903s] INFO:colcon.colcon_core.shell:Creating environment hook '/home/cale/thesis-code/ws/src/install/tuts/share/tuts/hook/pythonpath.sh'
[0.904s] INFO:colcon.colcon_core.shell:Creating package script '/home/cale/thesis-code/ws/src/install/tuts/share/tuts/package.ps1'
[0.904s] INFO:colcon.colcon_core.shell:Creating package descriptor '/home/cale/thesis-code/ws/src/install/tuts/share/tuts/package.dsv'
[0.905s] INFO:colcon.colcon_core.shell:Creating package script '/home/cale/thesis-code/ws/src/install/tuts/share/tuts/package.sh'
[0.905s] INFO:colcon.colcon_core.shell:Creating package script '/home/cale/thesis-code/ws/src/install/tuts/share/tuts/package.bash'
[0.915s] INFO:colcon.colcon_core.shell:Creating package script '/home/cale/thesis-code/ws/src/install/tuts/share/tuts/package.zsh'
[0.915s] Level 1:colcon.colcon_core.environment:create_file_with_runtime_dependencies(/home/cale/thesis-code/ws/src/install/tuts/share/colcon-core/packages/tuts)
[0.934s] Level 1:colcon.colcon_core.environment:create_environment_scripts_only(more_interfaces)
[0.935s] Level 1:colcon.colcon_core.environment:checking '/home/cale/thesis-code/ws/src/install/more_interfaces' for CMake module files
[0.936s] Level 1:colcon.colcon_core.environment:checking '/home/cale/thesis-code/ws/src/install/more_interfaces' for CMake config files
[0.936s] Level 1:colcon.colcon_core.shell:create_environment_hook('more_interfaces', 'cmake_prefix_path')
[0.937s] INFO:colcon.colcon_core.shell:Creating environment hook '/home/cale/thesis-code/ws/src/install/more_interfaces/share/more_interfaces/hook/cmake_prefix_path.ps1'
[0.937s] INFO:colcon.colcon_core.shell:Creating environment descriptor '/home/cale/thesis-code/ws/src/install/more_interfaces/share/more_interfaces/hook/cmake_prefix_path.dsv'
[0.938s] INFO:colcon.colcon_core.shell:Creating environment hook '/home/cale/thesis-code/ws/src/install/more_interfaces/share/more_interfaces/hook/cmake_prefix_path.sh'
[0.938s] Level 1:colcon.colcon_core.environment:checking '/home/cale/thesis-code/ws/src/install/more_interfaces/lib'
[0.938s] Level 1:colcon.colcon_core.shell:create_environment_hook('more_interfaces', 'ld_library_path_lib')
[0.939s] INFO:colcon.colcon_core.shell:Creating environment hook '/home/cale/thesis-code/ws/src/install/more_interfaces/share/more_interfaces/hook/ld_library_path_lib.ps1'
[0.940s] INFO:colcon.colcon_core.shell:Creating environment descriptor '/home/cale/thesis-code/ws/src/install/more_interfaces/share/more_interfaces/hook/ld_library_path_lib.dsv'
[0.940s] INFO:colcon.colcon_core.shell:Creating environment hook '/home/cale/thesis-code/ws/src/install/more_interfaces/share/more_interfaces/hook/ld_library_path_lib.sh'
[0.940s] Level 1:colcon.colcon_core.environment:checking '/home/cale/thesis-code/ws/src/install/more_interfaces/bin'
[0.940s] Level 1:colcon.colcon_core.environment:checking '/home/cale/thesis-code/ws/src/install/more_interfaces/lib/pkgconfig/more_interfaces.pc'
[0.941s] Level 1:colcon.colcon_core.environment:checking '/home/cale/thesis-code/ws/src/install/more_interfaces/lib/python3.8/site-packages'
[0.941s] Level 1:colcon.colcon_core.shell:create_environment_hook('more_interfaces', 'pythonpath')
[0.941s] INFO:colcon.colcon_core.shell:Creating environment hook '/home/cale/thesis-code/ws/src/install/more_interfaces/share/more_interfaces/hook/pythonpath.ps1'
[0.942s] INFO:colcon.colcon_core.shell:Creating environment descriptor '/home/cale/thesis-code/ws/src/install/more_interfaces/share/more_interfaces/hook/pythonpath.dsv'
[0.942s] INFO:colcon.colcon_core.shell:Creating environment hook '/home/cale/thesis-code/ws/src/install/more_interfaces/share/more_interfaces/hook/pythonpath.sh'
[0.943s] INFO:colcon.colcon_core.shell:Creating package script '/home/cale/thesis-code/ws/src/install/more_interfaces/share/more_interfaces/package.ps1'
[0.944s] INFO:colcon.colcon_core.shell:Creating package descriptor '/home/cale/thesis-code/ws/src/install/more_interfaces/share/more_interfaces/package.dsv'
[0.944s] INFO:colcon.colcon_core.shell:Creating package script '/home/cale/thesis-code/ws/src/install/more_interfaces/share/more_interfaces/package.sh'
[0.945s] INFO:colcon.colcon_core.shell:Creating package script '/home/cale/thesis-code/ws/src/install/more_interfaces/share/more_interfaces/package.bash'
[0.945s] INFO:colcon.colcon_core.shell:Creating package script '/home/cale/thesis-code/ws/src/install/more_interfaces/share/more_interfaces/package.zsh'
[0.945s] Level 1:colcon.colcon_core.environment:create_file_with_runtime_dependencies(/home/cale/thesis-code/ws/src/install/more_interfaces/share/colcon-core/packages/more_interfaces)
[0.997s] Level 1:colcon.colcon_core.environment:create_environment_scripts_only(tuts)
[0.998s] Level 1:colcon.colcon_core.environment:checking '/home/cale/thesis-code/ws/src/install/tuts' for CMake module files
[0.999s] Level 1:colcon.colcon_core.environment:checking '/home/cale/thesis-code/ws/src/install/tuts' for CMake config files
[1.000s] Level 1:colcon.colcon_core.shell:create_environment_hook('tuts', 'cmake_prefix_path')
[1.000s] INFO:colcon.colcon_core.shell:Creating environment hook '/home/cale/thesis-code/ws/src/install/tuts/share/tuts/hook/cmake_prefix_path.ps1'
[1.001s] INFO:colcon.colcon_core.shell:Creating environment descriptor '/home/cale/thesis-code/ws/src/install/tuts/share/tuts/hook/cmake_prefix_path.dsv'
[1.002s] INFO:colcon.colcon_core.shell:Creating environment hook '/home/cale/thesis-code/ws/src/install/tuts/share/tuts/hook/cmake_prefix_path.sh'
[1.002s] Level 1:colcon.colcon_core.environment:checking '/home/cale/thesis-code/ws/src/install/tuts/lib'
[1.003s] Level 1:colcon.colcon_core.shell:create_environment_hook('tuts', 'ld_library_path_lib')
[1.003s] INFO:colcon.colcon_core.shell:Creating environment hook '/home/cale/thesis-code/ws/src/install/tuts/share/tuts/hook/ld_library_path_lib.ps1'
[1.004s] INFO:colcon.colcon_core.shell:Creating environment descriptor '/home/cale/thesis-code/ws/src/install/tuts/share/tuts/hook/ld_library_path_lib.dsv'
[1.004s] INFO:colcon.colcon_core.shell:Creating environment hook '/home/cale/thesis-code/ws/src/install/tuts/share/tuts/hook/ld_library_path_lib.sh'
[1.004s] Level 1:colcon.colcon_core.environment:checking '/home/cale/thesis-code/ws/src/install/tuts/bin'
[1.004s] Level 1:colcon.colcon_core.environment:checking '/home/cale/thesis-code/ws/src/install/tuts/lib/pkgconfig/tuts.pc'
[1.005s] Level 1:colcon.colcon_core.environment:checking '/home/cale/thesis-code/ws/src/install/tuts/lib/python3.8/site-packages'
[1.005s] Level 1:colcon.colcon_core.shell:create_environment_hook('tuts', 'pythonpath')
[1.005s] INFO:colcon.colcon_core.shell:Creating environment hook '/home/cale/thesis-code/ws/src/install/tuts/share/tuts/hook/pythonpath.ps1'
[1.006s] INFO:colcon.colcon_core.shell:Creating environment descriptor '/home/cale/thesis-code/ws/src/install/tuts/share/tuts/hook/pythonpath.dsv'
[1.006s] INFO:colcon.colcon_core.shell:Creating environment hook '/home/cale/thesis-code/ws/src/install/tuts/share/tuts/hook/pythonpath.sh'
[1.007s] INFO:colcon.colcon_core.shell:Creating package script '/home/cale/thesis-code/ws/src/install/tuts/share/tuts/package.ps1'
[1.008s] INFO:colcon.colcon_core.shell:Creating package descriptor '/home/cale/thesis-code/ws/src/install/tuts/share/tuts/package.dsv'
[1.009s] INFO:colcon.colcon_core.shell:Creating package script '/home/cale/thesis-code/ws/src/install/tuts/share/tuts/package.sh'
[1.010s] INFO:colcon.colcon_core.shell:Creating package script '/home/cale/thesis-code/ws/src/install/tuts/share/tuts/package.bash'
[1.027s] INFO:colcon.colcon_core.shell:Creating package script '/home/cale/thesis-code/ws/src/install/tuts/share/tuts/package.zsh'
[1.028s] Level 1:colcon.colcon_core.environment:create_file_with_runtime_dependencies(/home/cale/thesis-code/ws/src/install/tuts/share/colcon-core/packages/tuts)
[2.401s] DEBUG:colcon.colcon_core.event_handler.log_command:Invoked command in '/home/cale/thesis-code/ws/src/build/simulator' returned '0': CMAKE_PREFIX_PATH=${CMAKE_PREFIX_PATH}:/opt/ros/foxy /usr/bin/cmake --build /home/cale/thesis-code/ws/src/build/simulator -- -j4 -l4
[2.457s] DEBUG:colcon.colcon_core.event_handler.log_command:Invoking command in '/home/cale/thesis-code/ws/src/build/simulator': CMAKE_PREFIX_PATH=${CMAKE_PREFIX_PATH}:/opt/ros/foxy /usr/bin/cmake --install /home/cale/thesis-code/ws/src/build/simulator
[2.600s] Level 1:colcon.colcon_core.environment:create_environment_scripts_only(simulator)
[2.601s] Level 1:colcon.colcon_core.environment:checking '/home/cale/thesis-code/ws/src/install/simulator' for CMake module files
[2.602s] DEBUG:colcon.colcon_core.event_handler.log_command:Invoked command in '/home/cale/thesis-code/ws/src/build/simulator' returned '0': CMAKE_PREFIX_PATH=${CMAKE_PREFIX_PATH}:/opt/ros/foxy /usr/bin/cmake --install /home/cale/thesis-code/ws/src/build/simulator
[2.602s] Level 1:colcon.colcon_core.environment:checking '/home/cale/thesis-code/ws/src/install/simulator' for CMake config files
[2.603s] Level 1:colcon.colcon_core.shell:create_environment_hook('simulator', 'cmake_prefix_path')
[2.603s] INFO:colcon.colcon_core.shell:Creating environment hook '/home/cale/thesis-code/ws/src/install/simulator/share/simulator/hook/cmake_prefix_path.ps1'
[2.604s] INFO:colcon.colcon_core.shell:Creating environment descriptor '/home/cale/thesis-code/ws/src/install/simulator/share/simulator/hook/cmake_prefix_path.dsv'
[2.604s] INFO:colcon.colcon_core.shell:Creating environment hook '/home/cale/thesis-code/ws/src/install/simulator/share/simulator/hook/cmake_prefix_path.sh'
[2.605s] Level 1:colcon.colcon_core.environment:checking '/home/cale/thesis-code/ws/src/install/simulator/lib'
[2.605s] Level 1:colcon.colcon_core.shell:create_environment_hook('simulator', 'ld_library_path_lib')
[2.606s] INFO:colcon.colcon_core.shell:Creating environment hook '/home/cale/thesis-code/ws/src/install/simulator/share/simulator/hook/ld_library_path_lib.ps1'
[2.606s] INFO:colcon.colcon_core.shell:Creating environment descriptor '/home/cale/thesis-code/ws/src/install/simulator/share/simulator/hook/ld_library_path_lib.dsv'
[2.606s] INFO:colcon.colcon_core.shell:Creating environment hook '/home/cale/thesis-code/ws/src/install/simulator/share/simulator/hook/ld_library_path_lib.sh'
[2.607s] Level 1:colcon.colcon_core.environment:checking '/home/cale/thesis-code/ws/src/install/simulator/bin'
[2.607s] Level 1:colcon.colcon_core.environment:checking '/home/cale/thesis-code/ws/src/install/simulator/lib/pkgconfig/simulator.pc'
[2.607s] Level 1:colcon.colcon_core.environment:checking '/home/cale/thesis-code/ws/src/install/simulator/lib/python3.8/site-packages'
[2.607s] Level 1:colcon.colcon_core.shell:create_environment_hook('simulator', 'pythonpath')
[2.608s] INFO:colcon.colcon_core.shell:Creating environment hook '/home/cale/thesis-code/ws/src/install/simulator/share/simulator/hook/pythonpath.ps1'
[2.608s] INFO:colcon.colcon_core.shell:Creating environment descriptor '/home/cale/thesis-code/ws/src/install/simulator/share/simulator/hook/pythonpath.dsv'
[2.608s] INFO:colcon.colcon_core.shell:Creating environment hook '/home/cale/thesis-code/ws/src/install/simulator/share/simulator/hook/pythonpath.sh'
[2.610s] INFO:colcon.colcon_core.shell:Creating package script '/home/cale/thesis-code/ws/src/install/simulator/share/simulator/package.ps1'
[2.611s] INFO:colcon.colcon_core.shell:Creating package descriptor '/home/cale/thesis-code/ws/src/install/simulator/share/simulator/package.dsv'
[2.611s] INFO:colcon.colcon_core.shell:Creating package script '/home/cale/thesis-code/ws/src/install/simulator/share/simulator/package.sh'
[2.612s] INFO:colcon.colcon_core.shell:Creating package script '/home/cale/thesis-code/ws/src/install/simulator/share/simulator/package.bash'
[2.612s] INFO:colcon.colcon_core.shell:Creating package script '/home/cale/thesis-code/ws/src/install/simulator/share/simulator/package.zsh'
[2.612s] Level 1:colcon.colcon_core.environment:create_file_with_runtime_dependencies(/home/cale/thesis-code/ws/src/install/simulator/share/colcon-core/packages/simulator)
[2.667s] Level 1:colcon.colcon_core.environment:create_environment_scripts_only(simulator)
[2.668s] Level 1:colcon.colcon_core.environment:checking '/home/cale/thesis-code/ws/src/install/simulator' for CMake module files
[2.669s] Level 1:colcon.colcon_core.environment:checking '/home/cale/thesis-code/ws/src/install/simulator' for CMake config files
[2.669s] Level 1:colcon.colcon_core.shell:create_environment_hook('simulator', 'cmake_prefix_path')
[2.670s] INFO:colcon.colcon_core.shell:Creating environment hook '/home/cale/thesis-code/ws/src/install/simulator/share/simulator/hook/cmake_prefix_path.ps1'
[2.671s] INFO:colcon.colcon_core.shell:Creating environment descriptor '/home/cale/thesis-code/ws/src/install/simulator/share/simulator/hook/cmake_prefix_path.dsv'
[2.671s] INFO:colcon.colcon_core.shell:Creating environment hook '/home/cale/thesis-code/ws/src/install/simulator/share/simulator/hook/cmake_prefix_path.sh'
[2.672s] Level 1:colcon.colcon_core.environment:checking '/home/cale/thesis-code/ws/src/install/simulator/lib'
[2.672s] Level 1:colcon.colcon_core.shell:create_environment_hook('simulator', 'ld_library_path_lib')
[2.673s] INFO:colcon.colcon_core.shell:Creating environment hook '/home/cale/thesis-code/ws/src/install/simulator/share/simulator/hook/ld_library_path_lib.ps1'
[2.673s] INFO:colcon.colcon_core.shell:Creating environment descriptor '/home/cale/thesis-code/ws/src/install/simulator/share/simulator/hook/ld_library_path_lib.dsv'
[2.673s] INFO:colcon.colcon_core.shell:Creating environment hook '/home/cale/thesis-code/ws/src/install/simulator/share/simulator/hook/ld_library_path_lib.sh'
[2.674s] Level 1:colcon.colcon_core.environment:checking '/home/cale/thesis-code/ws/src/install/simulator/bin'
[2.674s] Level 1:colcon.colcon_core.environment:checking '/home/cale/thesis-code/ws/src/install/simulator/lib/pkgconfig/simulator.pc'
[2.674s] Level 1:colcon.colcon_core.environment:checking '/home/cale/thesis-code/ws/src/install/simulator/lib/python3.8/site-packages'
[2.674s] Level 1:colcon.colcon_core.shell:create_environment_hook('simulator', 'pythonpath')
[2.674s] INFO:colcon.colcon_core.shell:Creating environment hook '/home/cale/thesis-code/ws/src/install/simulator/share/simulator/hook/pythonpath.ps1'
[2.675s] INFO:colcon.colcon_core.shell:Creating environment descriptor '/home/cale/thesis-code/ws/src/install/simulator/share/simulator/hook/pythonpath.dsv'
[2.675s] INFO:colcon.colcon_core.shell:Creating environment hook '/home/cale/thesis-code/ws/src/install/simulator/share/simulator/hook/pythonpath.sh'
[2.676s] INFO:colcon.colcon_core.shell:Creating package script '/home/cale/thesis-code/ws/src/install/simulator/share/simulator/package.ps1'
[2.677s] INFO:colcon.colcon_core.shell:Creating package descriptor '/home/cale/thesis-code/ws/src/install/simulator/share/simulator/package.dsv'
[2.677s] INFO:colcon.colcon_core.shell:Creating package script '/home/cale/thesis-code/ws/src/install/simulator/share/simulator/package.sh'
[2.678s] INFO:colcon.colcon_core.shell:Creating package script '/home/cale/thesis-code/ws/src/install/simulator/share/simulator/package.bash'
[2.694s] INFO:colcon.colcon_core.shell:Creating package script '/home/cale/thesis-code/ws/src/install/simulator/share/simulator/package.zsh'
[2.695s] Level 1:colcon.colcon_core.environment:create_file_with_runtime_dependencies(/home/cale/thesis-code/ws/src/install/simulator/share/colcon-core/packages/simulator)
[2.696s] DEBUG:colcon.colcon_parallel_executor.executor.parallel:closing loop
[2.697s] DEBUG:colcon.colcon_parallel_executor.executor.parallel:loop closed
[2.698s] DEBUG:colcon.colcon_parallel_executor.executor.parallel:run_until_complete finished with '0'
[2.698s] DEBUG:colcon.colcon_core.event_reactor:joining thread
[2.712s] INFO:colcon.colcon_core.plugin_system:Skipping extension 'colcon_notification.desktop_notification.terminal_notifier': Not used on non-Darwin systems
[2.712s] INFO:colcon.colcon_core.plugin_system:Skipping extension 'colcon_notification.desktop_notification.win32': Not used on non-Windows systems
[2.712s] INFO:colcon.colcon_notification.desktop_notification:Sending desktop notification using 'notify2'
[2.740s] DEBUG:colcon.colcon_core.event_reactor:joined thread
[2.741s] INFO:colcon.colcon_core.shell:Creating prefix script '/home/cale/thesis-code/ws/src/install/local_setup.ps1'
[2.743s] INFO:colcon.colcon_core.shell:Creating prefix util module '/home/cale/thesis-code/ws/src/install/_local_setup_util_ps1.py'
[2.745s] INFO:colcon.colcon_core.shell:Creating prefix chain script '/home/cale/thesis-code/ws/src/install/setup.ps1'
[2.749s] INFO:colcon.colcon_core.shell:Creating prefix script '/home/cale/thesis-code/ws/src/install/local_setup.sh'
[2.749s] INFO:colcon.colcon_core.shell:Creating prefix util module '/home/cale/thesis-code/ws/src/install/_local_setup_util_sh.py'
[2.750s] INFO:colcon.colcon_core.shell:Creating prefix chain script '/home/cale/thesis-code/ws/src/install/setup.sh'
[2.753s] INFO:colcon.colcon_core.shell:Creating prefix script '/home/cale/thesis-code/ws/src/install/local_setup.bash'
[2.754s] INFO:colcon.colcon_core.shell:Creating prefix chain script '/home/cale/thesis-code/ws/src/install/setup.bash'
[2.757s] INFO:colcon.colcon_core.shell:Creating prefix script '/home/cale/thesis-code/ws/src/install/local_setup.zsh'
[2.758s] INFO:colcon.colcon_core.shell:Creating prefix chain script '/home/cale/thesis-code/ws/src/install/setup.zsh'
